Auks API request failed : krb5 cred : unable to read credential cache
distributed.nanny - INFO -         Start Nanny at: 'tcp://10.32.2.60:43675'
distributed.nanny - INFO -         Start Nanny at: 'tcp://10.32.2.60:37359'
distributed.nanny - INFO -         Start Nanny at: 'tcp://10.32.2.60:38547'
distributed.nanny - INFO -         Start Nanny at: 'tcp://10.32.2.60:38885'
distributed.nanny - INFO -         Start Nanny at: 'tcp://10.32.2.60:38195'
distributed.nanny - INFO -         Start Nanny at: 'tcp://10.32.2.60:37947'
distributed.nanny - INFO -         Start Nanny at: 'tcp://10.32.2.60:41507'
distributed.nanny - INFO -         Start Nanny at: 'tcp://10.32.2.60:33921'
distributed.nanny - INFO -         Start Nanny at: 'tcp://10.32.2.60:44313'
distributed.nanny - INFO -         Start Nanny at: 'tcp://10.32.2.60:41991'
distributed.nanny - INFO -         Start Nanny at: 'tcp://10.32.2.60:39819'
distributed.nanny - INFO -         Start Nanny at: 'tcp://10.32.2.60:35377'
distributed.nanny - INFO -         Start Nanny at: 'tcp://10.32.2.60:39023'
distributed.nanny - INFO -         Start Nanny at: 'tcp://10.32.2.60:46653'
distributed.nanny - INFO -         Start Nanny at: 'tcp://10.32.2.60:38931'
distributed.nanny - INFO -         Start Nanny at: 'tcp://10.32.2.60:38771'
distributed.nanny - INFO -         Start Nanny at: 'tcp://10.32.2.60:37409'
distributed.nanny - INFO -         Start Nanny at: 'tcp://10.32.2.60:34903'
distributed.nanny - INFO -         Start Nanny at: 'tcp://10.32.2.60:46307'
distributed.nanny - INFO -         Start Nanny at: 'tcp://10.32.2.60:40035'
distributed.nanny - INFO -         Start Nanny at: 'tcp://10.32.2.60:45273'
distributed.nanny - INFO -         Start Nanny at: 'tcp://10.32.2.60:38063'
distributed.nanny - INFO -         Start Nanny at: 'tcp://10.32.2.60:37033'
distributed.nanny - INFO -         Start Nanny at: 'tcp://10.32.2.60:37695'
distributed.nanny - INFO -         Start Nanny at: 'tcp://10.32.2.60:43767'
distributed.nanny - INFO -         Start Nanny at: 'tcp://10.32.2.60:41397'
distributed.nanny - INFO -         Start Nanny at: 'tcp://10.32.2.60:43215'
distributed.nanny - INFO -         Start Nanny at: 'tcp://10.32.2.60:32861'
distributed.nanny - INFO -         Start Nanny at: 'tcp://10.32.2.60:42165'
distributed.nanny - INFO -         Start Nanny at: 'tcp://10.32.2.60:43155'
distributed.nanny - INFO -         Start Nanny at: 'tcp://10.32.2.60:34853'
distributed.nanny - INFO -         Start Nanny at: 'tcp://10.32.2.60:38877'
distributed.diskutils - INFO - Found stale lock file and directory '/tmp/ikabadzh/dask-worker-space/worker-o4bc9078', purging
distributed.diskutils - INFO - Found stale lock file and directory '/tmp/ikabadzh/dask-worker-space/worker-b8x8vu45', purging
distributed.diskutils - INFO - Found stale lock file and directory '/tmp/ikabadzh/dask-worker-space/worker-0gclbmuq', purging
distributed.diskutils - INFO - Found stale lock file and directory '/tmp/ikabadzh/dask-worker-space/worker-7lflx0km', purging
distributed.diskutils - INFO - Found stale lock file and directory '/tmp/ikabadzh/dask-worker-space/worker-3b335bb_', purging
distributed.diskutils - INFO - Found stale lock file and directory '/tmp/ikabadzh/dask-worker-space/worker-7wxwnrd7', purging
distributed.diskutils - INFO - Found stale lock file and directory '/tmp/ikabadzh/dask-worker-space/worker-dmbgrrc3', purging
distributed.diskutils - INFO - Found stale lock file and directory '/tmp/ikabadzh/dask-worker-space/worker-_on_glss', purging
distributed.diskutils - INFO - Found stale lock file and directory '/tmp/ikabadzh/dask-worker-space/worker-53tlit5k', purging
distributed.diskutils - INFO - Found stale lock file and directory '/tmp/ikabadzh/dask-worker-space/worker-86l1g7i5', purging
distributed.diskutils - INFO - Found stale lock file and directory '/tmp/ikabadzh/dask-worker-space/worker-xuia91mi', purging
distributed.diskutils - INFO - Found stale lock file and directory '/tmp/ikabadzh/dask-worker-space/worker-zt9is_ey', purging
distributed.diskutils - INFO - Found stale lock file and directory '/tmp/ikabadzh/dask-worker-space/worker-qjsd1ehb', purging
distributed.diskutils - INFO - Found stale lock file and directory '/tmp/ikabadzh/dask-worker-space/worker-6od9ljex', purging
distributed.diskutils - INFO - Found stale lock file and directory '/tmp/ikabadzh/dask-worker-space/worker-wjak0u56', purging
distributed.diskutils - INFO - Found stale lock file and directory '/tmp/ikabadzh/dask-worker-space/worker-r_j2j9qn', purging
distributed.diskutils - INFO - Found stale lock file and directory '/tmp/ikabadzh/dask-worker-space/worker-th1yl8as', purging
distributed.diskutils - INFO - Found stale lock file and directory '/tmp/ikabadzh/dask-worker-space/worker-eu8a6bwx', purging
distributed.diskutils - INFO - Found stale lock file and directory '/tmp/ikabadzh/dask-worker-space/worker-2by71omf', purging
distributed.diskutils - INFO - Found stale lock file and directory '/tmp/ikabadzh/dask-worker-space/worker-raud86cl', purging
distributed.diskutils - INFO - Found stale lock file and directory '/tmp/ikabadzh/dask-worker-space/worker-mquk_tue', purging
distributed.diskutils - INFO - Found stale lock file and directory '/tmp/ikabadzh/dask-worker-space/worker-6nn79wxp', purging
distributed.diskutils - INFO - Found stale lock file and directory '/tmp/ikabadzh/dask-worker-space/worker-nu31s4op', purging
distributed.diskutils - INFO - Found stale lock file and directory '/tmp/ikabadzh/dask-worker-space/worker-nklk_tj6', purging
distributed.diskutils - INFO - Found stale lock file and directory '/tmp/ikabadzh/dask-worker-space/worker-66hz5efb', purging
distributed.diskutils - INFO - Found stale lock file and directory '/tmp/ikabadzh/dask-worker-space/worker-ofzpb5mi', purging
distributed.diskutils - INFO - Found stale lock file and directory '/tmp/ikabadzh/dask-worker-space/worker-wvbziiv3', purging
distributed.diskutils - INFO - Found stale lock file and directory '/tmp/ikabadzh/dask-worker-space/worker-08c5avp4', purging
distributed.diskutils - INFO - Found stale lock file and directory '/tmp/ikabadzh/dask-worker-space/worker-e_g79xjf', purging
distributed.diskutils - INFO - Found stale lock file and directory '/tmp/ikabadzh/dask-worker-space/worker-70a655_6', purging
distributed.diskutils - INFO - Found stale lock file and directory '/tmp/ikabadzh/dask-worker-space/worker-yigvpb4d', purging
distributed.diskutils - INFO - Found stale lock file and directory '/tmp/ikabadzh/dask-worker-space/worker-2d2cnfqv', purging
distributed.worker - INFO -       Start worker at:     tcp://10.32.2.60:38515
distributed.worker - INFO -          Listening to:     tcp://10.32.2.60:38515
distributed.worker - INFO -          dashboard at:           10.32.2.60:39275
distributed.worker - INFO - Waiting to connect to: tcp://188.185.68.194:42727
distributed.worker - INFO - -------------------------------------------------
distributed.worker - INFO -               Threads:                          1
distributed.worker - INFO -                Memory:                  14.90 GiB
distributed.worker - INFO -       Local Directory: /tmp/ikabadzh/dask-worker-space/worker-tg99fa0d
distributed.worker - INFO - -------------------------------------------------
distributed.worker - INFO -       Start worker at:     tcp://10.32.2.60:39029
distributed.worker - INFO -          Listening to:     tcp://10.32.2.60:39029
distributed.worker - INFO -          dashboard at:           10.32.2.60:44913
distributed.worker - INFO - Waiting to connect to: tcp://188.185.68.194:42727
distributed.worker - INFO - -------------------------------------------------
distributed.worker - INFO -               Threads:                          1
distributed.worker - INFO -                Memory:                  14.90 GiB
distributed.worker - INFO -       Local Directory: /tmp/ikabadzh/dask-worker-space/worker-tyqrxiau
distributed.worker - INFO - -------------------------------------------------
distributed.worker - INFO -       Start worker at:     tcp://10.32.2.60:43907
distributed.worker - INFO -          Listening to:     tcp://10.32.2.60:43907
distributed.worker - INFO -          dashboard at:           10.32.2.60:33419
distributed.worker - INFO - Waiting to connect to: tcp://188.185.68.194:42727
distributed.worker - INFO - -------------------------------------------------
distributed.worker - INFO -               Threads:                          1
distributed.worker - INFO -                Memory:                  14.90 GiB
distributed.worker - INFO -       Local Directory: /tmp/ikabadzh/dask-worker-space/worker-2s5176jd
distributed.worker - INFO - -------------------------------------------------
distributed.worker - INFO -       Start worker at:     tcp://10.32.2.60:45455
distributed.worker - INFO -          Listening to:     tcp://10.32.2.60:45455
distributed.worker - INFO -          dashboard at:           10.32.2.60:36001
distributed.worker - INFO - Waiting to connect to: tcp://188.185.68.194:42727
distributed.worker - INFO - -------------------------------------------------
distributed.worker - INFO -               Threads:                          1
distributed.worker - INFO -                Memory:                  14.90 GiB
distributed.worker - INFO -       Local Directory: /tmp/ikabadzh/dask-worker-space/worker-tj8o9nvq
distributed.worker - INFO - -------------------------------------------------
distributed.worker - INFO -       Start worker at:     tcp://10.32.2.60:35399
distributed.worker - INFO -          Listening to:     tcp://10.32.2.60:35399
distributed.worker - INFO -          dashboard at:           10.32.2.60:33097
distributed.worker - INFO - Waiting to connect to: tcp://188.185.68.194:42727
distributed.worker - INFO - -------------------------------------------------
distributed.worker - INFO -               Threads:                          1
distributed.worker - INFO -                Memory:                  14.90 GiB
distributed.worker - INFO -       Local Directory: /tmp/ikabadzh/dask-worker-space/worker-vwmn6z3w
distributed.worker - INFO - -------------------------------------------------
distributed.worker - INFO -       Start worker at:     tcp://10.32.2.60:46119
distributed.worker - INFO -          Listening to:     tcp://10.32.2.60:46119
distributed.worker - INFO -          dashboard at:           10.32.2.60:43627
distributed.worker - INFO - Waiting to connect to: tcp://188.185.68.194:42727
distributed.worker - INFO - -------------------------------------------------
distributed.worker - INFO -               Threads:                          1
distributed.worker - INFO -                Memory:                  14.90 GiB
distributed.worker - INFO -       Local Directory: /tmp/ikabadzh/dask-worker-space/worker-vpsvtl0b
distributed.worker - INFO - -------------------------------------------------
distributed.worker - INFO -       Start worker at:     tcp://10.32.2.60:39531
distributed.worker - INFO -          Listening to:     tcp://10.32.2.60:39531
distributed.worker - INFO -          dashboard at:           10.32.2.60:43389
distributed.worker - INFO - Waiting to connect to: tcp://188.185.68.194:42727
distributed.worker - INFO - -------------------------------------------------
distributed.worker - INFO -               Threads:                          1
distributed.worker - INFO -                Memory:                  14.90 GiB
distributed.worker - INFO -       Local Directory: /tmp/ikabadzh/dask-worker-space/worker-sys0a5u1
distributed.worker - INFO - -------------------------------------------------
distributed.worker - INFO -       Start worker at:     tcp://10.32.2.60:39873
distributed.worker - INFO -          Listening to:     tcp://10.32.2.60:39873
distributed.worker - INFO -          dashboard at:           10.32.2.60:43251
distributed.worker - INFO - Waiting to connect to: tcp://188.185.68.194:42727
distributed.worker - INFO - -------------------------------------------------
distributed.worker - INFO -               Threads:                          1
distributed.worker - INFO -                Memory:                  14.90 GiB
distributed.worker - INFO -       Local Directory: /tmp/ikabadzh/dask-worker-space/worker-h7vjxu3q
distributed.worker - INFO - -------------------------------------------------
distributed.worker - INFO -       Start worker at:     tcp://10.32.2.60:37375
distributed.worker - INFO -          Listening to:     tcp://10.32.2.60:37375
distributed.worker - INFO -          dashboard at:           10.32.2.60:46523
distributed.worker - INFO -       Start worker at:     tcp://10.32.2.60:35481
distributed.worker - INFO - Waiting to connect to: tcp://188.185.68.194:42727
distributed.worker - INFO -          Listening to:     tcp://10.32.2.60:35481
distributed.worker - INFO - -------------------------------------------------
distributed.worker - INFO -          dashboard at:           10.32.2.60:33321
distributed.worker - INFO -               Threads:                          1
distributed.worker - INFO - Waiting to connect to: tcp://188.185.68.194:42727
distributed.worker - INFO -                Memory:                  14.90 GiB
distributed.worker - INFO - -------------------------------------------------
distributed.worker - INFO -       Local Directory: /tmp/ikabadzh/dask-worker-space/worker-xui4pwn7
distributed.worker - INFO -               Threads:                          1
distributed.worker - INFO - -------------------------------------------------
distributed.worker - INFO -                Memory:                  14.90 GiB
distributed.worker - INFO -       Local Directory: /tmp/ikabadzh/dask-worker-space/worker-hclaaxfr
distributed.worker - INFO - -------------------------------------------------
distributed.worker - INFO -       Start worker at:     tcp://10.32.2.60:35827
distributed.worker - INFO -          Listening to:     tcp://10.32.2.60:35827
distributed.worker - INFO -          dashboard at:           10.32.2.60:35439
distributed.worker - INFO - Waiting to connect to: tcp://188.185.68.194:42727
distributed.worker - INFO - -------------------------------------------------
distributed.worker - INFO -               Threads:                          1
distributed.worker - INFO -                Memory:                  14.90 GiB
distributed.worker - INFO -       Local Directory: /tmp/ikabadzh/dask-worker-space/worker-p_0wfjiv
distributed.worker - INFO -       Start worker at:     tcp://10.32.2.60:42159
distributed.worker - INFO - -------------------------------------------------
distributed.worker - INFO -          Listening to:     tcp://10.32.2.60:42159
distributed.worker - INFO -          dashboard at:           10.32.2.60:33851
distributed.worker - INFO - Waiting to connect to: tcp://188.185.68.194:42727
distributed.worker - INFO - -------------------------------------------------
distributed.worker - INFO -               Threads:                          1
distributed.worker - INFO -                Memory:                  14.90 GiB
distributed.worker - INFO -       Local Directory: /tmp/ikabadzh/dask-worker-space/worker-h20m1wl1
distributed.worker - INFO - -------------------------------------------------
distributed.worker - INFO -       Start worker at:     tcp://10.32.2.60:37507
distributed.worker - INFO -          Listening to:     tcp://10.32.2.60:37507
distributed.worker - INFO -          dashboard at:           10.32.2.60:41377
distributed.worker - INFO - Waiting to connect to: tcp://188.185.68.194:42727
distributed.worker - INFO - -------------------------------------------------
distributed.worker - INFO -               Threads:                          1
distributed.worker - INFO -                Memory:                  14.90 GiB
distributed.worker - INFO -       Local Directory: /tmp/ikabadzh/dask-worker-space/worker-l90izm7d
distributed.worker - INFO - -------------------------------------------------
distributed.worker - INFO -       Start worker at:     tcp://10.32.2.60:44667
distributed.worker - INFO -          Listening to:     tcp://10.32.2.60:44667
distributed.worker - INFO -          dashboard at:           10.32.2.60:39927
distributed.worker - INFO - Waiting to connect to: tcp://188.185.68.194:42727
distributed.worker - INFO - -------------------------------------------------
distributed.worker - INFO -               Threads:                          1
distributed.worker - INFO -                Memory:                  14.90 GiB
distributed.worker - INFO -       Local Directory: /tmp/ikabadzh/dask-worker-space/worker-kbschqh1
distributed.worker - INFO - -------------------------------------------------
distributed.worker - INFO -       Start worker at:     tcp://10.32.2.60:45153
distributed.worker - INFO -          Listening to:     tcp://10.32.2.60:45153
distributed.worker - INFO -          dashboard at:           10.32.2.60:40681
distributed.worker - INFO - Waiting to connect to: tcp://188.185.68.194:42727
distributed.worker - INFO - -------------------------------------------------
distributed.worker - INFO -               Threads:                          1
distributed.worker - INFO -                Memory:                  14.90 GiB
distributed.worker - INFO -       Local Directory: /tmp/ikabadzh/dask-worker-space/worker-3xll964c
distributed.worker - INFO - -------------------------------------------------
distributed.worker - INFO -       Start worker at:     tcp://10.32.2.60:43015
distributed.worker - INFO -          Listening to:     tcp://10.32.2.60:43015
distributed.worker - INFO -          dashboard at:           10.32.2.60:34825
distributed.worker - INFO - Waiting to connect to: tcp://188.185.68.194:42727
distributed.worker - INFO - -------------------------------------------------
distributed.worker - INFO -               Threads:                          1
distributed.worker - INFO -                Memory:                  14.90 GiB
distributed.worker - INFO -       Local Directory: /tmp/ikabadzh/dask-worker-space/worker-5xgwovu2
distributed.worker - INFO - -------------------------------------------------
distributed.worker - INFO -       Start worker at:     tcp://10.32.2.60:33583
distributed.worker - INFO -          Listening to:     tcp://10.32.2.60:33583
distributed.worker - INFO -          dashboard at:           10.32.2.60:44525
distributed.worker - INFO - Waiting to connect to: tcp://188.185.68.194:42727
distributed.worker - INFO - -------------------------------------------------
distributed.worker - INFO -               Threads:                          1
distributed.worker - INFO -                Memory:                  14.90 GiB
distributed.worker - INFO -       Local Directory: /tmp/ikabadzh/dask-worker-space/worker-839x0f_l
distributed.worker - INFO - -------------------------------------------------
distributed.worker - INFO -       Start worker at:     tcp://10.32.2.60:36723
distributed.worker - INFO -          Listening to:     tcp://10.32.2.60:36723
distributed.worker - INFO -          dashboard at:           10.32.2.60:43221
distributed.worker - INFO - Waiting to connect to: tcp://188.185.68.194:42727
distributed.worker - INFO - -------------------------------------------------
distributed.worker - INFO -               Threads:                          1
distributed.worker - INFO -                Memory:                  14.90 GiB
distributed.worker - INFO -       Local Directory: /tmp/ikabadzh/dask-worker-space/worker-idjfuyme
distributed.worker - INFO - -------------------------------------------------
distributed.worker - INFO -       Start worker at:     tcp://10.32.2.60:42495
distributed.worker - INFO -          Listening to:     tcp://10.32.2.60:42495
distributed.worker - INFO -          dashboard at:           10.32.2.60:34095
distributed.worker - INFO - Waiting to connect to: tcp://188.185.68.194:42727
distributed.worker - INFO - -------------------------------------------------
distributed.worker - INFO -               Threads:                          1
distributed.worker - INFO -                Memory:                  14.90 GiB
distributed.worker - INFO -       Local Directory: /tmp/ikabadzh/dask-worker-space/worker-o3re799q
distributed.worker - INFO - -------------------------------------------------
distributed.worker - INFO -       Start worker at:     tcp://10.32.2.60:38847
distributed.worker - INFO -          Listening to:     tcp://10.32.2.60:38847
distributed.worker - INFO -          dashboard at:           10.32.2.60:45561
distributed.worker - INFO - Waiting to connect to: tcp://188.185.68.194:42727
distributed.worker - INFO - -------------------------------------------------
distributed.worker - INFO -               Threads:                          1
distributed.worker - INFO -                Memory:                  14.90 GiB
distributed.worker - INFO -       Local Directory: /tmp/ikabadzh/dask-worker-space/worker-iii2oojw
distributed.worker - INFO - -------------------------------------------------
distributed.worker - INFO -       Start worker at:     tcp://10.32.2.60:36619
distributed.worker - INFO -          Listening to:     tcp://10.32.2.60:36619
distributed.worker - INFO -          dashboard at:           10.32.2.60:39809
distributed.worker - INFO - Waiting to connect to: tcp://188.185.68.194:42727
distributed.worker - INFO - -------------------------------------------------
distributed.worker - INFO -               Threads:                          1
distributed.worker - INFO -                Memory:                  14.90 GiB
distributed.worker - INFO -       Local Directory: /tmp/ikabadzh/dask-worker-space/worker-zhtc1aic
distributed.worker - INFO - -------------------------------------------------
distributed.worker - INFO -       Start worker at:     tcp://10.32.2.60:34951
distributed.worker - INFO -          Listening to:     tcp://10.32.2.60:34951
distributed.worker - INFO -          dashboard at:           10.32.2.60:43405
distributed.worker - INFO - Waiting to connect to: tcp://188.185.68.194:42727
distributed.worker - INFO - -------------------------------------------------
distributed.worker - INFO -               Threads:                          1
distributed.worker - INFO -                Memory:                  14.90 GiB
distributed.worker - INFO -       Local Directory: /tmp/ikabadzh/dask-worker-space/worker-swz786xc
distributed.worker - INFO - -------------------------------------------------
distributed.worker - INFO -       Start worker at:     tcp://10.32.2.60:45931
distributed.worker - INFO -          Listening to:     tcp://10.32.2.60:45931
distributed.worker - INFO -          dashboard at:           10.32.2.60:43635
distributed.worker - INFO - Waiting to connect to: tcp://188.185.68.194:42727
distributed.worker - INFO - -------------------------------------------------
distributed.worker - INFO -               Threads:                          1
distributed.worker - INFO -                Memory:                  14.90 GiB
distributed.worker - INFO -       Local Directory: /tmp/ikabadzh/dask-worker-space/worker-p78w4gdi
distributed.worker - INFO - -------------------------------------------------
distributed.worker - INFO -       Start worker at:     tcp://10.32.2.60:42729
distributed.worker - INFO -          Listening to:     tcp://10.32.2.60:42729
distributed.worker - INFO -          dashboard at:           10.32.2.60:44669
distributed.worker - INFO - Waiting to connect to: tcp://188.185.68.194:42727
distributed.worker - INFO - -------------------------------------------------
distributed.worker - INFO -               Threads:                          1
distributed.worker - INFO -                Memory:                  14.90 GiB
distributed.worker - INFO -       Local Directory: /tmp/ikabadzh/dask-worker-space/worker-tic79yxg
distributed.worker - INFO - -------------------------------------------------
distributed.worker - INFO -       Start worker at:     tcp://10.32.2.60:36195
distributed.worker - INFO -          Listening to:     tcp://10.32.2.60:36195
distributed.worker - INFO -          dashboard at:           10.32.2.60:32789
distributed.worker - INFO - Waiting to connect to: tcp://188.185.68.194:42727
distributed.worker - INFO - -------------------------------------------------
distributed.worker - INFO -               Threads:                          1
distributed.worker - INFO -                Memory:                  14.90 GiB
distributed.worker - INFO -       Local Directory: /tmp/ikabadzh/dask-worker-space/worker-jz5mv1c_
distributed.worker - INFO - -------------------------------------------------
distributed.worker - INFO -       Start worker at:     tcp://10.32.2.60:37871
distributed.worker - INFO -          Listening to:     tcp://10.32.2.60:37871
distributed.worker - INFO -          dashboard at:           10.32.2.60:35507
distributed.worker - INFO - Waiting to connect to: tcp://188.185.68.194:42727
distributed.worker - INFO - -------------------------------------------------
distributed.worker - INFO -               Threads:                          1
distributed.worker - INFO -                Memory:                  14.90 GiB
distributed.worker - INFO -       Local Directory: /tmp/ikabadzh/dask-worker-space/worker-92_sulfz
distributed.worker - INFO - -------------------------------------------------
distributed.worker - INFO -       Start worker at:     tcp://10.32.2.60:41469
distributed.worker - INFO -          Listening to:     tcp://10.32.2.60:41469
distributed.worker - INFO -          dashboard at:           10.32.2.60:32977
distributed.worker - INFO - Waiting to connect to: tcp://188.185.68.194:42727
distributed.worker - INFO - -------------------------------------------------
distributed.worker - INFO -               Threads:                          1
distributed.worker - INFO -                Memory:                  14.90 GiB
distributed.worker - INFO -       Local Directory: /tmp/ikabadzh/dask-worker-space/worker-dlric0jg
distributed.worker - INFO - -------------------------------------------------
distributed.worker - INFO -       Start worker at:     tcp://10.32.2.60:45183
distributed.worker - INFO -          Listening to:     tcp://10.32.2.60:45183
distributed.worker - INFO -          dashboard at:           10.32.2.60:42497
distributed.worker - INFO - Waiting to connect to: tcp://188.185.68.194:42727
distributed.worker - INFO - -------------------------------------------------
distributed.worker - INFO -               Threads:                          1
distributed.worker - INFO -                Memory:                  14.90 GiB
distributed.worker - INFO -       Local Directory: /tmp/ikabadzh/dask-worker-space/worker-_eb39hwu
distributed.worker - INFO - -------------------------------------------------
distributed.worker - INFO -       Start worker at:     tcp://10.32.2.60:39611
distributed.worker - INFO -          Listening to:     tcp://10.32.2.60:39611
distributed.worker - INFO -          dashboard at:           10.32.2.60:45011
distributed.worker - INFO - Waiting to connect to: tcp://188.185.68.194:42727
distributed.worker - INFO - -------------------------------------------------
distributed.worker - INFO -               Threads:                          1
distributed.worker - INFO -                Memory:                  14.90 GiB
distributed.worker - INFO -       Local Directory: /tmp/ikabadzh/dask-worker-space/worker-q0ng_t78
distributed.worker - INFO - -------------------------------------------------
distributed.worker - INFO -       Start worker at:     tcp://10.32.2.60:37213
distributed.worker - INFO -          Listening to:     tcp://10.32.2.60:37213
distributed.worker - INFO -          dashboard at:           10.32.2.60:46141
distributed.worker - INFO - Waiting to connect to: tcp://188.185.68.194:42727
distributed.worker - INFO - -------------------------------------------------
distributed.worker - INFO -               Threads:                          1
distributed.worker - INFO -                Memory:                  14.90 GiB
distributed.worker - INFO -       Local Directory: /tmp/ikabadzh/dask-worker-space/worker-ukrfzkyx
distributed.worker - INFO - -------------------------------------------------
distributed.worker - INFO -       Start worker at:     tcp://10.32.2.60:34685
distributed.worker - INFO -          Listening to:     tcp://10.32.2.60:34685
distributed.worker - INFO -          dashboard at:           10.32.2.60:42951
distributed.worker - INFO - Waiting to connect to: tcp://188.185.68.194:42727
distributed.worker - INFO - -------------------------------------------------
distributed.worker - INFO -               Threads:                          1
distributed.worker - INFO -                Memory:                  14.90 GiB
distributed.worker - INFO -       Local Directory: /tmp/ikabadzh/dask-worker-space/worker-d70c2d3i
distributed.worker - INFO - -------------------------------------------------
distributed.worker - INFO -       Start worker at:     tcp://10.32.2.60:34207
distributed.worker - INFO -          Listening to:     tcp://10.32.2.60:34207
distributed.worker - INFO -          dashboard at:           10.32.2.60:33841
distributed.worker - INFO - Waiting to connect to: tcp://188.185.68.194:42727
distributed.worker - INFO - -------------------------------------------------
distributed.worker - INFO -               Threads:                          1
distributed.worker - INFO -                Memory:                  14.90 GiB
distributed.worker - INFO -       Local Directory: /tmp/ikabadzh/dask-worker-space/worker-5c_el_wn
distributed.worker - INFO - -------------------------------------------------
distributed.worker - INFO -         Registered to: tcp://188.185.68.194:42727
distributed.worker - INFO - -------------------------------------------------
distributed.core - INFO - Starting established connection
distributed.worker - INFO -         Registered to: tcp://188.185.68.194:42727
distributed.worker - INFO - -------------------------------------------------
distributed.core - INFO - Starting established connection
distributed.worker - INFO -         Registered to: tcp://188.185.68.194:42727
distributed.worker - INFO - -------------------------------------------------
distributed.core - INFO - Starting established connection
distributed.worker - INFO -         Registered to: tcp://188.185.68.194:42727
distributed.worker - INFO - -------------------------------------------------
distributed.core - INFO - Starting established connection
distributed.worker - INFO -         Registered to: tcp://188.185.68.194:42727
distributed.worker - INFO - -------------------------------------------------
distributed.core - INFO - Starting established connection
distributed.worker - INFO -         Registered to: tcp://188.185.68.194:42727
distributed.worker - INFO - -------------------------------------------------
distributed.core - INFO - Starting established connection
distributed.worker - INFO -         Registered to: tcp://188.185.68.194:42727
distributed.worker - INFO - -------------------------------------------------
distributed.core - INFO - Starting established connection
distributed.worker - INFO -         Registered to: tcp://188.185.68.194:42727
distributed.worker - INFO - -------------------------------------------------
distributed.core - INFO - Starting established connection
distributed.worker - INFO -         Registered to: tcp://188.185.68.194:42727
distributed.worker - INFO - -------------------------------------------------
distributed.core - INFO - Starting established connection
distributed.worker - INFO -         Registered to: tcp://188.185.68.194:42727
distributed.worker - INFO - -------------------------------------------------
distributed.core - INFO - Starting established connection
distributed.worker - INFO -         Registered to: tcp://188.185.68.194:42727
distributed.worker - INFO - -------------------------------------------------
distributed.core - INFO - Starting established connection
distributed.worker - INFO -         Registered to: tcp://188.185.68.194:42727
distributed.worker - INFO - -------------------------------------------------
distributed.core - INFO - Starting established connection
distributed.worker - INFO -         Registered to: tcp://188.185.68.194:42727
distributed.worker - INFO - -------------------------------------------------
distributed.core - INFO - Starting established connection
distributed.worker - INFO -         Registered to: tcp://188.185.68.194:42727
distributed.worker - INFO - -------------------------------------------------
distributed.core - INFO - Starting established connection
distributed.worker - INFO -         Registered to: tcp://188.185.68.194:42727
distributed.worker - INFO - -------------------------------------------------
distributed.core - INFO - Starting established connection
distributed.worker - INFO -         Registered to: tcp://188.185.68.194:42727
distributed.worker - INFO - -------------------------------------------------
distributed.core - INFO - Starting established connection
distributed.worker - INFO -         Registered to: tcp://188.185.68.194:42727
distributed.worker - INFO - -------------------------------------------------
distributed.core - INFO - Starting established connection
distributed.worker - INFO -         Registered to: tcp://188.185.68.194:42727
distributed.worker - INFO - -------------------------------------------------
distributed.core - INFO - Starting established connection
distributed.worker - INFO -         Registered to: tcp://188.185.68.194:42727
distributed.worker - INFO - -------------------------------------------------
distributed.core - INFO - Starting established connection
distributed.worker - INFO -         Registered to: tcp://188.185.68.194:42727
distributed.worker - INFO - -------------------------------------------------
distributed.core - INFO - Starting established connection
distributed.worker - INFO -         Registered to: tcp://188.185.68.194:42727
distributed.worker - INFO - -------------------------------------------------
distributed.core - INFO - Starting established connection
distributed.worker - INFO -         Registered to: tcp://188.185.68.194:42727
distributed.worker - INFO - -------------------------------------------------
distributed.core - INFO - Starting established connection
distributed.worker - INFO -         Registered to: tcp://188.185.68.194:42727
distributed.worker - INFO - -------------------------------------------------
distributed.core - INFO - Starting established connection
distributed.worker - INFO -         Registered to: tcp://188.185.68.194:42727
distributed.worker - INFO - -------------------------------------------------
distributed.core - INFO - Starting established connection
distributed.worker - INFO -         Registered to: tcp://188.185.68.194:42727
distributed.worker - INFO - -------------------------------------------------
distributed.core - INFO - Starting established connection
distributed.worker - INFO -         Registered to: tcp://188.185.68.194:42727
distributed.worker - INFO - -------------------------------------------------
distributed.core - INFO - Starting established connection
distributed.worker - INFO -         Registered to: tcp://188.185.68.194:42727
distributed.worker - INFO - -------------------------------------------------
distributed.core - INFO - Starting established connection
distributed.worker - INFO -         Registered to: tcp://188.185.68.194:42727
distributed.worker - INFO - -------------------------------------------------
distributed.core - INFO - Starting established connection
distributed.worker - INFO -         Registered to: tcp://188.185.68.194:42727
distributed.worker - INFO - -------------------------------------------------
distributed.core - INFO - Starting established connection
distributed.worker - INFO -         Registered to: tcp://188.185.68.194:42727
distributed.worker - INFO - -------------------------------------------------
distributed.core - INFO - Starting established connection
distributed.worker - INFO -         Registered to: tcp://188.185.68.194:42727
distributed.worker - INFO - -------------------------------------------------
distributed.core - INFO - Starting established connection
distributed.worker - INFO -         Registered to: tcp://188.185.68.194:42727
distributed.worker - INFO - -------------------------------------------------
distributed.core - INFO - Starting established connection
distributed.core - INFO - Event loop was unresponsive in Worker for 8.22s.  This is often caused by long-running GIL-holding functions or moving large chunks of data. This can cause timeouts and instability.
distributed.core - INFO - Event loop was unresponsive in Worker for 8.24s.  This is often caused by long-running GIL-holding functions or moving large chunks of data. This can cause timeouts and instability.
distributed.core - INFO - Event loop was unresponsive in Worker for 8.24s.  This is often caused by long-running GIL-holding functions or moving large chunks of data. This can cause timeouts and instability.
distributed.core - INFO - Event loop was unresponsive in Worker for 8.29s.  This is often caused by long-running GIL-holding functions or moving large chunks of data. This can cause timeouts and instability.
distributed.core - INFO - Event loop was unresponsive in Worker for 8.29s.  This is often caused by long-running GIL-holding functions or moving large chunks of data. This can cause timeouts and instability.
distributed.core - INFO - Event loop was unresponsive in Worker for 8.29s.  This is often caused by long-running GIL-holding functions or moving large chunks of data. This can cause timeouts and instability.
distributed.core - INFO - Event loop was unresponsive in Worker for 8.29s.  This is often caused by long-running GIL-holding functions or moving large chunks of data. This can cause timeouts and instability.
distributed.core - INFO - Event loop was unresponsive in Worker for 8.29s.  This is often caused by long-running GIL-holding functions or moving large chunks of data. This can cause timeouts and instability.
distributed.core - INFO - Event loop was unresponsive in Worker for 8.29s.  This is often caused by long-running GIL-holding functions or moving large chunks of data. This can cause timeouts and instability.
distributed.core - INFO - Event loop was unresponsive in Worker for 8.31s.  This is often caused by long-running GIL-holding functions or moving large chunks of data. This can cause timeouts and instability.
distributed.core - INFO - Event loop was unresponsive in Worker for 8.31s.  This is often caused by long-running GIL-holding functions or moving large chunks of data. This can cause timeouts and instability.
distributed.core - INFO - Event loop was unresponsive in Worker for 8.32s.  This is often caused by long-running GIL-holding functions or moving large chunks of data. This can cause timeouts and instability.
distributed.core - INFO - Event loop was unresponsive in Worker for 8.32s.  This is often caused by long-running GIL-holding functions or moving large chunks of data. This can cause timeouts and instability.
distributed.core - INFO - Event loop was unresponsive in Worker for 8.34s.  This is often caused by long-running GIL-holding functions or moving large chunks of data. This can cause timeouts and instability.
distributed.core - INFO - Event loop was unresponsive in Worker for 8.33s.  This is often caused by long-running GIL-holding functions or moving large chunks of data. This can cause timeouts and instability.
distributed.core - INFO - Event loop was unresponsive in Worker for 8.34s.  This is often caused by long-running GIL-holding functions or moving large chunks of data. This can cause timeouts and instability.
distributed.core - INFO - Event loop was unresponsive in Worker for 8.33s.  This is often caused by long-running GIL-holding functions or moving large chunks of data. This can cause timeouts and instability.
distributed.core - INFO - Event loop was unresponsive in Worker for 8.36s.  This is often caused by long-running GIL-holding functions or moving large chunks of data. This can cause timeouts and instability.
distributed.core - INFO - Event loop was unresponsive in Worker for 8.40s.  This is often caused by long-running GIL-holding functions or moving large chunks of data. This can cause timeouts and instability.
distributed.core - INFO - Event loop was unresponsive in Worker for 9.55s.  This is often caused by long-running GIL-holding functions or moving large chunks of data. This can cause timeouts and instability.
distributed.core - INFO - Event loop was unresponsive in Worker for 9.53s.  This is often caused by long-running GIL-holding functions or moving large chunks of data. This can cause timeouts and instability.
distributed.core - INFO - Event loop was unresponsive in Worker for 9.56s.  This is often caused by long-running GIL-holding functions or moving large chunks of data. This can cause timeouts and instability.
distributed.core - INFO - Event loop was unresponsive in Worker for 9.57s.  This is often caused by long-running GIL-holding functions or moving large chunks of data. This can cause timeouts and instability.
distributed.core - INFO - Event loop was unresponsive in Worker for 9.60s.  This is often caused by long-running GIL-holding functions or moving large chunks of data. This can cause timeouts and instability.
distributed.core - INFO - Event loop was unresponsive in Worker for 9.58s.  This is often caused by long-running GIL-holding functions or moving large chunks of data. This can cause timeouts and instability.
distributed.core - INFO - Event loop was unresponsive in Worker for 9.59s.  This is often caused by long-running GIL-holding functions or moving large chunks of data. This can cause timeouts and instability.
distributed.core - INFO - Event loop was unresponsive in Worker for 9.60s.  This is often caused by long-running GIL-holding functions or moving large chunks of data. This can cause timeouts and instability.
distributed.core - INFO - Event loop was unresponsive in Worker for 9.61s.  This is often caused by long-running GIL-holding functions or moving large chunks of data. This can cause timeouts and instability.
distributed.core - INFO - Event loop was unresponsive in Worker for 9.61s.  This is often caused by long-running GIL-holding functions or moving large chunks of data. This can cause timeouts and instability.
distributed.core - INFO - Event loop was unresponsive in Worker for 9.60s.  This is often caused by long-running GIL-holding functions or moving large chunks of data. This can cause timeouts and instability.
distributed.core - INFO - Event loop was unresponsive in Worker for 9.59s.  This is often caused by long-running GIL-holding functions or moving large chunks of data. This can cause timeouts and instability.
distributed.core - INFO - Event loop was unresponsive in Worker for 9.62s.  This is often caused by long-running GIL-holding functions or moving large chunks of data. This can cause timeouts and instability.
Info in <[ROOT.RDF] Info /hpcscratch/user/ikabadzh/root/tree/dataframe/src/RLoopManager.cxx:738 in void ROOT::Detail::RDF::RLoopManager::Run()>: Starting event loop number 0.
Info in <[ROOT.RDF] Info /hpcscratch/user/ikabadzh/root/tree/dataframe/src/RLoopManager.cxx:738 in void ROOT::Detail::RDF::RLoopManager::Run()>: Starting event loop number 0.
Info in <[ROOT.RDF] Info /hpcscratch/user/ikabadzh/root/tree/dataframe/src/RLoopManager.cxx:738 in void ROOT::Detail::RDF::RLoopManager::Run()>: Starting event loop number 0.
Info in <[ROOT.RDF] Info /hpcscratch/user/ikabadzh/root/tree/dataframe/src/RLoopManager.cxx:738 in void ROOT::Detail::RDF::RLoopManager::Run()>: Starting event loop number 0.
Info in <[ROOT.RDF] Info /hpcscratch/user/ikabadzh/root/tree/dataframe/src/RLoopManager.cxx:738 in void ROOT::Detail::RDF::RLoopManager::Run()>: Starting event loop number 0.
Info in <[ROOT.RDF] Info /hpcscratch/user/ikabadzh/root/tree/dataframe/src/RLoopManager.cxx:738 in void ROOT::Detail::RDF::RLoopManager::Run()>: Starting event loop number 0.
Info in <[ROOT.RDF] Info /hpcscratch/user/ikabadzh/root/tree/dataframe/src/RLoopManager.cxx:738 in void ROOT::Detail::RDF::RLoopManager::Run()>: Starting event loop number 0.
Info in <[ROOT.RDF] Info /hpcscratch/user/ikabadzh/root/tree/dataframe/src/RLoopManager.cxx:738 in void ROOT::Detail::RDF::RLoopManager::Run()>: Starting event loop number 0.
Info in <[ROOT.RDF] Info /hpcscratch/user/ikabadzh/root/tree/dataframe/src/RLoopManager.cxx:738 in void ROOT::Detail::RDF::RLoopManager::Run()>: Starting event loop number 0.
Info in <[ROOT.RDF] Info /hpcscratch/user/ikabadzh/root/tree/dataframe/src/RLoopManager.cxx:738 in void ROOT::Detail::RDF::RLoopManager::Run()>: Starting event loop number 0.
Info in <[ROOT.RDF] Info /hpcscratch/user/ikabadzh/root/tree/dataframe/src/RLoopManager.cxx:738 in void ROOT::Detail::RDF::RLoopManager::Run()>: Starting event loop number 0.
Info in <[ROOT.RDF] Info /hpcscratch/user/ikabadzh/root/tree/dataframe/src/RLoopManager.cxx:738 in void ROOT::Detail::RDF::RLoopManager::Run()>: Starting event loop number 0.
Info in <[ROOT.RDF] Info /hpcscratch/user/ikabadzh/root/tree/dataframe/src/RLoopManager.cxx:738 in void ROOT::Detail::RDF::RLoopManager::Run()>: Starting event loop number 0.
Info in <[ROOT.RDF] Info /hpcscratch/user/ikabadzh/root/tree/dataframe/src/RLoopManager.cxx:738 in void ROOT::Detail::RDF::RLoopManager::Run()>: Starting event loop number 0.
Info in <[ROOT.RDF] Info /hpcscratch/user/ikabadzh/root/tree/dataframe/src/RLoopManager.cxx:738 in void ROOT::Detail::RDF::RLoopManager::Run()>: Starting event loop number 0.
Info in <[ROOT.RDF] Info /hpcscratch/user/ikabadzh/root/tree/dataframe/src/RLoopManager.cxx:738 in void ROOT::Detail::RDF::RLoopManager::Run()>: Starting event loop number 0.
Info in <[ROOT.RDF] Info /hpcscratch/user/ikabadzh/root/tree/dataframe/src/RLoopManager.cxx:738 in void ROOT::Detail::RDF::RLoopManager::Run()>: Starting event loop number 0.
Info in <[ROOT.RDF] Info /hpcscratch/user/ikabadzh/root/tree/dataframe/src/RLoopManager.cxx:738 in void ROOT::Detail::RDF::RLoopManager::Run()>: Starting event loop number 0.
Info in <[ROOT.RDF] Info /hpcscratch/user/ikabadzh/root/tree/dataframe/src/RLoopManager.cxx:738 in void ROOT::Detail::RDF::RLoopManager::Run()>: Starting event loop number 0.
Info in <[ROOT.RDF] Info /hpcscratch/user/ikabadzh/root/tree/dataframe/src/RLoopManager.cxx:738 in void ROOT::Detail::RDF::RLoopManager::Run()>: Starting event loop number 0.
Info in <[ROOT.RDF] Info /hpcscratch/user/ikabadzh/root/tree/dataframe/src/RLoopManager.cxx:738 in void ROOT::Detail::RDF::RLoopManager::Run()>: Starting event loop number 0.
Info in <[ROOT.RDF] Info /hpcscratch/user/ikabadzh/root/tree/dataframe/src/RLoopManager.cxx:738 in void ROOT::Detail::RDF::RLoopManager::Run()>: Starting event loop number 0.
Info in <[ROOT.RDF] Info /hpcscratch/user/ikabadzh/root/tree/dataframe/src/RLoopManager.cxx:738 in void ROOT::Detail::RDF::RLoopManager::Run()>: Starting event loop number 0.
Info in <[ROOT.RDF] Info /hpcscratch/user/ikabadzh/root/tree/dataframe/src/RLoopManager.cxx:738 in void ROOT::Detail::RDF::RLoopManager::Run()>: Starting event loop number 0.
Info in <[ROOT.RDF] Info /hpcscratch/user/ikabadzh/root/tree/dataframe/src/RLoopManager.cxx:738 in void ROOT::Detail::RDF::RLoopManager::Run()>: Starting event loop number 0.
Info in <[ROOT.RDF] Info /hpcscratch/user/ikabadzh/root/tree/dataframe/src/RLoopManager.cxx:738 in void ROOT::Detail::RDF::RLoopManager::Run()>: Starting event loop number 0.
Info in <[ROOT.RDF] Info /hpcscratch/user/ikabadzh/root/tree/dataframe/src/RLoopManager.cxx:738 in void ROOT::Detail::RDF::RLoopManager::Run()>: Starting event loop number 0.
Info in <[ROOT.RDF] Info /hpcscratch/user/ikabadzh/root/tree/dataframe/src/RLoopManager.cxx:738 in void ROOT::Detail::RDF::RLoopManager::Run()>: Starting event loop number 0.
Info in <[ROOT.RDF] Info /hpcscratch/user/ikabadzh/root/tree/dataframe/src/RLoopManager.cxx:738 in void ROOT::Detail::RDF::RLoopManager::Run()>: Starting event loop number 0.
Info in <[ROOT.RDF] Info /hpcscratch/user/ikabadzh/root/tree/dataframe/src/RLoopManager.cxx:738 in void ROOT::Detail::RDF::RLoopManager::Run()>: Starting event loop number 0.
Info in <[ROOT.RDF] Info /hpcscratch/user/ikabadzh/root/tree/dataframe/src/RLoopManager.cxx:738 in void ROOT::Detail::RDF::RLoopManager::Run()>: Starting event loop number 0.
Info in <[ROOT.RDF] Info /hpcscratch/user/ikabadzh/root/tree/dataframe/src/RLoopManager.cxx:738 in void ROOT::Detail::RDF::RLoopManager::Run()>: Starting event loop number 0.
Info in <[ROOT.RDF] Info /hpcscratch/user/ikabadzh/root/tree/dataframe/src/RLoopManager.cxx:713 in void ROOT::Detail::RDF::RLoopManager::Jit()>: Just-in-time compilation phase completed in 2.464394 seconds.
Info in <[ROOT.RDF] Info /hpcscratch/user/ikabadzh/root/tree/dataframe/src/RLoopManager.cxx:480 in void ROOT::Detail::RDF::RLoopManager::RunTreeReader()>: Processing trees {Events} in files {input_files/dimuon/f28.root}: entry range [0,61540412], using slot 0 in thread 140431335761664.
Info in <[ROOT.RDF] Info /hpcscratch/user/ikabadzh/root/tree/dataframe/src/RLoopManager.cxx:713 in void ROOT::Detail::RDF::RLoopManager::Jit()>: Just-in-time compilation phase completed in 2.459738 seconds.
Info in <[ROOT.RDF] Info /hpcscratch/user/ikabadzh/root/tree/dataframe/src/RLoopManager.cxx:480 in void ROOT::Detail::RDF::RLoopManager::RunTreeReader()>: Processing trees {Events,Events} in files {input_files/dimuon/f7.root,input_files/dimuon/f8.root}: entry range [0,123080825], using slot 0 in thread 139824910096128.
Info in <[ROOT.RDF] Info /hpcscratch/user/ikabadzh/root/tree/dataframe/src/RLoopManager.cxx:713 in void ROOT::Detail::RDF::RLoopManager::Jit()>: Just-in-time compilation phase completed in 2.448573 seconds.
Info in <[ROOT.RDF] Info /hpcscratch/user/ikabadzh/root/tree/dataframe/src/RLoopManager.cxx:480 in void ROOT::Detail::RDF::RLoopManager::RunTreeReader()>: Processing trees {Events} in files {input_files/dimuon/f11.root}: entry range [0,61540412], using slot 0 in thread 140088891401984.
Info in <[ROOT.RDF] Info /hpcscratch/user/ikabadzh/root/tree/dataframe/src/RLoopManager.cxx:713 in void ROOT::Detail::RDF::RLoopManager::Jit()>: Just-in-time compilation phase completed in 2.493923 seconds.
Info in <[ROOT.RDF] Info /hpcscratch/user/ikabadzh/root/tree/dataframe/src/RLoopManager.cxx:480 in void ROOT::Detail::RDF::RLoopManager::RunTreeReader()>: Processing trees {Events} in files {input_files/dimuon/f25.root}: entry range [0,61540412], using slot 0 in thread 140600507660032.
Info in <[ROOT.RDF] Info /hpcscratch/user/ikabadzh/root/tree/dataframe/src/RLoopManager.cxx:713 in void ROOT::Detail::RDF::RLoopManager::Jit()>: Just-in-time compilation phase completed in 2.446954 seconds.
Info in <[ROOT.RDF] Info /hpcscratch/user/ikabadzh/root/tree/dataframe/src/RLoopManager.cxx:480 in void ROOT::Detail::RDF::RLoopManager::RunTreeReader()>: Processing trees {Events} in files {input_files/dimuon/f24.root}: entry range [0,61540412], using slot 0 in thread 139978449319680.
Info in <[ROOT.RDF] Info /hpcscratch/user/ikabadzh/root/tree/dataframe/src/RLoopManager.cxx:713 in void ROOT::Detail::RDF::RLoopManager::Jit()>: Just-in-time compilation phase completed in 2.469168 seconds.
Info in <[ROOT.RDF] Info /hpcscratch/user/ikabadzh/root/tree/dataframe/src/RLoopManager.cxx:480 in void ROOT::Detail::RDF::RLoopManager::RunTreeReader()>: Processing trees {Events} in files {input_files/dimuon/f29.root}: entry range [0,61540412], using slot 0 in thread 139794605537024.
Info in <[ROOT.RDF] Info /hpcscratch/user/ikabadzh/root/tree/dataframe/src/RLoopManager.cxx:713 in void ROOT::Detail::RDF::RLoopManager::Jit()>: Just-in-time compilation phase completed in 2.466695 seconds.
Info in <[ROOT.RDF] Info /hpcscratch/user/ikabadzh/root/tree/dataframe/src/RLoopManager.cxx:480 in void ROOT::Detail::RDF::RLoopManager::RunTreeReader()>: Processing trees {Events,Events} in files {input_files/dimuon/f30.root,input_files/dimuon/f31.root}: entry range [0,123080825], using slot 0 in thread 140378469455616.
Info in <[ROOT.RDF] Info /hpcscratch/user/ikabadzh/root/tree/dataframe/src/RLoopManager.cxx:713 in void ROOT::Detail::RDF::RLoopManager::Jit()>: Just-in-time compilation phase completed in 2.468050 seconds.
Info in <[ROOT.RDF] Info /hpcscratch/user/ikabadzh/root/tree/dataframe/src/RLoopManager.cxx:480 in void ROOT::Detail::RDF::RLoopManager::RunTreeReader()>: Processing trees {Events} in files {input_files/dimuon/f15.root}: entry range [0,61540412], using slot 0 in thread 140651361220352.
Info in <[ROOT.RDF] Info /hpcscratch/user/ikabadzh/root/tree/dataframe/src/RLoopManager.cxx:713 in void ROOT::Detail::RDF::RLoopManager::Jit()>: Just-in-time compilation phase completed in 2.485422 seconds.
Info in <[ROOT.RDF] Info /hpcscratch/user/ikabadzh/root/tree/dataframe/src/RLoopManager.cxx:480 in void ROOT::Detail::RDF::RLoopManager::RunTreeReader()>: Processing trees {Events} in files {input_files/dimuon/f9.root}: entry range [0,61540412], using slot 0 in thread 140509823620864.
Info in <[ROOT.RDF] Info /hpcscratch/user/ikabadzh/root/tree/dataframe/src/RLoopManager.cxx:713 in void ROOT::Detail::RDF::RLoopManager::Jit()>: Just-in-time compilation phase completed in 2.612710 seconds.
Info in <[ROOT.RDF] Info /hpcscratch/user/ikabadzh/root/tree/dataframe/src/RLoopManager.cxx:480 in void ROOT::Detail::RDF::RLoopManager::RunTreeReader()>: Processing trees {Events} in files {input_files/dimuon/f13.root}: entry range [0,61540412], using slot 0 in thread 139972501378816.
Info in <[ROOT.RDF] Info /hpcscratch/user/ikabadzh/root/tree/dataframe/src/RLoopManager.cxx:713 in void ROOT::Detail::RDF::RLoopManager::Jit()>: Just-in-time compilation phase completed in 2.454368 seconds.
Info in <[ROOT.RDF] Info /hpcscratch/user/ikabadzh/root/tree/dataframe/src/RLoopManager.cxx:480 in void ROOT::Detail::RDF::RLoopManager::RunTreeReader()>: Processing trees {Events} in files {input_files/dimuon/f9.root}: entry range [0,61540412], using slot 0 in thread 140134076540672.
Info in <[ROOT.RDF] Info /hpcscratch/user/ikabadzh/root/tree/dataframe/src/RLoopManager.cxx:713 in void ROOT::Detail::RDF::RLoopManager::Jit()>: Just-in-time compilation phase completed in 2.486969 seconds.
Info in <[ROOT.RDF] Info /hpcscratch/user/ikabadzh/root/tree/dataframe/src/RLoopManager.cxx:480 in void ROOT::Detail::RDF::RLoopManager::RunTreeReader()>: Processing trees {Events} in files {input_files/dimuon/f30.root}: entry range [0,61540412], using slot 0 in thread 139677403985664.
Info in <[ROOT.RDF] Info /hpcscratch/user/ikabadzh/root/tree/dataframe/src/RLoopManager.cxx:713 in void ROOT::Detail::RDF::RLoopManager::Jit()>: Just-in-time compilation phase completed in 2.475931 seconds.
Info in <[ROOT.RDF] Info /hpcscratch/user/ikabadzh/root/tree/dataframe/src/RLoopManager.cxx:480 in void ROOT::Detail::RDF::RLoopManager::RunTreeReader()>: Processing trees {Events} in files {input_files/dimuon/f27.root}: entry range [0,61540412], using slot 0 in thread 140533640607488.
Info in <[ROOT.RDF] Info /hpcscratch/user/ikabadzh/root/tree/dataframe/src/RLoopManager.cxx:713 in void ROOT::Detail::RDF::RLoopManager::Jit()>: Just-in-time compilation phase completed in 2.464868 seconds.
Info in <[ROOT.RDF] Info /hpcscratch/user/ikabadzh/root/tree/dataframe/src/RLoopManager.cxx:480 in void ROOT::Detail::RDF::RLoopManager::RunTreeReader()>: Processing trees {Events} in files {input_files/dimuon/f11.root}: entry range [0,61540412], using slot 0 in thread 140020548761344.
Info in <[ROOT.RDF] Info /hpcscratch/user/ikabadzh/root/tree/dataframe/src/RLoopManager.cxx:713 in void ROOT::Detail::RDF::RLoopManager::Jit()>: Just-in-time compilation phase completed in 2.518525 seconds.
Info in <[ROOT.RDF] Info /hpcscratch/user/ikabadzh/root/tree/dataframe/src/RLoopManager.cxx:480 in void ROOT::Detail::RDF::RLoopManager::RunTreeReader()>: Processing trees {Events} in files {input_files/dimuon/f12.root}: entry range [0,61540412], using slot 0 in thread 140201855325952.
Info in <[ROOT.RDF] Info /hpcscratch/user/ikabadzh/root/tree/dataframe/src/RLoopManager.cxx:713 in void ROOT::Detail::RDF::RLoopManager::Jit()>: Just-in-time compilation phase completed in 2.462147 seconds.
Info in <[ROOT.RDF] Info /hpcscratch/user/ikabadzh/root/tree/dataframe/src/RLoopManager.cxx:480 in void ROOT::Detail::RDF::RLoopManager::RunTreeReader()>: Processing trees {Events} in files {input_files/dimuon/f7.root}: entry range [0,61540412], using slot 0 in thread 140181382280960.
Info in <[ROOT.RDF] Info /hpcscratch/user/ikabadzh/root/tree/dataframe/src/RLoopManager.cxx:713 in void ROOT::Detail::RDF::RLoopManager::Jit()>: Just-in-time compilation phase completed in 2.505025 seconds.
Info in <[ROOT.RDF] Info /hpcscratch/user/ikabadzh/root/tree/dataframe/src/RLoopManager.cxx:480 in void ROOT::Detail::RDF::RLoopManager::RunTreeReader()>: Processing trees {Events} in files {input_files/dimuon/f6.root}: entry range [0,61540412], using slot 0 in thread 140335682197248.
Info in <[ROOT.RDF] Info /hpcscratch/user/ikabadzh/root/tree/dataframe/src/RLoopManager.cxx:713 in void ROOT::Detail::RDF::RLoopManager::Jit()>: Just-in-time compilation phase completed in 2.547099 seconds.
Info in <[ROOT.RDF] Info /hpcscratch/user/ikabadzh/root/tree/dataframe/src/RLoopManager.cxx:480 in void ROOT::Detail::RDF::RLoopManager::RunTreeReader()>: Processing trees {Events} in files {input_files/dimuon/f16.root}: entry range [0,61540412], using slot 0 in thread 140192936834816.
Info in <[ROOT.RDF] Info /hpcscratch/user/ikabadzh/root/tree/dataframe/src/RLoopManager.cxx:713 in void ROOT::Detail::RDF::RLoopManager::Jit()>: Just-in-time compilation phase completed in 2.608192 seconds.
Info in <[ROOT.RDF] Info /hpcscratch/user/ikabadzh/root/tree/dataframe/src/RLoopManager.cxx:480 in void ROOT::Detail::RDF::RLoopManager::RunTreeReader()>: Processing trees {Events} in files {input_files/dimuon/f25.root}: entry range [0,61540412], using slot 0 in thread 140298135635712.
Info in <[ROOT.RDF] Info /hpcscratch/user/ikabadzh/root/tree/dataframe/src/RLoopManager.cxx:713 in void ROOT::Detail::RDF::RLoopManager::Jit()>: Just-in-time compilation phase completed in 2.542436 seconds.
Info in <[ROOT.RDF] Info /hpcscratch/user/ikabadzh/root/tree/dataframe/src/RLoopManager.cxx:480 in void ROOT::Detail::RDF::RLoopManager::RunTreeReader()>: Processing trees {Events,Events} in files {input_files/dimuon/f3.root,input_files/dimuon/f4.root}: entry range [0,123080825], using slot 0 in thread 140470752306944.
Info in <[ROOT.RDF] Info /hpcscratch/user/ikabadzh/root/tree/dataframe/src/RLoopManager.cxx:713 in void ROOT::Detail::RDF::RLoopManager::Jit()>: Just-in-time compilation phase completed in 2.447191 seconds.
Info in <[ROOT.RDF] Info /hpcscratch/user/ikabadzh/root/tree/dataframe/src/RLoopManager.cxx:480 in void ROOT::Detail::RDF::RLoopManager::RunTreeReader()>: Processing trees {Events} in files {input_files/dimuon/f28.root}: entry range [0,61540412], using slot 0 in thread 140101927601920.
Info in <[ROOT.RDF] Info /hpcscratch/user/ikabadzh/root/tree/dataframe/src/RLoopManager.cxx:713 in void ROOT::Detail::RDF::RLoopManager::Jit()>: Just-in-time compilation phase completed in 2.502894 seconds.
Info in <[ROOT.RDF] Info /hpcscratch/user/ikabadzh/root/tree/dataframe/src/RLoopManager.cxx:480 in void ROOT::Detail::RDF::RLoopManager::RunTreeReader()>: Processing trees {Events} in files {input_files/dimuon/f12.root}: entry range [0,61540412], using slot 0 in thread 140605748500224.
Info in <[ROOT.RDF] Info /hpcscratch/user/ikabadzh/root/tree/dataframe/src/RLoopManager.cxx:713 in void ROOT::Detail::RDF::RLoopManager::Jit()>: Just-in-time compilation phase completed in 2.472986 seconds.
Info in <[ROOT.RDF] Info /hpcscratch/user/ikabadzh/root/tree/dataframe/src/RLoopManager.cxx:480 in void ROOT::Detail::RDF::RLoopManager::RunTreeReader()>: Processing trees {Events} in files {input_files/dimuon/f4.root}: entry range [0,61540412], using slot 0 in thread 140544305485568.
Info in <[ROOT.RDF] Info /hpcscratch/user/ikabadzh/root/tree/dataframe/src/RLoopManager.cxx:713 in void ROOT::Detail::RDF::RLoopManager::Jit()>: Just-in-time compilation phase completed in 2.517769 seconds.
Info in <[ROOT.RDF] Info /hpcscratch/user/ikabadzh/root/tree/dataframe/src/RLoopManager.cxx:480 in void ROOT::Detail::RDF::RLoopManager::RunTreeReader()>: Processing trees {Events} in files {input_files/dimuon/f26.root}: entry range [0,61540412], using slot 0 in thread 139684066629376.
Info in <[ROOT.RDF] Info /hpcscratch/user/ikabadzh/root/tree/dataframe/src/RLoopManager.cxx:713 in void ROOT::Detail::RDF::RLoopManager::Jit()>: Just-in-time compilation phase completed in 2.666095 seconds.
Info in <[ROOT.RDF] Info /hpcscratch/user/ikabadzh/root/tree/dataframe/src/RLoopManager.cxx:480 in void ROOT::Detail::RDF::RLoopManager::RunTreeReader()>: Processing trees {Events} in files {input_files/dimuon/f2.root}: entry range [0,61540412], using slot 0 in thread 140302873216768.
Info in <[ROOT.RDF] Info /hpcscratch/user/ikabadzh/root/tree/dataframe/src/RLoopManager.cxx:713 in void ROOT::Detail::RDF::RLoopManager::Jit()>: Just-in-time compilation phase completed in 2.556224 seconds.
Info in <[ROOT.RDF] Info /hpcscratch/user/ikabadzh/root/tree/dataframe/src/RLoopManager.cxx:480 in void ROOT::Detail::RDF::RLoopManager::RunTreeReader()>: Processing trees {Events} in files {input_files/dimuon/f10.root}: entry range [0,61540412], using slot 0 in thread 140629103445760.
Info in <[ROOT.RDF] Info /hpcscratch/user/ikabadzh/root/tree/dataframe/src/RLoopManager.cxx:713 in void ROOT::Detail::RDF::RLoopManager::Jit()>: Just-in-time compilation phase completed in 2.651756 seconds.
Info in <[ROOT.RDF] Info /hpcscratch/user/ikabadzh/root/tree/dataframe/src/RLoopManager.cxx:480 in void ROOT::Detail::RDF::RLoopManager::RunTreeReader()>: Processing trees {Events,Events} in files {input_files/dimuon/f4.root,input_files/dimuon/f5.root}: entry range [0,123080825], using slot 0 in thread 139915124270848.
Info in <[ROOT.RDF] Info /hpcscratch/user/ikabadzh/root/tree/dataframe/src/RLoopManager.cxx:713 in void ROOT::Detail::RDF::RLoopManager::Jit()>: Just-in-time compilation phase completed in 2.626742 seconds.
Info in <[ROOT.RDF] Info /hpcscratch/user/ikabadzh/root/tree/dataframe/src/RLoopManager.cxx:480 in void ROOT::Detail::RDF::RLoopManager::RunTreeReader()>: Processing trees {Events} in files {input_files/dimuon/f3.root}: entry range [0,61540412], using slot 0 in thread 139701168797440.
Info in <[ROOT.RDF] Info /hpcscratch/user/ikabadzh/root/tree/dataframe/src/RLoopManager.cxx:713 in void ROOT::Detail::RDF::RLoopManager::Jit()>: Just-in-time compilation phase completed in 2.755172 seconds.
Info in <[ROOT.RDF] Info /hpcscratch/user/ikabadzh/root/tree/dataframe/src/RLoopManager.cxx:480 in void ROOT::Detail::RDF::RLoopManager::RunTreeReader()>: Processing trees {Events} in files {input_files/dimuon/f891.root}: entry range [0,61540412], using slot 0 in thread 139652888622848.
Info in <[ROOT.RDF] Info /hpcscratch/user/ikabadzh/root/tree/dataframe/src/RLoopManager.cxx:713 in void ROOT::Detail::RDF::RLoopManager::Jit()>: Just-in-time compilation phase completed in 2.884260 seconds.
Info in <[ROOT.RDF] Info /hpcscratch/user/ikabadzh/root/tree/dataframe/src/RLoopManager.cxx:480 in void ROOT::Detail::RDF::RLoopManager::RunTreeReader()>: Processing trees {Events} in files {input_files/dimuon/f5.root}: entry range [0,61540412], using slot 0 in thread 140692306564864.
Info in <[ROOT.RDF] Info /hpcscratch/user/ikabadzh/root/tree/dataframe/src/RLoopManager.cxx:713 in void ROOT::Detail::RDF::RLoopManager::Jit()>: Just-in-time compilation phase completed in 3.123787 seconds.
Info in <[ROOT.RDF] Info /hpcscratch/user/ikabadzh/root/tree/dataframe/src/RLoopManager.cxx:480 in void ROOT::Detail::RDF::RLoopManager::RunTreeReader()>: Processing trees {Events} in files {input_files/dimuon/f1.root}: entry range [0,61540412], using slot 0 in thread 139984201135872.
Info in <[ROOT.RDF] Info /hpcscratch/user/ikabadzh/root/tree/dataframe/src/RLoopManager.cxx:713 in void ROOT::Detail::RDF::RLoopManager::Jit()>: Just-in-time compilation phase completed in 3.112691 seconds.
Info in <[ROOT.RDF] Info /hpcscratch/user/ikabadzh/root/tree/dataframe/src/RLoopManager.cxx:480 in void ROOT::Detail::RDF::RLoopManager::RunTreeReader()>: Processing trees {Events} in files {input_files/dimuon/f14.root}: entry range [0,61540412], using slot 0 in thread 140486702745344.
Info in <[ROOT.RDF] Info /hpcscratch/user/ikabadzh/root/tree/dataframe/src/RLoopManager.cxx:762 in void ROOT::Detail::RDF::RLoopManager::Run()>: Finished event loop number 0 (9.15s CPU, 9.11634s elapsed).
Info in <[ROOT.RDF] Info /hpcscratch/user/ikabadzh/root/tree/dataframe/src/RLoopManager.cxx:762 in void ROOT::Detail::RDF::RLoopManager::Run()>: Finished event loop number 0 (8.98s CPU, 9.15499s elapsed).
Info in <[ROOT.RDF] Info /hpcscratch/user/ikabadzh/root/tree/dataframe/src/RLoopManager.cxx:762 in void ROOT::Detail::RDF::RLoopManager::Run()>: Finished event loop number 0 (9.13s CPU, 9.23805s elapsed).
Info in <[ROOT.RDF] Info /hpcscratch/user/ikabadzh/root/tree/dataframe/src/RLoopManager.cxx:762 in void ROOT::Detail::RDF::RLoopManager::Run()>: Finished event loop number 0 (9.1s CPU, 9.37639s elapsed).
Info in <[ROOT.RDF] Info /hpcscratch/user/ikabadzh/root/tree/dataframe/src/RLoopManager.cxx:762 in void ROOT::Detail::RDF::RLoopManager::Run()>: Finished event loop number 0 (9.1s CPU, 9.30407s elapsed).
Info in <[ROOT.RDF] Info /hpcscratch/user/ikabadzh/root/tree/dataframe/src/RLoopManager.cxx:762 in void ROOT::Detail::RDF::RLoopManager::Run()>: Finished event loop number 0 (9.37s CPU, 9.49717s elapsed).
Info in <[ROOT.RDF] Info /hpcscratch/user/ikabadzh/root/tree/dataframe/src/RLoopManager.cxx:762 in void ROOT::Detail::RDF::RLoopManager::Run()>: Finished event loop number 0 (9.21s CPU, 9.41292s elapsed).
Info in <[ROOT.RDF] Info /hpcscratch/user/ikabadzh/root/tree/dataframe/src/RLoopManager.cxx:762 in void ROOT::Detail::RDF::RLoopManager::Run()>: Finished event loop number 0 (9.13s CPU, 9.36487s elapsed).
Info in <[ROOT.RDF] Info /hpcscratch/user/ikabadzh/root/tree/dataframe/src/RLoopManager.cxx:762 in void ROOT::Detail::RDF::RLoopManager::Run()>: Finished event loop number 0 (9.18s CPU, 9.38148s elapsed).
Info in <[ROOT.RDF] Info /hpcscratch/user/ikabadzh/root/tree/dataframe/src/RLoopManager.cxx:762 in void ROOT::Detail::RDF::RLoopManager::Run()>: Finished event loop number 0 (9.08s CPU, 9.28149s elapsed).
Info in <[ROOT.RDF] Info /hpcscratch/user/ikabadzh/root/tree/dataframe/src/RLoopManager.cxx:762 in void ROOT::Detail::RDF::RLoopManager::Run()>: Finished event loop number 0 (9.14s CPU, 9.26065s elapsed).
Info in <[ROOT.RDF] Info /hpcscratch/user/ikabadzh/root/tree/dataframe/src/RLoopManager.cxx:762 in void ROOT::Detail::RDF::RLoopManager::Run()>: Finished event loop number 0 (9.08s CPU, 9.37946s elapsed).
Info in <[ROOT.RDF] Info /hpcscratch/user/ikabadzh/root/tree/dataframe/src/RLoopManager.cxx:762 in void ROOT::Detail::RDF::RLoopManager::Run()>: Finished event loop number 0 (9.22s CPU, 9.45316s elapsed).
Info in <[ROOT.RDF] Info /hpcscratch/user/ikabadzh/root/tree/dataframe/src/RLoopManager.cxx:738 in void ROOT::Detail::RDF::RLoopManager::Run()>: Starting event loop number 0.
Info in <[ROOT.RDF] Info /hpcscratch/user/ikabadzh/root/tree/dataframe/src/RLoopManager.cxx:762 in void ROOT::Detail::RDF::RLoopManager::Run()>: Finished event loop number 0 (9.17s CPU, 9.59752s elapsed).
Info in <[ROOT.RDF] Info /hpcscratch/user/ikabadzh/root/tree/dataframe/src/RLoopManager.cxx:738 in void ROOT::Detail::RDF::RLoopManager::Run()>: Starting event loop number 0.
Info in <[ROOT.RDF] Info /hpcscratch/user/ikabadzh/root/tree/dataframe/src/RLoopManager.cxx:762 in void ROOT::Detail::RDF::RLoopManager::Run()>: Finished event loop number 0 (8.87s CPU, 9.40385s elapsed).
Info in <[ROOT.RDF] Info /hpcscratch/user/ikabadzh/root/tree/dataframe/src/RLoopManager.cxx:762 in void ROOT::Detail::RDF::RLoopManager::Run()>: Finished event loop number 0 (9.15s CPU, 9.68269s elapsed).
Info in <[ROOT.RDF] Info /hpcscratch/user/ikabadzh/root/tree/dataframe/src/RLoopManager.cxx:762 in void ROOT::Detail::RDF::RLoopManager::Run()>: Finished event loop number 0 (9.08s CPU, 9.63744s elapsed).
Info in <[ROOT.RDF] Info /hpcscratch/user/ikabadzh/root/tree/dataframe/src/RLoopManager.cxx:762 in void ROOT::Detail::RDF::RLoopManager::Run()>: Finished event loop number 0 (8.88s CPU, 9.0268s elapsed).
Info in <[ROOT.RDF] Info /hpcscratch/user/ikabadzh/root/tree/dataframe/src/RLoopManager.cxx:762 in void ROOT::Detail::RDF::RLoopManager::Run()>: Finished event loop number 0 (9.66s CPU, 10.0473s elapsed).
Info in <[ROOT.RDF] Info /hpcscratch/user/ikabadzh/root/tree/dataframe/src/RLoopManager.cxx:762 in void ROOT::Detail::RDF::RLoopManager::Run()>: Finished event loop number 0 (9.19s CPU, 10.2911s elapsed).
Info in <[ROOT.RDF] Info /hpcscratch/user/ikabadzh/root/tree/dataframe/src/RLoopManager.cxx:762 in void ROOT::Detail::RDF::RLoopManager::Run()>: Finished event loop number 0 (8.89s CPU, 9.10312s elapsed).
Info in <[ROOT.RDF] Info /hpcscratch/user/ikabadzh/root/tree/dataframe/src/RLoopManager.cxx:762 in void ROOT::Detail::RDF::RLoopManager::Run()>: Finished event loop number 0 (9.19s CPU, 9.28442s elapsed).
distributed.worker - INFO - Stopping worker at tcp://10.32.2.60:45931
distributed.worker - INFO - Stopping worker at tcp://10.32.2.60:36195
tornado.application - ERROR - Exception in callback functools.partial(<bound method IOLoop._discard_future_result of <tornado.platform.asyncio.AsyncIOLoop object at 0x7fd234357cd0>>, <Task finished name='Task-11' coro=<Worker.heartbeat() done, defined at /hpcscratch/user/ikabadzh/mambaforge/envs/myenv/lib/python3.9/site-packages/distributed/worker.py:992> exception=OSError('Timed out during handshake while connecting to tcp://188.185.68.194:42727 after 30 s')>)
Traceback (most recent call last):
  File "/hpcscratch/user/ikabadzh/mambaforge/envs/myenv/lib/python3.9/site-packages/distributed/comm/tcp.py", line 198, in read
    frames_nbytes = await stream.read_bytes(fmt_size)
asyncio.exceptions.CancelledError

During handling of the above exception, another exception occurred:

Traceback (most recent call last):
  File "/hpcscratch/user/ikabadzh/mambaforge/envs/myenv/lib/python3.9/asyncio/tasks.py", line 492, in wait_for
    fut.result()
asyncio.exceptions.CancelledError

The above exception was the direct cause of the following exception:

Traceback (most recent call last):
  File "/hpcscratch/user/ikabadzh/mambaforge/envs/myenv/lib/python3.9/site-packages/distributed/comm/core.py", line 318, in connect
    handshake = await asyncio.wait_for(comm.read(), time_left())
  File "/hpcscratch/user/ikabadzh/mambaforge/envs/myenv/lib/python3.9/asyncio/tasks.py", line 494, in wait_for
    raise exceptions.TimeoutError() from exc
asyncio.exceptions.TimeoutError

The above exception was the direct cause of the following exception:

Traceback (most recent call last):
  File "/hpcscratch/user/ikabadzh/mambaforge/envs/myenv/lib/python3.9/site-packages/tornado/ioloop.py", line 741, in _run_callback
    ret = callback()
  File "/hpcscratch/user/ikabadzh/mambaforge/envs/myenv/lib/python3.9/site-packages/tornado/ioloop.py", line 765, in _discard_future_result
    future.result()
  File "/hpcscratch/user/ikabadzh/mambaforge/envs/myenv/lib/python3.9/site-packages/distributed/worker.py", line 1041, in heartbeat
    raise e
  File "/hpcscratch/user/ikabadzh/mambaforge/envs/myenv/lib/python3.9/site-packages/distributed/worker.py", line 1001, in heartbeat
    response = await retry_operation(
  File "/hpcscratch/user/ikabadzh/mambaforge/envs/myenv/lib/python3.9/site-packages/distributed/utils_comm.py", line 385, in retry_operation
    return await retry(
  File "/hpcscratch/user/ikabadzh/mambaforge/envs/myenv/lib/python3.9/site-packages/distributed/utils_comm.py", line 370, in retry
    return await coro()
  File "/hpcscratch/user/ikabadzh/mambaforge/envs/myenv/lib/python3.9/site-packages/distributed/core.py", line 871, in send_recv_from_rpc
    comm = await self.pool.connect(self.addr)
  File "/hpcscratch/user/ikabadzh/mambaforge/envs/myenv/lib/python3.9/site-packages/distributed/core.py", line 1059, in connect
    raise exc
  File "/hpcscratch/user/ikabadzh/mambaforge/envs/myenv/lib/python3.9/site-packages/distributed/core.py", line 1043, in connect
    comm = await fut
  File "/hpcscratch/user/ikabadzh/mambaforge/envs/myenv/lib/python3.9/site-packages/distributed/comm/core.py", line 323, in connect
    raise OSError(
OSError: Timed out during handshake while connecting to tcp://188.185.68.194:42727 after 30 s
distributed.worker - INFO - Stopping worker at tcp://10.32.2.60:41469
distributed.worker - INFO - Stopping worker at tcp://10.32.2.60:45183
tornado.application - ERROR - Exception in callback functools.partial(<bound method IOLoop._discard_future_result of <tornado.platform.asyncio.AsyncIOLoop object at 0x7f5819e02cd0>>, <Task finished name='Task-11' coro=<Worker.heartbeat() done, defined at /hpcscratch/user/ikabadzh/mambaforge/envs/myenv/lib/python3.9/site-packages/distributed/worker.py:992> exception=OSError('Timed out during handshake while connecting to tcp://188.185.68.194:42727 after 30 s')>)
Traceback (most recent call last):
  File "/hpcscratch/user/ikabadzh/mambaforge/envs/myenv/lib/python3.9/site-packages/distributed/comm/tcp.py", line 198, in read
    frames_nbytes = await stream.read_bytes(fmt_size)
asyncio.exceptions.CancelledError

During handling of the above exception, another exception occurred:

Traceback (most recent call last):
  File "/hpcscratch/user/ikabadzh/mambaforge/envs/myenv/lib/python3.9/asyncio/tasks.py", line 492, in wait_for
    fut.result()
asyncio.exceptions.CancelledError

The above exception was the direct cause of the following exception:

Traceback (most recent call last):
  File "/hpcscratch/user/ikabadzh/mambaforge/envs/myenv/lib/python3.9/site-packages/distributed/comm/core.py", line 318, in connect
    handshake = await asyncio.wait_for(comm.read(), time_left())
  File "/hpcscratch/user/ikabadzh/mambaforge/envs/myenv/lib/python3.9/asyncio/tasks.py", line 494, in wait_for
    raise exceptions.TimeoutError() from exc
asyncio.exceptions.TimeoutError

The above exception was the direct cause of the following exception:

Traceback (most recent call last):
  File "/hpcscratch/user/ikabadzh/mambaforge/envs/myenv/lib/python3.9/site-packages/tornado/ioloop.py", line 741, in _run_callback
    ret = callback()
  File "/hpcscratch/user/ikabadzh/mambaforge/envs/myenv/lib/python3.9/site-packages/tornado/ioloop.py", line 765, in _discard_future_result
    future.result()
  File "/hpcscratch/user/ikabadzh/mambaforge/envs/myenv/lib/python3.9/site-packages/distributed/worker.py", line 1041, in heartbeat
    raise e
  File "/hpcscratch/user/ikabadzh/mambaforge/envs/myenv/lib/python3.9/site-packages/distributed/worker.py", line 1001, in heartbeat
    response = await retry_operation(
  File "/hpcscratch/user/ikabadzh/mambaforge/envs/myenv/lib/python3.9/site-packages/distributed/utils_comm.py", line 385, in retry_operation
    return await retry(
  File "/hpcscratch/user/ikabadzh/mambaforge/envs/myenv/lib/python3.9/site-packages/distributed/utils_comm.py", line 370, in retry
    return await coro()
  File "/hpcscratch/user/ikabadzh/mambaforge/envs/myenv/lib/python3.9/site-packages/distributed/core.py", line 871, in send_recv_from_rpc
    comm = await self.pool.connect(self.addr)
  File "/hpcscratch/user/ikabadzh/mambaforge/envs/myenv/lib/python3.9/site-packages/distributed/core.py", line 1059, in connect
    raise exc
  File "/hpcscratch/user/ikabadzh/mambaforge/envs/myenv/lib/python3.9/site-packages/distributed/core.py", line 1043, in connect
    comm = await fut
  File "/hpcscratch/user/ikabadzh/mambaforge/envs/myenv/lib/python3.9/site-packages/distributed/comm/core.py", line 323, in connect
    raise OSError(
OSError: Timed out during handshake while connecting to tcp://188.185.68.194:42727 after 30 s
Info in <[ROOT.RDF] Info /hpcscratch/user/ikabadzh/root/tree/dataframe/src/RLoopManager.cxx:713 in void ROOT::Detail::RDF::RLoopManager::Jit()>: Just-in-time compilation phase completed in 0.901111 seconds.
Info in <[ROOT.RDF] Info /hpcscratch/user/ikabadzh/root/tree/dataframe/src/RLoopManager.cxx:480 in void ROOT::Detail::RDF::RLoopManager::RunTreeReader()>: Processing trees {Events,Events} in files {input_files/dimuon/f11.root,input_files/dimuon/f12.root}: entry range [0,123080825], using slot 0 in thread 140088891401984.
Info in <[ROOT.RDF] Info /hpcscratch/user/ikabadzh/root/tree/dataframe/src/RLoopManager.cxx:738 in void ROOT::Detail::RDF::RLoopManager::Run()>: Starting event loop number 0.
distributed.worker - INFO - Comm closed
distributed.nanny - INFO - Worker closed
Info in <[ROOT.RDF] Info /hpcscratch/user/ikabadzh/root/tree/dataframe/src/RLoopManager.cxx:738 in void ROOT::Detail::RDF::RLoopManager::Run()>: Starting event loop number 0.
Info in <[ROOT.RDF] Info /hpcscratch/user/ikabadzh/root/tree/dataframe/src/RLoopManager.cxx:713 in void ROOT::Detail::RDF::RLoopManager::Jit()>: Just-in-time compilation phase completed in 0.900270 seconds.
Info in <[ROOT.RDF] Info /hpcscratch/user/ikabadzh/root/tree/dataframe/src/RLoopManager.cxx:480 in void ROOT::Detail::RDF::RLoopManager::RunTreeReader()>: Processing trees {Events} in files {input_files/dimuon/f8.root}: entry range [0,61540412], using slot 0 in thread 139824910096128.
Info in <[ROOT.RDF] Info /hpcscratch/user/ikabadzh/root/tree/dataframe/src/RLoopManager.cxx:762 in void ROOT::Detail::RDF::RLoopManager::Run()>: Finished event loop number 0 (9.05s CPU, 9.30533s elapsed).
Info in <[ROOT.RDF] Info /hpcscratch/user/ikabadzh/root/tree/dataframe/src/RLoopManager.cxx:738 in void ROOT::Detail::RDF::RLoopManager::Run()>: Starting event loop number 0.
Info in <[ROOT.RDF] Info /hpcscratch/user/ikabadzh/root/tree/dataframe/src/RLoopManager.cxx:762 in void ROOT::Detail::RDF::RLoopManager::Run()>: Finished event loop number 0 (9.23s CPU, 9.47033s elapsed).
Info in <[ROOT.RDF] Info /hpcscratch/user/ikabadzh/root/tree/dataframe/src/RLoopManager.cxx:738 in void ROOT::Detail::RDF::RLoopManager::Run()>: Starting event loop number 0.
Info in <[ROOT.RDF] Info /hpcscratch/user/ikabadzh/root/tree/dataframe/src/RLoopManager.cxx:738 in void ROOT::Detail::RDF::RLoopManager::Run()>: Starting event loop number 0.
distributed.nanny - INFO - Closing Nanny at 'tcp://10.32.2.60:43767'
Info in <[ROOT.RDF] Info /hpcscratch/user/ikabadzh/root/tree/dataframe/src/RLoopManager.cxx:762 in void ROOT::Detail::RDF::RLoopManager::Run()>: Finished event loop number 0 (8.93s CPU, 9.47393s elapsed).
Info in <[ROOT.RDF] Info /hpcscratch/user/ikabadzh/root/tree/dataframe/src/RLoopManager.cxx:762 in void ROOT::Detail::RDF::RLoopManager::Run()>: Finished event loop number 0 (9.3s CPU, 9.65868s elapsed).
Info in <[ROOT.RDF] Info /hpcscratch/user/ikabadzh/root/tree/dataframe/src/RLoopManager.cxx:738 in void ROOT::Detail::RDF::RLoopManager::Run()>: Starting event loop number 0.
Info in <[ROOT.RDF] Info /hpcscratch/user/ikabadzh/root/tree/dataframe/src/RLoopManager.cxx:762 in void ROOT::Detail::RDF::RLoopManager::Run()>: Finished event loop number 0 (8.71s CPU, 8.84966s elapsed).
Info in <[ROOT.RDF] Info /hpcscratch/user/ikabadzh/root/tree/dataframe/src/RLoopManager.cxx:738 in void ROOT::Detail::RDF::RLoopManager::Run()>: Starting event loop number 0.
Info in <[ROOT.RDF] Info /hpcscratch/user/ikabadzh/root/tree/dataframe/src/RLoopManager.cxx:738 in void ROOT::Detail::RDF::RLoopManager::Run()>: Starting event loop number 0.
Info in <[ROOT.RDF] Info /hpcscratch/user/ikabadzh/root/tree/dataframe/src/RLoopManager.cxx:738 in void ROOT::Detail::RDF::RLoopManager::Run()>: Starting event loop number 0.
Info in <[ROOT.RDF] Info /hpcscratch/user/ikabadzh/root/tree/dataframe/src/RLoopManager.cxx:762 in void ROOT::Detail::RDF::RLoopManager::Run()>: Finished event loop number 0 (9.72s CPU, 9.75357s elapsed).
Info in <[ROOT.RDF] Info /hpcscratch/user/ikabadzh/root/tree/dataframe/src/RLoopManager.cxx:738 in void ROOT::Detail::RDF::RLoopManager::Run()>: Starting event loop number 0.
Info in <[ROOT.RDF] Info /hpcscratch/user/ikabadzh/root/tree/dataframe/src/RLoopManager.cxx:738 in void ROOT::Detail::RDF::RLoopManager::Run()>: Starting event loop number 0.
distributed.worker - INFO - Comm closed
distributed.nanny - INFO - Worker closed
Info in <[ROOT.RDF] Info /hpcscratch/user/ikabadzh/root/tree/dataframe/src/RLoopManager.cxx:762 in void ROOT::Detail::RDF::RLoopManager::Run()>: Finished event loop number 0 (9.34s CPU, 9.56718s elapsed).
Info in <[ROOT.RDF] Info /hpcscratch/user/ikabadzh/root/tree/dataframe/src/RLoopManager.cxx:738 in void ROOT::Detail::RDF::RLoopManager::Run()>: Starting event loop number 0.
Info in <[ROOT.RDF] Info /hpcscratch/user/ikabadzh/root/tree/dataframe/src/RLoopManager.cxx:738 in void ROOT::Detail::RDF::RLoopManager::Run()>: Starting event loop number 0.
Info in <[ROOT.RDF] Info /hpcscratch/user/ikabadzh/root/tree/dataframe/src/RLoopManager.cxx:738 in void ROOT::Detail::RDF::RLoopManager::Run()>: Starting event loop number 0.
Info in <[ROOT.RDF] Info /hpcscratch/user/ikabadzh/root/tree/dataframe/src/RLoopManager.cxx:762 in void ROOT::Detail::RDF::RLoopManager::Run()>: Finished event loop number 0 (9.21s CPU, 9.51477s elapsed).
Info in <[ROOT.RDF] Info /hpcscratch/user/ikabadzh/root/tree/dataframe/src/RLoopManager.cxx:738 in void ROOT::Detail::RDF::RLoopManager::Run()>: Starting event loop number 0.
Info in <[ROOT.RDF] Info /hpcscratch/user/ikabadzh/root/tree/dataframe/src/RLoopManager.cxx:738 in void ROOT::Detail::RDF::RLoopManager::Run()>: Starting event loop number 0.
Info in <[ROOT.RDF] Info /hpcscratch/user/ikabadzh/root/tree/dataframe/src/RLoopManager.cxx:762 in void ROOT::Detail::RDF::RLoopManager::Run()>: Finished event loop number 0 (9.66s CPU, 9.94823s elapsed).
distributed.nanny - INFO - Closing Nanny at 'tcp://10.32.2.60:42165'
distributed.worker - INFO - Comm closed
distributed.nanny - INFO - Worker closed
Info in <[ROOT.RDF] Info /hpcscratch/user/ikabadzh/root/tree/dataframe/src/RLoopManager.cxx:738 in void ROOT::Detail::RDF::RLoopManager::Run()>: Starting event loop number 0.
Info in <[ROOT.RDF] Info /hpcscratch/user/ikabadzh/root/tree/dataframe/src/RLoopManager.cxx:713 in void ROOT::Detail::RDF::RLoopManager::Jit()>: Just-in-time compilation phase completed in 0.905942 seconds.
Info in <[ROOT.RDF] Info /hpcscratch/user/ikabadzh/root/tree/dataframe/src/RLoopManager.cxx:480 in void ROOT::Detail::RDF::RLoopManager::RunTreeReader()>: Processing trees {Events} in files {input_files/dimuon/f24.root}: entry range [0,61540412], using slot 0 in thread 139978449319680.
Info in <[ROOT.RDF] Info /hpcscratch/user/ikabadzh/root/tree/dataframe/src/RLoopManager.cxx:713 in void ROOT::Detail::RDF::RLoopManager::Jit()>: Just-in-time compilation phase completed in 0.901948 seconds.
Info in <[ROOT.RDF] Info /hpcscratch/user/ikabadzh/root/tree/dataframe/src/RLoopManager.cxx:480 in void ROOT::Detail::RDF::RLoopManager::RunTreeReader()>: Processing trees {Events} in files {input_files/dimuon/f29.root}: entry range [0,61540412], using slot 0 in thread 139794605537024.
Info in <[ROOT.RDF] Info /hpcscratch/user/ikabadzh/root/tree/dataframe/src/RLoopManager.cxx:738 in void ROOT::Detail::RDF::RLoopManager::Run()>: Starting event loop number 0.
Info in <[ROOT.RDF] Info /hpcscratch/user/ikabadzh/root/tree/dataframe/src/RLoopManager.cxx:713 in void ROOT::Detail::RDF::RLoopManager::Jit()>: Just-in-time compilation phase completed in 0.913846 seconds.
Info in <[ROOT.RDF] Info /hpcscratch/user/ikabadzh/root/tree/dataframe/src/RLoopManager.cxx:480 in void ROOT::Detail::RDF::RLoopManager::RunTreeReader()>: Processing trees {Events} in files {input_files/dimuon/f30.root}: entry range [0,61540412], using slot 0 in thread 140378469455616.
Info in <[ROOT.RDF] Info /hpcscratch/user/ikabadzh/root/tree/dataframe/src/RLoopManager.cxx:713 in void ROOT::Detail::RDF::RLoopManager::Jit()>: Just-in-time compilation phase completed in 0.907273 seconds.
Info in <[ROOT.RDF] Info /hpcscratch/user/ikabadzh/root/tree/dataframe/src/RLoopManager.cxx:480 in void ROOT::Detail::RDF::RLoopManager::RunTreeReader()>: Processing trees {Events} in files {input_files/dimuon/f6.root}: entry range [0,61540412], using slot 0 in thread 140335682197248.
Info in <[ROOT.RDF] Info /hpcscratch/user/ikabadzh/root/tree/dataframe/src/RLoopManager.cxx:713 in void ROOT::Detail::RDF::RLoopManager::Jit()>: Just-in-time compilation phase completed in 0.910378 seconds.
Info in <[ROOT.RDF] Info /hpcscratch/user/ikabadzh/root/tree/dataframe/src/RLoopManager.cxx:480 in void ROOT::Detail::RDF::RLoopManager::RunTreeReader()>: Processing trees {Events,Events} in files {input_files/dimuon/f27.root,input_files/dimuon/f28.root}: entry range [0,123080825], using slot 0 in thread 140431335761664.
Info in <[ROOT.RDF] Info /hpcscratch/user/ikabadzh/root/tree/dataframe/src/RLoopManager.cxx:738 in void ROOT::Detail::RDF::RLoopManager::Run()>: Starting event loop number 0.
Info in <[ROOT.RDF] Info /hpcscratch/user/ikabadzh/root/tree/dataframe/src/RLoopManager.cxx:713 in void ROOT::Detail::RDF::RLoopManager::Jit()>: Just-in-time compilation phase completed in 0.910300 seconds.
Info in <[ROOT.RDF] Info /hpcscratch/user/ikabadzh/root/tree/dataframe/src/RLoopManager.cxx:480 in void ROOT::Detail::RDF::RLoopManager::RunTreeReader()>: Processing trees {Events} in files {input_files/dimuon/f15.root}: entry range [0,61540412], using slot 0 in thread 140651361220352.
distributed.nanny - INFO - Closing Nanny at 'tcp://10.32.2.60:37409'
Info in <[ROOT.RDF] Info /hpcscratch/user/ikabadzh/root/tree/dataframe/src/RLoopManager.cxx:738 in void ROOT::Detail::RDF::RLoopManager::Run()>: Starting event loop number 0.
Info in <[ROOT.RDF] Info /hpcscratch/user/ikabadzh/root/tree/dataframe/src/RLoopManager.cxx:738 in void ROOT::Detail::RDF::RLoopManager::Run()>: Starting event loop number 0.
Info in <[ROOT.RDF] Info /hpcscratch/user/ikabadzh/root/tree/dataframe/src/RLoopManager.cxx:713 in void ROOT::Detail::RDF::RLoopManager::Jit()>: Just-in-time compilation phase completed in 0.897562 seconds.
Info in <[ROOT.RDF] Info /hpcscratch/user/ikabadzh/root/tree/dataframe/src/RLoopManager.cxx:480 in void ROOT::Detail::RDF::RLoopManager::RunTreeReader()>: Processing trees {Events} in files {input_files/dimuon/f30.root}: entry range [0,61540412], using slot 0 in thread 139677403985664.
Info in <[ROOT.RDF] Info /hpcscratch/user/ikabadzh/root/tree/dataframe/src/RLoopManager.cxx:713 in void ROOT::Detail::RDF::RLoopManager::Jit()>: Just-in-time compilation phase completed in 0.907967 seconds.
Info in <[ROOT.RDF] Info /hpcscratch/user/ikabadzh/root/tree/dataframe/src/RLoopManager.cxx:480 in void ROOT::Detail::RDF::RLoopManager::RunTreeReader()>: Processing trees {Events,Events} in files {input_files/dimuon/f6.root,input_files/dimuon/f7.root}: entry range [0,123080825], using slot 0 in thread 140181382280960.
Info in <[ROOT.RDF] Info /hpcscratch/user/ikabadzh/root/tree/dataframe/src/RLoopManager.cxx:713 in void ROOT::Detail::RDF::RLoopManager::Jit()>: Just-in-time compilation phase completed in 0.915454 seconds.
Info in <[ROOT.RDF] Info /hpcscratch/user/ikabadzh/root/tree/dataframe/src/RLoopManager.cxx:480 in void ROOT::Detail::RDF::RLoopManager::RunTreeReader()>: Processing trees {Events} in files {input_files/dimuon/f25.root}: entry range [0,61540412], using slot 0 in thread 140600507660032.
Info in <[ROOT.RDF] Info /hpcscratch/user/ikabadzh/root/tree/dataframe/src/RLoopManager.cxx:738 in void ROOT::Detail::RDF::RLoopManager::Run()>: Starting event loop number 0.
Info in <[ROOT.RDF] Info /hpcscratch/user/ikabadzh/root/tree/dataframe/src/RLoopManager.cxx:738 in void ROOT::Detail::RDF::RLoopManager::Run()>: Starting event loop number 0.
Info in <[ROOT.RDF] Info /hpcscratch/user/ikabadzh/root/tree/dataframe/src/RLoopManager.cxx:738 in void ROOT::Detail::RDF::RLoopManager::Run()>: Starting event loop number 0.
Info in <[ROOT.RDF] Info /hpcscratch/user/ikabadzh/root/tree/dataframe/src/RLoopManager.cxx:738 in void ROOT::Detail::RDF::RLoopManager::Run()>: Starting event loop number 0.
Info in <[ROOT.RDF] Info /hpcscratch/user/ikabadzh/root/tree/dataframe/src/RLoopManager.cxx:713 in void ROOT::Detail::RDF::RLoopManager::Jit()>: Just-in-time compilation phase completed in 0.902928 seconds.
Info in <[ROOT.RDF] Info /hpcscratch/user/ikabadzh/root/tree/dataframe/src/RLoopManager.cxx:480 in void ROOT::Detail::RDF::RLoopManager::RunTreeReader()>: Processing trees {Events} in files {input_files/dimuon/f10.root}: entry range [0,61540412], using slot 0 in thread 140509823620864.
Info in <[ROOT.RDF] Info /hpcscratch/user/ikabadzh/root/tree/dataframe/src/RLoopManager.cxx:738 in void ROOT::Detail::RDF::RLoopManager::Run()>: Starting event loop number 0.
Info in <[ROOT.RDF] Info /hpcscratch/user/ikabadzh/root/tree/dataframe/src/RLoopManager.cxx:713 in void ROOT::Detail::RDF::RLoopManager::Jit()>: Just-in-time compilation phase completed in 0.911148 seconds.
Info in <[ROOT.RDF] Info /hpcscratch/user/ikabadzh/root/tree/dataframe/src/RLoopManager.cxx:480 in void ROOT::Detail::RDF::RLoopManager::RunTreeReader()>: Processing trees {Events,Events} in files {input_files/dimuon/f13.root,input_files/dimuon/f14.root}: entry range [0,123080825], using slot 0 in thread 139972501378816.
Info in <[ROOT.RDF] Info /hpcscratch/user/ikabadzh/root/tree/dataframe/src/RLoopManager.cxx:713 in void ROOT::Detail::RDF::RLoopManager::Jit()>: Just-in-time compilation phase completed in 0.908192 seconds.
Info in <[ROOT.RDF] Info /hpcscratch/user/ikabadzh/root/tree/dataframe/src/RLoopManager.cxx:480 in void ROOT::Detail::RDF::RLoopManager::RunTreeReader()>: Processing trees {Events} in files {input_files/dimuon/f1.root}: entry range [0,61540412], using slot 0 in thread 140533640607488.
Info in <[ROOT.RDF] Info /hpcscratch/user/ikabadzh/root/tree/dataframe/src/RLoopManager.cxx:713 in void ROOT::Detail::RDF::RLoopManager::Jit()>: Just-in-time compilation phase completed in 0.915136 seconds.
Info in <[ROOT.RDF] Info /hpcscratch/user/ikabadzh/root/tree/dataframe/src/RLoopManager.cxx:480 in void ROOT::Detail::RDF::RLoopManager::RunTreeReader()>: Processing trees {Events,Events} in files {input_files/dimuon/f25.root,input_files/dimuon/f26.root}: entry range [0,123080825], using slot 0 in thread 140298135635712.
Info in <[ROOT.RDF] Info /hpcscratch/user/ikabadzh/root/tree/dataframe/src/RLoopManager.cxx:713 in void ROOT::Detail::RDF::RLoopManager::Jit()>: Just-in-time compilation phase completed in 0.909365 seconds.
Info in <[ROOT.RDF] Info /hpcscratch/user/ikabadzh/root/tree/dataframe/src/RLoopManager.cxx:480 in void ROOT::Detail::RDF::RLoopManager::RunTreeReader()>: Processing trees {Events} in files {input_files/dimuon/f13.root}: entry range [0,61540412], using slot 0 in thread 140201855325952.
Info in <[ROOT.RDF] Info /hpcscratch/user/ikabadzh/root/tree/dataframe/src/RLoopManager.cxx:713 in void ROOT::Detail::RDF::RLoopManager::Jit()>: Just-in-time compilation phase completed in 0.916991 seconds.
Info in <[ROOT.RDF] Info /hpcscratch/user/ikabadzh/root/tree/dataframe/src/RLoopManager.cxx:480 in void ROOT::Detail::RDF::RLoopManager::RunTreeReader()>: Processing trees {Events} in files {input_files/dimuon/f29.root}: entry range [0,61540412], using slot 0 in thread 140101927601920.
Info in <[ROOT.RDF] Info /hpcscratch/user/ikabadzh/root/tree/dataframe/src/RLoopManager.cxx:713 in void ROOT::Detail::RDF::RLoopManager::Jit()>: Just-in-time compilation phase completed in 0.918128 seconds.
Info in <[ROOT.RDF] Info /hpcscratch/user/ikabadzh/root/tree/dataframe/src/RLoopManager.cxx:480 in void ROOT::Detail::RDF::RLoopManager::RunTreeReader()>: Processing trees {Events} in files {input_files/dimuon/f11.root}: entry range [0,61540412], using slot 0 in thread 140020548761344.
Info in <[ROOT.RDF] Info /hpcscratch/user/ikabadzh/root/tree/dataframe/src/RLoopManager.cxx:762 in void ROOT::Detail::RDF::RLoopManager::Run()>: Finished event loop number 0 (9.74s CPU, 10.294s elapsed).
Info in <[ROOT.RDF] Info /hpcscratch/user/ikabadzh/root/tree/dataframe/src/RLoopManager.cxx:713 in void ROOT::Detail::RDF::RLoopManager::Jit()>: Just-in-time compilation phase completed in 0.935485 seconds.
Info in <[ROOT.RDF] Info /hpcscratch/user/ikabadzh/root/tree/dataframe/src/RLoopManager.cxx:480 in void ROOT::Detail::RDF::RLoopManager::RunTreeReader()>: Processing trees {Events} in files {input_files/dimuon/f4.root}: entry range [0,61540412], using slot 0 in thread 140470752306944.
distributed.worker - INFO - Comm closed
distributed.nanny - INFO - Worker closed
Info in <[ROOT.RDF] Info /hpcscratch/user/ikabadzh/root/tree/dataframe/src/RLoopManager.cxx:713 in void ROOT::Detail::RDF::RLoopManager::Jit()>: Just-in-time compilation phase completed in 0.911527 seconds.
Info in <[ROOT.RDF] Info /hpcscratch/user/ikabadzh/root/tree/dataframe/src/RLoopManager.cxx:480 in void ROOT::Detail::RDF::RLoopManager::RunTreeReader()>: Processing trees {Events} in files {input_files/dimuon/f10.root}: entry range [0,61540412], using slot 0 in thread 140629103445760.
Info in <[ROOT.RDF] Info /hpcscratch/user/ikabadzh/root/tree/dataframe/src/RLoopManager.cxx:713 in void ROOT::Detail::RDF::RLoopManager::Jit()>: Just-in-time compilation phase completed in 0.912668 seconds.
Info in <[ROOT.RDF] Info /hpcscratch/user/ikabadzh/root/tree/dataframe/src/RLoopManager.cxx:480 in void ROOT::Detail::RDF::RLoopManager::RunTreeReader()>: Processing trees {Events} in files {input_files/dimuon/f1.root}: entry range [0,61540412], using slot 0 in thread 139984201135872.
Info in <[ROOT.RDF] Info /hpcscratch/user/ikabadzh/root/tree/dataframe/src/RLoopManager.cxx:713 in void ROOT::Detail::RDF::RLoopManager::Jit()>: Just-in-time compilation phase completed in 0.910561 seconds.
Info in <[ROOT.RDF] Info /hpcscratch/user/ikabadzh/root/tree/dataframe/src/RLoopManager.cxx:480 in void ROOT::Detail::RDF::RLoopManager::RunTreeReader()>: Processing trees {Events} in files {input_files/dimuon/f2.root}: entry range [0,61540412], using slot 0 in thread 140302873216768.
Info in <[ROOT.RDF] Info /hpcscratch/user/ikabadzh/root/tree/dataframe/src/RLoopManager.cxx:713 in void ROOT::Detail::RDF::RLoopManager::Jit()>: Just-in-time compilation phase completed in 0.917045 seconds.
Info in <[ROOT.RDF] Info /hpcscratch/user/ikabadzh/root/tree/dataframe/src/RLoopManager.cxx:480 in void ROOT::Detail::RDF::RLoopManager::RunTreeReader()>: Processing trees {Events} in files {input_files/dimuon/f5.root}: entry range [0,61540412], using slot 0 in thread 139915124270848.
Info in <[ROOT.RDF] Info /hpcscratch/user/ikabadzh/root/tree/dataframe/src/RLoopManager.cxx:713 in void ROOT::Detail::RDF::RLoopManager::Jit()>: Just-in-time compilation phase completed in 0.907349 seconds.
Info in <[ROOT.RDF] Info /hpcscratch/user/ikabadzh/root/tree/dataframe/src/RLoopManager.cxx:480 in void ROOT::Detail::RDF::RLoopManager::RunTreeReader()>: Processing trees {Events,Events} in files {input_files/dimuon/f890.root,input_files/dimuon/f891.root}: entry range [0,123080825], using slot 0 in thread 139652888622848.
Info in <[ROOT.RDF] Info /hpcscratch/user/ikabadzh/root/tree/dataframe/src/RLoopManager.cxx:713 in void ROOT::Detail::RDF::RLoopManager::Jit()>: Just-in-time compilation phase completed in 0.921315 seconds.
Info in <[ROOT.RDF] Info /hpcscratch/user/ikabadzh/root/tree/dataframe/src/RLoopManager.cxx:480 in void ROOT::Detail::RDF::RLoopManager::RunTreeReader()>: Processing trees {Events} in files {input_files/dimuon/f14.root}: entry range [0,61540412], using slot 0 in thread 140605748500224.
Info in <[ROOT.RDF] Info /hpcscratch/user/ikabadzh/root/tree/dataframe/src/RLoopManager.cxx:713 in void ROOT::Detail::RDF::RLoopManager::Jit()>: Just-in-time compilation phase completed in 0.930047 seconds.
Info in <[ROOT.RDF] Info /hpcscratch/user/ikabadzh/root/tree/dataframe/src/RLoopManager.cxx:480 in void ROOT::Detail::RDF::RLoopManager::RunTreeReader()>: Processing trees {Events,Events} in files {input_files/dimuon/f2.root,input_files/dimuon/f3.root}: entry range [0,123080825], using slot 0 in thread 140544305485568.
Info in <[ROOT.RDF] Info /hpcscratch/user/ikabadzh/root/tree/dataframe/src/RLoopManager.cxx:713 in void ROOT::Detail::RDF::RLoopManager::Jit()>: Just-in-time compilation phase completed in 0.927917 seconds.
Info in <[ROOT.RDF] Info /hpcscratch/user/ikabadzh/root/tree/dataframe/src/RLoopManager.cxx:480 in void ROOT::Detail::RDF::RLoopManager::RunTreeReader()>: Processing trees {Events} in files {input_files/dimuon/f8.root}: entry range [0,61540412], using slot 0 in thread 140692306564864.
distributed.nanny - INFO - Closing Nanny at 'tcp://10.32.2.60:37695'
Info in <[ROOT.RDF] Info /hpcscratch/user/ikabadzh/root/tree/dataframe/src/RLoopManager.cxx:713 in void ROOT::Detail::RDF::RLoopManager::Jit()>: Just-in-time compilation phase completed in 0.939057 seconds.
Info in <[ROOT.RDF] Info /hpcscratch/user/ikabadzh/root/tree/dataframe/src/RLoopManager.cxx:480 in void ROOT::Detail::RDF::RLoopManager::RunTreeReader()>: Processing trees {Events} in files {input_files/dimuon/f3.root}: entry range [0,61540412], using slot 0 in thread 139701168797440.
tornado.application - ERROR - Exception in callback functools.partial(<bound method IOLoop._discard_future_result of <tornado.platform.asyncio.AsyncIOLoop object at 0x7f0dc5d8acd0>>, <Task finished name='Task-12' coro=<Worker.heartbeat() done, defined at /hpcscratch/user/ikabadzh/mambaforge/envs/myenv/lib/python3.9/site-packages/distributed/worker.py:992> exception=OSError('Timed out during handshake while connecting to tcp://188.185.68.194:42727 after 30 s')>)
Traceback (most recent call last):
  File "/hpcscratch/user/ikabadzh/mambaforge/envs/myenv/lib/python3.9/site-packages/distributed/comm/tcp.py", line 198, in read
    frames_nbytes = await stream.read_bytes(fmt_size)
asyncio.exceptions.CancelledError

During handling of the above exception, another exception occurred:

Traceback (most recent call last):
  File "/hpcscratch/user/ikabadzh/mambaforge/envs/myenv/lib/python3.9/asyncio/tasks.py", line 492, in wait_for
    fut.result()
asyncio.exceptions.CancelledError

The above exception was the direct cause of the following exception:

Traceback (most recent call last):
  File "/hpcscratch/user/ikabadzh/mambaforge/envs/myenv/lib/python3.9/site-packages/distributed/comm/core.py", line 318, in connect
    handshake = await asyncio.wait_for(comm.read(), time_left())
  File "/hpcscratch/user/ikabadzh/mambaforge/envs/myenv/lib/python3.9/asyncio/tasks.py", line 494, in wait_for
    raise exceptions.TimeoutError() from exc
asyncio.exceptions.TimeoutError

The above exception was the direct cause of the following exception:

Traceback (most recent call last):
  File "/hpcscratch/user/ikabadzh/mambaforge/envs/myenv/lib/python3.9/site-packages/tornado/ioloop.py", line 741, in _run_callback
    ret = callback()
  File "/hpcscratch/user/ikabadzh/mambaforge/envs/myenv/lib/python3.9/site-packages/tornado/ioloop.py", line 765, in _discard_future_result
    future.result()
  File "/hpcscratch/user/ikabadzh/mambaforge/envs/myenv/lib/python3.9/site-packages/distributed/worker.py", line 1041, in heartbeat
    raise e
  File "/hpcscratch/user/ikabadzh/mambaforge/envs/myenv/lib/python3.9/site-packages/distributed/worker.py", line 1001, in heartbeat
    response = await retry_operation(
  File "/hpcscratch/user/ikabadzh/mambaforge/envs/myenv/lib/python3.9/site-packages/distributed/utils_comm.py", line 385, in retry_operation
    return await retry(
  File "/hpcscratch/user/ikabadzh/mambaforge/envs/myenv/lib/python3.9/site-packages/distributed/utils_comm.py", line 370, in retry
    return await coro()
  File "/hpcscratch/user/ikabadzh/mambaforge/envs/myenv/lib/python3.9/site-packages/distributed/core.py", line 871, in send_recv_from_rpc
    comm = await self.pool.connect(self.addr)
  File "/hpcscratch/user/ikabadzh/mambaforge/envs/myenv/lib/python3.9/site-packages/distributed/core.py", line 1059, in connect
    raise exc
  File "/hpcscratch/user/ikabadzh/mambaforge/envs/myenv/lib/python3.9/site-packages/distributed/core.py", line 1043, in connect
    comm = await fut
  File "/hpcscratch/user/ikabadzh/mambaforge/envs/myenv/lib/python3.9/site-packages/distributed/comm/core.py", line 323, in connect
    raise OSError(
OSError: Timed out during handshake while connecting to tcp://188.185.68.194:42727 after 30 s
Info in <[ROOT.RDF] Info /hpcscratch/user/ikabadzh/root/tree/dataframe/src/RLoopManager.cxx:762 in void ROOT::Detail::RDF::RLoopManager::Run()>: Finished event loop number 0 (8.8s CPU, 8.72429s elapsed).
Info in <[ROOT.RDF] Info /hpcscratch/user/ikabadzh/root/tree/dataframe/src/RLoopManager.cxx:762 in void ROOT::Detail::RDF::RLoopManager::Run()>: Finished event loop number 0 (8.92s CPU, 8.85654s elapsed).
Info in <[ROOT.RDF] Info /hpcscratch/user/ikabadzh/root/tree/dataframe/src/RLoopManager.cxx:738 in void ROOT::Detail::RDF::RLoopManager::Run()>: Starting event loop number 0.
Info in <[ROOT.RDF] Info /hpcscratch/user/ikabadzh/root/tree/dataframe/src/RLoopManager.cxx:738 in void ROOT::Detail::RDF::RLoopManager::Run()>: Starting event loop number 0.
Info in <[ROOT.RDF] Info /hpcscratch/user/ikabadzh/root/tree/dataframe/src/RLoopManager.cxx:762 in void ROOT::Detail::RDF::RLoopManager::Run()>: Finished event loop number 0 (8.76s CPU, 8.70536s elapsed).
Info in <[ROOT.RDF] Info /hpcscratch/user/ikabadzh/root/tree/dataframe/src/RLoopManager.cxx:713 in void ROOT::Detail::RDF::RLoopManager::Jit()>: Just-in-time compilation phase completed in 0.913847 seconds.
Info in <[ROOT.RDF] Info /hpcscratch/user/ikabadzh/root/tree/dataframe/src/RLoopManager.cxx:480 in void ROOT::Detail::RDF::RLoopManager::RunTreeReader()>: Processing trees {Events} in files {input_files/dimuon/f12.root}: entry range [0,61540412], using slot 0 in thread 140088891401984.
Info in <[ROOT.RDF] Info /hpcscratch/user/ikabadzh/root/tree/dataframe/src/RLoopManager.cxx:762 in void ROOT::Detail::RDF::RLoopManager::Run()>: Finished event loop number 0 (8.87s CPU, 8.80587s elapsed).
Info in <[ROOT.RDF] Info /hpcscratch/user/ikabadzh/root/tree/dataframe/src/RLoopManager.cxx:762 in void ROOT::Detail::RDF::RLoopManager::Run()>: Finished event loop number 0 (9.02s CPU, 8.97786s elapsed).
Info in <[ROOT.RDF] Info /hpcscratch/user/ikabadzh/root/tree/dataframe/src/RLoopManager.cxx:738 in void ROOT::Detail::RDF::RLoopManager::Run()>: Starting event loop number 0.
Info in <[ROOT.RDF] Info /hpcscratch/user/ikabadzh/root/tree/dataframe/src/RLoopManager.cxx:713 in void ROOT::Detail::RDF::RLoopManager::Jit()>: Just-in-time compilation phase completed in 0.919247 seconds.
Info in <[ROOT.RDF] Info /hpcscratch/user/ikabadzh/root/tree/dataframe/src/RLoopManager.cxx:480 in void ROOT::Detail::RDF::RLoopManager::RunTreeReader()>: Processing trees {Events} in files {input_files/dimuon/f7.root}: entry range [0,61540412], using slot 0 in thread 139824910096128.
Info in <[ROOT.RDF] Info /hpcscratch/user/ikabadzh/root/tree/dataframe/src/RLoopManager.cxx:762 in void ROOT::Detail::RDF::RLoopManager::Run()>: Finished event loop number 0 (9.07s CPU, 9.01935s elapsed).
Info in <[ROOT.RDF] Info /hpcscratch/user/ikabadzh/root/tree/dataframe/src/RLoopManager.cxx:738 in void ROOT::Detail::RDF::RLoopManager::Run()>: Starting event loop number 0.
Info in <[ROOT.RDF] Info /hpcscratch/user/ikabadzh/root/tree/dataframe/src/RLoopManager.cxx:738 in void ROOT::Detail::RDF::RLoopManager::Run()>: Starting event loop number 0.
Info in <[ROOT.RDF] Info /hpcscratch/user/ikabadzh/root/tree/dataframe/src/RLoopManager.cxx:762 in void ROOT::Detail::RDF::RLoopManager::Run()>: Finished event loop number 0 (8.78s CPU, 8.73957s elapsed).
Info in <[ROOT.RDF] Info /hpcscratch/user/ikabadzh/root/tree/dataframe/src/RLoopManager.cxx:738 in void ROOT::Detail::RDF::RLoopManager::Run()>: Starting event loop number 0.
Info in <[ROOT.RDF] Info /hpcscratch/user/ikabadzh/root/tree/dataframe/src/RLoopManager.cxx:762 in void ROOT::Detail::RDF::RLoopManager::Run()>: Finished event loop number 0 (8.82s CPU, 8.75045s elapsed).
Info in <[ROOT.RDF] Info /hpcscratch/user/ikabadzh/root/tree/dataframe/src/RLoopManager.cxx:762 in void ROOT::Detail::RDF::RLoopManager::Run()>: Finished event loop number 0 (9s CPU, 8.93344s elapsed).
Info in <[ROOT.RDF] Info /hpcscratch/user/ikabadzh/root/tree/dataframe/src/RLoopManager.cxx:762 in void ROOT::Detail::RDF::RLoopManager::Run()>: Finished event loop number 0 (9.08s CPU, 8.99164s elapsed).
Info in <[ROOT.RDF] Info /hpcscratch/user/ikabadzh/root/tree/dataframe/src/RLoopManager.cxx:762 in void ROOT::Detail::RDF::RLoopManager::Run()>: Finished event loop number 0 (9.67s CPU, 9.60616s elapsed).
Info in <[ROOT.RDF] Info /hpcscratch/user/ikabadzh/root/tree/dataframe/src/RLoopManager.cxx:738 in void ROOT::Detail::RDF::RLoopManager::Run()>: Starting event loop number 0.
Info in <[ROOT.RDF] Info /hpcscratch/user/ikabadzh/root/tree/dataframe/src/RLoopManager.cxx:762 in void ROOT::Detail::RDF::RLoopManager::Run()>: Finished event loop number 0 (9.23s CPU, 9.17132s elapsed).
Info in <[ROOT.RDF] Info /hpcscratch/user/ikabadzh/root/tree/dataframe/src/RLoopManager.cxx:762 in void ROOT::Detail::RDF::RLoopManager::Run()>: Finished event loop number 0 (9.4s CPU, 9.32852s elapsed).
Info in <[ROOT.RDF] Info /hpcscratch/user/ikabadzh/root/tree/dataframe/src/RLoopManager.cxx:762 in void ROOT::Detail::RDF::RLoopManager::Run()>: Finished event loop number 0 (8.76s CPU, 8.7247s elapsed).
Info in <[ROOT.RDF] Info /hpcscratch/user/ikabadzh/root/tree/dataframe/src/RLoopManager.cxx:762 in void ROOT::Detail::RDF::RLoopManager::Run()>: Finished event loop number 0 (9.47s CPU, 9.39628s elapsed).
Info in <[ROOT.RDF] Info /hpcscratch/user/ikabadzh/root/tree/dataframe/src/RLoopManager.cxx:762 in void ROOT::Detail::RDF::RLoopManager::Run()>: Finished event loop number 0 (9.26s CPU, 9.18019s elapsed).
Info in <[ROOT.RDF] Info /hpcscratch/user/ikabadzh/root/tree/dataframe/src/RLoopManager.cxx:738 in void ROOT::Detail::RDF::RLoopManager::Run()>: Starting event loop number 0.
Info in <[ROOT.RDF] Info /hpcscratch/user/ikabadzh/root/tree/dataframe/src/RLoopManager.cxx:762 in void ROOT::Detail::RDF::RLoopManager::Run()>: Finished event loop number 0 (8.69s CPU, 8.61349s elapsed).
Info in <[ROOT.RDF] Info /hpcscratch/user/ikabadzh/root/tree/dataframe/src/RLoopManager.cxx:762 in void ROOT::Detail::RDF::RLoopManager::Run()>: Finished event loop number 0 (9.42s CPU, 9.32736s elapsed).
Info in <[ROOT.RDF] Info /hpcscratch/user/ikabadzh/root/tree/dataframe/src/RLoopManager.cxx:762 in void ROOT::Detail::RDF::RLoopManager::Run()>: Finished event loop number 0 (9.55s CPU, 9.47147s elapsed).
Info in <[ROOT.RDF] Info /hpcscratch/user/ikabadzh/root/tree/dataframe/src/RLoopManager.cxx:762 in void ROOT::Detail::RDF::RLoopManager::Run()>: Finished event loop number 0 (9.72s CPU, 9.64756s elapsed).
Info in <[ROOT.RDF] Info /hpcscratch/user/ikabadzh/root/tree/dataframe/src/RLoopManager.cxx:713 in void ROOT::Detail::RDF::RLoopManager::Jit()>: Just-in-time compilation phase completed in 0.906413 seconds.
Info in <[ROOT.RDF] Info /hpcscratch/user/ikabadzh/root/tree/dataframe/src/RLoopManager.cxx:480 in void ROOT::Detail::RDF::RLoopManager::RunTreeReader()>: Processing trees {Events,Events} in files {input_files/dimuon/f29.root,input_files/dimuon/f30.root}: entry range [0,123080825], using slot 0 in thread 140378469455616.
Info in <[ROOT.RDF] Info /hpcscratch/user/ikabadzh/root/tree/dataframe/src/RLoopManager.cxx:762 in void ROOT::Detail::RDF::RLoopManager::Run()>: Finished event loop number 0 (8.77s CPU, 8.70944s elapsed).
Info in <[ROOT.RDF] Info /hpcscratch/user/ikabadzh/root/tree/dataframe/src/RLoopManager.cxx:762 in void ROOT::Detail::RDF::RLoopManager::Run()>: Finished event loop number 0 (8.89s CPU, 8.80636s elapsed).
Info in <[ROOT.RDF] Info /hpcscratch/user/ikabadzh/root/tree/dataframe/src/RLoopManager.cxx:762 in void ROOT::Detail::RDF::RLoopManager::Run()>: Finished event loop number 0 (9.15s CPU, 9.09183s elapsed).
Info in <[ROOT.RDF] Info /hpcscratch/user/ikabadzh/root/tree/dataframe/src/RLoopManager.cxx:713 in void ROOT::Detail::RDF::RLoopManager::Jit()>: Just-in-time compilation phase completed in 0.904603 seconds.
Info in <[ROOT.RDF] Info /hpcscratch/user/ikabadzh/root/tree/dataframe/src/RLoopManager.cxx:480 in void ROOT::Detail::RDF::RLoopManager::RunTreeReader()>: Processing trees {Events,Events} in files {input_files/dimuon/f24.root,input_files/dimuon/f25.root}: entry range [0,123080825], using slot 0 in thread 139978449319680.
Info in <[ROOT.RDF] Info /hpcscratch/user/ikabadzh/root/tree/dataframe/src/RLoopManager.cxx:713 in void ROOT::Detail::RDF::RLoopManager::Jit()>: Just-in-time compilation phase completed in 0.904077 seconds.
Info in <[ROOT.RDF] Info /hpcscratch/user/ikabadzh/root/tree/dataframe/src/RLoopManager.cxx:480 in void ROOT::Detail::RDF::RLoopManager::RunTreeReader()>: Processing trees {Events,Events} in files {input_files/dimuon/f5.root,input_files/dimuon/f6.root}: entry range [0,123080825], using slot 0 in thread 140335682197248.
Info in <[ROOT.RDF] Info /hpcscratch/user/ikabadzh/root/tree/dataframe/src/RLoopManager.cxx:713 in void ROOT::Detail::RDF::RLoopManager::Jit()>: Just-in-time compilation phase completed in 0.902617 seconds.
Info in <[ROOT.RDF] Info /hpcscratch/user/ikabadzh/root/tree/dataframe/src/RLoopManager.cxx:480 in void ROOT::Detail::RDF::RLoopManager::RunTreeReader()>: Processing trees {Events} in files {input_files/dimuon/f27.root}: entry range [0,61540412], using slot 0 in thread 140431335761664.
Info in <[ROOT.RDF] Info /hpcscratch/user/ikabadzh/root/tree/dataframe/src/RLoopManager.cxx:738 in void ROOT::Detail::RDF::RLoopManager::Run()>: Starting event loop number 0.
Info in <[ROOT.RDF] Info /hpcscratch/user/ikabadzh/root/tree/dataframe/src/RLoopManager.cxx:762 in void ROOT::Detail::RDF::RLoopManager::Run()>: Finished event loop number 0 (9.35s CPU, 9.28566s elapsed).
Info in <[ROOT.RDF] Info /hpcscratch/user/ikabadzh/root/tree/dataframe/src/RLoopManager.cxx:762 in void ROOT::Detail::RDF::RLoopManager::Run()>: Finished event loop number 0 (9.25s CPU, 9.17364s elapsed).
Info in <[ROOT.RDF] Info /hpcscratch/user/ikabadzh/root/tree/dataframe/src/RLoopManager.cxx:762 in void ROOT::Detail::RDF::RLoopManager::Run()>: Finished event loop number 0 (9.38s CPU, 9.30684s elapsed).
Info in <[ROOT.RDF] Info /hpcscratch/user/ikabadzh/root/tree/dataframe/src/RLoopManager.cxx:713 in void ROOT::Detail::RDF::RLoopManager::Jit()>: Just-in-time compilation phase completed in 0.901137 seconds.
Info in <[ROOT.RDF] Info /hpcscratch/user/ikabadzh/root/tree/dataframe/src/RLoopManager.cxx:480 in void ROOT::Detail::RDF::RLoopManager::RunTreeReader()>: Processing trees {Events,Events} in files {input_files/dimuon/f28.root,input_files/dimuon/f29.root}: entry range [0,123080825], using slot 0 in thread 140101927601920.
Info in <[ROOT.RDF] Info /hpcscratch/user/ikabadzh/root/tree/dataframe/src/RLoopManager.cxx:762 in void ROOT::Detail::RDF::RLoopManager::Run()>: Finished event loop number 0 (9.18s CPU, 9.10872s elapsed).
Info in <[ROOT.RDF] Info /hpcscratch/user/ikabadzh/root/tree/dataframe/src/RLoopManager.cxx:713 in void ROOT::Detail::RDF::RLoopManager::Jit()>: Just-in-time compilation phase completed in 0.904929 seconds.
Info in <[ROOT.RDF] Info /hpcscratch/user/ikabadzh/root/tree/dataframe/src/RLoopManager.cxx:480 in void ROOT::Detail::RDF::RLoopManager::RunTreeReader()>: Processing trees {Events,Events} in files {input_files/dimuon/f10.root,input_files/dimuon/f11.root}: entry range [0,123080825], using slot 0 in thread 140020548761344.
Info in <[ROOT.RDF] Info /hpcscratch/user/ikabadzh/root/tree/dataframe/src/RLoopManager.cxx:762 in void ROOT::Detail::RDF::RLoopManager::Run()>: Finished event loop number 0 (9.45s CPU, 9.37893s elapsed).
Info in <[ROOT.RDF] Info /hpcscratch/user/ikabadzh/root/tree/dataframe/src/RLoopManager.cxx:738 in void ROOT::Detail::RDF::RLoopManager::Run()>: Starting event loop number 0.
Info in <[ROOT.RDF] Info /hpcscratch/user/ikabadzh/root/tree/dataframe/src/RLoopManager.cxx:738 in void ROOT::Detail::RDF::RLoopManager::Run()>: Starting event loop number 0.
Info in <[ROOT.RDF] Info /hpcscratch/user/ikabadzh/root/tree/dataframe/src/RLoopManager.cxx:738 in void ROOT::Detail::RDF::RLoopManager::Run()>: Starting event loop number 0.
Info in <[ROOT.RDF] Info /hpcscratch/user/ikabadzh/root/tree/dataframe/src/RLoopManager.cxx:738 in void ROOT::Detail::RDF::RLoopManager::Run()>: Starting event loop number 0.
Info in <[ROOT.RDF] Info /hpcscratch/user/ikabadzh/root/tree/dataframe/src/RLoopManager.cxx:738 in void ROOT::Detail::RDF::RLoopManager::Run()>: Starting event loop number 0.
Info in <[ROOT.RDF] Info /hpcscratch/user/ikabadzh/root/tree/dataframe/src/RLoopManager.cxx:738 in void ROOT::Detail::RDF::RLoopManager::Run()>: Starting event loop number 0.
Info in <[ROOT.RDF] Info /hpcscratch/user/ikabadzh/root/tree/dataframe/src/RLoopManager.cxx:738 in void ROOT::Detail::RDF::RLoopManager::Run()>: Starting event loop number 0.
Info in <[ROOT.RDF] Info /hpcscratch/user/ikabadzh/root/tree/dataframe/src/RLoopManager.cxx:738 in void ROOT::Detail::RDF::RLoopManager::Run()>: Starting event loop number 0.
Info in <[ROOT.RDF] Info /hpcscratch/user/ikabadzh/root/tree/dataframe/src/RLoopManager.cxx:738 in void ROOT::Detail::RDF::RLoopManager::Run()>: Starting event loop number 0.
Info in <[ROOT.RDF] Info /hpcscratch/user/ikabadzh/root/tree/dataframe/src/RLoopManager.cxx:738 in void ROOT::Detail::RDF::RLoopManager::Run()>: Starting event loop number 0.
Info in <[ROOT.RDF] Info /hpcscratch/user/ikabadzh/root/tree/dataframe/src/RLoopManager.cxx:738 in void ROOT::Detail::RDF::RLoopManager::Run()>: Starting event loop number 0.
Info in <[ROOT.RDF] Info /hpcscratch/user/ikabadzh/root/tree/dataframe/src/RLoopManager.cxx:738 in void ROOT::Detail::RDF::RLoopManager::Run()>: Starting event loop number 0.
Info in <[ROOT.RDF] Info /hpcscratch/user/ikabadzh/root/tree/dataframe/src/RLoopManager.cxx:713 in void ROOT::Detail::RDF::RLoopManager::Jit()>: Just-in-time compilation phase completed in 0.900143 seconds.
Info in <[ROOT.RDF] Info /hpcscratch/user/ikabadzh/root/tree/dataframe/src/RLoopManager.cxx:480 in void ROOT::Detail::RDF::RLoopManager::RunTreeReader()>: Processing trees {Events} in files {input_files/dimuon/f26.root}: entry range [0,61540412], using slot 0 in thread 140298135635712.
Info in <[ROOT.RDF] Info /hpcscratch/user/ikabadzh/root/tree/dataframe/src/RLoopManager.cxx:738 in void ROOT::Detail::RDF::RLoopManager::Run()>: Starting event loop number 0.
Info in <[ROOT.RDF] Info /hpcscratch/user/ikabadzh/root/tree/dataframe/src/RLoopManager.cxx:738 in void ROOT::Detail::RDF::RLoopManager::Run()>: Starting event loop number 0.
Info in <[ROOT.RDF] Info /hpcscratch/user/ikabadzh/root/tree/dataframe/src/RLoopManager.cxx:738 in void ROOT::Detail::RDF::RLoopManager::Run()>: Starting event loop number 0.
Info in <[ROOT.RDF] Info /hpcscratch/user/ikabadzh/root/tree/dataframe/src/RLoopManager.cxx:738 in void ROOT::Detail::RDF::RLoopManager::Run()>: Starting event loop number 0.
Info in <[ROOT.RDF] Info /hpcscratch/user/ikabadzh/root/tree/dataframe/src/RLoopManager.cxx:738 in void ROOT::Detail::RDF::RLoopManager::Run()>: Starting event loop number 0.
Info in <[ROOT.RDF] Info /hpcscratch/user/ikabadzh/root/tree/dataframe/src/RLoopManager.cxx:738 in void ROOT::Detail::RDF::RLoopManager::Run()>: Starting event loop number 0.
Info in <[ROOT.RDF] Info /hpcscratch/user/ikabadzh/root/tree/dataframe/src/RLoopManager.cxx:738 in void ROOT::Detail::RDF::RLoopManager::Run()>: Starting event loop number 0.
Info in <[ROOT.RDF] Info /hpcscratch/user/ikabadzh/root/tree/dataframe/src/RLoopManager.cxx:713 in void ROOT::Detail::RDF::RLoopManager::Jit()>: Just-in-time compilation phase completed in 0.906505 seconds.
Info in <[ROOT.RDF] Info /hpcscratch/user/ikabadzh/root/tree/dataframe/src/RLoopManager.cxx:480 in void ROOT::Detail::RDF::RLoopManager::RunTreeReader()>: Processing trees {Events,Events} in files {input_files/dimuon/f9.root,input_files/dimuon/f10.root}: entry range [0,123080825], using slot 0 in thread 140509823620864.
Info in <[ROOT.RDF] Info /hpcscratch/user/ikabadzh/root/tree/dataframe/src/RLoopManager.cxx:713 in void ROOT::Detail::RDF::RLoopManager::Jit()>: Just-in-time compilation phase completed in 0.906379 seconds.
Info in <[ROOT.RDF] Info /hpcscratch/user/ikabadzh/root/tree/dataframe/src/RLoopManager.cxx:480 in void ROOT::Detail::RDF::RLoopManager::RunTreeReader()>: Processing trees {Events} in files {input_files/dimuon/f4.root}: entry range [0,61540412], using slot 0 in thread 140470752306944.
Info in <[ROOT.RDF] Info /hpcscratch/user/ikabadzh/root/tree/dataframe/src/RLoopManager.cxx:713 in void ROOT::Detail::RDF::RLoopManager::Jit()>: Just-in-time compilation phase completed in 0.954859 seconds.
Info in <[ROOT.RDF] Info /hpcscratch/user/ikabadzh/root/tree/dataframe/src/RLoopManager.cxx:480 in void ROOT::Detail::RDF::RLoopManager::RunTreeReader()>: Processing trees {Events} in files {input_files/dimuon/f15.root}: entry range [0,61540412], using slot 0 in thread 140651361220352.
Info in <[ROOT.RDF] Info /hpcscratch/user/ikabadzh/root/tree/dataframe/src/RLoopManager.cxx:713 in void ROOT::Detail::RDF::RLoopManager::Jit()>: Just-in-time compilation phase completed in 0.907478 seconds.
Info in <[ROOT.RDF] Info /hpcscratch/user/ikabadzh/root/tree/dataframe/src/RLoopManager.cxx:480 in void ROOT::Detail::RDF::RLoopManager::RunTreeReader()>: Processing trees {Events} in files {input_files/dimuon/f1.root}: entry range [0,61540412], using slot 0 in thread 140533640607488.
Info in <[ROOT.RDF] Info /hpcscratch/user/ikabadzh/root/tree/dataframe/src/RLoopManager.cxx:713 in void ROOT::Detail::RDF::RLoopManager::Jit()>: Just-in-time compilation phase completed in 0.908539 seconds.
Info in <[ROOT.RDF] Info /hpcscratch/user/ikabadzh/root/tree/dataframe/src/RLoopManager.cxx:480 in void ROOT::Detail::RDF::RLoopManager::RunTreeReader()>: Processing trees {Events} in files {input_files/dimuon/f13.root}: entry range [0,61540412], using slot 0 in thread 140201855325952.
Info in <[ROOT.RDF] Info /hpcscratch/user/ikabadzh/root/tree/dataframe/src/RLoopManager.cxx:713 in void ROOT::Detail::RDF::RLoopManager::Jit()>: Just-in-time compilation phase completed in 0.917521 seconds.
Info in <[ROOT.RDF] Info /hpcscratch/user/ikabadzh/root/tree/dataframe/src/RLoopManager.cxx:480 in void ROOT::Detail::RDF::RLoopManager::RunTreeReader()>: Processing trees {Events} in files {input_files/dimuon/f26.root}: entry range [0,61540412], using slot 0 in thread 140600507660032.
Info in <[ROOT.RDF] Info /hpcscratch/user/ikabadzh/root/tree/dataframe/src/RLoopManager.cxx:713 in void ROOT::Detail::RDF::RLoopManager::Jit()>: Just-in-time compilation phase completed in 0.911371 seconds.
Info in <[ROOT.RDF] Info /hpcscratch/user/ikabadzh/root/tree/dataframe/src/RLoopManager.cxx:480 in void ROOT::Detail::RDF::RLoopManager::RunTreeReader()>: Processing trees {Events} in files {input_files/dimuon/f28.root}: entry range [0,61540412], using slot 0 in thread 139794605537024.
Info in <[ROOT.RDF] Info /hpcscratch/user/ikabadzh/root/tree/dataframe/src/RLoopManager.cxx:713 in void ROOT::Detail::RDF::RLoopManager::Jit()>: Just-in-time compilation phase completed in 0.919647 seconds.
Info in <[ROOT.RDF] Info /hpcscratch/user/ikabadzh/root/tree/dataframe/src/RLoopManager.cxx:480 in void ROOT::Detail::RDF::RLoopManager::RunTreeReader()>: Processing trees {Events} in files {input_files/dimuon/f7.root}: entry range [0,61540412], using slot 0 in thread 140181382280960.
Info in <[ROOT.RDF] Info /hpcscratch/user/ikabadzh/root/tree/dataframe/src/RLoopManager.cxx:713 in void ROOT::Detail::RDF::RLoopManager::Jit()>: Just-in-time compilation phase completed in 0.904844 seconds.
Info in <[ROOT.RDF] Info /hpcscratch/user/ikabadzh/root/tree/dataframe/src/RLoopManager.cxx:480 in void ROOT::Detail::RDF::RLoopManager::RunTreeReader()>: Processing trees {Events,Events} in files {input_files/dimuon/f1.root,input_files/dimuon/f2.root}: entry range [0,123080825], using slot 0 in thread 140302873216768.
Info in <[ROOT.RDF] Info /hpcscratch/user/ikabadzh/root/tree/dataframe/src/RLoopManager.cxx:713 in void ROOT::Detail::RDF::RLoopManager::Jit()>: Just-in-time compilation phase completed in 0.912514 seconds.
Info in <[ROOT.RDF] Info /hpcscratch/user/ikabadzh/root/tree/dataframe/src/RLoopManager.cxx:713 in void ROOT::Detail::RDF::RLoopManager::Jit()>: Just-in-time compilation phase completed in 0.910846 seconds.
Info in <[ROOT.RDF] Info /hpcscratch/user/ikabadzh/root/tree/dataframe/src/RLoopManager.cxx:480 in void ROOT::Detail::RDF::RLoopManager::RunTreeReader()>: Processing trees {Events} in files {input_files/dimuon/f11.root}: entry range [0,61540412], using slot 0 in thread 140629103445760.
Info in <[ROOT.RDF] Info /hpcscratch/user/ikabadzh/root/tree/dataframe/src/RLoopManager.cxx:480 in void ROOT::Detail::RDF::RLoopManager::RunTreeReader()>: Processing trees {Events,Events} in files {input_files/dimuon/f12.root,input_files/dimuon/f13.root}: entry range [0,123080825], using slot 0 in thread 139972501378816.
Info in <[ROOT.RDF] Info /hpcscratch/user/ikabadzh/root/tree/dataframe/src/RLoopManager.cxx:713 in void ROOT::Detail::RDF::RLoopManager::Jit()>: Just-in-time compilation phase completed in 0.945399 seconds.
Info in <[ROOT.RDF] Info /hpcscratch/user/ikabadzh/root/tree/dataframe/src/RLoopManager.cxx:480 in void ROOT::Detail::RDF::RLoopManager::RunTreeReader()>: Processing trees {Events} in files {input_files/dimuon/f31.root}: entry range [0,61540412], using slot 0 in thread 139677403985664.
Info in <[ROOT.RDF] Info /hpcscratch/user/ikabadzh/root/tree/dataframe/src/RLoopManager.cxx:713 in void ROOT::Detail::RDF::RLoopManager::Jit()>: Just-in-time compilation phase completed in 0.907485 seconds.
Info in <[ROOT.RDF] Info /hpcscratch/user/ikabadzh/root/tree/dataframe/src/RLoopManager.cxx:480 in void ROOT::Detail::RDF::RLoopManager::RunTreeReader()>: Processing trees {Events} in files {input_files/dimuon/f8.root}: entry range [0,61540412], using slot 0 in thread 140692306564864.
Info in <[ROOT.RDF] Info /hpcscratch/user/ikabadzh/root/tree/dataframe/src/RLoopManager.cxx:713 in void ROOT::Detail::RDF::RLoopManager::Jit()>: Just-in-time compilation phase completed in 0.920351 seconds.
Info in <[ROOT.RDF] Info /hpcscratch/user/ikabadzh/root/tree/dataframe/src/RLoopManager.cxx:480 in void ROOT::Detail::RDF::RLoopManager::RunTreeReader()>: Processing trees {Events} in files {input_files/dimuon/f14.root}: entry range [0,61540412], using slot 0 in thread 140605748500224.
Info in <[ROOT.RDF] Info /hpcscratch/user/ikabadzh/root/tree/dataframe/src/RLoopManager.cxx:713 in void ROOT::Detail::RDF::RLoopManager::Jit()>: Just-in-time compilation phase completed in 0.918668 seconds.
Info in <[ROOT.RDF] Info /hpcscratch/user/ikabadzh/root/tree/dataframe/src/RLoopManager.cxx:480 in void ROOT::Detail::RDF::RLoopManager::RunTreeReader()>: Processing trees {Events} in files {input_files/dimuon/f2.root}: entry range [0,61540412], using slot 0 in thread 139984201135872.
Info in <[ROOT.RDF] Info /hpcscratch/user/ikabadzh/root/tree/dataframe/src/RLoopManager.cxx:713 in void ROOT::Detail::RDF::RLoopManager::Jit()>: Just-in-time compilation phase completed in 0.951596 seconds.
Info in <[ROOT.RDF] Info /hpcscratch/user/ikabadzh/root/tree/dataframe/src/RLoopManager.cxx:480 in void ROOT::Detail::RDF::RLoopManager::RunTreeReader()>: Processing trees {Events} in files {input_files/dimuon/f3.root}: entry range [0,61540412], using slot 0 in thread 140544305485568.
Info in <[ROOT.RDF] Info /hpcscratch/user/ikabadzh/root/tree/dataframe/src/RLoopManager.cxx:713 in void ROOT::Detail::RDF::RLoopManager::Jit()>: Just-in-time compilation phase completed in 0.914089 seconds.
Info in <[ROOT.RDF] Info /hpcscratch/user/ikabadzh/root/tree/dataframe/src/RLoopManager.cxx:480 in void ROOT::Detail::RDF::RLoopManager::RunTreeReader()>: Processing trees {Events} in files {input_files/dimuon/f890.root}: entry range [0,61540412], using slot 0 in thread 139652888622848.
Info in <[ROOT.RDF] Info /hpcscratch/user/ikabadzh/root/tree/dataframe/src/RLoopManager.cxx:713 in void ROOT::Detail::RDF::RLoopManager::Jit()>: Just-in-time compilation phase completed in 0.916240 seconds.
Info in <[ROOT.RDF] Info /hpcscratch/user/ikabadzh/root/tree/dataframe/src/RLoopManager.cxx:480 in void ROOT::Detail::RDF::RLoopManager::RunTreeReader()>: Processing trees {Events} in files {input_files/dimuon/f5.root}: entry range [0,61540412], using slot 0 in thread 139915124270848.
Info in <[ROOT.RDF] Info /hpcscratch/user/ikabadzh/root/tree/dataframe/src/RLoopManager.cxx:713 in void ROOT::Detail::RDF::RLoopManager::Jit()>: Just-in-time compilation phase completed in 0.968109 seconds.
Info in <[ROOT.RDF] Info /hpcscratch/user/ikabadzh/root/tree/dataframe/src/RLoopManager.cxx:480 in void ROOT::Detail::RDF::RLoopManager::RunTreeReader()>: Processing trees {Events} in files {input_files/dimuon/f6.root}: entry range [0,61540412], using slot 0 in thread 139701168797440.
Info in <[ROOT.RDF] Info /hpcscratch/user/ikabadzh/root/tree/dataframe/src/RLoopManager.cxx:762 in void ROOT::Detail::RDF::RLoopManager::Run()>: Finished event loop number 0 (9.28s CPU, 9.20196s elapsed).
Info in <[ROOT.RDF] Info /hpcscratch/user/ikabadzh/root/tree/dataframe/src/RLoopManager.cxx:738 in void ROOT::Detail::RDF::RLoopManager::Run()>: Starting event loop number 0.
Info in <[ROOT.RDF] Info /hpcscratch/user/ikabadzh/root/tree/dataframe/src/RLoopManager.cxx:762 in void ROOT::Detail::RDF::RLoopManager::Run()>: Finished event loop number 0 (9.71s CPU, 9.64327s elapsed).
Info in <[ROOT.RDF] Info /hpcscratch/user/ikabadzh/root/tree/dataframe/src/RLoopManager.cxx:762 in void ROOT::Detail::RDF::RLoopManager::Run()>: Finished event loop number 0 (9s CPU, 8.93773s elapsed).
Info in <[ROOT.RDF] Info /hpcscratch/user/ikabadzh/root/tree/dataframe/src/RLoopManager.cxx:738 in void ROOT::Detail::RDF::RLoopManager::Run()>: Starting event loop number 0.
Info in <[ROOT.RDF] Info /hpcscratch/user/ikabadzh/root/tree/dataframe/src/RLoopManager.cxx:738 in void ROOT::Detail::RDF::RLoopManager::Run()>: Starting event loop number 0.
Info in <[ROOT.RDF] Info /hpcscratch/user/ikabadzh/root/tree/dataframe/src/RLoopManager.cxx:713 in void ROOT::Detail::RDF::RLoopManager::Jit()>: Just-in-time compilation phase completed in 0.923010 seconds.
Info in <[ROOT.RDF] Info /hpcscratch/user/ikabadzh/root/tree/dataframe/src/RLoopManager.cxx:480 in void ROOT::Detail::RDF::RLoopManager::RunTreeReader()>: Processing trees {Events} in files {input_files/dimuon/f244.root}: entry range [0,61540412], using slot 0 in thread 140088891401984.
Info in <[ROOT.RDF] Info /hpcscratch/user/ikabadzh/root/tree/dataframe/src/RLoopManager.cxx:762 in void ROOT::Detail::RDF::RLoopManager::Run()>: Finished event loop number 0 (9.28s CPU, 9.23026s elapsed).
Info in <[ROOT.RDF] Info /hpcscratch/user/ikabadzh/root/tree/dataframe/src/RLoopManager.cxx:762 in void ROOT::Detail::RDF::RLoopManager::Run()>: Finished event loop number 0 (9.43s CPU, 9.28803s elapsed).
Info in <[ROOT.RDF] Info /hpcscratch/user/ikabadzh/root/tree/dataframe/src/RLoopManager.cxx:762 in void ROOT::Detail::RDF::RLoopManager::Run()>: Finished event loop number 0 (9.42s CPU, 9.36261s elapsed).
Info in <[ROOT.RDF] Info /hpcscratch/user/ikabadzh/root/tree/dataframe/src/RLoopManager.cxx:713 in void ROOT::Detail::RDF::RLoopManager::Jit()>: Just-in-time compilation phase completed in 0.909001 seconds.
Info in <[ROOT.RDF] Info /hpcscratch/user/ikabadzh/root/tree/dataframe/src/RLoopManager.cxx:480 in void ROOT::Detail::RDF::RLoopManager::RunTreeReader()>: Processing trees {Events} in files {input_files/dimuon/f312.root}: entry range [0,61540412], using slot 0 in thread 139824910096128.
Info in <[ROOT.RDF] Info /hpcscratch/user/ikabadzh/root/tree/dataframe/src/RLoopManager.cxx:762 in void ROOT::Detail::RDF::RLoopManager::Run()>: Finished event loop number 0 (9.62s CPU, 9.4865s elapsed).
Info in <[ROOT.RDF] Info /hpcscratch/user/ikabadzh/root/tree/dataframe/src/RLoopManager.cxx:762 in void ROOT::Detail::RDF::RLoopManager::Run()>: Finished event loop number 0 (8.87s CPU, 8.77784s elapsed).
Info in <[ROOT.RDF] Info /hpcscratch/user/ikabadzh/root/tree/dataframe/src/RLoopManager.cxx:713 in void ROOT::Detail::RDF::RLoopManager::Jit()>: Just-in-time compilation phase completed in 0.917319 seconds.
Info in <[ROOT.RDF] Info /hpcscratch/user/ikabadzh/root/tree/dataframe/src/RLoopManager.cxx:480 in void ROOT::Detail::RDF::RLoopManager::RunTreeReader()>: Processing trees {Events} in files {input_files/dimuon/f326.root}: entry range [0,61540412], using slot 0 in thread 140378469455616.
Info in <[ROOT.RDF] Info /hpcscratch/user/ikabadzh/root/tree/dataframe/src/RLoopManager.cxx:738 in void ROOT::Detail::RDF::RLoopManager::Run()>: Starting event loop number 0.
Info in <[ROOT.RDF] Info /hpcscratch/user/ikabadzh/root/tree/dataframe/src/RLoopManager.cxx:738 in void ROOT::Detail::RDF::RLoopManager::Run()>: Starting event loop number 0.
Info in <[ROOT.RDF] Info /hpcscratch/user/ikabadzh/root/tree/dataframe/src/RLoopManager.cxx:738 in void ROOT::Detail::RDF::RLoopManager::Run()>: Starting event loop number 0.
Info in <[ROOT.RDF] Info /hpcscratch/user/ikabadzh/root/tree/dataframe/src/RLoopManager.cxx:762 in void ROOT::Detail::RDF::RLoopManager::Run()>: Finished event loop number 0 (9.73s CPU, 9.58925s elapsed).
Info in <[ROOT.RDF] Info /hpcscratch/user/ikabadzh/root/tree/dataframe/src/RLoopManager.cxx:738 in void ROOT::Detail::RDF::RLoopManager::Run()>: Starting event loop number 0.
Info in <[ROOT.RDF] Info /hpcscratch/user/ikabadzh/root/tree/dataframe/src/RLoopManager.cxx:738 in void ROOT::Detail::RDF::RLoopManager::Run()>: Starting event loop number 0.
Info in <[ROOT.RDF] Info /hpcscratch/user/ikabadzh/root/tree/dataframe/src/RLoopManager.cxx:738 in void ROOT::Detail::RDF::RLoopManager::Run()>: Starting event loop number 0.
Info in <[ROOT.RDF] Info /hpcscratch/user/ikabadzh/root/tree/dataframe/src/RLoopManager.cxx:762 in void ROOT::Detail::RDF::RLoopManager::Run()>: Finished event loop number 0 (8.83s CPU, 8.68519s elapsed).
Info in <[ROOT.RDF] Info /hpcscratch/user/ikabadzh/root/tree/dataframe/src/RLoopManager.cxx:762 in void ROOT::Detail::RDF::RLoopManager::Run()>: Finished event loop number 0 (9.1s CPU, 9.03691s elapsed).
Info in <[ROOT.RDF] Info /hpcscratch/user/ikabadzh/root/tree/dataframe/src/RLoopManager.cxx:762 in void ROOT::Detail::RDF::RLoopManager::Run()>: Finished event loop number 0 (9.06s CPU, 9.00091s elapsed).
Info in <[ROOT.RDF] Info /hpcscratch/user/ikabadzh/root/tree/dataframe/src/RLoopManager.cxx:762 in void ROOT::Detail::RDF::RLoopManager::Run()>: Finished event loop number 0 (8.84s CPU, 8.77171s elapsed).
Info in <[ROOT.RDF] Info /hpcscratch/user/ikabadzh/root/tree/dataframe/src/RLoopManager.cxx:762 in void ROOT::Detail::RDF::RLoopManager::Run()>: Finished event loop number 0 (8.78s CPU, 8.70281s elapsed).
Info in <[ROOT.RDF] Info /hpcscratch/user/ikabadzh/root/tree/dataframe/src/RLoopManager.cxx:738 in void ROOT::Detail::RDF::RLoopManager::Run()>: Starting event loop number 0.
Info in <[ROOT.RDF] Info /hpcscratch/user/ikabadzh/root/tree/dataframe/src/RLoopManager.cxx:762 in void ROOT::Detail::RDF::RLoopManager::Run()>: Finished event loop number 0 (8.91s CPU, 8.84483s elapsed).
Info in <[ROOT.RDF] Info /hpcscratch/user/ikabadzh/root/tree/dataframe/src/RLoopManager.cxx:762 in void ROOT::Detail::RDF::RLoopManager::Run()>: Finished event loop number 0 (9.14s CPU, 9.05955s elapsed).
Info in <[ROOT.RDF] Info /hpcscratch/user/ikabadzh/root/tree/dataframe/src/RLoopManager.cxx:762 in void ROOT::Detail::RDF::RLoopManager::Run()>: Finished event loop number 0 (9.08s CPU, 9.01648s elapsed).
Info in <[ROOT.RDF] Info /hpcscratch/user/ikabadzh/root/tree/dataframe/src/RLoopManager.cxx:713 in void ROOT::Detail::RDF::RLoopManager::Jit()>: Just-in-time compilation phase completed in 0.904801 seconds.
Info in <[ROOT.RDF] Info /hpcscratch/user/ikabadzh/root/tree/dataframe/src/RLoopManager.cxx:480 in void ROOT::Detail::RDF::RLoopManager::RunTreeReader()>: Processing trees {Events} in files {input_files/dimuon/f653.root}: entry range [0,61540412], using slot 0 in thread 140431335761664.
Info in <[ROOT.RDF] Info /hpcscratch/user/ikabadzh/root/tree/dataframe/src/RLoopManager.cxx:713 in void ROOT::Detail::RDF::RLoopManager::Jit()>: Just-in-time compilation phase completed in 0.920781 seconds.
Info in <[ROOT.RDF] Info /hpcscratch/user/ikabadzh/root/tree/dataframe/src/RLoopManager.cxx:480 in void ROOT::Detail::RDF::RLoopManager::RunTreeReader()>: Processing trees {Events} in files {input_files/dimuon/f692.root}: entry range [0,61540412], using slot 0 in thread 139978449319680.
Info in <[ROOT.RDF] Info /hpcscratch/user/ikabadzh/root/tree/dataframe/src/RLoopManager.cxx:713 in void ROOT::Detail::RDF::RLoopManager::Jit()>: Just-in-time compilation phase completed in 0.918196 seconds.
Info in <[ROOT.RDF] Info /hpcscratch/user/ikabadzh/root/tree/dataframe/src/RLoopManager.cxx:480 in void ROOT::Detail::RDF::RLoopManager::RunTreeReader()>: Processing trees {Events,Events} in files {input_files/dimuon/f701.root,input_files/dimuon/f702.root}: entry range [0,123080825], using slot 0 in thread 140335682197248.
Info in <[ROOT.RDF] Info /hpcscratch/user/ikabadzh/root/tree/dataframe/src/RLoopManager.cxx:738 in void ROOT::Detail::RDF::RLoopManager::Run()>: Starting event loop number 0.
Info in <[ROOT.RDF] Info /hpcscratch/user/ikabadzh/root/tree/dataframe/src/RLoopManager.cxx:762 in void ROOT::Detail::RDF::RLoopManager::Run()>: Finished event loop number 0 (8.91s CPU, 8.85543s elapsed).
Info in <[ROOT.RDF] Info /hpcscratch/user/ikabadzh/root/tree/dataframe/src/RLoopManager.cxx:762 in void ROOT::Detail::RDF::RLoopManager::Run()>: Finished event loop number 0 (9.1s CPU, 9.0183s elapsed).
Info in <[ROOT.RDF] Info /hpcscratch/user/ikabadzh/root/tree/dataframe/src/RLoopManager.cxx:762 in void ROOT::Detail::RDF::RLoopManager::Run()>: Finished event loop number 0 (9.21s CPU, 9.1505s elapsed).
Info in <[ROOT.RDF] Info /hpcscratch/user/ikabadzh/root/tree/dataframe/src/RLoopManager.cxx:713 in void ROOT::Detail::RDF::RLoopManager::Jit()>: Just-in-time compilation phase completed in 0.922555 seconds.
Info in <[ROOT.RDF] Info /hpcscratch/user/ikabadzh/root/tree/dataframe/src/RLoopManager.cxx:480 in void ROOT::Detail::RDF::RLoopManager::RunTreeReader()>: Processing trees {Events,Events} in files {input_files/dimuon/f533.root,input_files/dimuon/f534.root}: entry range [0,123080825], using slot 0 in thread 140101927601920.
Info in <[ROOT.RDF] Info /hpcscratch/user/ikabadzh/root/tree/dataframe/src/RLoopManager.cxx:713 in void ROOT::Detail::RDF::RLoopManager::Jit()>: Just-in-time compilation phase completed in 0.925233 seconds.
Info in <[ROOT.RDF] Info /hpcscratch/user/ikabadzh/root/tree/dataframe/src/RLoopManager.cxx:480 in void ROOT::Detail::RDF::RLoopManager::RunTreeReader()>: Processing trees {Events} in files {input_files/dimuon/f240.root}: entry range [0,61540412], using slot 0 in thread 140298135635712.
Info in <[ROOT.RDF] Info /hpcscratch/user/ikabadzh/root/tree/dataframe/src/RLoopManager.cxx:762 in void ROOT::Detail::RDF::RLoopManager::Run()>: Finished event loop number 0 (9.3s CPU, 9.22734s elapsed).
Info in <[ROOT.RDF] Info /hpcscratch/user/ikabadzh/root/tree/dataframe/src/RLoopManager.cxx:762 in void ROOT::Detail::RDF::RLoopManager::Run()>: Finished event loop number 0 (9.19s CPU, 9.10562s elapsed).
Info in <[ROOT.RDF] Info /hpcscratch/user/ikabadzh/root/tree/dataframe/src/RLoopManager.cxx:762 in void ROOT::Detail::RDF::RLoopManager::Run()>: Finished event loop number 0 (9.17s CPU, 9.09123s elapsed).
Info in <[ROOT.RDF] Info /hpcscratch/user/ikabadzh/root/tree/dataframe/src/RLoopManager.cxx:713 in void ROOT::Detail::RDF::RLoopManager::Jit()>: Just-in-time compilation phase completed in 0.953854 seconds.
Info in <[ROOT.RDF] Info /hpcscratch/user/ikabadzh/root/tree/dataframe/src/RLoopManager.cxx:480 in void ROOT::Detail::RDF::RLoopManager::RunTreeReader()>: Processing trees {Events} in files {input_files/dimuon/f746.root}: entry range [0,61540412], using slot 0 in thread 140020548761344.
Info in <[ROOT.RDF] Info /hpcscratch/user/ikabadzh/root/tree/dataframe/src/RLoopManager.cxx:762 in void ROOT::Detail::RDF::RLoopManager::Run()>: Finished event loop number 0 (9.22s CPU, 9.1343s elapsed).
Info in <[ROOT.RDF] Info /hpcscratch/user/ikabadzh/root/tree/dataframe/src/RLoopManager.cxx:762 in void ROOT::Detail::RDF::RLoopManager::Run()>: Finished event loop number 0 (9.48s CPU, 9.40314s elapsed).
Info in <[ROOT.RDF] Info /hpcscratch/user/ikabadzh/root/tree/dataframe/src/RLoopManager.cxx:762 in void ROOT::Detail::RDF::RLoopManager::Run()>: Finished event loop number 0 (9.27s CPU, 9.18065s elapsed).
Info in <[ROOT.RDF] Info /hpcscratch/user/ikabadzh/root/tree/dataframe/src/RLoopManager.cxx:762 in void ROOT::Detail::RDF::RLoopManager::Run()>: Finished event loop number 0 (9.63s CPU, 9.55755s elapsed).
Info in <[ROOT.RDF] Info /hpcscratch/user/ikabadzh/root/tree/dataframe/src/RLoopManager.cxx:762 in void ROOT::Detail::RDF::RLoopManager::Run()>: Finished event loop number 0 (9.54s CPU, 9.46212s elapsed).
Info in <[ROOT.RDF] Info /hpcscratch/user/ikabadzh/root/tree/dataframe/src/RLoopManager.cxx:738 in void ROOT::Detail::RDF::RLoopManager::Run()>: Starting event loop number 0.
Info in <[ROOT.RDF] Info /hpcscratch/user/ikabadzh/root/tree/dataframe/src/RLoopManager.cxx:713 in void ROOT::Detail::RDF::RLoopManager::Jit()>: Just-in-time compilation phase completed in 0.932610 seconds.
Info in <[ROOT.RDF] Info /hpcscratch/user/ikabadzh/root/tree/dataframe/src/RLoopManager.cxx:480 in void ROOT::Detail::RDF::RLoopManager::RunTreeReader()>: Processing trees {Events} in files {input_files/dimuon/f346.root}: entry range [0,61540412], using slot 0 in thread 140651361220352.
Info in <[ROOT.RDF] Info /hpcscratch/user/ikabadzh/root/tree/dataframe/src/RLoopManager.cxx:738 in void ROOT::Detail::RDF::RLoopManager::Run()>: Starting event loop number 0.
Info in <[ROOT.RDF] Info /hpcscratch/user/ikabadzh/root/tree/dataframe/src/RLoopManager.cxx:738 in void ROOT::Detail::RDF::RLoopManager::Run()>: Starting event loop number 0.
Info in <[ROOT.RDF] Info /hpcscratch/user/ikabadzh/root/tree/dataframe/src/RLoopManager.cxx:738 in void ROOT::Detail::RDF::RLoopManager::Run()>: Starting event loop number 0.
Info in <[ROOT.RDF] Info /hpcscratch/user/ikabadzh/root/tree/dataframe/src/RLoopManager.cxx:713 in void ROOT::Detail::RDF::RLoopManager::Jit()>: Just-in-time compilation phase completed in 0.906383 seconds.
Info in <[ROOT.RDF] Info /hpcscratch/user/ikabadzh/root/tree/dataframe/src/RLoopManager.cxx:480 in void ROOT::Detail::RDF::RLoopManager::RunTreeReader()>: Processing trees {Events} in files {input_files/dimuon/f703.root}: entry range [0,61540412], using slot 0 in thread 140509823620864.
Info in <[ROOT.RDF] Info /hpcscratch/user/ikabadzh/root/tree/dataframe/src/RLoopManager.cxx:738 in void ROOT::Detail::RDF::RLoopManager::Run()>: Starting event loop number 0.
Info in <[ROOT.RDF] Info /hpcscratch/user/ikabadzh/root/tree/dataframe/src/RLoopManager.cxx:738 in void ROOT::Detail::RDF::RLoopManager::Run()>: Starting event loop number 0.
Info in <[ROOT.RDF] Info /hpcscratch/user/ikabadzh/root/tree/dataframe/src/RLoopManager.cxx:738 in void ROOT::Detail::RDF::RLoopManager::Run()>: Starting event loop number 0.
Info in <[ROOT.RDF] Info /hpcscratch/user/ikabadzh/root/tree/dataframe/src/RLoopManager.cxx:738 in void ROOT::Detail::RDF::RLoopManager::Run()>: Starting event loop number 0.
Info in <[ROOT.RDF] Info /hpcscratch/user/ikabadzh/root/tree/dataframe/src/RLoopManager.cxx:738 in void ROOT::Detail::RDF::RLoopManager::Run()>: Starting event loop number 0.
Info in <[ROOT.RDF] Info /hpcscratch/user/ikabadzh/root/tree/dataframe/src/RLoopManager.cxx:738 in void ROOT::Detail::RDF::RLoopManager::Run()>: Starting event loop number 0.
Info in <[ROOT.RDF] Info /hpcscratch/user/ikabadzh/root/tree/dataframe/src/RLoopManager.cxx:713 in void ROOT::Detail::RDF::RLoopManager::Jit()>: Just-in-time compilation phase completed in 0.918012 seconds.
Info in <[ROOT.RDF] Info /hpcscratch/user/ikabadzh/root/tree/dataframe/src/RLoopManager.cxx:480 in void ROOT::Detail::RDF::RLoopManager::RunTreeReader()>: Processing trees {Events} in files {input_files/dimuon/f430.root}: entry range [0,61540412], using slot 0 in thread 140533640607488.
Info in <[ROOT.RDF] Info /hpcscratch/user/ikabadzh/root/tree/dataframe/src/RLoopManager.cxx:738 in void ROOT::Detail::RDF::RLoopManager::Run()>: Starting event loop number 0.
Info in <[ROOT.RDF] Info /hpcscratch/user/ikabadzh/root/tree/dataframe/src/RLoopManager.cxx:738 in void ROOT::Detail::RDF::RLoopManager::Run()>: Starting event loop number 0.
Info in <[ROOT.RDF] Info /hpcscratch/user/ikabadzh/root/tree/dataframe/src/RLoopManager.cxx:713 in void ROOT::Detail::RDF::RLoopManager::Jit()>: Just-in-time compilation phase completed in 0.918632 seconds.
Info in <[ROOT.RDF] Info /hpcscratch/user/ikabadzh/root/tree/dataframe/src/RLoopManager.cxx:480 in void ROOT::Detail::RDF::RLoopManager::RunTreeReader()>: Processing trees {Events} in files {input_files/dimuon/f504.root}: entry range [0,61540412], using slot 0 in thread 140629103445760.
Info in <[ROOT.RDF] Info /hpcscratch/user/ikabadzh/root/tree/dataframe/src/RLoopManager.cxx:713 in void ROOT::Detail::RDF::RLoopManager::Jit()>: Just-in-time compilation phase completed in 0.920829 seconds.
Info in <[ROOT.RDF] Info /hpcscratch/user/ikabadzh/root/tree/dataframe/src/RLoopManager.cxx:480 in void ROOT::Detail::RDF::RLoopManager::RunTreeReader()>: Processing trees {Events} in files {input_files/dimuon/f540.root}: entry range [0,61540412], using slot 0 in thread 139794605537024.
Info in <[ROOT.RDF] Info /hpcscratch/user/ikabadzh/root/tree/dataframe/src/RLoopManager.cxx:713 in void ROOT::Detail::RDF::RLoopManager::Jit()>: Just-in-time compilation phase completed in 0.907211 seconds.
Info in <[ROOT.RDF] Info /hpcscratch/user/ikabadzh/root/tree/dataframe/src/RLoopManager.cxx:480 in void ROOT::Detail::RDF::RLoopManager::RunTreeReader()>: Processing trees {Events} in files {input_files/dimuon/f559.root}: entry range [0,61540412], using slot 0 in thread 140201855325952.
Info in <[ROOT.RDF] Info /hpcscratch/user/ikabadzh/root/tree/dataframe/src/RLoopManager.cxx:713 in void ROOT::Detail::RDF::RLoopManager::Jit()>: Just-in-time compilation phase completed in 0.916030 seconds.
Info in <[ROOT.RDF] Info /hpcscratch/user/ikabadzh/root/tree/dataframe/src/RLoopManager.cxx:480 in void ROOT::Detail::RDF::RLoopManager::RunTreeReader()>: Processing trees {Events} in files {input_files/dimuon/f645.root}: entry range [0,61540412], using slot 0 in thread 140181382280960.
Info in <[ROOT.RDF] Info /hpcscratch/user/ikabadzh/root/tree/dataframe/src/RLoopManager.cxx:713 in void ROOT::Detail::RDF::RLoopManager::Jit()>: Just-in-time compilation phase completed in 0.916782 seconds.
Info in <[ROOT.RDF] Info /hpcscratch/user/ikabadzh/root/tree/dataframe/src/RLoopManager.cxx:480 in void ROOT::Detail::RDF::RLoopManager::RunTreeReader()>: Processing trees {Events} in files {input_files/dimuon/f376.root}: entry range [0,61540412], using slot 0 in thread 140470752306944.
Info in <[ROOT.RDF] Info /hpcscratch/user/ikabadzh/root/tree/dataframe/src/RLoopManager.cxx:713 in void ROOT::Detail::RDF::RLoopManager::Jit()>: Just-in-time compilation phase completed in 0.910233 seconds.
Info in <[ROOT.RDF] Info /hpcscratch/user/ikabadzh/root/tree/dataframe/src/RLoopManager.cxx:480 in void ROOT::Detail::RDF::RLoopManager::RunTreeReader()>: Processing trees {Events,Events} in files {input_files/dimuon/f715.root,input_files/dimuon/f716.root}: entry range [0,123080825], using slot 0 in thread 140605748500224.
Info in <[ROOT.RDF] Info /hpcscratch/user/ikabadzh/root/tree/dataframe/src/RLoopManager.cxx:713 in void ROOT::Detail::RDF::RLoopManager::Jit()>: Just-in-time compilation phase completed in 0.922121 seconds.
Info in <[ROOT.RDF] Info /hpcscratch/user/ikabadzh/root/tree/dataframe/src/RLoopManager.cxx:480 in void ROOT::Detail::RDF::RLoopManager::RunTreeReader()>: Processing trees {Events,Events} in files {input_files/dimuon/f637.root,input_files/dimuon/f638.root}: entry range [0,123080825], using slot 0 in thread 139915124270848.
Info in <[ROOT.RDF] Info /hpcscratch/user/ikabadzh/root/tree/dataframe/src/RLoopManager.cxx:713 in void ROOT::Detail::RDF::RLoopManager::Jit()>: Just-in-time compilation phase completed in 0.916802 seconds.
Info in <[ROOT.RDF] Info /hpcscratch/user/ikabadzh/root/tree/dataframe/src/RLoopManager.cxx:480 in void ROOT::Detail::RDF::RLoopManager::RunTreeReader()>: Processing trees {Events} in files {input_files/dimuon/f736.root}: entry range [0,61540412], using slot 0 in thread 139984201135872.
Info in <[ROOT.RDF] Info /hpcscratch/user/ikabadzh/root/tree/dataframe/src/RLoopManager.cxx:713 in void ROOT::Detail::RDF::RLoopManager::Jit()>: Just-in-time compilation phase completed in 0.928726 seconds.
Info in <[ROOT.RDF] Info /hpcscratch/user/ikabadzh/root/tree/dataframe/src/RLoopManager.cxx:480 in void ROOT::Detail::RDF::RLoopManager::RunTreeReader()>: Processing trees {Events} in files {input_files/dimuon/f698.root}: entry range [0,61540412], using slot 0 in thread 139652888622848.
Info in <[ROOT.RDF] Info /hpcscratch/user/ikabadzh/root/tree/dataframe/src/RLoopManager.cxx:713 in void ROOT::Detail::RDF::RLoopManager::Jit()>: Just-in-time compilation phase completed in 0.928527 seconds.
Info in <[ROOT.RDF] Info /hpcscratch/user/ikabadzh/root/tree/dataframe/src/RLoopManager.cxx:480 in void ROOT::Detail::RDF::RLoopManager::RunTreeReader()>: Processing trees {Events} in files {input_files/dimuon/f674.root}: entry range [0,61540412], using slot 0 in thread 139701168797440.
Info in <[ROOT.RDF] Info /hpcscratch/user/ikabadzh/root/tree/dataframe/src/RLoopManager.cxx:713 in void ROOT::Detail::RDF::RLoopManager::Jit()>: Just-in-time compilation phase completed in 0.938749 seconds.
Info in <[ROOT.RDF] Info /hpcscratch/user/ikabadzh/root/tree/dataframe/src/RLoopManager.cxx:480 in void ROOT::Detail::RDF::RLoopManager::RunTreeReader()>: Processing trees {Events,Events} in files {input_files/dimuon/f702.root,input_files/dimuon/f703.root}: entry range [0,123080825], using slot 0 in thread 140544305485568.
Info in <[ROOT.RDF] Info /hpcscratch/user/ikabadzh/root/tree/dataframe/src/RLoopManager.cxx:738 in void ROOT::Detail::RDF::RLoopManager::Run()>: Starting event loop number 0.
Info in <[ROOT.RDF] Info /hpcscratch/user/ikabadzh/root/tree/dataframe/src/RLoopManager.cxx:738 in void ROOT::Detail::RDF::RLoopManager::Run()>: Starting event loop number 0.
Info in <[ROOT.RDF] Info /hpcscratch/user/ikabadzh/root/tree/dataframe/src/RLoopManager.cxx:713 in void ROOT::Detail::RDF::RLoopManager::Jit()>: Just-in-time compilation phase completed in 0.910534 seconds.
Info in <[ROOT.RDF] Info /hpcscratch/user/ikabadzh/root/tree/dataframe/src/RLoopManager.cxx:480 in void ROOT::Detail::RDF::RLoopManager::RunTreeReader()>: Processing trees {Events} in files {input_files/dimuon/f662.root}: entry range [0,61540412], using slot 0 in thread 140302873216768.
Info in <[ROOT.RDF] Info /hpcscratch/user/ikabadzh/root/tree/dataframe/src/RLoopManager.cxx:713 in void ROOT::Detail::RDF::RLoopManager::Jit()>: Just-in-time compilation phase completed in 0.961090 seconds.
Info in <[ROOT.RDF] Info /hpcscratch/user/ikabadzh/root/tree/dataframe/src/RLoopManager.cxx:480 in void ROOT::Detail::RDF::RLoopManager::RunTreeReader()>: Processing trees {Events,Events} in files {input_files/dimuon/f541.root,input_files/dimuon/f542.root}: entry range [0,123080825], using slot 0 in thread 139972501378816.
Info in <[ROOT.RDF] Info /hpcscratch/user/ikabadzh/root/tree/dataframe/src/RLoopManager.cxx:762 in void ROOT::Detail::RDF::RLoopManager::Run()>: Finished event loop number 0 (9.33s CPU, 9.17525s elapsed).
Info in <[ROOT.RDF] Info /hpcscratch/user/ikabadzh/root/tree/dataframe/src/RLoopManager.cxx:762 in void ROOT::Detail::RDF::RLoopManager::Run()>: Finished event loop number 0 (8.92s CPU, 8.76642s elapsed).
Info in <[ROOT.RDF] Info /hpcscratch/user/ikabadzh/root/tree/dataframe/src/RLoopManager.cxx:762 in void ROOT::Detail::RDF::RLoopManager::Run()>: Finished event loop number 0 (9.05s CPU, 8.93658s elapsed).
Info in <[ROOT.RDF] Info /hpcscratch/user/ikabadzh/root/tree/dataframe/src/RLoopManager.cxx:762 in void ROOT::Detail::RDF::RLoopManager::Run()>: Finished event loop number 0 (8.89s CPU, 8.79701s elapsed).
distributed.worker - INFO - Stopping worker at tcp://10.32.2.60:42729
distributed.worker - INFO - Stopping worker at tcp://10.32.2.60:37871
Info in <[ROOT.RDF] Info /hpcscratch/user/ikabadzh/root/tree/dataframe/src/RLoopManager.cxx:762 in void ROOT::Detail::RDF::RLoopManager::Run()>: Finished event loop number 0 (8.83s CPU, 8.7344s elapsed).
Info in <[ROOT.RDF] Info /hpcscratch/user/ikabadzh/root/tree/dataframe/src/RLoopManager.cxx:762 in void ROOT::Detail::RDF::RLoopManager::Run()>: Finished event loop number 0 (9.3s CPU, 9.16731s elapsed).
Info in <[ROOT.RDF] Info /hpcscratch/user/ikabadzh/root/tree/dataframe/src/RLoopManager.cxx:762 in void ROOT::Detail::RDF::RLoopManager::Run()>: Finished event loop number 0 (9.28s CPU, 9.16639s elapsed).
Info in <[ROOT.RDF] Info /hpcscratch/user/ikabadzh/root/tree/dataframe/src/RLoopManager.cxx:762 in void ROOT::Detail::RDF::RLoopManager::Run()>: Finished event loop number 0 (8.93s CPU, 8.79778s elapsed).
Info in <[ROOT.RDF] Info /hpcscratch/user/ikabadzh/root/tree/dataframe/src/RLoopManager.cxx:762 in void ROOT::Detail::RDF::RLoopManager::Run()>: Finished event loop number 0 (9.34s CPU, 9.25078s elapsed).
Info in <[ROOT.RDF] Info /hpcscratch/user/ikabadzh/root/tree/dataframe/src/RLoopManager.cxx:762 in void ROOT::Detail::RDF::RLoopManager::Run()>: Finished event loop number 0 (9.68s CPU, 9.56198s elapsed).
Info in <[ROOT.RDF] Info /hpcscratch/user/ikabadzh/root/tree/dataframe/src/RLoopManager.cxx:762 in void ROOT::Detail::RDF::RLoopManager::Run()>: Finished event loop number 0 (9.12s CPU, 8.97935s elapsed).
distributed.worker - INFO - Comm closed
distributed.nanny - INFO - Worker closed
Info in <[ROOT.RDF] Info /hpcscratch/user/ikabadzh/root/tree/dataframe/src/RLoopManager.cxx:762 in void ROOT::Detail::RDF::RLoopManager::Run()>: Finished event loop number 0 (8.75s CPU, 8.6731s elapsed).
distributed.nanny - INFO - Closing Nanny at 'tcp://10.32.2.60:40035'
Info in <[ROOT.RDF] Info /hpcscratch/user/ikabadzh/root/tree/dataframe/src/RLoopManager.cxx:762 in void ROOT::Detail::RDF::RLoopManager::Run()>: Finished event loop number 0 (8.97s CPU, 8.82866s elapsed).
Info in <[ROOT.RDF] Info /hpcscratch/user/ikabadzh/root/tree/dataframe/src/RLoopManager.cxx:762 in void ROOT::Detail::RDF::RLoopManager::Run()>: Finished event loop number 0 (9.21s CPU, 9.08911s elapsed).
Info in <[ROOT.RDF] Info /hpcscratch/user/ikabadzh/root/tree/dataframe/src/RLoopManager.cxx:762 in void ROOT::Detail::RDF::RLoopManager::Run()>: Finished event loop number 0 (9.17s CPU, 9.03751s elapsed).
Info in <[ROOT.RDF] Info /hpcscratch/user/ikabadzh/root/tree/dataframe/src/RLoopManager.cxx:762 in void ROOT::Detail::RDF::RLoopManager::Run()>: Finished event loop number 0 (9.22s CPU, 9.05887s elapsed).
Info in <[ROOT.RDF] Info /hpcscratch/user/ikabadzh/root/tree/dataframe/src/RLoopManager.cxx:762 in void ROOT::Detail::RDF::RLoopManager::Run()>: Finished event loop number 0 (8.73s CPU, 8.65409s elapsed).
Info in <[ROOT.RDF] Info /hpcscratch/user/ikabadzh/root/tree/dataframe/src/RLoopManager.cxx:762 in void ROOT::Detail::RDF::RLoopManager::Run()>: Finished event loop number 0 (9.57s CPU, 9.46329s elapsed).
Info in <[ROOT.RDF] Info /hpcscratch/user/ikabadzh/root/tree/dataframe/src/RLoopManager.cxx:762 in void ROOT::Detail::RDF::RLoopManager::Run()>: Finished event loop number 0 (9.57s CPU, 9.43061s elapsed).
Info in <[ROOT.RDF] Info /hpcscratch/user/ikabadzh/root/tree/dataframe/src/RLoopManager.cxx:762 in void ROOT::Detail::RDF::RLoopManager::Run()>: Finished event loop number 0 (8.96s CPU, 8.84607s elapsed).
distributed.worker - INFO - Comm closed
distributed.nanny - INFO - Worker closed
Info in <[ROOT.RDF] Info /hpcscratch/user/ikabadzh/root/tree/dataframe/src/RLoopManager.cxx:762 in void ROOT::Detail::RDF::RLoopManager::Run()>: Finished event loop number 0 (9.41s CPU, 9.28244s elapsed).
distributed.nanny - INFO - Closing Nanny at 'tcp://10.32.2.60:43215'
Info in <[ROOT.RDF] Info /hpcscratch/user/ikabadzh/root/tree/dataframe/src/RLoopManager.cxx:762 in void ROOT::Detail::RDF::RLoopManager::Run()>: Finished event loop number 0 (9.44s CPU, 9.26727s elapsed).
Info in <[ROOT.RDF] Info /hpcscratch/user/ikabadzh/root/tree/dataframe/src/RLoopManager.cxx:762 in void ROOT::Detail::RDF::RLoopManager::Run()>: Finished event loop number 0 (9.71s CPU, 9.60343s elapsed).
slurmstepd: error: *** JOB 99404 ON hpc-photon018 CANCELLED AT 2021-11-01T09:16:43 ***
