Auks API request failed : krb5 cred : unable to read credential cache
distributed.nanny - INFO -         Start Nanny at: 'tcp://10.32.2.12:41229'
distributed.nanny - INFO -         Start Nanny at: 'tcp://10.32.2.12:40095'
distributed.nanny - INFO -         Start Nanny at: 'tcp://10.32.2.12:37627'
distributed.nanny - INFO -         Start Nanny at: 'tcp://10.32.2.12:45735'
distributed.nanny - INFO -         Start Nanny at: 'tcp://10.32.2.12:36021'
distributed.nanny - INFO -         Start Nanny at: 'tcp://10.32.2.12:40467'
distributed.nanny - INFO -         Start Nanny at: 'tcp://10.32.2.12:42007'
distributed.nanny - INFO -         Start Nanny at: 'tcp://10.32.2.12:42861'
distributed.nanny - INFO -         Start Nanny at: 'tcp://10.32.2.12:45233'
distributed.nanny - INFO -         Start Nanny at: 'tcp://10.32.2.12:44007'
distributed.nanny - INFO -         Start Nanny at: 'tcp://10.32.2.12:46219'
distributed.nanny - INFO -         Start Nanny at: 'tcp://10.32.2.12:41269'
distributed.nanny - INFO -         Start Nanny at: 'tcp://10.32.2.12:35465'
distributed.nanny - INFO -         Start Nanny at: 'tcp://10.32.2.12:40457'
distributed.nanny - INFO -         Start Nanny at: 'tcp://10.32.2.12:35053'
distributed.nanny - INFO -         Start Nanny at: 'tcp://10.32.2.12:44485'
distributed.nanny - INFO -         Start Nanny at: 'tcp://10.32.2.12:41783'
distributed.nanny - INFO -         Start Nanny at: 'tcp://10.32.2.12:42177'
distributed.nanny - INFO -         Start Nanny at: 'tcp://10.32.2.12:35991'
distributed.nanny - INFO -         Start Nanny at: 'tcp://10.32.2.12:45923'
distributed.nanny - INFO -         Start Nanny at: 'tcp://10.32.2.12:37267'
distributed.nanny - INFO -         Start Nanny at: 'tcp://10.32.2.12:45461'
distributed.nanny - INFO -         Start Nanny at: 'tcp://10.32.2.12:45277'
distributed.nanny - INFO -         Start Nanny at: 'tcp://10.32.2.12:38705'
distributed.nanny - INFO -         Start Nanny at: 'tcp://10.32.2.12:41693'
distributed.nanny - INFO -         Start Nanny at: 'tcp://10.32.2.12:44713'
distributed.nanny - INFO -         Start Nanny at: 'tcp://10.32.2.12:44443'
distributed.nanny - INFO -         Start Nanny at: 'tcp://10.32.2.12:33341'
distributed.nanny - INFO -         Start Nanny at: 'tcp://10.32.2.12:36075'
distributed.nanny - INFO -         Start Nanny at: 'tcp://10.32.2.12:37027'
distributed.nanny - INFO -         Start Nanny at: 'tcp://10.32.2.12:39847'
distributed.nanny - INFO -         Start Nanny at: 'tcp://10.32.2.12:35227'
distributed.diskutils - INFO - Found stale lock file and directory '/tmp/ikabadzh/dask-worker-space/worker-19u208cf', purging
distributed.diskutils - INFO - Found stale lock file and directory '/tmp/ikabadzh/dask-worker-space/worker-1rlmps7p', purging
distributed.diskutils - INFO - Found stale lock file and directory '/tmp/ikabadzh/dask-worker-space/worker-fxo_5r02', purging
distributed.diskutils - INFO - Found stale lock file and directory '/tmp/ikabadzh/dask-worker-space/worker-wdp2pdty', purging
distributed.diskutils - INFO - Found stale lock file and directory '/tmp/ikabadzh/dask-worker-space/worker-ifa7tfba', purging
distributed.diskutils - INFO - Found stale lock file and directory '/tmp/ikabadzh/dask-worker-space/worker-5sm4hyau', purging
distributed.diskutils - INFO - Found stale lock file and directory '/tmp/ikabadzh/dask-worker-space/worker-x9j2p223', purging
distributed.diskutils - INFO - Found stale lock file and directory '/tmp/ikabadzh/dask-worker-space/worker-mdaj04zu', purging
distributed.diskutils - INFO - Found stale lock file and directory '/tmp/ikabadzh/dask-worker-space/worker-02o01g3p', purging
distributed.diskutils - INFO - Found stale lock file and directory '/tmp/ikabadzh/dask-worker-space/worker-yjkep3dp', purging
distributed.diskutils - INFO - Found stale lock file and directory '/tmp/ikabadzh/dask-worker-space/worker-kufo4qda', purging
distributed.diskutils - INFO - Found stale lock file and directory '/tmp/ikabadzh/dask-worker-space/worker-i42i2tm4', purging
distributed.diskutils - INFO - Found stale lock file and directory '/tmp/ikabadzh/dask-worker-space/worker-nxh7g86p', purging
distributed.diskutils - INFO - Found stale lock file and directory '/tmp/ikabadzh/dask-worker-space/worker-hnm9tzon', purging
distributed.diskutils - INFO - Found stale lock file and directory '/tmp/ikabadzh/dask-worker-space/worker-nwfxvazi', purging
distributed.diskutils - INFO - Found stale lock file and directory '/tmp/ikabadzh/dask-worker-space/worker-1c93mjvv', purging
distributed.diskutils - INFO - Found stale lock file and directory '/tmp/ikabadzh/dask-worker-space/worker-m6cvhcr3', purging
distributed.diskutils - INFO - Found stale lock file and directory '/tmp/ikabadzh/dask-worker-space/worker-ufj5yt6c', purging
distributed.diskutils - INFO - Found stale lock file and directory '/tmp/ikabadzh/dask-worker-space/worker-m8lc6a5p', purging
distributed.diskutils - INFO - Found stale lock file and directory '/tmp/ikabadzh/dask-worker-space/worker-wf994yvn', purging
distributed.diskutils - INFO - Found stale lock file and directory '/tmp/ikabadzh/dask-worker-space/worker-8q71s2fn', purging
distributed.diskutils - INFO - Found stale lock file and directory '/tmp/ikabadzh/dask-worker-space/worker-v0ck44ip', purging
distributed.diskutils - INFO - Found stale lock file and directory '/tmp/ikabadzh/dask-worker-space/worker-n0emt6ec', purging
distributed.diskutils - INFO - Found stale lock file and directory '/tmp/ikabadzh/dask-worker-space/worker-f847bp20', purging
distributed.diskutils - INFO - Found stale lock file and directory '/tmp/ikabadzh/dask-worker-space/worker-efj8img7', purging
distributed.diskutils - INFO - Found stale lock file and directory '/tmp/ikabadzh/dask-worker-space/worker-lqipt1b4', purging
distributed.diskutils - INFO - Found stale lock file and directory '/tmp/ikabadzh/dask-worker-space/worker-t6vpb90y', purging
distributed.diskutils - INFO - Found stale lock file and directory '/tmp/ikabadzh/dask-worker-space/worker-aw5dwful', purging
distributed.diskutils - INFO - Found stale lock file and directory '/tmp/ikabadzh/dask-worker-space/worker-rxitey01', purging
distributed.diskutils - INFO - Found stale lock file and directory '/tmp/ikabadzh/dask-worker-space/worker-6qd6a9fs', purging
distributed.diskutils - INFO - Found stale lock file and directory '/tmp/ikabadzh/dask-worker-space/worker-o_uz2f6t', purging
distributed.diskutils - INFO - Found stale lock file and directory '/tmp/ikabadzh/dask-worker-space/worker-smm6kx53', purging
distributed.worker - INFO -       Start worker at:     tcp://10.32.2.12:41351
distributed.worker - INFO -          Listening to:     tcp://10.32.2.12:41351
distributed.worker - INFO -          dashboard at:           10.32.2.12:43243
distributed.worker - INFO - Waiting to connect to: tcp://188.185.68.194:42727
distributed.worker - INFO - -------------------------------------------------
distributed.worker - INFO -               Threads:                          1
distributed.worker - INFO -       Start worker at:     tcp://10.32.2.12:41005
distributed.worker - INFO -                Memory:                  14.90 GiB
distributed.worker - INFO -          Listening to:     tcp://10.32.2.12:41005
distributed.worker - INFO -       Local Directory: /tmp/ikabadzh/dask-worker-space/worker-unnj4xh0
distributed.worker - INFO -          dashboard at:           10.32.2.12:42769
distributed.worker - INFO -       Start worker at:     tcp://10.32.2.12:34931
distributed.worker - INFO - -------------------------------------------------
distributed.worker - INFO - Waiting to connect to: tcp://188.185.68.194:42727
distributed.worker - INFO -          Listening to:     tcp://10.32.2.12:34931
distributed.worker - INFO - -------------------------------------------------
distributed.worker - INFO -          dashboard at:           10.32.2.12:34459
distributed.worker - INFO -               Threads:                          1
distributed.worker - INFO - Waiting to connect to: tcp://188.185.68.194:42727
distributed.worker - INFO -                Memory:                  14.90 GiB
distributed.worker - INFO - -------------------------------------------------
distributed.worker - INFO -       Local Directory: /tmp/ikabadzh/dask-worker-space/worker-ak9va2rk
distributed.worker - INFO -               Threads:                          1
distributed.worker - INFO - -------------------------------------------------
distributed.worker - INFO -       Start worker at:     tcp://10.32.2.12:37505
distributed.worker - INFO -                Memory:                  14.90 GiB
distributed.worker - INFO -          Listening to:     tcp://10.32.2.12:37505
distributed.worker - INFO -       Local Directory: /tmp/ikabadzh/dask-worker-space/worker-ieda4io0
distributed.worker - INFO -          dashboard at:           10.32.2.12:38029
distributed.worker - INFO - -------------------------------------------------
distributed.worker - INFO - Waiting to connect to: tcp://188.185.68.194:42727
distributed.worker - INFO - -------------------------------------------------
distributed.worker - INFO -               Threads:                          1
distributed.worker - INFO -                Memory:                  14.90 GiB
distributed.worker - INFO -       Local Directory: /tmp/ikabadzh/dask-worker-space/worker-3zrkz43t
distributed.worker - INFO - -------------------------------------------------
distributed.worker - INFO -         Registered to: tcp://188.185.68.194:42727
distributed.worker - INFO - -------------------------------------------------
distributed.core - INFO - Starting established connection
distributed.worker - INFO -         Registered to: tcp://188.185.68.194:42727
distributed.worker - INFO - -------------------------------------------------
distributed.core - INFO - Starting established connection
distributed.worker - INFO -         Registered to: tcp://188.185.68.194:42727
distributed.worker - INFO - -------------------------------------------------
distributed.core - INFO - Starting established connection
distributed.worker - INFO -         Registered to: tcp://188.185.68.194:42727
distributed.worker - INFO - -------------------------------------------------
distributed.core - INFO - Starting established connection
distributed.worker - INFO -       Start worker at:     tcp://10.32.2.12:42205
distributed.worker - INFO -          Listening to:     tcp://10.32.2.12:42205
distributed.worker - INFO -          dashboard at:           10.32.2.12:35421
distributed.worker - INFO - Waiting to connect to: tcp://188.185.68.194:42727
distributed.worker - INFO - -------------------------------------------------
distributed.worker - INFO -               Threads:                          1
distributed.worker - INFO -                Memory:                  14.90 GiB
distributed.worker - INFO -       Local Directory: /tmp/ikabadzh/dask-worker-space/worker-penh22r4
distributed.worker - INFO - -------------------------------------------------
distributed.worker - INFO -         Registered to: tcp://188.185.68.194:42727
distributed.worker - INFO - -------------------------------------------------
distributed.core - INFO - Starting established connection
distributed.worker - INFO -       Start worker at:     tcp://10.32.2.12:33579
distributed.worker - INFO -          Listening to:     tcp://10.32.2.12:33579
distributed.worker - INFO -          dashboard at:           10.32.2.12:41091
distributed.worker - INFO - Waiting to connect to: tcp://188.185.68.194:42727
distributed.worker - INFO - -------------------------------------------------
distributed.worker - INFO -               Threads:                          1
distributed.worker - INFO -                Memory:                  14.90 GiB
distributed.worker - INFO -       Local Directory: /tmp/ikabadzh/dask-worker-space/worker-5p5mw9vp
distributed.worker - INFO - -------------------------------------------------
distributed.worker - INFO -       Start worker at:     tcp://10.32.2.12:38745
distributed.worker - INFO -          Listening to:     tcp://10.32.2.12:38745
distributed.worker - INFO -          dashboard at:           10.32.2.12:37487
distributed.worker - INFO - Waiting to connect to: tcp://188.185.68.194:42727
distributed.worker - INFO - -------------------------------------------------
distributed.worker - INFO -               Threads:                          1
distributed.worker - INFO -                Memory:                  14.90 GiB
distributed.worker - INFO -       Local Directory: /tmp/ikabadzh/dask-worker-space/worker-3qk62_ip
distributed.worker - INFO - -------------------------------------------------
distributed.worker - INFO -       Start worker at:     tcp://10.32.2.12:41527
distributed.worker - INFO -          Listening to:     tcp://10.32.2.12:41527
distributed.worker - INFO -          dashboard at:           10.32.2.12:45313
distributed.worker - INFO - Waiting to connect to: tcp://188.185.68.194:42727
distributed.worker - INFO - -------------------------------------------------
distributed.worker - INFO -               Threads:                          1
distributed.worker - INFO -                Memory:                  14.90 GiB
distributed.worker - INFO -       Local Directory: /tmp/ikabadzh/dask-worker-space/worker-ljg666m6
distributed.worker - INFO - -------------------------------------------------
distributed.worker - INFO -       Start worker at:     tcp://10.32.2.12:39087
distributed.worker - INFO -          Listening to:     tcp://10.32.2.12:39087
distributed.worker - INFO -          dashboard at:           10.32.2.12:34777
distributed.worker - INFO - Waiting to connect to: tcp://188.185.68.194:42727
distributed.worker - INFO - -------------------------------------------------
distributed.worker - INFO -               Threads:                          1
distributed.worker - INFO -                Memory:                  14.90 GiB
distributed.worker - INFO -       Local Directory: /tmp/ikabadzh/dask-worker-space/worker-poempsct
distributed.worker - INFO - -------------------------------------------------
distributed.worker - INFO -       Start worker at:     tcp://10.32.2.12:34897
distributed.worker - INFO -          Listening to:     tcp://10.32.2.12:34897
distributed.worker - INFO -          dashboard at:           10.32.2.12:40793
distributed.worker - INFO - Waiting to connect to: tcp://188.185.68.194:42727
distributed.worker - INFO - -------------------------------------------------
distributed.worker - INFO -               Threads:                          1
distributed.worker - INFO -                Memory:                  14.90 GiB
distributed.worker - INFO -       Local Directory: /tmp/ikabadzh/dask-worker-space/worker-rhabyxy9
distributed.worker - INFO - -------------------------------------------------
distributed.worker - INFO -       Start worker at:     tcp://10.32.2.12:35277
distributed.worker - INFO -          Listening to:     tcp://10.32.2.12:35277
distributed.worker - INFO -          dashboard at:           10.32.2.12:42983
distributed.worker - INFO - Waiting to connect to: tcp://188.185.68.194:42727
distributed.worker - INFO - -------------------------------------------------
distributed.worker - INFO -               Threads:                          1
distributed.worker - INFO -                Memory:                  14.90 GiB
distributed.worker - INFO -       Local Directory: /tmp/ikabadzh/dask-worker-space/worker-da499s4p
distributed.worker - INFO - -------------------------------------------------
distributed.worker - INFO -       Start worker at:     tcp://10.32.2.12:36103
distributed.worker - INFO -          Listening to:     tcp://10.32.2.12:36103
distributed.worker - INFO -          dashboard at:           10.32.2.12:34017
distributed.worker - INFO - Waiting to connect to: tcp://188.185.68.194:42727
distributed.worker - INFO - -------------------------------------------------
distributed.worker - INFO -               Threads:                          1
distributed.worker - INFO -                Memory:                  14.90 GiB
distributed.worker - INFO -       Local Directory: /tmp/ikabadzh/dask-worker-space/worker-v12zm_t1
distributed.worker - INFO - -------------------------------------------------
distributed.worker - INFO -       Start worker at:     tcp://10.32.2.12:40871
distributed.worker - INFO -          Listening to:     tcp://10.32.2.12:40871
distributed.worker - INFO -          dashboard at:           10.32.2.12:37909
distributed.worker - INFO - Waiting to connect to: tcp://188.185.68.194:42727
distributed.worker - INFO - -------------------------------------------------
distributed.worker - INFO -               Threads:                          1
distributed.worker - INFO -                Memory:                  14.90 GiB
distributed.worker - INFO -       Local Directory: /tmp/ikabadzh/dask-worker-space/worker-8rjbfxbj
distributed.worker - INFO - -------------------------------------------------
distributed.worker - INFO -       Start worker at:     tcp://10.32.2.12:37723
distributed.worker - INFO -          Listening to:     tcp://10.32.2.12:37723
distributed.worker - INFO -          dashboard at:           10.32.2.12:45925
distributed.worker - INFO - Waiting to connect to: tcp://188.185.68.194:42727
distributed.worker - INFO - -------------------------------------------------
distributed.worker - INFO -               Threads:                          1
distributed.worker - INFO -                Memory:                  14.90 GiB
distributed.worker - INFO -       Local Directory: /tmp/ikabadzh/dask-worker-space/worker-l3p4c7ba
distributed.worker - INFO - -------------------------------------------------
distributed.worker - INFO -       Start worker at:     tcp://10.32.2.12:35463
distributed.worker - INFO -          Listening to:     tcp://10.32.2.12:35463
distributed.worker - INFO -          dashboard at:           10.32.2.12:46247
distributed.worker - INFO - Waiting to connect to: tcp://188.185.68.194:42727
distributed.worker - INFO - -------------------------------------------------
distributed.worker - INFO -               Threads:                          1
distributed.worker - INFO -                Memory:                  14.90 GiB
distributed.worker - INFO -       Local Directory: /tmp/ikabadzh/dask-worker-space/worker-iulz7m53
distributed.worker - INFO - -------------------------------------------------
distributed.worker - INFO -       Start worker at:     tcp://10.32.2.12:37921
distributed.worker - INFO -          Listening to:     tcp://10.32.2.12:37921
distributed.worker - INFO -          dashboard at:           10.32.2.12:44571
distributed.worker - INFO - Waiting to connect to: tcp://188.185.68.194:42727
distributed.worker - INFO - -------------------------------------------------
distributed.worker - INFO -               Threads:                          1
distributed.worker - INFO -                Memory:                  14.90 GiB
distributed.worker - INFO -       Local Directory: /tmp/ikabadzh/dask-worker-space/worker-8yjnhldr
distributed.worker - INFO - -------------------------------------------------
distributed.worker - INFO -       Start worker at:     tcp://10.32.2.12:44823
distributed.worker - INFO -          Listening to:     tcp://10.32.2.12:44823
distributed.worker - INFO -          dashboard at:           10.32.2.12:43609
distributed.worker - INFO - Waiting to connect to: tcp://188.185.68.194:42727
distributed.worker - INFO - -------------------------------------------------
distributed.worker - INFO -               Threads:                          1
distributed.worker - INFO -                Memory:                  14.90 GiB
distributed.worker - INFO -       Local Directory: /tmp/ikabadzh/dask-worker-space/worker-u7m3g4c3
distributed.worker - INFO - -------------------------------------------------
distributed.worker - INFO -       Start worker at:     tcp://10.32.2.12:38557
distributed.worker - INFO -          Listening to:     tcp://10.32.2.12:38557
distributed.worker - INFO -          dashboard at:           10.32.2.12:44225
distributed.worker - INFO - Waiting to connect to: tcp://188.185.68.194:42727
distributed.worker - INFO - -------------------------------------------------
distributed.worker - INFO -               Threads:                          1
distributed.worker - INFO -                Memory:                  14.90 GiB
distributed.worker - INFO -       Local Directory: /tmp/ikabadzh/dask-worker-space/worker-3mexycqd
distributed.worker - INFO - -------------------------------------------------
distributed.worker - INFO -       Start worker at:     tcp://10.32.2.12:40971
distributed.worker - INFO -          Listening to:     tcp://10.32.2.12:40971
distributed.worker - INFO -          dashboard at:           10.32.2.12:35367
distributed.worker - INFO - Waiting to connect to: tcp://188.185.68.194:42727
distributed.worker - INFO - -------------------------------------------------
distributed.worker - INFO -               Threads:                          1
distributed.worker - INFO -                Memory:                  14.90 GiB
distributed.worker - INFO -       Local Directory: /tmp/ikabadzh/dask-worker-space/worker-cbp4xpxa
distributed.worker - INFO - -------------------------------------------------
distributed.worker - INFO -       Start worker at:     tcp://10.32.2.12:39107
distributed.worker - INFO -          Listening to:     tcp://10.32.2.12:39107
distributed.worker - INFO -          dashboard at:           10.32.2.12:40989
distributed.worker - INFO - Waiting to connect to: tcp://188.185.68.194:42727
distributed.worker - INFO - -------------------------------------------------
distributed.worker - INFO -               Threads:                          1
distributed.worker - INFO -                Memory:                  14.90 GiB
distributed.worker - INFO -       Local Directory: /tmp/ikabadzh/dask-worker-space/worker-z89tcw7t
distributed.worker - INFO - -------------------------------------------------
distributed.worker - INFO -       Start worker at:     tcp://10.32.2.12:45063
distributed.worker - INFO -          Listening to:     tcp://10.32.2.12:45063
distributed.worker - INFO -          dashboard at:           10.32.2.12:35881
distributed.worker - INFO - Waiting to connect to: tcp://188.185.68.194:42727
distributed.worker - INFO - -------------------------------------------------
distributed.worker - INFO -               Threads:                          1
distributed.worker - INFO -                Memory:                  14.90 GiB
distributed.worker - INFO -       Local Directory: /tmp/ikabadzh/dask-worker-space/worker-x2l9a11p
distributed.worker - INFO - -------------------------------------------------
distributed.worker - INFO -       Start worker at:     tcp://10.32.2.12:40759
distributed.worker - INFO -          Listening to:     tcp://10.32.2.12:40759
distributed.worker - INFO -          dashboard at:           10.32.2.12:45549
distributed.worker - INFO - Waiting to connect to: tcp://188.185.68.194:42727
distributed.worker - INFO - -------------------------------------------------
distributed.worker - INFO -               Threads:                          1
distributed.worker - INFO -                Memory:                  14.90 GiB
distributed.worker - INFO -       Local Directory: /tmp/ikabadzh/dask-worker-space/worker-3yochiwr
distributed.worker - INFO - -------------------------------------------------
distributed.worker - INFO -       Start worker at:     tcp://10.32.2.12:43685
distributed.worker - INFO -          Listening to:     tcp://10.32.2.12:43685
distributed.worker - INFO -          dashboard at:           10.32.2.12:37773
distributed.worker - INFO - Waiting to connect to: tcp://188.185.68.194:42727
distributed.worker - INFO - -------------------------------------------------
distributed.worker - INFO -               Threads:                          1
distributed.worker - INFO -                Memory:                  14.90 GiB
distributed.worker - INFO -       Local Directory: /tmp/ikabadzh/dask-worker-space/worker-hzw3p41g
distributed.worker - INFO - -------------------------------------------------
distributed.worker - INFO -       Start worker at:     tcp://10.32.2.12:40841
distributed.worker - INFO -          Listening to:     tcp://10.32.2.12:40841
distributed.worker - INFO -          dashboard at:           10.32.2.12:39303
distributed.worker - INFO - Waiting to connect to: tcp://188.185.68.194:42727
distributed.worker - INFO - -------------------------------------------------
distributed.worker - INFO -               Threads:                          1
distributed.worker - INFO -                Memory:                  14.90 GiB
distributed.worker - INFO -       Local Directory: /tmp/ikabadzh/dask-worker-space/worker-txtev8mh
distributed.worker - INFO - -------------------------------------------------
distributed.worker - INFO -       Start worker at:     tcp://10.32.2.12:45293
distributed.worker - INFO -          Listening to:     tcp://10.32.2.12:45293
distributed.worker - INFO -          dashboard at:           10.32.2.12:34933
distributed.worker - INFO - Waiting to connect to: tcp://188.185.68.194:42727
distributed.worker - INFO - -------------------------------------------------
distributed.worker - INFO -               Threads:                          1
distributed.worker - INFO -                Memory:                  14.90 GiB
distributed.worker - INFO -       Local Directory: /tmp/ikabadzh/dask-worker-space/worker-guv1of6c
distributed.worker - INFO - -------------------------------------------------
distributed.worker - INFO -       Start worker at:     tcp://10.32.2.12:44427
distributed.worker - INFO -          Listening to:     tcp://10.32.2.12:44427
distributed.worker - INFO -          dashboard at:           10.32.2.12:43981
distributed.worker - INFO - Waiting to connect to: tcp://188.185.68.194:42727
distributed.worker - INFO - -------------------------------------------------
distributed.worker - INFO -               Threads:                          1
distributed.worker - INFO -                Memory:                  14.90 GiB
distributed.worker - INFO -       Local Directory: /tmp/ikabadzh/dask-worker-space/worker-g_hkzhme
distributed.worker - INFO - -------------------------------------------------
distributed.worker - INFO -       Start worker at:     tcp://10.32.2.12:41683
distributed.worker - INFO -          Listening to:     tcp://10.32.2.12:41683
distributed.worker - INFO -          dashboard at:           10.32.2.12:39467
distributed.worker - INFO - Waiting to connect to: tcp://188.185.68.194:42727
distributed.worker - INFO - -------------------------------------------------
distributed.worker - INFO -               Threads:                          1
distributed.worker - INFO -                Memory:                  14.90 GiB
distributed.worker - INFO -       Local Directory: /tmp/ikabadzh/dask-worker-space/worker-hrv1wlw3
distributed.worker - INFO - -------------------------------------------------
distributed.worker - INFO -       Start worker at:     tcp://10.32.2.12:45161
distributed.worker - INFO -          Listening to:     tcp://10.32.2.12:45161
distributed.worker - INFO -          dashboard at:           10.32.2.12:42821
distributed.worker - INFO - Waiting to connect to: tcp://188.185.68.194:42727
distributed.worker - INFO - -------------------------------------------------
distributed.worker - INFO -               Threads:                          1
distributed.worker - INFO -       Start worker at:     tcp://10.32.2.12:45061
distributed.worker - INFO -                Memory:                  14.90 GiB
distributed.worker - INFO -       Local Directory: /tmp/ikabadzh/dask-worker-space/worker-y_koaqn2
distributed.worker - INFO - -------------------------------------------------
distributed.worker - INFO -          Listening to:     tcp://10.32.2.12:45061
distributed.worker - INFO -          dashboard at:           10.32.2.12:45189
distributed.worker - INFO - Waiting to connect to: tcp://188.185.68.194:42727
distributed.worker - INFO - -------------------------------------------------
distributed.worker - INFO -               Threads:                          1
distributed.worker - INFO -                Memory:                  14.90 GiB
distributed.worker - INFO -       Local Directory: /tmp/ikabadzh/dask-worker-space/worker-jl0hff73
distributed.worker - INFO - -------------------------------------------------
distributed.worker - INFO -       Start worker at:     tcp://10.32.2.12:33829
distributed.worker - INFO -          Listening to:     tcp://10.32.2.12:33829
distributed.worker - INFO -          dashboard at:           10.32.2.12:33951
distributed.worker - INFO - Waiting to connect to: tcp://188.185.68.194:42727
distributed.worker - INFO - -------------------------------------------------
distributed.worker - INFO -               Threads:                          1
distributed.worker - INFO -                Memory:                  14.90 GiB
distributed.worker - INFO -       Local Directory: /tmp/ikabadzh/dask-worker-space/worker-y4ea7ma9
distributed.worker - INFO - -------------------------------------------------
distributed.worker - INFO -       Start worker at:     tcp://10.32.2.12:43667
distributed.worker - INFO -          Listening to:     tcp://10.32.2.12:43667
distributed.worker - INFO -          dashboard at:           10.32.2.12:34723
distributed.worker - INFO - Waiting to connect to: tcp://188.185.68.194:42727
distributed.worker - INFO - -------------------------------------------------
distributed.worker - INFO -               Threads:                          1
distributed.worker - INFO -                Memory:                  14.90 GiB
distributed.worker - INFO -       Local Directory: /tmp/ikabadzh/dask-worker-space/worker-12e8amod
distributed.worker - INFO - -------------------------------------------------
distributed.worker - INFO -       Start worker at:     tcp://10.32.2.12:34169
distributed.worker - INFO -          Listening to:     tcp://10.32.2.12:34169
distributed.worker - INFO -          dashboard at:           10.32.2.12:33157
distributed.worker - INFO - Waiting to connect to: tcp://188.185.68.194:42727
distributed.worker - INFO - -------------------------------------------------
distributed.worker - INFO -               Threads:                          1
distributed.worker - INFO -                Memory:                  14.90 GiB
distributed.worker - INFO -       Local Directory: /tmp/ikabadzh/dask-worker-space/worker-j2atowfu
distributed.worker - INFO - -------------------------------------------------
distributed.worker - INFO -         Registered to: tcp://188.185.68.194:42727
distributed.worker - INFO - -------------------------------------------------
distributed.core - INFO - Starting established connection
distributed.worker - INFO -         Registered to: tcp://188.185.68.194:42727
distributed.worker - INFO - -------------------------------------------------
distributed.core - INFO - Starting established connection
distributed.worker - INFO -         Registered to: tcp://188.185.68.194:42727
distributed.worker - INFO - -------------------------------------------------
distributed.core - INFO - Starting established connection
distributed.worker - INFO -         Registered to: tcp://188.185.68.194:42727
distributed.worker - INFO - -------------------------------------------------
distributed.core - INFO - Starting established connection
distributed.worker - INFO -         Registered to: tcp://188.185.68.194:42727
distributed.worker - INFO - -------------------------------------------------
distributed.core - INFO - Starting established connection
distributed.worker - INFO -         Registered to: tcp://188.185.68.194:42727
distributed.worker - INFO - -------------------------------------------------
distributed.core - INFO - Starting established connection
distributed.worker - INFO -         Registered to: tcp://188.185.68.194:42727
distributed.worker - INFO - -------------------------------------------------
distributed.core - INFO - Starting established connection
distributed.worker - INFO -         Registered to: tcp://188.185.68.194:42727
distributed.worker - INFO - -------------------------------------------------
distributed.core - INFO - Starting established connection
distributed.worker - INFO -         Registered to: tcp://188.185.68.194:42727
distributed.worker - INFO - -------------------------------------------------
distributed.core - INFO - Starting established connection
distributed.worker - INFO -         Registered to: tcp://188.185.68.194:42727
distributed.worker - INFO - -------------------------------------------------
distributed.core - INFO - Starting established connection
distributed.worker - INFO -         Registered to: tcp://188.185.68.194:42727
distributed.worker - INFO - -------------------------------------------------
distributed.core - INFO - Starting established connection
distributed.worker - INFO -         Registered to: tcp://188.185.68.194:42727
distributed.worker - INFO - -------------------------------------------------
distributed.core - INFO - Starting established connection
distributed.worker - INFO -         Registered to: tcp://188.185.68.194:42727
distributed.worker - INFO - -------------------------------------------------
distributed.core - INFO - Starting established connection
distributed.worker - INFO -         Registered to: tcp://188.185.68.194:42727
distributed.worker - INFO - -------------------------------------------------
distributed.core - INFO - Starting established connection
distributed.worker - INFO -         Registered to: tcp://188.185.68.194:42727
distributed.worker - INFO - -------------------------------------------------
distributed.core - INFO - Starting established connection
distributed.worker - INFO -         Registered to: tcp://188.185.68.194:42727
distributed.worker - INFO - -------------------------------------------------
distributed.core - INFO - Starting established connection
distributed.worker - INFO -         Registered to: tcp://188.185.68.194:42727
distributed.worker - INFO - -------------------------------------------------
distributed.core - INFO - Starting established connection
distributed.worker - INFO -         Registered to: tcp://188.185.68.194:42727
distributed.worker - INFO - -------------------------------------------------
distributed.core - INFO - Starting established connection
distributed.worker - INFO -         Registered to: tcp://188.185.68.194:42727
distributed.worker - INFO - -------------------------------------------------
distributed.core - INFO - Starting established connection
distributed.worker - INFO -         Registered to: tcp://188.185.68.194:42727
distributed.worker - INFO - -------------------------------------------------
distributed.core - INFO - Starting established connection
distributed.worker - INFO -         Registered to: tcp://188.185.68.194:42727
distributed.worker - INFO - -------------------------------------------------
distributed.core - INFO - Starting established connection
distributed.worker - INFO -         Registered to: tcp://188.185.68.194:42727
distributed.worker - INFO - -------------------------------------------------
distributed.core - INFO - Starting established connection
distributed.worker - INFO -         Registered to: tcp://188.185.68.194:42727
distributed.worker - INFO - -------------------------------------------------
distributed.core - INFO - Starting established connection
distributed.worker - INFO -         Registered to: tcp://188.185.68.194:42727
distributed.worker - INFO - -------------------------------------------------
distributed.core - INFO - Starting established connection
distributed.worker - INFO -         Registered to: tcp://188.185.68.194:42727
distributed.worker - INFO - -------------------------------------------------
distributed.core - INFO - Starting established connection
distributed.worker - INFO -         Registered to: tcp://188.185.68.194:42727
distributed.worker - INFO - -------------------------------------------------
distributed.core - INFO - Starting established connection
distributed.worker - INFO -         Registered to: tcp://188.185.68.194:42727
distributed.worker - INFO - -------------------------------------------------
distributed.core - INFO - Starting established connection
distributed.core - INFO - Event loop was unresponsive in Worker for 5.96s.  This is often caused by long-running GIL-holding functions or moving large chunks of data. This can cause timeouts and instability.
distributed.core - INFO - Event loop was unresponsive in Worker for 6.06s.  This is often caused by long-running GIL-holding functions or moving large chunks of data. This can cause timeouts and instability.
distributed.core - INFO - Event loop was unresponsive in Worker for 6.82s.  This is often caused by long-running GIL-holding functions or moving large chunks of data. This can cause timeouts and instability.
distributed.core - INFO - Event loop was unresponsive in Worker for 6.95s.  This is often caused by long-running GIL-holding functions or moving large chunks of data. This can cause timeouts and instability.
distributed.core - INFO - Event loop was unresponsive in Worker for 7.00s.  This is often caused by long-running GIL-holding functions or moving large chunks of data. This can cause timeouts and instability.
distributed.core - INFO - Event loop was unresponsive in Worker for 7.02s.  This is often caused by long-running GIL-holding functions or moving large chunks of data. This can cause timeouts and instability.
distributed.core - INFO - Event loop was unresponsive in Worker for 7.01s.  This is often caused by long-running GIL-holding functions or moving large chunks of data. This can cause timeouts and instability.
distributed.core - INFO - Event loop was unresponsive in Worker for 7.01s.  This is often caused by long-running GIL-holding functions or moving large chunks of data. This can cause timeouts and instability.
distributed.core - INFO - Event loop was unresponsive in Worker for 7.01s.  This is often caused by long-running GIL-holding functions or moving large chunks of data. This can cause timeouts and instability.
distributed.core - INFO - Event loop was unresponsive in Worker for 7.02s.  This is often caused by long-running GIL-holding functions or moving large chunks of data. This can cause timeouts and instability.
distributed.core - INFO - Event loop was unresponsive in Worker for 7.02s.  This is often caused by long-running GIL-holding functions or moving large chunks of data. This can cause timeouts and instability.
distributed.core - INFO - Event loop was unresponsive in Worker for 7.03s.  This is often caused by long-running GIL-holding functions or moving large chunks of data. This can cause timeouts and instability.
distributed.core - INFO - Event loop was unresponsive in Worker for 7.01s.  This is often caused by long-running GIL-holding functions or moving large chunks of data. This can cause timeouts and instability.
distributed.core - INFO - Event loop was unresponsive in Worker for 7.01s.  This is often caused by long-running GIL-holding functions or moving large chunks of data. This can cause timeouts and instability.
distributed.core - INFO - Event loop was unresponsive in Worker for 7.02s.  This is often caused by long-running GIL-holding functions or moving large chunks of data. This can cause timeouts and instability.
distributed.core - INFO - Event loop was unresponsive in Worker for 7.02s.  This is often caused by long-running GIL-holding functions or moving large chunks of data. This can cause timeouts and instability.
distributed.core - INFO - Event loop was unresponsive in Worker for 7.03s.  This is often caused by long-running GIL-holding functions or moving large chunks of data. This can cause timeouts and instability.
distributed.core - INFO - Event loop was unresponsive in Worker for 7.04s.  This is often caused by long-running GIL-holding functions or moving large chunks of data. This can cause timeouts and instability.
distributed.core - INFO - Event loop was unresponsive in Worker for 7.03s.  This is often caused by long-running GIL-holding functions or moving large chunks of data. This can cause timeouts and instability.
distributed.core - INFO - Event loop was unresponsive in Worker for 7.05s.  This is often caused by long-running GIL-holding functions or moving large chunks of data. This can cause timeouts and instability.
distributed.core - INFO - Event loop was unresponsive in Worker for 7.08s.  This is often caused by long-running GIL-holding functions or moving large chunks of data. This can cause timeouts and instability.
distributed.core - INFO - Event loop was unresponsive in Worker for 7.09s.  This is often caused by long-running GIL-holding functions or moving large chunks of data. This can cause timeouts and instability.
distributed.core - INFO - Event loop was unresponsive in Worker for 7.25s.  This is often caused by long-running GIL-holding functions or moving large chunks of data. This can cause timeouts and instability.
distributed.core - INFO - Event loop was unresponsive in Worker for 7.35s.  This is often caused by long-running GIL-holding functions or moving large chunks of data. This can cause timeouts and instability.
distributed.core - INFO - Event loop was unresponsive in Worker for 7.41s.  This is often caused by long-running GIL-holding functions or moving large chunks of data. This can cause timeouts and instability.
distributed.core - INFO - Event loop was unresponsive in Worker for 7.47s.  This is often caused by long-running GIL-holding functions or moving large chunks of data. This can cause timeouts and instability.
distributed.core - INFO - Event loop was unresponsive in Worker for 7.51s.  This is often caused by long-running GIL-holding functions or moving large chunks of data. This can cause timeouts and instability.
distributed.core - INFO - Event loop was unresponsive in Worker for 7.55s.  This is often caused by long-running GIL-holding functions or moving large chunks of data. This can cause timeouts and instability.
distributed.core - INFO - Event loop was unresponsive in Worker for 7.56s.  This is often caused by long-running GIL-holding functions or moving large chunks of data. This can cause timeouts and instability.
distributed.core - INFO - Event loop was unresponsive in Worker for 7.58s.  This is often caused by long-running GIL-holding functions or moving large chunks of data. This can cause timeouts and instability.
distributed.core - INFO - Event loop was unresponsive in Worker for 7.63s.  This is often caused by long-running GIL-holding functions or moving large chunks of data. This can cause timeouts and instability.
distributed.core - INFO - Event loop was unresponsive in Worker for 7.63s.  This is often caused by long-running GIL-holding functions or moving large chunks of data. This can cause timeouts and instability.
Info in <[ROOT.RDF] Info /hpcscratch/user/ikabadzh/root/tree/dataframe/src/RLoopManager.cxx:738 in void ROOT::Detail::RDF::RLoopManager::Run()>: Starting event loop number 0.
Info in <[ROOT.RDF] Info /hpcscratch/user/ikabadzh/root/tree/dataframe/src/RLoopManager.cxx:738 in void ROOT::Detail::RDF::RLoopManager::Run()>: Starting event loop number 0.
Info in <[ROOT.RDF] Info /hpcscratch/user/ikabadzh/root/tree/dataframe/src/RLoopManager.cxx:738 in void ROOT::Detail::RDF::RLoopManager::Run()>: Starting event loop number 0.
Info in <[ROOT.RDF] Info /hpcscratch/user/ikabadzh/root/tree/dataframe/src/RLoopManager.cxx:738 in void ROOT::Detail::RDF::RLoopManager::Run()>: Starting event loop number 0.
Info in <[ROOT.RDF] Info /hpcscratch/user/ikabadzh/root/tree/dataframe/src/RLoopManager.cxx:738 in void ROOT::Detail::RDF::RLoopManager::Run()>: Starting event loop number 0.
Info in <[ROOT.RDF] Info /hpcscratch/user/ikabadzh/root/tree/dataframe/src/RLoopManager.cxx:738 in void ROOT::Detail::RDF::RLoopManager::Run()>: Starting event loop number 0.
Info in <[ROOT.RDF] Info /hpcscratch/user/ikabadzh/root/tree/dataframe/src/RLoopManager.cxx:738 in void ROOT::Detail::RDF::RLoopManager::Run()>: Starting event loop number 0.
Info in <[ROOT.RDF] Info /hpcscratch/user/ikabadzh/root/tree/dataframe/src/RLoopManager.cxx:738 in void ROOT::Detail::RDF::RLoopManager::Run()>: Starting event loop number 0.
Info in <[ROOT.RDF] Info /hpcscratch/user/ikabadzh/root/tree/dataframe/src/RLoopManager.cxx:738 in void ROOT::Detail::RDF::RLoopManager::Run()>: Starting event loop number 0.
Info in <[ROOT.RDF] Info /hpcscratch/user/ikabadzh/root/tree/dataframe/src/RLoopManager.cxx:738 in void ROOT::Detail::RDF::RLoopManager::Run()>: Starting event loop number 0.
Info in <[ROOT.RDF] Info /hpcscratch/user/ikabadzh/root/tree/dataframe/src/RLoopManager.cxx:738 in void ROOT::Detail::RDF::RLoopManager::Run()>: Starting event loop number 0.
Info in <[ROOT.RDF] Info /hpcscratch/user/ikabadzh/root/tree/dataframe/src/RLoopManager.cxx:738 in void ROOT::Detail::RDF::RLoopManager::Run()>: Starting event loop number 0.
Info in <[ROOT.RDF] Info /hpcscratch/user/ikabadzh/root/tree/dataframe/src/RLoopManager.cxx:738 in void ROOT::Detail::RDF::RLoopManager::Run()>: Starting event loop number 0.
Info in <[ROOT.RDF] Info /hpcscratch/user/ikabadzh/root/tree/dataframe/src/RLoopManager.cxx:738 in void ROOT::Detail::RDF::RLoopManager::Run()>: Starting event loop number 0.
Info in <[ROOT.RDF] Info /hpcscratch/user/ikabadzh/root/tree/dataframe/src/RLoopManager.cxx:738 in void ROOT::Detail::RDF::RLoopManager::Run()>: Starting event loop number 0.
Info in <[ROOT.RDF] Info /hpcscratch/user/ikabadzh/root/tree/dataframe/src/RLoopManager.cxx:738 in void ROOT::Detail::RDF::RLoopManager::Run()>: Starting event loop number 0.
Info in <[ROOT.RDF] Info /hpcscratch/user/ikabadzh/root/tree/dataframe/src/RLoopManager.cxx:738 in void ROOT::Detail::RDF::RLoopManager::Run()>: Starting event loop number 0.
Info in <[ROOT.RDF] Info /hpcscratch/user/ikabadzh/root/tree/dataframe/src/RLoopManager.cxx:738 in void ROOT::Detail::RDF::RLoopManager::Run()>: Starting event loop number 0.
Info in <[ROOT.RDF] Info /hpcscratch/user/ikabadzh/root/tree/dataframe/src/RLoopManager.cxx:738 in void ROOT::Detail::RDF::RLoopManager::Run()>: Starting event loop number 0.
Info in <[ROOT.RDF] Info /hpcscratch/user/ikabadzh/root/tree/dataframe/src/RLoopManager.cxx:738 in void ROOT::Detail::RDF::RLoopManager::Run()>: Starting event loop number 0.
Info in <[ROOT.RDF] Info /hpcscratch/user/ikabadzh/root/tree/dataframe/src/RLoopManager.cxx:738 in void ROOT::Detail::RDF::RLoopManager::Run()>: Starting event loop number 0.
Info in <[ROOT.RDF] Info /hpcscratch/user/ikabadzh/root/tree/dataframe/src/RLoopManager.cxx:738 in void ROOT::Detail::RDF::RLoopManager::Run()>: Starting event loop number 0.
Info in <[ROOT.RDF] Info /hpcscratch/user/ikabadzh/root/tree/dataframe/src/RLoopManager.cxx:738 in void ROOT::Detail::RDF::RLoopManager::Run()>: Starting event loop number 0.
Info in <[ROOT.RDF] Info /hpcscratch/user/ikabadzh/root/tree/dataframe/src/RLoopManager.cxx:738 in void ROOT::Detail::RDF::RLoopManager::Run()>: Starting event loop number 0.
Info in <[ROOT.RDF] Info /hpcscratch/user/ikabadzh/root/tree/dataframe/src/RLoopManager.cxx:738 in void ROOT::Detail::RDF::RLoopManager::Run()>: Starting event loop number 0.
Info in <[ROOT.RDF] Info /hpcscratch/user/ikabadzh/root/tree/dataframe/src/RLoopManager.cxx:738 in void ROOT::Detail::RDF::RLoopManager::Run()>: Starting event loop number 0.
Info in <[ROOT.RDF] Info /hpcscratch/user/ikabadzh/root/tree/dataframe/src/RLoopManager.cxx:738 in void ROOT::Detail::RDF::RLoopManager::Run()>: Starting event loop number 0.
Info in <[ROOT.RDF] Info /hpcscratch/user/ikabadzh/root/tree/dataframe/src/RLoopManager.cxx:738 in void ROOT::Detail::RDF::RLoopManager::Run()>: Starting event loop number 0.
Info in <[ROOT.RDF] Info /hpcscratch/user/ikabadzh/root/tree/dataframe/src/RLoopManager.cxx:738 in void ROOT::Detail::RDF::RLoopManager::Run()>: Starting event loop number 0.
Info in <[ROOT.RDF] Info /hpcscratch/user/ikabadzh/root/tree/dataframe/src/RLoopManager.cxx:738 in void ROOT::Detail::RDF::RLoopManager::Run()>: Starting event loop number 0.
Info in <[ROOT.RDF] Info /hpcscratch/user/ikabadzh/root/tree/dataframe/src/RLoopManager.cxx:738 in void ROOT::Detail::RDF::RLoopManager::Run()>: Starting event loop number 0.
Info in <[ROOT.RDF] Info /hpcscratch/user/ikabadzh/root/tree/dataframe/src/RLoopManager.cxx:738 in void ROOT::Detail::RDF::RLoopManager::Run()>: Starting event loop number 0.
Info in <[ROOT.RDF] Info /hpcscratch/user/ikabadzh/root/tree/dataframe/src/RLoopManager.cxx:713 in void ROOT::Detail::RDF::RLoopManager::Jit()>: Just-in-time compilation phase completed in 2.469477 seconds.
Info in <[ROOT.RDF] Info /hpcscratch/user/ikabadzh/root/tree/dataframe/src/RLoopManager.cxx:480 in void ROOT::Detail::RDF::RLoopManager::RunTreeReader()>: Processing trees {Events} in files {input_files/dimuon/f473.root}: entry range [0,61540412], using slot 0 in thread 140232255432448.
Info in <[ROOT.RDF] Info /hpcscratch/user/ikabadzh/root/tree/dataframe/src/RLoopManager.cxx:713 in void ROOT::Detail::RDF::RLoopManager::Jit()>: Just-in-time compilation phase completed in 2.492875 seconds.
Info in <[ROOT.RDF] Info /hpcscratch/user/ikabadzh/root/tree/dataframe/src/RLoopManager.cxx:480 in void ROOT::Detail::RDF::RLoopManager::RunTreeReader()>: Processing trees {Events} in files {input_files/dimuon/f453.root}: entry range [0,61540412], using slot 0 in thread 140300930012928.
Info in <[ROOT.RDF] Info /hpcscratch/user/ikabadzh/root/tree/dataframe/src/RLoopManager.cxx:713 in void ROOT::Detail::RDF::RLoopManager::Jit()>: Just-in-time compilation phase completed in 2.508013 seconds.
Info in <[ROOT.RDF] Info /hpcscratch/user/ikabadzh/root/tree/dataframe/src/RLoopManager.cxx:480 in void ROOT::Detail::RDF::RLoopManager::RunTreeReader()>: Processing trees {Events} in files {input_files/dimuon/f447.root}: entry range [0,61540412], using slot 0 in thread 140059683256064.
Info in <[ROOT.RDF] Info /hpcscratch/user/ikabadzh/root/tree/dataframe/src/RLoopManager.cxx:713 in void ROOT::Detail::RDF::RLoopManager::Jit()>: Just-in-time compilation phase completed in 2.635241 seconds.
Info in <[ROOT.RDF] Info /hpcscratch/user/ikabadzh/root/tree/dataframe/src/RLoopManager.cxx:480 in void ROOT::Detail::RDF::RLoopManager::RunTreeReader()>: Processing trees {Events} in files {input_files/dimuon/f470.root}: entry range [0,61540412], using slot 0 in thread 139917743171328.
Info in <[ROOT.RDF] Info /hpcscratch/user/ikabadzh/root/tree/dataframe/src/RLoopManager.cxx:713 in void ROOT::Detail::RDF::RLoopManager::Jit()>: Just-in-time compilation phase completed in 2.498094 seconds.
Info in <[ROOT.RDF] Info /hpcscratch/user/ikabadzh/root/tree/dataframe/src/RLoopManager.cxx:480 in void ROOT::Detail::RDF::RLoopManager::RunTreeReader()>: Processing trees {Events} in files {input_files/dimuon/f471.root}: entry range [0,61540412], using slot 0 in thread 140089609361152.
Info in <[ROOT.RDF] Info /hpcscratch/user/ikabadzh/root/tree/dataframe/src/RLoopManager.cxx:713 in void ROOT::Detail::RDF::RLoopManager::Jit()>: Just-in-time compilation phase completed in 2.480222 seconds.
Info in <[ROOT.RDF] Info /hpcscratch/user/ikabadzh/root/tree/dataframe/src/RLoopManager.cxx:480 in void ROOT::Detail::RDF::RLoopManager::RunTreeReader()>: Processing trees {Events} in files {input_files/dimuon/f448.root}: entry range [0,61540412], using slot 0 in thread 140606215038720.
Info in <[ROOT.RDF] Info /hpcscratch/user/ikabadzh/root/tree/dataframe/src/RLoopManager.cxx:713 in void ROOT::Detail::RDF::RLoopManager::Jit()>: Just-in-time compilation phase completed in 2.501229 seconds.
Info in <[ROOT.RDF] Info /hpcscratch/user/ikabadzh/root/tree/dataframe/src/RLoopManager.cxx:480 in void ROOT::Detail::RDF::RLoopManager::RunTreeReader()>: Processing trees {Events,Events} in files {input_files/dimuon/f475.root,input_files/dimuon/f476.root}: entry range [0,123080825], using slot 0 in thread 140446115686144.
Info in <[ROOT.RDF] Info /hpcscratch/user/ikabadzh/root/tree/dataframe/src/RLoopManager.cxx:713 in void ROOT::Detail::RDF::RLoopManager::Jit()>: Just-in-time compilation phase completed in 2.495300 seconds.
Info in <[ROOT.RDF] Info /hpcscratch/user/ikabadzh/root/tree/dataframe/src/RLoopManager.cxx:480 in void ROOT::Detail::RDF::RLoopManager::RunTreeReader()>: Processing trees {Events} in files {input_files/dimuon/f470.root}: entry range [0,61540412], using slot 0 in thread 140479177414400.
Info in <[ROOT.RDF] Info /hpcscratch/user/ikabadzh/root/tree/dataframe/src/RLoopManager.cxx:713 in void ROOT::Detail::RDF::RLoopManager::Jit()>: Just-in-time compilation phase completed in 2.506094 seconds.
Info in <[ROOT.RDF] Info /hpcscratch/user/ikabadzh/root/tree/dataframe/src/RLoopManager.cxx:480 in void ROOT::Detail::RDF::RLoopManager::RunTreeReader()>: Processing trees {Events} in files {input_files/dimuon/f479.root}: entry range [0,61540412], using slot 0 in thread 139772376327936.
Info in <[ROOT.RDF] Info /hpcscratch/user/ikabadzh/root/tree/dataframe/src/RLoopManager.cxx:713 in void ROOT::Detail::RDF::RLoopManager::Jit()>: Just-in-time compilation phase completed in 2.451311 seconds.
Info in <[ROOT.RDF] Info /hpcscratch/user/ikabadzh/root/tree/dataframe/src/RLoopManager.cxx:480 in void ROOT::Detail::RDF::RLoopManager::RunTreeReader()>: Processing trees {Events} in files {input_files/dimuon/f449.root}: entry range [0,61540412], using slot 0 in thread 139901095929600.
Info in <[ROOT.RDF] Info /hpcscratch/user/ikabadzh/root/tree/dataframe/src/RLoopManager.cxx:713 in void ROOT::Detail::RDF::RLoopManager::Jit()>: Just-in-time compilation phase completed in 2.623229 seconds.
Info in <[ROOT.RDF] Info /hpcscratch/user/ikabadzh/root/tree/dataframe/src/RLoopManager.cxx:480 in void ROOT::Detail::RDF::RLoopManager::RunTreeReader()>: Processing trees {Events} in files {input_files/dimuon/f449.root}: entry range [0,61540412], using slot 0 in thread 139840888448768.
Info in <[ROOT.RDF] Info /hpcscratch/user/ikabadzh/root/tree/dataframe/src/RLoopManager.cxx:713 in void ROOT::Detail::RDF::RLoopManager::Jit()>: Just-in-time compilation phase completed in 2.770495 seconds.
Info in <[ROOT.RDF] Info /hpcscratch/user/ikabadzh/root/tree/dataframe/src/RLoopManager.cxx:480 in void ROOT::Detail::RDF::RLoopManager::RunTreeReader()>: Processing trees {Events,Events} in files {input_files/dimuon/f471.root,input_files/dimuon/f472.root}: entry range [0,123080825], using slot 0 in thread 140673810704128.
Info in <[ROOT.RDF] Info /hpcscratch/user/ikabadzh/root/tree/dataframe/src/RLoopManager.cxx:713 in void ROOT::Detail::RDF::RLoopManager::Jit()>: Just-in-time compilation phase completed in 2.609697 seconds.
Info in <[ROOT.RDF] Info /hpcscratch/user/ikabadzh/root/tree/dataframe/src/RLoopManager.cxx:480 in void ROOT::Detail::RDF::RLoopManager::RunTreeReader()>: Processing trees {Events,Events} in files {input_files/dimuon/f449.root,input_files/dimuon/f450.root}: entry range [0,123080825], using slot 0 in thread 139871434925824.
Info in <[ROOT.RDF] Info /hpcscratch/user/ikabadzh/root/tree/dataframe/src/RLoopManager.cxx:713 in void ROOT::Detail::RDF::RLoopManager::Jit()>: Just-in-time compilation phase completed in 2.522781 seconds.
Info in <[ROOT.RDF] Info /hpcscratch/user/ikabadzh/root/tree/dataframe/src/RLoopManager.cxx:480 in void ROOT::Detail::RDF::RLoopManager::RunTreeReader()>: Processing trees {Events} in files {input_files/dimuon/f451.root}: entry range [0,61540412], using slot 0 in thread 139890776340224.
Info in <[ROOT.RDF] Info /hpcscratch/user/ikabadzh/root/tree/dataframe/src/RLoopManager.cxx:713 in void ROOT::Detail::RDF::RLoopManager::Jit()>: Just-in-time compilation phase completed in 2.440869 seconds.
Info in <[ROOT.RDF] Info /hpcscratch/user/ikabadzh/root/tree/dataframe/src/RLoopManager.cxx:480 in void ROOT::Detail::RDF::RLoopManager::RunTreeReader()>: Processing trees {Events} in files {input_files/dimuon/f483.root}: entry range [0,61540412], using slot 0 in thread 139743933441792.
Info in <[ROOT.RDF] Info /hpcscratch/user/ikabadzh/root/tree/dataframe/src/RLoopManager.cxx:713 in void ROOT::Detail::RDF::RLoopManager::Jit()>: Just-in-time compilation phase completed in 2.472546 seconds.
Info in <[ROOT.RDF] Info /hpcscratch/user/ikabadzh/root/tree/dataframe/src/RLoopManager.cxx:480 in void ROOT::Detail::RDF::RLoopManager::RunTreeReader()>: Processing trees {Events} in files {input_files/dimuon/f472.root}: entry range [0,61540412], using slot 0 in thread 140489258903296.
Info in <[ROOT.RDF] Info /hpcscratch/user/ikabadzh/root/tree/dataframe/src/RLoopManager.cxx:713 in void ROOT::Detail::RDF::RLoopManager::Jit()>: Just-in-time compilation phase completed in 2.477723 seconds.
Info in <[ROOT.RDF] Info /hpcscratch/user/ikabadzh/root/tree/dataframe/src/RLoopManager.cxx:480 in void ROOT::Detail::RDF::RLoopManager::RunTreeReader()>: Processing trees {Events} in files {input_files/dimuon/f474.root}: entry range [0,61540412], using slot 0 in thread 140316075738880.
Info in <[ROOT.RDF] Info /hpcscratch/user/ikabadzh/root/tree/dataframe/src/RLoopManager.cxx:713 in void ROOT::Detail::RDF::RLoopManager::Jit()>: Just-in-time compilation phase completed in 2.541943 seconds.
Info in <[ROOT.RDF] Info /hpcscratch/user/ikabadzh/root/tree/dataframe/src/RLoopManager.cxx:480 in void ROOT::Detail::RDF::RLoopManager::RunTreeReader()>: Processing trees {Events,Events} in files {input_files/dimuon/f451.root,input_files/dimuon/f452.root}: entry range [0,123080825], using slot 0 in thread 140602144868096.
Info in <[ROOT.RDF] Info /hpcscratch/user/ikabadzh/root/tree/dataframe/src/RLoopManager.cxx:713 in void ROOT::Detail::RDF::RLoopManager::Jit()>: Just-in-time compilation phase completed in 2.695005 seconds.
Info in <[ROOT.RDF] Info /hpcscratch/user/ikabadzh/root/tree/dataframe/src/RLoopManager.cxx:480 in void ROOT::Detail::RDF::RLoopManager::RunTreeReader()>: Processing trees {Events} in files {input_files/dimuon/f447.root}: entry range [0,61540412], using slot 0 in thread 140661560829696.
Info in <[ROOT.RDF] Info /hpcscratch/user/ikabadzh/root/tree/dataframe/src/RLoopManager.cxx:713 in void ROOT::Detail::RDF::RLoopManager::Jit()>: Just-in-time compilation phase completed in 2.475759 seconds.
Info in <[ROOT.RDF] Info /hpcscratch/user/ikabadzh/root/tree/dataframe/src/RLoopManager.cxx:480 in void ROOT::Detail::RDF::RLoopManager::RunTreeReader()>: Processing trees {Events} in files {input_files/dimuon/f478.root}: entry range [0,61540412], using slot 0 in thread 140513572460288.
Info in <[ROOT.RDF] Info /hpcscratch/user/ikabadzh/root/tree/dataframe/src/RLoopManager.cxx:713 in void ROOT::Detail::RDF::RLoopManager::Jit()>: Just-in-time compilation phase completed in 2.521318 seconds.
Info in <[ROOT.RDF] Info /hpcscratch/user/ikabadzh/root/tree/dataframe/src/RLoopManager.cxx:480 in void ROOT::Detail::RDF::RLoopManager::RunTreeReader()>: Processing trees {Events,Events} in files {input_files/dimuon/f477.root,input_files/dimuon/f478.root}: entry range [0,123080825], using slot 0 in thread 140432821253888.
Info in <[ROOT.RDF] Info /hpcscratch/user/ikabadzh/root/tree/dataframe/src/RLoopManager.cxx:713 in void ROOT::Detail::RDF::RLoopManager::Jit()>: Just-in-time compilation phase completed in 2.490715 seconds.
Info in <[ROOT.RDF] Info /hpcscratch/user/ikabadzh/root/tree/dataframe/src/RLoopManager.cxx:480 in void ROOT::Detail::RDF::RLoopManager::RunTreeReader()>: Processing trees {Events} in files {input_files/dimuon/f474.root}: entry range [0,61540412], using slot 0 in thread 139963254236928.
Info in <[ROOT.RDF] Info /hpcscratch/user/ikabadzh/root/tree/dataframe/src/RLoopManager.cxx:713 in void ROOT::Detail::RDF::RLoopManager::Jit()>: Just-in-time compilation phase completed in 2.457620 seconds.
Info in <[ROOT.RDF] Info /hpcscratch/user/ikabadzh/root/tree/dataframe/src/RLoopManager.cxx:480 in void ROOT::Detail::RDF::RLoopManager::RunTreeReader()>: Processing trees {Events,Events} in files {input_files/dimuon/f476.root,input_files/dimuon/f477.root}: entry range [0,123080825], using slot 0 in thread 139919781422848.
Info in <[ROOT.RDF] Info /hpcscratch/user/ikabadzh/root/tree/dataframe/src/RLoopManager.cxx:713 in void ROOT::Detail::RDF::RLoopManager::Jit()>: Just-in-time compilation phase completed in 2.577207 seconds.
Info in <[ROOT.RDF] Info /hpcscratch/user/ikabadzh/root/tree/dataframe/src/RLoopManager.cxx:480 in void ROOT::Detail::RDF::RLoopManager::RunTreeReader()>: Processing trees {Events} in files {input_files/dimuon/f477.root}: entry range [0,61540412], using slot 0 in thread 139950990493440.
Info in <[ROOT.RDF] Info /hpcscratch/user/ikabadzh/root/tree/dataframe/src/RLoopManager.cxx:713 in void ROOT::Detail::RDF::RLoopManager::Jit()>: Just-in-time compilation phase completed in 2.507018 seconds.
Info in <[ROOT.RDF] Info /hpcscratch/user/ikabadzh/root/tree/dataframe/src/RLoopManager.cxx:480 in void ROOT::Detail::RDF::RLoopManager::RunTreeReader()>: Processing trees {Events} in files {input_files/dimuon/f480.root}: entry range [0,61540412], using slot 0 in thread 139858161911552.
Info in <[ROOT.RDF] Info /hpcscratch/user/ikabadzh/root/tree/dataframe/src/RLoopManager.cxx:713 in void ROOT::Detail::RDF::RLoopManager::Jit()>: Just-in-time compilation phase completed in 2.522728 seconds.
Info in <[ROOT.RDF] Info /hpcscratch/user/ikabadzh/root/tree/dataframe/src/RLoopManager.cxx:480 in void ROOT::Detail::RDF::RLoopManager::RunTreeReader()>: Processing trees {Events} in files {input_files/dimuon/f482.root}: entry range [0,61540412], using slot 0 in thread 140106836965120.
Info in <[ROOT.RDF] Info /hpcscratch/user/ikabadzh/root/tree/dataframe/src/RLoopManager.cxx:713 in void ROOT::Detail::RDF::RLoopManager::Jit()>: Just-in-time compilation phase completed in 2.495258 seconds.
Info in <[ROOT.RDF] Info /hpcscratch/user/ikabadzh/root/tree/dataframe/src/RLoopManager.cxx:480 in void ROOT::Detail::RDF::RLoopManager::RunTreeReader()>: Processing trees {Events,Events} in files {input_files/dimuon/f484.root,input_files/dimuon/f485.root}: entry range [0,123080825], using slot 0 in thread 140351442360064.
Info in <[ROOT.RDF] Info /hpcscratch/user/ikabadzh/root/tree/dataframe/src/RLoopManager.cxx:713 in void ROOT::Detail::RDF::RLoopManager::Jit()>: Just-in-time compilation phase completed in 2.727419 seconds.
Info in <[ROOT.RDF] Info /hpcscratch/user/ikabadzh/root/tree/dataframe/src/RLoopManager.cxx:480 in void ROOT::Detail::RDF::RLoopManager::RunTreeReader()>: Processing trees {Events} in files {input_files/dimuon/f481.root}: entry range [0,61540412], using slot 0 in thread 139894073702144.
Info in <[ROOT.RDF] Info /hpcscratch/user/ikabadzh/root/tree/dataframe/src/RLoopManager.cxx:713 in void ROOT::Detail::RDF::RLoopManager::Jit()>: Just-in-time compilation phase completed in 2.745699 seconds.
Info in <[ROOT.RDF] Info /hpcscratch/user/ikabadzh/root/tree/dataframe/src/RLoopManager.cxx:480 in void ROOT::Detail::RDF::RLoopManager::RunTreeReader()>: Processing trees {Events} in files {input_files/dimuon/f483.root}: entry range [0,61540412], using slot 0 in thread 139982264256256.
Info in <[ROOT.RDF] Info /hpcscratch/user/ikabadzh/root/tree/dataframe/src/RLoopManager.cxx:713 in void ROOT::Detail::RDF::RLoopManager::Jit()>: Just-in-time compilation phase completed in 2.862941 seconds.
Info in <[ROOT.RDF] Info /hpcscratch/user/ikabadzh/root/tree/dataframe/src/RLoopManager.cxx:480 in void ROOT::Detail::RDF::RLoopManager::RunTreeReader()>: Processing trees {Events} in files {input_files/dimuon/f452.root}: entry range [0,61540412], using slot 0 in thread 140590755776256.
Info in <[ROOT.RDF] Info /hpcscratch/user/ikabadzh/root/tree/dataframe/src/RLoopManager.cxx:713 in void ROOT::Detail::RDF::RLoopManager::Jit()>: Just-in-time compilation phase completed in 3.062416 seconds.
Info in <[ROOT.RDF] Info /hpcscratch/user/ikabadzh/root/tree/dataframe/src/RLoopManager.cxx:480 in void ROOT::Detail::RDF::RLoopManager::RunTreeReader()>: Processing trees {Events} in files {input_files/dimuon/f481.root}: entry range [0,61540412], using slot 0 in thread 140553845409536.
Info in <[ROOT.RDF] Info /hpcscratch/user/ikabadzh/root/tree/dataframe/src/RLoopManager.cxx:713 in void ROOT::Detail::RDF::RLoopManager::Jit()>: Just-in-time compilation phase completed in 2.939794 seconds.
Info in <[ROOT.RDF] Info /hpcscratch/user/ikabadzh/root/tree/dataframe/src/RLoopManager.cxx:480 in void ROOT::Detail::RDF::RLoopManager::RunTreeReader()>: Processing trees {Events} in files {input_files/dimuon/f450.root}: entry range [0,61540412], using slot 0 in thread 140248736233216.
Info in <[ROOT.RDF] Info /hpcscratch/user/ikabadzh/root/tree/dataframe/src/RLoopManager.cxx:762 in void ROOT::Detail::RDF::RLoopManager::Run()>: Finished event loop number 0 (9.15s CPU, 9.19444s elapsed).
Info in <[ROOT.RDF] Info /hpcscratch/user/ikabadzh/root/tree/dataframe/src/RLoopManager.cxx:762 in void ROOT::Detail::RDF::RLoopManager::Run()>: Finished event loop number 0 (8.81s CPU, 9.20865s elapsed).
Info in <[ROOT.RDF] Info /hpcscratch/user/ikabadzh/root/tree/dataframe/src/RLoopManager.cxx:762 in void ROOT::Detail::RDF::RLoopManager::Run()>: Finished event loop number 0 (9.11s CPU, 9.18389s elapsed).
Info in <[ROOT.RDF] Info /hpcscratch/user/ikabadzh/root/tree/dataframe/src/RLoopManager.cxx:762 in void ROOT::Detail::RDF::RLoopManager::Run()>: Finished event loop number 0 (8.9s CPU, 8.87158s elapsed).
Info in <[ROOT.RDF] Info /hpcscratch/user/ikabadzh/root/tree/dataframe/src/RLoopManager.cxx:738 in void ROOT::Detail::RDF::RLoopManager::Run()>: Starting event loop number 0.
Info in <[ROOT.RDF] Info /hpcscratch/user/ikabadzh/root/tree/dataframe/src/RLoopManager.cxx:738 in void ROOT::Detail::RDF::RLoopManager::Run()>: Starting event loop number 0.
Info in <[ROOT.RDF] Info /hpcscratch/user/ikabadzh/root/tree/dataframe/src/RLoopManager.cxx:762 in void ROOT::Detail::RDF::RLoopManager::Run()>: Finished event loop number 0 (9.06s CPU, 9.14456s elapsed).
Info in <[ROOT.RDF] Info /hpcscratch/user/ikabadzh/root/tree/dataframe/src/RLoopManager.cxx:762 in void ROOT::Detail::RDF::RLoopManager::Run()>: Finished event loop number 0 (8.76s CPU, 8.92341s elapsed).
Info in <[ROOT.RDF] Info /hpcscratch/user/ikabadzh/root/tree/dataframe/src/RLoopManager.cxx:738 in void ROOT::Detail::RDF::RLoopManager::Run()>: Starting event loop number 0.
Info in <[ROOT.RDF] Info /hpcscratch/user/ikabadzh/root/tree/dataframe/src/RLoopManager.cxx:762 in void ROOT::Detail::RDF::RLoopManager::Run()>: Finished event loop number 0 (8.79s CPU, 9.34709s elapsed).
Info in <[ROOT.RDF] Info /hpcscratch/user/ikabadzh/root/tree/dataframe/src/RLoopManager.cxx:762 in void ROOT::Detail::RDF::RLoopManager::Run()>: Finished event loop number 0 (8.89s CPU, 9.07614s elapsed).
Info in <[ROOT.RDF] Info /hpcscratch/user/ikabadzh/root/tree/dataframe/src/RLoopManager.cxx:762 in void ROOT::Detail::RDF::RLoopManager::Run()>: Finished event loop number 0 (8.89s CPU, 8.96451s elapsed).
Info in <[ROOT.RDF] Info /hpcscratch/user/ikabadzh/root/tree/dataframe/src/RLoopManager.cxx:738 in void ROOT::Detail::RDF::RLoopManager::Run()>: Starting event loop number 0.
Info in <[ROOT.RDF] Info /hpcscratch/user/ikabadzh/root/tree/dataframe/src/RLoopManager.cxx:762 in void ROOT::Detail::RDF::RLoopManager::Run()>: Finished event loop number 0 (8.88s CPU, 8.87898s elapsed).
Info in <[ROOT.RDF] Info /hpcscratch/user/ikabadzh/root/tree/dataframe/src/RLoopManager.cxx:762 in void ROOT::Detail::RDF::RLoopManager::Run()>: Finished event loop number 0 (8.76s CPU, 9.10498s elapsed).
Info in <[ROOT.RDF] Info /hpcscratch/user/ikabadzh/root/tree/dataframe/src/RLoopManager.cxx:762 in void ROOT::Detail::RDF::RLoopManager::Run()>: Finished event loop number 0 (8.82s CPU, 8.86864s elapsed).
Info in <[ROOT.RDF] Info /hpcscratch/user/ikabadzh/root/tree/dataframe/src/RLoopManager.cxx:762 in void ROOT::Detail::RDF::RLoopManager::Run()>: Finished event loop number 0 (8.92s CPU, 9.28065s elapsed).
Info in <[ROOT.RDF] Info /hpcscratch/user/ikabadzh/root/tree/dataframe/src/RLoopManager.cxx:762 in void ROOT::Detail::RDF::RLoopManager::Run()>: Finished event loop number 0 (9.13s CPU, 9.15361s elapsed).
Info in <[ROOT.RDF] Info /hpcscratch/user/ikabadzh/root/tree/dataframe/src/RLoopManager.cxx:762 in void ROOT::Detail::RDF::RLoopManager::Run()>: Finished event loop number 0 (9.62s CPU, 9.78574s elapsed).
Info in <[ROOT.RDF] Info /hpcscratch/user/ikabadzh/root/tree/dataframe/src/RLoopManager.cxx:738 in void ROOT::Detail::RDF::RLoopManager::Run()>: Starting event loop number 0.
Info in <[ROOT.RDF] Info /hpcscratch/user/ikabadzh/root/tree/dataframe/src/RLoopManager.cxx:762 in void ROOT::Detail::RDF::RLoopManager::Run()>: Finished event loop number 0 (8.81s CPU, 9.10793s elapsed).
Info in <[ROOT.RDF] Info /hpcscratch/user/ikabadzh/root/tree/dataframe/src/RLoopManager.cxx:762 in void ROOT::Detail::RDF::RLoopManager::Run()>: Finished event loop number 0 (9.18s CPU, 9.2381s elapsed).
Info in <[ROOT.RDF] Info /hpcscratch/user/ikabadzh/root/tree/dataframe/src/RLoopManager.cxx:762 in void ROOT::Detail::RDF::RLoopManager::Run()>: Finished event loop number 0 (8.75s CPU, 8.91677s elapsed).
Info in <[ROOT.RDF] Info /hpcscratch/user/ikabadzh/root/tree/dataframe/src/RLoopManager.cxx:738 in void ROOT::Detail::RDF::RLoopManager::Run()>: Starting event loop number 0.
Info in <[ROOT.RDF] Info /hpcscratch/user/ikabadzh/root/tree/dataframe/src/RLoopManager.cxx:762 in void ROOT::Detail::RDF::RLoopManager::Run()>: Finished event loop number 0 (8.97s CPU, 9.08274s elapsed).
Info in <[ROOT.RDF] Info /hpcscratch/user/ikabadzh/root/tree/dataframe/src/RLoopManager.cxx:762 in void ROOT::Detail::RDF::RLoopManager::Run()>: Finished event loop number 0 (9.17s CPU, 9.38492s elapsed).
Info in <[ROOT.RDF] Info /hpcscratch/user/ikabadzh/root/tree/dataframe/src/RLoopManager.cxx:713 in void ROOT::Detail::RDF::RLoopManager::Jit()>: Just-in-time compilation phase completed in 0.923019 seconds.
Info in <[ROOT.RDF] Info /hpcscratch/user/ikabadzh/root/tree/dataframe/src/RLoopManager.cxx:480 in void ROOT::Detail::RDF::RLoopManager::RunTreeReader()>: Processing trees {Events} in files {input_files/dimuon/f473.root}: entry range [0,61540412], using slot 0 in thread 140232255432448.
Info in <[ROOT.RDF] Info /hpcscratch/user/ikabadzh/root/tree/dataframe/src/RLoopManager.cxx:713 in void ROOT::Detail::RDF::RLoopManager::Jit()>: Just-in-time compilation phase completed in 0.907364 seconds.
Info in <[ROOT.RDF] Info /hpcscratch/user/ikabadzh/root/tree/dataframe/src/RLoopManager.cxx:480 in void ROOT::Detail::RDF::RLoopManager::RunTreeReader()>: Processing trees {Events} in files {input_files/dimuon/f453.root}: entry range [0,61540412], using slot 0 in thread 140300930012928.
Info in <[ROOT.RDF] Info /hpcscratch/user/ikabadzh/root/tree/dataframe/src/RLoopManager.cxx:762 in void ROOT::Detail::RDF::RLoopManager::Run()>: Finished event loop number 0 (9.36s CPU, 9.48417s elapsed).
Info in <[ROOT.RDF] Info /hpcscratch/user/ikabadzh/root/tree/dataframe/src/RLoopManager.cxx:738 in void ROOT::Detail::RDF::RLoopManager::Run()>: Starting event loop number 0.
Info in <[ROOT.RDF] Info /hpcscratch/user/ikabadzh/root/tree/dataframe/src/RLoopManager.cxx:762 in void ROOT::Detail::RDF::RLoopManager::Run()>: Finished event loop number 0 (9.15s CPU, 9.42818s elapsed).
Info in <[ROOT.RDF] Info /hpcscratch/user/ikabadzh/root/tree/dataframe/src/RLoopManager.cxx:713 in void ROOT::Detail::RDF::RLoopManager::Jit()>: Just-in-time compilation phase completed in 0.913199 seconds.
Info in <[ROOT.RDF] Info /hpcscratch/user/ikabadzh/root/tree/dataframe/src/RLoopManager.cxx:480 in void ROOT::Detail::RDF::RLoopManager::RunTreeReader()>: Processing trees {Events,Events} in files {input_files/dimuon/f453.root,input_files/dimuon/f454.root}: entry range [0,123080825], using slot 0 in thread 140059683256064.
Info in <[ROOT.RDF] Info /hpcscratch/user/ikabadzh/root/tree/dataframe/src/RLoopManager.cxx:762 in void ROOT::Detail::RDF::RLoopManager::Run()>: Finished event loop number 0 (9.66s CPU, 9.87889s elapsed).
Info in <[ROOT.RDF] Info /hpcscratch/user/ikabadzh/root/tree/dataframe/src/RLoopManager.cxx:762 in void ROOT::Detail::RDF::RLoopManager::Run()>: Finished event loop number 0 (9.49s CPU, 9.68598s elapsed).
Info in <[ROOT.RDF] Info /hpcscratch/user/ikabadzh/root/tree/dataframe/src/RLoopManager.cxx:762 in void ROOT::Detail::RDF::RLoopManager::Run()>: Finished event loop number 0 (9.28s CPU, 9.48033s elapsed).
Info in <[ROOT.RDF] Info /hpcscratch/user/ikabadzh/root/tree/dataframe/src/RLoopManager.cxx:713 in void ROOT::Detail::RDF::RLoopManager::Jit()>: Just-in-time compilation phase completed in 0.913217 seconds.
Info in <[ROOT.RDF] Info /hpcscratch/user/ikabadzh/root/tree/dataframe/src/RLoopManager.cxx:480 in void ROOT::Detail::RDF::RLoopManager::RunTreeReader()>: Processing trees {Events,Events} in files {input_files/dimuon/f447.root,input_files/dimuon/f448.root}: entry range [0,123080825], using slot 0 in thread 140606215038720.
Info in <[ROOT.RDF] Info /hpcscratch/user/ikabadzh/root/tree/dataframe/src/RLoopManager.cxx:762 in void ROOT::Detail::RDF::RLoopManager::Run()>: Finished event loop number 0 (9.18s CPU, 9.39s elapsed).
Info in <[ROOT.RDF] Info /hpcscratch/user/ikabadzh/root/tree/dataframe/src/RLoopManager.cxx:762 in void ROOT::Detail::RDF::RLoopManager::Run()>: Finished event loop number 0 (9.26s CPU, 9.62998s elapsed).
Info in <[ROOT.RDF] Info /hpcscratch/user/ikabadzh/root/tree/dataframe/src/RLoopManager.cxx:738 in void ROOT::Detail::RDF::RLoopManager::Run()>: Starting event loop number 0.
Info in <[ROOT.RDF] Info /hpcscratch/user/ikabadzh/root/tree/dataframe/src/RLoopManager.cxx:762 in void ROOT::Detail::RDF::RLoopManager::Run()>: Finished event loop number 0 (9.53s CPU, 9.78957s elapsed).
Info in <[ROOT.RDF] Info /hpcscratch/user/ikabadzh/root/tree/dataframe/src/RLoopManager.cxx:738 in void ROOT::Detail::RDF::RLoopManager::Run()>: Starting event loop number 0.
Info in <[ROOT.RDF] Info /hpcscratch/user/ikabadzh/root/tree/dataframe/src/RLoopManager.cxx:762 in void ROOT::Detail::RDF::RLoopManager::Run()>: Finished event loop number 0 (9.31s CPU, 9.83849s elapsed).
Info in <[ROOT.RDF] Info /hpcscratch/user/ikabadzh/root/tree/dataframe/src/RLoopManager.cxx:762 in void ROOT::Detail::RDF::RLoopManager::Run()>: Finished event loop number 0 (9.69s CPU, 9.88627s elapsed).
Info in <[ROOT.RDF] Info /hpcscratch/user/ikabadzh/root/tree/dataframe/src/RLoopManager.cxx:762 in void ROOT::Detail::RDF::RLoopManager::Run()>: Finished event loop number 0 (9.27s CPU, 10.1247s elapsed).
Info in <[ROOT.RDF] Info /hpcscratch/user/ikabadzh/root/tree/dataframe/src/RLoopManager.cxx:713 in void ROOT::Detail::RDF::RLoopManager::Jit()>: Just-in-time compilation phase completed in 0.909350 seconds.
Info in <[ROOT.RDF] Info /hpcscratch/user/ikabadzh/root/tree/dataframe/src/RLoopManager.cxx:480 in void ROOT::Detail::RDF::RLoopManager::RunTreeReader()>: Processing trees {Events} in files {input_files/dimuon/f478.root}: entry range [0,61540412], using slot 0 in thread 139772376327936.
Info in <[ROOT.RDF] Info /hpcscratch/user/ikabadzh/root/tree/dataframe/src/RLoopManager.cxx:738 in void ROOT::Detail::RDF::RLoopManager::Run()>: Starting event loop number 0.
Info in <[ROOT.RDF] Info /hpcscratch/user/ikabadzh/root/tree/dataframe/src/RLoopManager.cxx:738 in void ROOT::Detail::RDF::RLoopManager::Run()>: Starting event loop number 0.
Info in <[ROOT.RDF] Info /hpcscratch/user/ikabadzh/root/tree/dataframe/src/RLoopManager.cxx:738 in void ROOT::Detail::RDF::RLoopManager::Run()>: Starting event loop number 0.
Info in <[ROOT.RDF] Info /hpcscratch/user/ikabadzh/root/tree/dataframe/src/RLoopManager.cxx:713 in void ROOT::Detail::RDF::RLoopManager::Jit()>: Just-in-time compilation phase completed in 0.902075 seconds.
Info in <[ROOT.RDF] Info /hpcscratch/user/ikabadzh/root/tree/dataframe/src/RLoopManager.cxx:480 in void ROOT::Detail::RDF::RLoopManager::RunTreeReader()>: Processing trees {Events} in files {input_files/dimuon/f476.root}: entry range [0,61540412], using slot 0 in thread 140446115686144.
Info in <[ROOT.RDF] Info /hpcscratch/user/ikabadzh/root/tree/dataframe/src/RLoopManager.cxx:738 in void ROOT::Detail::RDF::RLoopManager::Run()>: Starting event loop number 0.
Info in <[ROOT.RDF] Info /hpcscratch/user/ikabadzh/root/tree/dataframe/src/RLoopManager.cxx:738 in void ROOT::Detail::RDF::RLoopManager::Run()>: Starting event loop number 0.
Info in <[ROOT.RDF] Info /hpcscratch/user/ikabadzh/root/tree/dataframe/src/RLoopManager.cxx:738 in void ROOT::Detail::RDF::RLoopManager::Run()>: Starting event loop number 0.
Info in <[ROOT.RDF] Info /hpcscratch/user/ikabadzh/root/tree/dataframe/src/RLoopManager.cxx:713 in void ROOT::Detail::RDF::RLoopManager::Jit()>: Just-in-time compilation phase completed in 0.904198 seconds.
Info in <[ROOT.RDF] Info /hpcscratch/user/ikabadzh/root/tree/dataframe/src/RLoopManager.cxx:480 in void ROOT::Detail::RDF::RLoopManager::RunTreeReader()>: Processing trees {Events} in files {input_files/dimuon/f469.root}: entry range [0,61540412], using slot 0 in thread 140479177414400.
Info in <[ROOT.RDF] Info /hpcscratch/user/ikabadzh/root/tree/dataframe/src/RLoopManager.cxx:762 in void ROOT::Detail::RDF::RLoopManager::Run()>: Finished event loop number 0 (9.26s CPU, 10.158s elapsed).
Info in <[ROOT.RDF] Info /hpcscratch/user/ikabadzh/root/tree/dataframe/src/RLoopManager.cxx:738 in void ROOT::Detail::RDF::RLoopManager::Run()>: Starting event loop number 0.
Info in <[ROOT.RDF] Info /hpcscratch/user/ikabadzh/root/tree/dataframe/src/RLoopManager.cxx:738 in void ROOT::Detail::RDF::RLoopManager::Run()>: Starting event loop number 0.
Info in <[ROOT.RDF] Info /hpcscratch/user/ikabadzh/root/tree/dataframe/src/RLoopManager.cxx:738 in void ROOT::Detail::RDF::RLoopManager::Run()>: Starting event loop number 0.
Info in <[ROOT.RDF] Info /hpcscratch/user/ikabadzh/root/tree/dataframe/src/RLoopManager.cxx:738 in void ROOT::Detail::RDF::RLoopManager::Run()>: Starting event loop number 0.
Info in <[ROOT.RDF] Info /hpcscratch/user/ikabadzh/root/tree/dataframe/src/RLoopManager.cxx:713 in void ROOT::Detail::RDF::RLoopManager::Jit()>: Just-in-time compilation phase completed in 0.902059 seconds.
Info in <[ROOT.RDF] Info /hpcscratch/user/ikabadzh/root/tree/dataframe/src/RLoopManager.cxx:480 in void ROOT::Detail::RDF::RLoopManager::RunTreeReader()>: Processing trees {Events} in files {input_files/dimuon/f472.root}: entry range [0,61540412], using slot 0 in thread 140489258903296.
Info in <[ROOT.RDF] Info /hpcscratch/user/ikabadzh/root/tree/dataframe/src/RLoopManager.cxx:713 in void ROOT::Detail::RDF::RLoopManager::Jit()>: Just-in-time compilation phase completed in 0.901654 seconds.
Info in <[ROOT.RDF] Info /hpcscratch/user/ikabadzh/root/tree/dataframe/src/RLoopManager.cxx:480 in void ROOT::Detail::RDF::RLoopManager::RunTreeReader()>: Processing trees {Events} in files {input_files/dimuon/f484.root}: entry range [0,61540412], using slot 0 in thread 140089609361152.
Info in <[ROOT.RDF] Info /hpcscratch/user/ikabadzh/root/tree/dataframe/src/RLoopManager.cxx:738 in void ROOT::Detail::RDF::RLoopManager::Run()>: Starting event loop number 0.
Info in <[ROOT.RDF] Info /hpcscratch/user/ikabadzh/root/tree/dataframe/src/RLoopManager.cxx:738 in void ROOT::Detail::RDF::RLoopManager::Run()>: Starting event loop number 0.
Info in <[ROOT.RDF] Info /hpcscratch/user/ikabadzh/root/tree/dataframe/src/RLoopManager.cxx:713 in void ROOT::Detail::RDF::RLoopManager::Jit()>: Just-in-time compilation phase completed in 0.912298 seconds.
Info in <[ROOT.RDF] Info /hpcscratch/user/ikabadzh/root/tree/dataframe/src/RLoopManager.cxx:480 in void ROOT::Detail::RDF::RLoopManager::RunTreeReader()>: Processing trees {Events} in files {input_files/dimuon/f477.root}: entry range [0,61540412], using slot 0 in thread 139950990493440.
Info in <[ROOT.RDF] Info /hpcscratch/user/ikabadzh/root/tree/dataframe/src/RLoopManager.cxx:713 in void ROOT::Detail::RDF::RLoopManager::Jit()>: Just-in-time compilation phase completed in 0.900680 seconds.
Info in <[ROOT.RDF] Info /hpcscratch/user/ikabadzh/root/tree/dataframe/src/RLoopManager.cxx:480 in void ROOT::Detail::RDF::RLoopManager::RunTreeReader()>: Processing trees {Events} in files {input_files/dimuon/f448.root}: entry range [0,61540412], using slot 0 in thread 139840888448768.
Info in <[ROOT.RDF] Info /hpcscratch/user/ikabadzh/root/tree/dataframe/src/RLoopManager.cxx:713 in void ROOT::Detail::RDF::RLoopManager::Jit()>: Just-in-time compilation phase completed in 0.900966 seconds.
Info in <[ROOT.RDF] Info /hpcscratch/user/ikabadzh/root/tree/dataframe/src/RLoopManager.cxx:480 in void ROOT::Detail::RDF::RLoopManager::RunTreeReader()>: Processing trees {Events} in files {input_files/dimuon/f449.root}: entry range [0,61540412], using slot 0 in thread 139871434925824.
Info in <[ROOT.RDF] Info /hpcscratch/user/ikabadzh/root/tree/dataframe/src/RLoopManager.cxx:713 in void ROOT::Detail::RDF::RLoopManager::Jit()>: Just-in-time compilation phase completed in 0.912531 seconds.
Info in <[ROOT.RDF] Info /hpcscratch/user/ikabadzh/root/tree/dataframe/src/RLoopManager.cxx:480 in void ROOT::Detail::RDF::RLoopManager::RunTreeReader()>: Processing trees {Events} in files {input_files/dimuon/f451.root}: entry range [0,61540412], using slot 0 in thread 140602144868096.
Info in <[ROOT.RDF] Info /hpcscratch/user/ikabadzh/root/tree/dataframe/src/RLoopManager.cxx:713 in void ROOT::Detail::RDF::RLoopManager::Jit()>: Just-in-time compilation phase completed in 0.902235 seconds.
Info in <[ROOT.RDF] Info /hpcscratch/user/ikabadzh/root/tree/dataframe/src/RLoopManager.cxx:480 in void ROOT::Detail::RDF::RLoopManager::RunTreeReader()>: Processing trees {Events} in files {input_files/dimuon/f471.root}: entry range [0,61540412], using slot 0 in thread 140673810704128.
tornado.application - ERROR - Exception in callback functools.partial(<bound method IOLoop._discard_future_result of <tornado.platform.asyncio.AsyncIOLoop object at 0x7f3262dd6cd0>>, <Task finished name='Task-11' coro=<Worker.heartbeat() done, defined at /hpcscratch/user/ikabadzh/mambaforge/envs/myenv/lib/python3.9/site-packages/distributed/worker.py:992> exception=OSError('Timed out during handshake while connecting to tcp://188.185.68.194:42727 after 30 s')>)
Traceback (most recent call last):
  File "/hpcscratch/user/ikabadzh/mambaforge/envs/myenv/lib/python3.9/site-packages/distributed/comm/tcp.py", line 198, in read
    frames_nbytes = await stream.read_bytes(fmt_size)
asyncio.exceptions.CancelledError

During handling of the above exception, another exception occurred:

Traceback (most recent call last):
  File "/hpcscratch/user/ikabadzh/mambaforge/envs/myenv/lib/python3.9/asyncio/tasks.py", line 492, in wait_for
    fut.result()
asyncio.exceptions.CancelledError

The above exception was the direct cause of the following exception:

Traceback (most recent call last):
  File "/hpcscratch/user/ikabadzh/mambaforge/envs/myenv/lib/python3.9/site-packages/distributed/comm/core.py", line 318, in connect
    handshake = await asyncio.wait_for(comm.read(), time_left())
  File "/hpcscratch/user/ikabadzh/mambaforge/envs/myenv/lib/python3.9/asyncio/tasks.py", line 494, in wait_for
    raise exceptions.TimeoutError() from exc
asyncio.exceptions.TimeoutError

The above exception was the direct cause of the following exception:

Traceback (most recent call last):
  File "/hpcscratch/user/ikabadzh/mambaforge/envs/myenv/lib/python3.9/site-packages/tornado/ioloop.py", line 741, in _run_callback
    ret = callback()
  File "/hpcscratch/user/ikabadzh/mambaforge/envs/myenv/lib/python3.9/site-packages/tornado/ioloop.py", line 765, in _discard_future_result
    future.result()
  File "/hpcscratch/user/ikabadzh/mambaforge/envs/myenv/lib/python3.9/site-packages/distributed/worker.py", line 1041, in heartbeat
    raise e
  File "/hpcscratch/user/ikabadzh/mambaforge/envs/myenv/lib/python3.9/site-packages/distributed/worker.py", line 1001, in heartbeat
    response = await retry_operation(
  File "/hpcscratch/user/ikabadzh/mambaforge/envs/myenv/lib/python3.9/site-packages/distributed/utils_comm.py", line 385, in retry_operation
    return await retry(
  File "/hpcscratch/user/ikabadzh/mambaforge/envs/myenv/lib/python3.9/site-packages/distributed/utils_comm.py", line 370, in retry
    return await coro()
  File "/hpcscratch/user/ikabadzh/mambaforge/envs/myenv/lib/python3.9/site-packages/distributed/core.py", line 871, in send_recv_from_rpc
    comm = await self.pool.connect(self.addr)
  File "/hpcscratch/user/ikabadzh/mambaforge/envs/myenv/lib/python3.9/site-packages/distributed/core.py", line 1059, in connect
    raise exc
  File "/hpcscratch/user/ikabadzh/mambaforge/envs/myenv/lib/python3.9/site-packages/distributed/core.py", line 1043, in connect
    comm = await fut
  File "/hpcscratch/user/ikabadzh/mambaforge/envs/myenv/lib/python3.9/site-packages/distributed/comm/core.py", line 323, in connect
    raise OSError(
OSError: Timed out during handshake while connecting to tcp://188.185.68.194:42727 after 30 s
tornado.application - ERROR - Exception in callback functools.partial(<bound method IOLoop._discard_future_result of <tornado.platform.asyncio.AsyncIOLoop object at 0x7fa524abccd0>>, <Task finished name='Task-11' coro=<Worker.heartbeat() done, defined at /hpcscratch/user/ikabadzh/mambaforge/envs/myenv/lib/python3.9/site-packages/distributed/worker.py:992> exception=OSError('Timed out during handshake while connecting to tcp://188.185.68.194:42727 after 30 s')>)
Traceback (most recent call last):
  File "/hpcscratch/user/ikabadzh/mambaforge/envs/myenv/lib/python3.9/site-packages/distributed/comm/tcp.py", line 198, in read
    frames_nbytes = await stream.read_bytes(fmt_size)
asyncio.exceptions.CancelledError

During handling of the above exception, another exception occurred:

Traceback (most recent call last):
  File "/hpcscratch/user/ikabadzh/mambaforge/envs/myenv/lib/python3.9/asyncio/tasks.py", line 492, in wait_for
    fut.result()
asyncio.exceptions.CancelledError

The above exception was the direct cause of the following exception:

Traceback (most recent call last):
  File "/hpcscratch/user/ikabadzh/mambaforge/envs/myenv/lib/python3.9/site-packages/distributed/comm/core.py", line 318, in connect
    handshake = await asyncio.wait_for(comm.read(), time_left())
  File "/hpcscratch/user/ikabadzh/mambaforge/envs/myenv/lib/python3.9/asyncio/tasks.py", line 494, in wait_for
    raise exceptions.TimeoutError() from exc
asyncio.exceptions.TimeoutError

The above exception was the direct cause of the following exception:

Traceback (most recent call last):
  File "/hpcscratch/user/ikabadzh/mambaforge/envs/myenv/lib/python3.9/site-packages/tornado/ioloop.py", line 741, in _run_callback
    ret = callback()
  File "/hpcscratch/user/ikabadzh/mambaforge/envs/myenv/lib/python3.9/site-packages/tornado/ioloop.py", line 765, in _discard_future_result
    future.result()
  File "/hpcscratch/user/ikabadzh/mambaforge/envs/myenv/lib/python3.9/site-packages/distributed/worker.py", line 1041, in heartbeat
    raise e
  File "/hpcscratch/user/ikabadzh/mambaforge/envs/myenv/lib/python3.9/site-packages/distributed/worker.py", line 1001, in heartbeat
    response = await retry_operation(
  File "/hpcscratch/user/ikabadzh/mambaforge/envs/myenv/lib/python3.9/site-packages/distributed/utils_comm.py", line 385, in retry_operation
    return await retry(
  File "/hpcscratch/user/ikabadzh/mambaforge/envs/myenv/lib/python3.9/site-packages/distributed/utils_comm.py", line 370, in retry
    return await coro()
  File "/hpcscratch/user/ikabadzh/mambaforge/envs/myenv/lib/python3.9/site-packages/distributed/core.py", line 871, in send_recv_from_rpc
    comm = await self.pool.connect(self.addr)
  File "/hpcscratch/user/ikabadzh/mambaforge/envs/myenv/lib/python3.9/site-packages/distributed/core.py", line 1059, in connect
    raise exc
  File "/hpcscratch/user/ikabadzh/mambaforge/envs/myenv/lib/python3.9/site-packages/distributed/core.py", line 1043, in connect
    comm = await fut
  File "/hpcscratch/user/ikabadzh/mambaforge/envs/myenv/lib/python3.9/site-packages/distributed/comm/core.py", line 323, in connect
    raise OSError(
OSError: Timed out during handshake while connecting to tcp://188.185.68.194:42727 after 30 s
Info in <[ROOT.RDF] Info /hpcscratch/user/ikabadzh/root/tree/dataframe/src/RLoopManager.cxx:713 in void ROOT::Detail::RDF::RLoopManager::Jit()>: Just-in-time compilation phase completed in 0.936513 seconds.
Info in <[ROOT.RDF] Info /hpcscratch/user/ikabadzh/root/tree/dataframe/src/RLoopManager.cxx:480 in void ROOT::Detail::RDF::RLoopManager::RunTreeReader()>: Processing trees {Events} in files {input_files/dimuon/f484.root}: entry range [0,61540412], using slot 0 in thread 139743933441792.
tornado.application - ERROR - Exception in callback functools.partial(<bound method IOLoop._discard_future_result of <tornado.platform.asyncio.AsyncIOLoop object at 0x7fd524d53cd0>>, <Task finished name='Task-11' coro=<Worker.heartbeat() done, defined at /hpcscratch/user/ikabadzh/mambaforge/envs/myenv/lib/python3.9/site-packages/distributed/worker.py:992> exception=OSError('Timed out during handshake while connecting to tcp://188.185.68.194:42727 after 30 s')>)
Traceback (most recent call last):
  File "/hpcscratch/user/ikabadzh/mambaforge/envs/myenv/lib/python3.9/site-packages/distributed/comm/tcp.py", line 198, in read
    frames_nbytes = await stream.read_bytes(fmt_size)
asyncio.exceptions.CancelledError

During handling of the above exception, another exception occurred:

Traceback (most recent call last):
  File "/hpcscratch/user/ikabadzh/mambaforge/envs/myenv/lib/python3.9/asyncio/tasks.py", line 492, in wait_for
    fut.result()
asyncio.exceptions.CancelledError

The above exception was the direct cause of the following exception:

Traceback (most recent call last):
  File "/hpcscratch/user/ikabadzh/mambaforge/envs/myenv/lib/python3.9/site-packages/distributed/comm/core.py", line 318, in connect
    handshake = await asyncio.wait_for(comm.read(), time_left())
  File "/hpcscratch/user/ikabadzh/mambaforge/envs/myenv/lib/python3.9/asyncio/tasks.py", line 494, in wait_for
    raise exceptions.TimeoutError() from exc
asyncio.exceptions.TimeoutError

The above exception was the direct cause of the following exception:

Traceback (most recent call last):
  File "/hpcscratch/user/ikabadzh/mambaforge/envs/myenv/lib/python3.9/site-packages/tornado/ioloop.py", line 741, in _run_callback
    ret = callback()
  File "/hpcscratch/user/ikabadzh/mambaforge/envs/myenv/lib/python3.9/site-packages/tornado/ioloop.py", line 765, in _discard_future_result
    future.result()
  File "/hpcscratch/user/ikabadzh/mambaforge/envs/myenv/lib/python3.9/site-packages/distributed/worker.py", line 1041, in heartbeat
    raise e
  File "/hpcscratch/user/ikabadzh/mambaforge/envs/myenv/lib/python3.9/site-packages/distributed/worker.py", line 1001, in heartbeat
    response = await retry_operation(
  File "/hpcscratch/user/ikabadzh/mambaforge/envs/myenv/lib/python3.9/site-packages/distributed/utils_comm.py", line 385, in retry_operation
    return await retry(
  File "/hpcscratch/user/ikabadzh/mambaforge/envs/myenv/lib/python3.9/site-packages/distributed/utils_comm.py", line 370, in retry
    return await coro()
  File "/hpcscratch/user/ikabadzh/mambaforge/envs/myenv/lib/python3.9/site-packages/distributed/core.py", line 871, in send_recv_from_rpc
    comm = await self.pool.connect(self.addr)
  File "/hpcscratch/user/ikabadzh/mambaforge/envs/myenv/lib/python3.9/site-packages/distributed/core.py", line 1059, in connect
    raise exc
  File "/hpcscratch/user/ikabadzh/mambaforge/envs/myenv/lib/python3.9/site-packages/distributed/core.py", line 1043, in connect
    comm = await fut
  File "/hpcscratch/user/ikabadzh/mambaforge/envs/myenv/lib/python3.9/site-packages/distributed/comm/core.py", line 323, in connect
    raise OSError(
OSError: Timed out during handshake while connecting to tcp://188.185.68.194:42727 after 30 s
tornado.application - ERROR - Exception in callback functools.partial(<bound method IOLoop._discard_future_result of <tornado.platform.asyncio.AsyncIOLoop object at 0x7fcb5c60cd00>>, <Task finished name='Task-11' coro=<Worker.heartbeat() done, defined at /hpcscratch/user/ikabadzh/mambaforge/envs/myenv/lib/python3.9/site-packages/distributed/worker.py:992> exception=OSError('Timed out during handshake while connecting to tcp://188.185.68.194:42727 after 30 s')>)
Traceback (most recent call last):
  File "/hpcscratch/user/ikabadzh/mambaforge/envs/myenv/lib/python3.9/site-packages/distributed/comm/tcp.py", line 198, in read
    frames_nbytes = await stream.read_bytes(fmt_size)
asyncio.exceptions.CancelledError

During handling of the above exception, another exception occurred:

Traceback (most recent call last):
  File "/hpcscratch/user/ikabadzh/mambaforge/envs/myenv/lib/python3.9/asyncio/tasks.py", line 492, in wait_for
    fut.result()
asyncio.exceptions.CancelledError

The above exception was the direct cause of the following exception:

Traceback (most recent call last):
  File "/hpcscratch/user/ikabadzh/mambaforge/envs/myenv/lib/python3.9/site-packages/distributed/comm/core.py", line 318, in connect
    handshake = await asyncio.wait_for(comm.read(), time_left())
  File "/hpcscratch/user/ikabadzh/mambaforge/envs/myenv/lib/python3.9/asyncio/tasks.py", line 494, in wait_for
    raise exceptions.TimeoutError() from exc
asyncio.exceptions.TimeoutError

The above exception was the direct cause of the following exception:

Traceback (most recent call last):
  File "/hpcscratch/user/ikabadzh/mambaforge/envs/myenv/lib/python3.9/site-packages/tornado/ioloop.py", line 741, in _run_callback
    ret = callback()
  File "/hpcscratch/user/ikabadzh/mambaforge/envs/myenv/lib/python3.9/site-packages/tornado/ioloop.py", line 765, in _discard_future_result
    future.result()
  File "/hpcscratch/user/ikabadzh/mambaforge/envs/myenv/lib/python3.9/site-packages/distributed/worker.py", line 1041, in heartbeat
    raise e
  File "/hpcscratch/user/ikabadzh/mambaforge/envs/myenv/lib/python3.9/site-packages/distributed/worker.py", line 1001, in heartbeat
    response = await retry_operation(
  File "/hpcscratch/user/ikabadzh/mambaforge/envs/myenv/lib/python3.9/site-packages/distributed/utils_comm.py", line 385, in retry_operation
    return await retry(
  File "/hpcscratch/user/ikabadzh/mambaforge/envs/myenv/lib/python3.9/site-packages/distributed/utils_comm.py", line 370, in retry
    return await coro()
  File "/hpcscratch/user/ikabadzh/mambaforge/envs/myenv/lib/python3.9/site-packages/distributed/core.py", line 871, in send_recv_from_rpc
    comm = await self.pool.connect(self.addr)
  File "/hpcscratch/user/ikabadzh/mambaforge/envs/myenv/lib/python3.9/site-packages/distributed/core.py", line 1059, in connect
    raise exc
  File "/hpcscratch/user/ikabadzh/mambaforge/envs/myenv/lib/python3.9/site-packages/distributed/core.py", line 1043, in connect
    comm = await fut
  File "/hpcscratch/user/ikabadzh/mambaforge/envs/myenv/lib/python3.9/site-packages/distributed/comm/core.py", line 323, in connect
    raise OSError(
OSError: Timed out during handshake while connecting to tcp://188.185.68.194:42727 after 30 s
tornado.application - ERROR - Exception in callback functools.partial(<bound method IOLoop._discard_future_result of <tornado.platform.asyncio.AsyncIOLoop object at 0x7f3c51ee8cd0>>, <Task finished name='Task-11' coro=<Worker.heartbeat() done, defined at /hpcscratch/user/ikabadzh/mambaforge/envs/myenv/lib/python3.9/site-packages/distributed/worker.py:992> exception=OSError('Timed out during handshake while connecting to tcp://188.185.68.194:42727 after 30 s')>)
Traceback (most recent call last):
  File "/hpcscratch/user/ikabadzh/mambaforge/envs/myenv/lib/python3.9/site-packages/distributed/comm/tcp.py", line 198, in read
    frames_nbytes = await stream.read_bytes(fmt_size)
asyncio.exceptions.CancelledError

During handling of the above exception, another exception occurred:

Traceback (most recent call last):
  File "/hpcscratch/user/ikabadzh/mambaforge/envs/myenv/lib/python3.9/asyncio/tasks.py", line 492, in wait_for
    fut.result()
asyncio.exceptions.CancelledError

The above exception was the direct cause of the following exception:

Traceback (most recent call last):
  File "/hpcscratch/user/ikabadzh/mambaforge/envs/myenv/lib/python3.9/site-packages/distributed/comm/core.py", line 318, in connect
    handshake = await asyncio.wait_for(comm.read(), time_left())
  File "/hpcscratch/user/ikabadzh/mambaforge/envs/myenv/lib/python3.9/asyncio/tasks.py", line 494, in wait_for
    raise exceptions.TimeoutError() from exc
asyncio.exceptions.TimeoutError

The above exception was the direct cause of the following exception:

Traceback (most recent call last):
  File "/hpcscratch/user/ikabadzh/mambaforge/envs/myenv/lib/python3.9/site-packages/tornado/ioloop.py", line 741, in _run_callback
    ret = callback()
  File "/hpcscratch/user/ikabadzh/mambaforge/envs/myenv/lib/python3.9/site-packages/tornado/ioloop.py", line 765, in _discard_future_result
    future.result()
  File "/hpcscratch/user/ikabadzh/mambaforge/envs/myenv/lib/python3.9/site-packages/distributed/worker.py", line 1041, in heartbeat
    raise e
  File "/hpcscratch/user/ikabadzh/mambaforge/envs/myenv/lib/python3.9/site-packages/distributed/worker.py", line 1001, in heartbeat
    response = await retry_operation(
  File "/hpcscratch/user/ikabadzh/mambaforge/envs/myenv/lib/python3.9/site-packages/distributed/utils_comm.py", line 385, in retry_operation
    return await retry(
  File "/hpcscratch/user/ikabadzh/mambaforge/envs/myenv/lib/python3.9/site-packages/distributed/utils_comm.py", line 370, in retry
    return await coro()
  File "/hpcscratch/user/ikabadzh/mambaforge/envs/myenv/lib/python3.9/site-packages/distributed/core.py", line 871, in send_recv_from_rpc
    comm = await self.pool.connect(self.addr)
  File "/hpcscratch/user/ikabadzh/mambaforge/envs/myenv/lib/python3.9/site-packages/distributed/core.py", line 1059, in connect
    raise exc
  File "/hpcscratch/user/ikabadzh/mambaforge/envs/myenv/lib/python3.9/site-packages/distributed/core.py", line 1043, in connect
    comm = await fut
  File "/hpcscratch/user/ikabadzh/mambaforge/envs/myenv/lib/python3.9/site-packages/distributed/comm/core.py", line 323, in connect
    raise OSError(
OSError: Timed out during handshake while connecting to tcp://188.185.68.194:42727 after 30 s
tornado.application - ERROR - Exception in callback functools.partial(<bound method IOLoop._discard_future_result of <tornado.platform.asyncio.AsyncIOLoop object at 0x7f2e4d494cd0>>, <Task finished name='Task-11' coro=<Worker.heartbeat() done, defined at /hpcscratch/user/ikabadzh/mambaforge/envs/myenv/lib/python3.9/site-packages/distributed/worker.py:992> exception=OSError('Timed out during handshake while connecting to tcp://188.185.68.194:42727 after 30 s')>)
Traceback (most recent call last):
  File "/hpcscratch/user/ikabadzh/mambaforge/envs/myenv/lib/python3.9/site-packages/distributed/comm/tcp.py", line 198, in read
    frames_nbytes = await stream.read_bytes(fmt_size)
asyncio.exceptions.CancelledError

During handling of the above exception, another exception occurred:

Traceback (most recent call last):
  File "/hpcscratch/user/ikabadzh/mambaforge/envs/myenv/lib/python3.9/asyncio/tasks.py", line 492, in wait_for
    fut.result()
asyncio.exceptions.CancelledError

The above exception was the direct cause of the following exception:

Traceback (most recent call last):
  File "/hpcscratch/user/ikabadzh/mambaforge/envs/myenv/lib/python3.9/site-packages/distributed/comm/core.py", line 318, in connect
    handshake = await asyncio.wait_for(comm.read(), time_left())
  File "/hpcscratch/user/ikabadzh/mambaforge/envs/myenv/lib/python3.9/asyncio/tasks.py", line 494, in wait_for
    raise exceptions.TimeoutError() from exc
asyncio.exceptions.TimeoutError

The above exception was the direct cause of the following exception:

Traceback (most recent call last):
  File "/hpcscratch/user/ikabadzh/mambaforge/envs/myenv/lib/python3.9/site-packages/tornado/ioloop.py", line 741, in _run_callback
    ret = callback()
  File "/hpcscratch/user/ikabadzh/mambaforge/envs/myenv/lib/python3.9/site-packages/tornado/ioloop.py", line 765, in _discard_future_result
    future.result()
  File "/hpcscratch/user/ikabadzh/mambaforge/envs/myenv/lib/python3.9/site-packages/distributed/worker.py", line 1041, in heartbeat
    raise e
  File "/hpcscratch/user/ikabadzh/mambaforge/envs/myenv/lib/python3.9/site-packages/distributed/worker.py", line 1001, in heartbeat
    response = await retry_operation(
  File "/hpcscratch/user/ikabadzh/mambaforge/envs/myenv/lib/python3.9/site-packages/distributed/utils_comm.py", line 385, in retry_operation
    return await retry(
  File "/hpcscratch/user/ikabadzh/mambaforge/envs/myenv/lib/python3.9/site-packages/distributed/utils_comm.py", line 370, in retry
    return await coro()
  File "/hpcscratch/user/ikabadzh/mambaforge/envs/myenv/lib/python3.9/site-packages/distributed/core.py", line 871, in send_recv_from_rpc
    comm = await self.pool.connect(self.addr)
  File "/hpcscratch/user/ikabadzh/mambaforge/envs/myenv/lib/python3.9/site-packages/distributed/core.py", line 1059, in connect
    raise exc
  File "/hpcscratch/user/ikabadzh/mambaforge/envs/myenv/lib/python3.9/site-packages/distributed/core.py", line 1043, in connect
    comm = await fut
  File "/hpcscratch/user/ikabadzh/mambaforge/envs/myenv/lib/python3.9/site-packages/distributed/comm/core.py", line 323, in connect
    raise OSError(
OSError: Timed out during handshake while connecting to tcp://188.185.68.194:42727 after 30 s
Info in <[ROOT.RDF] Info /hpcscratch/user/ikabadzh/root/tree/dataframe/src/RLoopManager.cxx:738 in void ROOT::Detail::RDF::RLoopManager::Run()>: Starting event loop number 0.
tornado.application - ERROR - Exception in callback functools.partial(<bound method IOLoop._discard_future_result of <tornado.platform.asyncio.AsyncIOLoop object at 0x7f6c910d9d00>>, <Task finished name='Task-11' coro=<Worker.heartbeat() done, defined at /hpcscratch/user/ikabadzh/mambaforge/envs/myenv/lib/python3.9/site-packages/distributed/worker.py:992> exception=OSError('Timed out during handshake while connecting to tcp://188.185.68.194:42727 after 30 s')>)
Traceback (most recent call last):
  File "/hpcscratch/user/ikabadzh/mambaforge/envs/myenv/lib/python3.9/site-packages/distributed/comm/tcp.py", line 198, in read
    frames_nbytes = await stream.read_bytes(fmt_size)
asyncio.exceptions.CancelledError

During handling of the above exception, another exception occurred:

Traceback (most recent call last):
  File "/hpcscratch/user/ikabadzh/mambaforge/envs/myenv/lib/python3.9/asyncio/tasks.py", line 492, in wait_for
    fut.result()
asyncio.exceptions.CancelledError

The above exception was the direct cause of the following exception:

Traceback (most recent call last):
  File "/hpcscratch/user/ikabadzh/mambaforge/envs/myenv/lib/python3.9/site-packages/distributed/comm/core.py", line 318, in connect
    handshake = await asyncio.wait_for(comm.read(), time_left())
  File "/hpcscratch/user/ikabadzh/mambaforge/envs/myenv/lib/python3.9/asyncio/tasks.py", line 494, in wait_for
    raise exceptions.TimeoutError() from exc
asyncio.exceptions.TimeoutError

The above exception was the direct cause of the following exception:

Traceback (most recent call last):
  File "/hpcscratch/user/ikabadzh/mambaforge/envs/myenv/lib/python3.9/site-packages/tornado/ioloop.py", line 741, in _run_callback
    ret = callback()
  File "/hpcscratch/user/ikabadzh/mambaforge/envs/myenv/lib/python3.9/site-packages/tornado/ioloop.py", line 765, in _discard_future_result
    future.result()
  File "/hpcscratch/user/ikabadzh/mambaforge/envs/myenv/lib/python3.9/site-packages/distributed/worker.py", line 1041, in heartbeat
    raise e
  File "/hpcscratch/user/ikabadzh/mambaforge/envs/myenv/lib/python3.9/site-packages/distributed/worker.py", line 1001, in heartbeat
    response = await retry_operation(
  File "/hpcscratch/user/ikabadzh/mambaforge/envs/myenv/lib/python3.9/site-packages/distributed/utils_comm.py", line 385, in retry_operation
    return await retry(
  File "/hpcscratch/user/ikabadzh/mambaforge/envs/myenv/lib/python3.9/site-packages/distributed/utils_comm.py", line 370, in retry
    return await coro()
  File "/hpcscratch/user/ikabadzh/mambaforge/envs/myenv/lib/python3.9/site-packages/distributed/core.py", line 871, in send_recv_from_rpc
    comm = await self.pool.connect(self.addr)
  File "/hpcscratch/user/ikabadzh/mambaforge/envs/myenv/lib/python3.9/site-packages/distributed/core.py", line 1059, in connect
    raise exc
  File "/hpcscratch/user/ikabadzh/mambaforge/envs/myenv/lib/python3.9/site-packages/distributed/core.py", line 1043, in connect
    comm = await fut
  File "/hpcscratch/user/ikabadzh/mambaforge/envs/myenv/lib/python3.9/site-packages/distributed/comm/core.py", line 323, in connect
    raise OSError(
OSError: Timed out during handshake while connecting to tcp://188.185.68.194:42727 after 30 s
Info in <[ROOT.RDF] Info /hpcscratch/user/ikabadzh/root/tree/dataframe/src/RLoopManager.cxx:738 in void ROOT::Detail::RDF::RLoopManager::Run()>: Starting event loop number 0.
tornado.application - ERROR - Exception in callback functools.partial(<bound method IOLoop._discard_future_result of <tornado.platform.asyncio.AsyncIOLoop object at 0x7f3b575fecd0>>, <Task finished name='Task-11' coro=<Worker.heartbeat() done, defined at /hpcscratch/user/ikabadzh/mambaforge/envs/myenv/lib/python3.9/site-packages/distributed/worker.py:992> exception=OSError('Timed out during handshake while connecting to tcp://188.185.68.194:42727 after 30 s')>)
Traceback (most recent call last):
  File "/hpcscratch/user/ikabadzh/mambaforge/envs/myenv/lib/python3.9/site-packages/distributed/comm/tcp.py", line 198, in read
    frames_nbytes = await stream.read_bytes(fmt_size)
asyncio.exceptions.CancelledError

During handling of the above exception, another exception occurred:

Traceback (most recent call last):
  File "/hpcscratch/user/ikabadzh/mambaforge/envs/myenv/lib/python3.9/asyncio/tasks.py", line 492, in wait_for
    fut.result()
asyncio.exceptions.CancelledError

The above exception was the direct cause of the following exception:

Traceback (most recent call last):
  File "/hpcscratch/user/ikabadzh/mambaforge/envs/myenv/lib/python3.9/site-packages/distributed/comm/core.py", line 318, in connect
    handshake = await asyncio.wait_for(comm.read(), time_left())
  File "/hpcscratch/user/ikabadzh/mambaforge/envs/myenv/lib/python3.9/asyncio/tasks.py", line 494, in wait_for
    raise exceptions.TimeoutError() from exc
asyncio.exceptions.TimeoutError

The above exception was the direct cause of the following exception:

Traceback (most recent call last):
  File "/hpcscratch/user/ikabadzh/mambaforge/envs/myenv/lib/python3.9/site-packages/tornado/ioloop.py", line 741, in _run_callback
    ret = callback()
  File "/hpcscratch/user/ikabadzh/mambaforge/envs/myenv/lib/python3.9/site-packages/tornado/ioloop.py", line 765, in _discard_future_result
    future.result()
  File "/hpcscratch/user/ikabadzh/mambaforge/envs/myenv/lib/python3.9/site-packages/distributed/worker.py", line 1041, in heartbeat
    raise e
  File "/hpcscratch/user/ikabadzh/mambaforge/envs/myenv/lib/python3.9/site-packages/distributed/worker.py", line 1001, in heartbeat
    response = await retry_operation(
  File "/hpcscratch/user/ikabadzh/mambaforge/envs/myenv/lib/python3.9/site-packages/distributed/utils_comm.py", line 385, in retry_operation
    return await retry(
  File "/hpcscratch/user/ikabadzh/mambaforge/envs/myenv/lib/python3.9/site-packages/distributed/utils_comm.py", line 370, in retry
    return await coro()
  File "/hpcscratch/user/ikabadzh/mambaforge/envs/myenv/lib/python3.9/site-packages/distributed/core.py", line 871, in send_recv_from_rpc
    comm = await self.pool.connect(self.addr)
  File "/hpcscratch/user/ikabadzh/mambaforge/envs/myenv/lib/python3.9/site-packages/distributed/core.py", line 1059, in connect
    raise exc
  File "/hpcscratch/user/ikabadzh/mambaforge/envs/myenv/lib/python3.9/site-packages/distributed/core.py", line 1043, in connect
    comm = await fut
  File "/hpcscratch/user/ikabadzh/mambaforge/envs/myenv/lib/python3.9/site-packages/distributed/comm/core.py", line 323, in connect
    raise OSError(
OSError: Timed out during handshake while connecting to tcp://188.185.68.194:42727 after 30 s
Info in <[ROOT.RDF] Info /hpcscratch/user/ikabadzh/root/tree/dataframe/src/RLoopManager.cxx:738 in void ROOT::Detail::RDF::RLoopManager::Run()>: Starting event loop number 0.
Info in <[ROOT.RDF] Info /hpcscratch/user/ikabadzh/root/tree/dataframe/src/RLoopManager.cxx:738 in void ROOT::Detail::RDF::RLoopManager::Run()>: Starting event loop number 0.
Info in <[ROOT.RDF] Info /hpcscratch/user/ikabadzh/root/tree/dataframe/src/RLoopManager.cxx:738 in void ROOT::Detail::RDF::RLoopManager::Run()>: Starting event loop number 0.
Info in <[ROOT.RDF] Info /hpcscratch/user/ikabadzh/root/tree/dataframe/src/RLoopManager.cxx:738 in void ROOT::Detail::RDF::RLoopManager::Run()>: Starting event loop number 0.
Info in <[ROOT.RDF] Info /hpcscratch/user/ikabadzh/root/tree/dataframe/src/RLoopManager.cxx:738 in void ROOT::Detail::RDF::RLoopManager::Run()>: Starting event loop number 0.
Info in <[ROOT.RDF] Info /hpcscratch/user/ikabadzh/root/tree/dataframe/src/RLoopManager.cxx:738 in void ROOT::Detail::RDF::RLoopManager::Run()>: Starting event loop number 0.
Info in <[ROOT.RDF] Info /hpcscratch/user/ikabadzh/root/tree/dataframe/src/RLoopManager.cxx:713 in void ROOT::Detail::RDF::RLoopManager::Jit()>: Just-in-time compilation phase completed in 0.936746 seconds.
Info in <[ROOT.RDF] Info /hpcscratch/user/ikabadzh/root/tree/dataframe/src/RLoopManager.cxx:480 in void ROOT::Detail::RDF::RLoopManager::RunTreeReader()>: Processing trees {Events} in files {input_files/dimuon/f485.root}: entry range [0,61540412], using slot 0 in thread 140351442360064.
Info in <[ROOT.RDF] Info /hpcscratch/user/ikabadzh/root/tree/dataframe/src/RLoopManager.cxx:738 in void ROOT::Detail::RDF::RLoopManager::Run()>: Starting event loop number 0.
Info in <[ROOT.RDF] Info /hpcscratch/user/ikabadzh/root/tree/dataframe/src/RLoopManager.cxx:738 in void ROOT::Detail::RDF::RLoopManager::Run()>: Starting event loop number 0.
Info in <[ROOT.RDF] Info /hpcscratch/user/ikabadzh/root/tree/dataframe/src/RLoopManager.cxx:713 in void ROOT::Detail::RDF::RLoopManager::Jit()>: Just-in-time compilation phase completed in 0.911145 seconds.
Info in <[ROOT.RDF] Info /hpcscratch/user/ikabadzh/root/tree/dataframe/src/RLoopManager.cxx:480 in void ROOT::Detail::RDF::RLoopManager::RunTreeReader()>: Processing trees {Events} in files {input_files/dimuon/f478.root}: entry range [0,61540412], using slot 0 in thread 140513572460288.
Info in <[ROOT.RDF] Info /hpcscratch/user/ikabadzh/root/tree/dataframe/src/RLoopManager.cxx:713 in void ROOT::Detail::RDF::RLoopManager::Jit()>: Just-in-time compilation phase completed in 0.924103 seconds.
Info in <[ROOT.RDF] Info /hpcscratch/user/ikabadzh/root/tree/dataframe/src/RLoopManager.cxx:480 in void ROOT::Detail::RDF::RLoopManager::RunTreeReader()>: Processing trees {Events} in files {input_files/dimuon/f473.root}: entry range [0,61540412], using slot 0 in thread 140316075738880.
Info in <[ROOT.RDF] Info /hpcscratch/user/ikabadzh/root/tree/dataframe/src/RLoopManager.cxx:713 in void ROOT::Detail::RDF::RLoopManager::Jit()>: Just-in-time compilation phase completed in 0.917113 seconds.
Info in <[ROOT.RDF] Info /hpcscratch/user/ikabadzh/root/tree/dataframe/src/RLoopManager.cxx:480 in void ROOT::Detail::RDF::RLoopManager::RunTreeReader()>: Processing trees {Events,Events} in files {input_files/dimuon/f470.root,input_files/dimuon/f471.root}: entry range [0,123080825], using slot 0 in thread 139917743171328.
Info in <[ROOT.RDF] Info /hpcscratch/user/ikabadzh/root/tree/dataframe/src/RLoopManager.cxx:738 in void ROOT::Detail::RDF::RLoopManager::Run()>: Starting event loop number 0.
Info in <[ROOT.RDF] Info /hpcscratch/user/ikabadzh/root/tree/dataframe/src/RLoopManager.cxx:713 in void ROOT::Detail::RDF::RLoopManager::Jit()>: Just-in-time compilation phase completed in 0.906140 seconds.
Info in <[ROOT.RDF] Info /hpcscratch/user/ikabadzh/root/tree/dataframe/src/RLoopManager.cxx:480 in void ROOT::Detail::RDF::RLoopManager::RunTreeReader()>: Processing trees {Events} in files {input_files/dimuon/f448.root}: entry range [0,61540412], using slot 0 in thread 139901095929600.
Info in <[ROOT.RDF] Info /hpcscratch/user/ikabadzh/root/tree/dataframe/src/RLoopManager.cxx:713 in void ROOT::Detail::RDF::RLoopManager::Jit()>: Just-in-time compilation phase completed in 0.931038 seconds.
Info in <[ROOT.RDF] Info /hpcscratch/user/ikabadzh/root/tree/dataframe/src/RLoopManager.cxx:480 in void ROOT::Detail::RDF::RLoopManager::RunTreeReader()>: Processing trees {Events} in files {input_files/dimuon/f452.root}: entry range [0,61540412], using slot 0 in thread 140590755776256.
Info in <[ROOT.RDF] Info /hpcscratch/user/ikabadzh/root/tree/dataframe/src/RLoopManager.cxx:713 in void ROOT::Detail::RDF::RLoopManager::Jit()>: Just-in-time compilation phase completed in 0.913883 seconds.
Info in <[ROOT.RDF] Info /hpcscratch/user/ikabadzh/root/tree/dataframe/src/RLoopManager.cxx:480 in void ROOT::Detail::RDF::RLoopManager::RunTreeReader()>: Processing trees {Events} in files {input_files/dimuon/f482.root}: entry range [0,61540412], using slot 0 in thread 140106836965120.
Info in <[ROOT.RDF] Info /hpcscratch/user/ikabadzh/root/tree/dataframe/src/RLoopManager.cxx:713 in void ROOT::Detail::RDF::RLoopManager::Jit()>: Just-in-time compilation phase completed in 0.925346 seconds.
Info in <[ROOT.RDF] Info /hpcscratch/user/ikabadzh/root/tree/dataframe/src/RLoopManager.cxx:480 in void ROOT::Detail::RDF::RLoopManager::RunTreeReader()>: Processing trees {Events} in files {input_files/dimuon/f481.root}: entry range [0,61540412], using slot 0 in thread 139894073702144.
Info in <[ROOT.RDF] Info /hpcscratch/user/ikabadzh/root/tree/dataframe/src/RLoopManager.cxx:713 in void ROOT::Detail::RDF::RLoopManager::Jit()>: Just-in-time compilation phase completed in 0.926905 seconds.
Info in <[ROOT.RDF] Info /hpcscratch/user/ikabadzh/root/tree/dataframe/src/RLoopManager.cxx:480 in void ROOT::Detail::RDF::RLoopManager::RunTreeReader()>: Processing trees {Events} in files {input_files/dimuon/f482.root}: entry range [0,61540412], using slot 0 in thread 139982264256256.
Info in <[ROOT.RDF] Info /hpcscratch/user/ikabadzh/root/tree/dataframe/src/RLoopManager.cxx:713 in void ROOT::Detail::RDF::RLoopManager::Jit()>: Just-in-time compilation phase completed in 0.931350 seconds.
Info in <[ROOT.RDF] Info /hpcscratch/user/ikabadzh/root/tree/dataframe/src/RLoopManager.cxx:480 in void ROOT::Detail::RDF::RLoopManager::RunTreeReader()>: Processing trees {Events} in files {input_files/dimuon/f446.root}: entry range [0,61540412], using slot 0 in thread 140661560829696.
Info in <[ROOT.RDF] Info /hpcscratch/user/ikabadzh/root/tree/dataframe/src/RLoopManager.cxx:713 in void ROOT::Detail::RDF::RLoopManager::Jit()>: Just-in-time compilation phase completed in 0.965358 seconds.
Info in <[ROOT.RDF] Info /hpcscratch/user/ikabadzh/root/tree/dataframe/src/RLoopManager.cxx:480 in void ROOT::Detail::RDF::RLoopManager::RunTreeReader()>: Processing trees {Events} in files {input_files/dimuon/f480.root}: entry range [0,61540412], using slot 0 in thread 140432821253888.
Info in <[ROOT.RDF] Info /hpcscratch/user/ikabadzh/root/tree/dataframe/src/RLoopManager.cxx:713 in void ROOT::Detail::RDF::RLoopManager::Jit()>: Just-in-time compilation phase completed in 0.936300 seconds.
Info in <[ROOT.RDF] Info /hpcscratch/user/ikabadzh/root/tree/dataframe/src/RLoopManager.cxx:480 in void ROOT::Detail::RDF::RLoopManager::RunTreeReader()>: Processing trees {Events} in files {input_files/dimuon/f475.root}: entry range [0,61540412], using slot 0 in thread 139919781422848.
Info in <[ROOT.RDF] Info /hpcscratch/user/ikabadzh/root/tree/dataframe/src/RLoopManager.cxx:713 in void ROOT::Detail::RDF::RLoopManager::Jit()>: Just-in-time compilation phase completed in 0.925420 seconds.
Info in <[ROOT.RDF] Info /hpcscratch/user/ikabadzh/root/tree/dataframe/src/RLoopManager.cxx:480 in void ROOT::Detail::RDF::RLoopManager::RunTreeReader()>: Processing trees {Events,Events} in files {input_files/dimuon/f450.root,input_files/dimuon/f451.root}: entry range [0,123080825], using slot 0 in thread 140248736233216.
Info in <[ROOT.RDF] Info /hpcscratch/user/ikabadzh/root/tree/dataframe/src/RLoopManager.cxx:713 in void ROOT::Detail::RDF::RLoopManager::Jit()>: Just-in-time compilation phase completed in 0.992588 seconds.
Info in <[ROOT.RDF] Info /hpcscratch/user/ikabadzh/root/tree/dataframe/src/RLoopManager.cxx:480 in void ROOT::Detail::RDF::RLoopManager::RunTreeReader()>: Processing trees {Events,Events} in files {input_files/dimuon/f474.root,input_files/dimuon/f475.root}: entry range [0,123080825], using slot 0 in thread 139963254236928.
Info in <[ROOT.RDF] Info /hpcscratch/user/ikabadzh/root/tree/dataframe/src/RLoopManager.cxx:713 in void ROOT::Detail::RDF::RLoopManager::Jit()>: Just-in-time compilation phase completed in 0.956816 seconds.
Info in <[ROOT.RDF] Info /hpcscratch/user/ikabadzh/root/tree/dataframe/src/RLoopManager.cxx:480 in void ROOT::Detail::RDF::RLoopManager::RunTreeReader()>: Processing trees {Events} in files {input_files/dimuon/f479.root}: entry range [0,61540412], using slot 0 in thread 139858161911552.
Info in <[ROOT.RDF] Info /hpcscratch/user/ikabadzh/root/tree/dataframe/src/RLoopManager.cxx:713 in void ROOT::Detail::RDF::RLoopManager::Jit()>: Just-in-time compilation phase completed in 1.011752 seconds.
Info in <[ROOT.RDF] Info /hpcscratch/user/ikabadzh/root/tree/dataframe/src/RLoopManager.cxx:480 in void ROOT::Detail::RDF::RLoopManager::RunTreeReader()>: Processing trees {Events} in files {input_files/dimuon/f450.root}: entry range [0,61540412], using slot 0 in thread 139890776340224.
Info in <[ROOT.RDF] Info /hpcscratch/user/ikabadzh/root/tree/dataframe/src/RLoopManager.cxx:713 in void ROOT::Detail::RDF::RLoopManager::Jit()>: Just-in-time compilation phase completed in 0.988301 seconds.
Info in <[ROOT.RDF] Info /hpcscratch/user/ikabadzh/root/tree/dataframe/src/RLoopManager.cxx:480 in void ROOT::Detail::RDF::RLoopManager::RunTreeReader()>: Processing trees {Events} in files {input_files/dimuon/f480.root}: entry range [0,61540412], using slot 0 in thread 140553845409536.
Info in <[ROOT.RDF] Info /hpcscratch/user/ikabadzh/root/tree/dataframe/src/RLoopManager.cxx:762 in void ROOT::Detail::RDF::RLoopManager::Run()>: Finished event loop number 0 (8.77s CPU, 8.88133s elapsed).
Info in <[ROOT.RDF] Info /hpcscratch/user/ikabadzh/root/tree/dataframe/src/RLoopManager.cxx:738 in void ROOT::Detail::RDF::RLoopManager::Run()>: Starting event loop number 0.
Info in <[ROOT.RDF] Info /hpcscratch/user/ikabadzh/root/tree/dataframe/src/RLoopManager.cxx:762 in void ROOT::Detail::RDF::RLoopManager::Run()>: Finished event loop number 0 (8.96s CPU, 8.96344s elapsed).
Info in <[ROOT.RDF] Info /hpcscratch/user/ikabadzh/root/tree/dataframe/src/RLoopManager.cxx:738 in void ROOT::Detail::RDF::RLoopManager::Run()>: Starting event loop number 0.
Info in <[ROOT.RDF] Info /hpcscratch/user/ikabadzh/root/tree/dataframe/src/RLoopManager.cxx:762 in void ROOT::Detail::RDF::RLoopManager::Run()>: Finished event loop number 0 (9.72s CPU, 9.7498s elapsed).
Info in <[ROOT.RDF] Info /hpcscratch/user/ikabadzh/root/tree/dataframe/src/RLoopManager.cxx:738 in void ROOT::Detail::RDF::RLoopManager::Run()>: Starting event loop number 0.
Info in <[ROOT.RDF] Info /hpcscratch/user/ikabadzh/root/tree/dataframe/src/RLoopManager.cxx:762 in void ROOT::Detail::RDF::RLoopManager::Run()>: Finished event loop number 0 (9.16s CPU, 9.20227s elapsed).
Info in <[ROOT.RDF] Info /hpcscratch/user/ikabadzh/root/tree/dataframe/src/RLoopManager.cxx:713 in void ROOT::Detail::RDF::RLoopManager::Jit()>: Just-in-time compilation phase completed in 0.932272 seconds.
Info in <[ROOT.RDF] Info /hpcscratch/user/ikabadzh/root/tree/dataframe/src/RLoopManager.cxx:480 in void ROOT::Detail::RDF::RLoopManager::RunTreeReader()>: Processing trees {Events,Events} in files {input_files/dimuon/f472.root,input_files/dimuon/f473.root}: entry range [0,123080825], using slot 0 in thread 140232255432448.
Info in <[ROOT.RDF] Info /hpcscratch/user/ikabadzh/root/tree/dataframe/src/RLoopManager.cxx:738 in void ROOT::Detail::RDF::RLoopManager::Run()>: Starting event loop number 0.
Info in <[ROOT.RDF] Info /hpcscratch/user/ikabadzh/root/tree/dataframe/src/RLoopManager.cxx:762 in void ROOT::Detail::RDF::RLoopManager::Run()>: Finished event loop number 0 (9.65s CPU, 9.92911s elapsed).
Info in <[ROOT.RDF] Info /hpcscratch/user/ikabadzh/root/tree/dataframe/src/RLoopManager.cxx:713 in void ROOT::Detail::RDF::RLoopManager::Jit()>: Just-in-time compilation phase completed in 0.958167 seconds.
Info in <[ROOT.RDF] Info /hpcscratch/user/ikabadzh/root/tree/dataframe/src/RLoopManager.cxx:480 in void ROOT::Detail::RDF::RLoopManager::RunTreeReader()>: Processing trees {Events} in files {input_files/dimuon/f453.root}: entry range [0,61540412], using slot 0 in thread 140059683256064.
Info in <[ROOT.RDF] Info /hpcscratch/user/ikabadzh/root/tree/dataframe/src/RLoopManager.cxx:762 in void ROOT::Detail::RDF::RLoopManager::Run()>: Finished event loop number 0 (9.74s CPU, 9.83482s elapsed).
Info in <[ROOT.RDF] Info /hpcscratch/user/ikabadzh/root/tree/dataframe/src/RLoopManager.cxx:762 in void ROOT::Detail::RDF::RLoopManager::Run()>: Finished event loop number 0 (8.98s CPU, 9.20634s elapsed).
Info in <[ROOT.RDF] Info /hpcscratch/user/ikabadzh/root/tree/dataframe/src/RLoopManager.cxx:738 in void ROOT::Detail::RDF::RLoopManager::Run()>: Starting event loop number 0.
Info in <[ROOT.RDF] Info /hpcscratch/user/ikabadzh/root/tree/dataframe/src/RLoopManager.cxx:762 in void ROOT::Detail::RDF::RLoopManager::Run()>: Finished event loop number 0 (9.12s CPU, 9.11686s elapsed).
Info in <[ROOT.RDF] Info /hpcscratch/user/ikabadzh/root/tree/dataframe/src/RLoopManager.cxx:762 in void ROOT::Detail::RDF::RLoopManager::Run()>: Finished event loop number 0 (9.09s CPU, 9.18525s elapsed).
Info in <[ROOT.RDF] Info /hpcscratch/user/ikabadzh/root/tree/dataframe/src/RLoopManager.cxx:762 in void ROOT::Detail::RDF::RLoopManager::Run()>: Finished event loop number 0 (9.64s CPU, 9.76627s elapsed).
Info in <[ROOT.RDF] Info /hpcscratch/user/ikabadzh/root/tree/dataframe/src/RLoopManager.cxx:713 in void ROOT::Detail::RDF::RLoopManager::Jit()>: Just-in-time compilation phase completed in 0.931169 seconds.
Info in <[ROOT.RDF] Info /hpcscratch/user/ikabadzh/root/tree/dataframe/src/RLoopManager.cxx:480 in void ROOT::Detail::RDF::RLoopManager::RunTreeReader()>: Processing trees {Events} in files {input_files/dimuon/f452.root}: entry range [0,61540412], using slot 0 in thread 140300930012928.
Info in <[ROOT.RDF] Info /hpcscratch/user/ikabadzh/root/tree/dataframe/src/RLoopManager.cxx:762 in void ROOT::Detail::RDF::RLoopManager::Run()>: Finished event loop number 0 (9.35s CPU, 9.55153s elapsed).
Info in <[ROOT.RDF] Info /hpcscratch/user/ikabadzh/root/tree/dataframe/src/RLoopManager.cxx:762 in void ROOT::Detail::RDF::RLoopManager::Run()>: Finished event loop number 0 (9.1s CPU, 9.35011s elapsed).
Info in <[ROOT.RDF] Info /hpcscratch/user/ikabadzh/root/tree/dataframe/src/RLoopManager.cxx:762 in void ROOT::Detail::RDF::RLoopManager::Run()>: Finished event loop number 0 (9.03s CPU, 9.27238s elapsed).
Info in <[ROOT.RDF] Info /hpcscratch/user/ikabadzh/root/tree/dataframe/src/RLoopManager.cxx:713 in void ROOT::Detail::RDF::RLoopManager::Jit()>: Just-in-time compilation phase completed in 0.919377 seconds.
Info in <[ROOT.RDF] Info /hpcscratch/user/ikabadzh/root/tree/dataframe/src/RLoopManager.cxx:480 in void ROOT::Detail::RDF::RLoopManager::RunTreeReader()>: Processing trees {Events} in files {input_files/dimuon/f476.root}: entry range [0,61540412], using slot 0 in thread 140446115686144.
Info in <[ROOT.RDF] Info /hpcscratch/user/ikabadzh/root/tree/dataframe/src/RLoopManager.cxx:762 in void ROOT::Detail::RDF::RLoopManager::Run()>: Finished event loop number 0 (8.92s CPU, 9.30974s elapsed).
Info in <[ROOT.RDF] Info /hpcscratch/user/ikabadzh/root/tree/dataframe/src/RLoopManager.cxx:738 in void ROOT::Detail::RDF::RLoopManager::Run()>: Starting event loop number 0.
Info in <[ROOT.RDF] Info /hpcscratch/user/ikabadzh/root/tree/dataframe/src/RLoopManager.cxx:738 in void ROOT::Detail::RDF::RLoopManager::Run()>: Starting event loop number 0.
Info in <[ROOT.RDF] Info /hpcscratch/user/ikabadzh/root/tree/dataframe/src/RLoopManager.cxx:738 in void ROOT::Detail::RDF::RLoopManager::Run()>: Starting event loop number 0.
Info in <[ROOT.RDF] Info /hpcscratch/user/ikabadzh/root/tree/dataframe/src/RLoopManager.cxx:738 in void ROOT::Detail::RDF::RLoopManager::Run()>: Starting event loop number 0.
Info in <[ROOT.RDF] Info /hpcscratch/user/ikabadzh/root/tree/dataframe/src/RLoopManager.cxx:762 in void ROOT::Detail::RDF::RLoopManager::Run()>: Finished event loop number 0 (8.88s CPU, 9.23182s elapsed).
Info in <[ROOT.RDF] Info /hpcscratch/user/ikabadzh/root/tree/dataframe/src/RLoopManager.cxx:762 in void ROOT::Detail::RDF::RLoopManager::Run()>: Finished event loop number 0 (8.93s CPU, 9.1393s elapsed).
Info in <[ROOT.RDF] Info /hpcscratch/user/ikabadzh/root/tree/dataframe/src/RLoopManager.cxx:738 in void ROOT::Detail::RDF::RLoopManager::Run()>: Starting event loop number 0.
Info in <[ROOT.RDF] Info /hpcscratch/user/ikabadzh/root/tree/dataframe/src/RLoopManager.cxx:762 in void ROOT::Detail::RDF::RLoopManager::Run()>: Finished event loop number 0 (9.52s CPU, 9.74241s elapsed).
Info in <[ROOT.RDF] Info /hpcscratch/user/ikabadzh/root/tree/dataframe/src/RLoopManager.cxx:762 in void ROOT::Detail::RDF::RLoopManager::Run()>: Finished event loop number 0 (9.05s CPU, 9.28359s elapsed).
Info in <[ROOT.RDF] Info /hpcscratch/user/ikabadzh/root/tree/dataframe/src/RLoopManager.cxx:738 in void ROOT::Detail::RDF::RLoopManager::Run()>: Starting event loop number 0.
Info in <[ROOT.RDF] Info /hpcscratch/user/ikabadzh/root/tree/dataframe/src/RLoopManager.cxx:738 in void ROOT::Detail::RDF::RLoopManager::Run()>: Starting event loop number 0.
Info in <[ROOT.RDF] Info /hpcscratch/user/ikabadzh/root/tree/dataframe/src/RLoopManager.cxx:738 in void ROOT::Detail::RDF::RLoopManager::Run()>: Starting event loop number 0.
Info in <[ROOT.RDF] Info /hpcscratch/user/ikabadzh/root/tree/dataframe/src/RLoopManager.cxx:713 in void ROOT::Detail::RDF::RLoopManager::Jit()>: Just-in-time compilation phase completed in 0.917889 seconds.
Info in <[ROOT.RDF] Info /hpcscratch/user/ikabadzh/root/tree/dataframe/src/RLoopManager.cxx:480 in void ROOT::Detail::RDF::RLoopManager::RunTreeReader()>: Processing trees {Events} in files {input_files/dimuon/f447.root}: entry range [0,61540412], using slot 0 in thread 140606215038720.
Info in <[ROOT.RDF] Info /hpcscratch/user/ikabadzh/root/tree/dataframe/src/RLoopManager.cxx:738 in void ROOT::Detail::RDF::RLoopManager::Run()>: Starting event loop number 0.
Info in <[ROOT.RDF] Info /hpcscratch/user/ikabadzh/root/tree/dataframe/src/RLoopManager.cxx:762 in void ROOT::Detail::RDF::RLoopManager::Run()>: Finished event loop number 0 (9.24s CPU, 9.42665s elapsed).
Info in <[ROOT.RDF] Info /hpcscratch/user/ikabadzh/root/tree/dataframe/src/RLoopManager.cxx:738 in void ROOT::Detail::RDF::RLoopManager::Run()>: Starting event loop number 0.
Info in <[ROOT.RDF] Info /hpcscratch/user/ikabadzh/root/tree/dataframe/src/RLoopManager.cxx:738 in void ROOT::Detail::RDF::RLoopManager::Run()>: Starting event loop number 0.
Info in <[ROOT.RDF] Info /hpcscratch/user/ikabadzh/root/tree/dataframe/src/RLoopManager.cxx:738 in void ROOT::Detail::RDF::RLoopManager::Run()>: Starting event loop number 0.
Info in <[ROOT.RDF] Info /hpcscratch/user/ikabadzh/root/tree/dataframe/src/RLoopManager.cxx:738 in void ROOT::Detail::RDF::RLoopManager::Run()>: Starting event loop number 0.
Info in <[ROOT.RDF] Info /hpcscratch/user/ikabadzh/root/tree/dataframe/src/RLoopManager.cxx:713 in void ROOT::Detail::RDF::RLoopManager::Jit()>: Just-in-time compilation phase completed in 0.928030 seconds.
Info in <[ROOT.RDF] Info /hpcscratch/user/ikabadzh/root/tree/dataframe/src/RLoopManager.cxx:480 in void ROOT::Detail::RDF::RLoopManager::RunTreeReader()>: Processing trees {Events,Events} in files {input_files/dimuon/f579.root,input_files/dimuon/f580.root}: entry range [0,123080825], using slot 0 in thread 139772376327936.
Info in <[ROOT.RDF] Info /hpcscratch/user/ikabadzh/root/tree/dataframe/src/RLoopManager.cxx:762 in void ROOT::Detail::RDF::RLoopManager::Run()>: Finished event loop number 0 (8.93s CPU, 9.0027s elapsed).
Info in <[ROOT.RDF] Info /hpcscratch/user/ikabadzh/root/tree/dataframe/src/RLoopManager.cxx:762 in void ROOT::Detail::RDF::RLoopManager::Run()>: Finished event loop number 0 (9.57s CPU, 9.84213s elapsed).
Info in <[ROOT.RDF] Info /hpcscratch/user/ikabadzh/root/tree/dataframe/src/RLoopManager.cxx:762 in void ROOT::Detail::RDF::RLoopManager::Run()>: Finished event loop number 0 (8.93s CPU, 9.68343s elapsed).
Info in <[ROOT.RDF] Info /hpcscratch/user/ikabadzh/root/tree/dataframe/src/RLoopManager.cxx:738 in void ROOT::Detail::RDF::RLoopManager::Run()>: Starting event loop number 0.
Info in <[ROOT.RDF] Info /hpcscratch/user/ikabadzh/root/tree/dataframe/src/RLoopManager.cxx:762 in void ROOT::Detail::RDF::RLoopManager::Run()>: Finished event loop number 0 (9.04s CPU, 9.25184s elapsed).
Info in <[ROOT.RDF] Info /hpcscratch/user/ikabadzh/root/tree/dataframe/src/RLoopManager.cxx:762 in void ROOT::Detail::RDF::RLoopManager::Run()>: Finished event loop number 0 (9.24s CPU, 9.24466s elapsed).
Info in <[ROOT.RDF] Info /hpcscratch/user/ikabadzh/root/tree/dataframe/src/RLoopManager.cxx:713 in void ROOT::Detail::RDF::RLoopManager::Jit()>: Just-in-time compilation phase completed in 0.912117 seconds.
Info in <[ROOT.RDF] Info /hpcscratch/user/ikabadzh/root/tree/dataframe/src/RLoopManager.cxx:480 in void ROOT::Detail::RDF::RLoopManager::RunTreeReader()>: Processing trees {Events,Events} in files {input_files/dimuon/f540.root,input_files/dimuon/f541.root}: entry range [0,123080825], using slot 0 in thread 140089609361152.
Info in <[ROOT.RDF] Info /hpcscratch/user/ikabadzh/root/tree/dataframe/src/RLoopManager.cxx:713 in void ROOT::Detail::RDF::RLoopManager::Jit()>: Just-in-time compilation phase completed in 0.915967 seconds.
Info in <[ROOT.RDF] Info /hpcscratch/user/ikabadzh/root/tree/dataframe/src/RLoopManager.cxx:480 in void ROOT::Detail::RDF::RLoopManager::RunTreeReader()>: Processing trees {Events,Events} in files {input_files/dimuon/f446.root,input_files/dimuon/f447.root}: entry range [0,123080825], using slot 0 in thread 139840888448768.
Info in <[ROOT.RDF] Info /hpcscratch/user/ikabadzh/root/tree/dataframe/src/RLoopManager.cxx:713 in void ROOT::Detail::RDF::RLoopManager::Jit()>: Just-in-time compilation phase completed in 0.924350 seconds.
Info in <[ROOT.RDF] Info /hpcscratch/user/ikabadzh/root/tree/dataframe/src/RLoopManager.cxx:480 in void ROOT::Detail::RDF::RLoopManager::RunTreeReader()>: Processing trees {Events} in files {input_files/dimuon/f476.root}: entry range [0,61540412], using slot 0 in thread 139950990493440.
Info in <[ROOT.RDF] Info /hpcscratch/user/ikabadzh/root/tree/dataframe/src/RLoopManager.cxx:762 in void ROOT::Detail::RDF::RLoopManager::Run()>: Finished event loop number 0 (9.19s CPU, 9.22569s elapsed).
Info in <[ROOT.RDF] Info /hpcscratch/user/ikabadzh/root/tree/dataframe/src/RLoopManager.cxx:713 in void ROOT::Detail::RDF::RLoopManager::Jit()>: Just-in-time compilation phase completed in 0.933423 seconds.
Info in <[ROOT.RDF] Info /hpcscratch/user/ikabadzh/root/tree/dataframe/src/RLoopManager.cxx:480 in void ROOT::Detail::RDF::RLoopManager::RunTreeReader()>: Processing trees {Events} in files {input_files/dimuon/f449.root}: entry range [0,61540412], using slot 0 in thread 139871434925824.
Info in <[ROOT.RDF] Info /hpcscratch/user/ikabadzh/root/tree/dataframe/src/RLoopManager.cxx:713 in void ROOT::Detail::RDF::RLoopManager::Jit()>: Just-in-time compilation phase completed in 0.917266 seconds.
Info in <[ROOT.RDF] Info /hpcscratch/user/ikabadzh/root/tree/dataframe/src/RLoopManager.cxx:480 in void ROOT::Detail::RDF::RLoopManager::RunTreeReader()>: Processing trees {Events} in files {input_files/dimuon/f472.root}: entry range [0,61540412], using slot 0 in thread 140489258903296.
Info in <[ROOT.RDF] Info /hpcscratch/user/ikabadzh/root/tree/dataframe/src/RLoopManager.cxx:762 in void ROOT::Detail::RDF::RLoopManager::Run()>: Finished event loop number 0 (9.25s CPU, 9.3129s elapsed).
Info in <[ROOT.RDF] Info /hpcscratch/user/ikabadzh/root/tree/dataframe/src/RLoopManager.cxx:713 in void ROOT::Detail::RDF::RLoopManager::Jit()>: Just-in-time compilation phase completed in 0.936517 seconds.
Info in <[ROOT.RDF] Info /hpcscratch/user/ikabadzh/root/tree/dataframe/src/RLoopManager.cxx:480 in void ROOT::Detail::RDF::RLoopManager::RunTreeReader()>: Processing trees {Events} in files {input_files/dimuon/f470.root}: entry range [0,61540412], using slot 0 in thread 140479177414400.
Info in <[ROOT.RDF] Info /hpcscratch/user/ikabadzh/root/tree/dataframe/src/RLoopManager.cxx:713 in void ROOT::Detail::RDF::RLoopManager::Jit()>: Just-in-time compilation phase completed in 0.919095 seconds.
Info in <[ROOT.RDF] Info /hpcscratch/user/ikabadzh/root/tree/dataframe/src/RLoopManager.cxx:480 in void ROOT::Detail::RDF::RLoopManager::RunTreeReader()>: Processing trees {Events} in files {input_files/dimuon/f470.root}: entry range [0,61540412], using slot 0 in thread 140673810704128.
Info in <[ROOT.RDF] Info /hpcscratch/user/ikabadzh/root/tree/dataframe/src/RLoopManager.cxx:762 in void ROOT::Detail::RDF::RLoopManager::Run()>: Finished event loop number 0 (9.24s CPU, 9.62339s elapsed).
Info in <[ROOT.RDF] Info /hpcscratch/user/ikabadzh/root/tree/dataframe/src/RLoopManager.cxx:762 in void ROOT::Detail::RDF::RLoopManager::Run()>: Finished event loop number 0 (9.39s CPU, 9.55788s elapsed).
Info in <[ROOT.RDF] Info /hpcscratch/user/ikabadzh/root/tree/dataframe/src/RLoopManager.cxx:762 in void ROOT::Detail::RDF::RLoopManager::Run()>: Finished event loop number 0 (9.56s CPU, 9.72118s elapsed).
Info in <[ROOT.RDF] Info /hpcscratch/user/ikabadzh/root/tree/dataframe/src/RLoopManager.cxx:762 in void ROOT::Detail::RDF::RLoopManager::Run()>: Finished event loop number 0 (9.55s CPU, 9.67438s elapsed).
Info in <[ROOT.RDF] Info /hpcscratch/user/ikabadzh/root/tree/dataframe/src/RLoopManager.cxx:713 in void ROOT::Detail::RDF::RLoopManager::Jit()>: Just-in-time compilation phase completed in 0.924880 seconds.
Info in <[ROOT.RDF] Info /hpcscratch/user/ikabadzh/root/tree/dataframe/src/RLoopManager.cxx:480 in void ROOT::Detail::RDF::RLoopManager::RunTreeReader()>: Processing trees {Events,Events} in files {input_files/dimuon/f483.root,input_files/dimuon/f484.root}: entry range [0,123080825], using slot 0 in thread 139743933441792.
Info in <[ROOT.RDF] Info /hpcscratch/user/ikabadzh/root/tree/dataframe/src/RLoopManager.cxx:762 in void ROOT::Detail::RDF::RLoopManager::Run()>: Finished event loop number 0 (9.63s CPU, 9.91578s elapsed).
Info in <[ROOT.RDF] Info /hpcscratch/user/ikabadzh/root/tree/dataframe/src/RLoopManager.cxx:713 in void ROOT::Detail::RDF::RLoopManager::Jit()>: Just-in-time compilation phase completed in 0.919428 seconds.
Info in <[ROOT.RDF] Info /hpcscratch/user/ikabadzh/root/tree/dataframe/src/RLoopManager.cxx:480 in void ROOT::Detail::RDF::RLoopManager::RunTreeReader()>: Processing trees {Events,Events} in files {input_files/dimuon/f542.root,input_files/dimuon/f543.root}: entry range [0,123080825], using slot 0 in thread 140351442360064.
Info in <[ROOT.RDF] Info /hpcscratch/user/ikabadzh/root/tree/dataframe/src/RLoopManager.cxx:713 in void ROOT::Detail::RDF::RLoopManager::Jit()>: Just-in-time compilation phase completed in 0.927394 seconds.
Info in <[ROOT.RDF] Info /hpcscratch/user/ikabadzh/root/tree/dataframe/src/RLoopManager.cxx:480 in void ROOT::Detail::RDF::RLoopManager::RunTreeReader()>: Processing trees {Events} in files {input_files/dimuon/f541.root}: entry range [0,61540412], using slot 0 in thread 139917743171328.
Info in <[ROOT.RDF] Info /hpcscratch/user/ikabadzh/root/tree/dataframe/src/RLoopManager.cxx:762 in void ROOT::Detail::RDF::RLoopManager::Run()>: Finished event loop number 0 (9.16s CPU, 9.60767s elapsed).
Info in <[ROOT.RDF] Info /hpcscratch/user/ikabadzh/root/tree/dataframe/src/RLoopManager.cxx:713 in void ROOT::Detail::RDF::RLoopManager::Jit()>: Just-in-time compilation phase completed in 0.932369 seconds.
Info in <[ROOT.RDF] Info /hpcscratch/user/ikabadzh/root/tree/dataframe/src/RLoopManager.cxx:480 in void ROOT::Detail::RDF::RLoopManager::RunTreeReader()>: Processing trees {Events} in files {input_files/dimuon/f537.root}: entry range [0,61540412], using slot 0 in thread 140602144868096.
Info in <[ROOT.RDF] Info /hpcscratch/user/ikabadzh/root/tree/dataframe/src/RLoopManager.cxx:738 in void ROOT::Detail::RDF::RLoopManager::Run()>: Starting event loop number 0.
Info in <[ROOT.RDF] Info /hpcscratch/user/ikabadzh/root/tree/dataframe/src/RLoopManager.cxx:713 in void ROOT::Detail::RDF::RLoopManager::Jit()>: Just-in-time compilation phase completed in 0.948035 seconds.
Info in <[ROOT.RDF] Info /hpcscratch/user/ikabadzh/root/tree/dataframe/src/RLoopManager.cxx:480 in void ROOT::Detail::RDF::RLoopManager::RunTreeReader()>: Processing trees {Events,Events} in files {input_files/dimuon/f580.root,input_files/dimuon/f581.root}: entry range [0,123080825], using slot 0 in thread 140513572460288.
Info in <[ROOT.RDF] Info /hpcscratch/user/ikabadzh/root/tree/dataframe/src/RLoopManager.cxx:713 in void ROOT::Detail::RDF::RLoopManager::Jit()>: Just-in-time compilation phase completed in 0.908638 seconds.
Info in <[ROOT.RDF] Info /hpcscratch/user/ikabadzh/root/tree/dataframe/src/RLoopManager.cxx:480 in void ROOT::Detail::RDF::RLoopManager::RunTreeReader()>: Processing trees {Events} in files {input_files/dimuon/f535.root}: entry range [0,61540412], using slot 0 in thread 140590755776256.
Info in <[ROOT.RDF] Info /hpcscratch/user/ikabadzh/root/tree/dataframe/src/RLoopManager.cxx:738 in void ROOT::Detail::RDF::RLoopManager::Run()>: Starting event loop number 0.
Info in <[ROOT.RDF] Info /hpcscratch/user/ikabadzh/root/tree/dataframe/src/RLoopManager.cxx:738 in void ROOT::Detail::RDF::RLoopManager::Run()>: Starting event loop number 0.
Info in <[ROOT.RDF] Info /hpcscratch/user/ikabadzh/root/tree/dataframe/src/RLoopManager.cxx:738 in void ROOT::Detail::RDF::RLoopManager::Run()>: Starting event loop number 0.
Info in <[ROOT.RDF] Info /hpcscratch/user/ikabadzh/root/tree/dataframe/src/RLoopManager.cxx:738 in void ROOT::Detail::RDF::RLoopManager::Run()>: Starting event loop number 0.
Info in <[ROOT.RDF] Info /hpcscratch/user/ikabadzh/root/tree/dataframe/src/RLoopManager.cxx:713 in void ROOT::Detail::RDF::RLoopManager::Jit()>: Just-in-time compilation phase completed in 0.942671 seconds.
Info in <[ROOT.RDF] Info /hpcscratch/user/ikabadzh/root/tree/dataframe/src/RLoopManager.cxx:480 in void ROOT::Detail::RDF::RLoopManager::RunTreeReader()>: Processing trees {Events,Events} in files {input_files/dimuon/f481.root,input_files/dimuon/f482.root}: entry range [0,123080825], using slot 0 in thread 139982264256256.
Info in <[ROOT.RDF] Info /hpcscratch/user/ikabadzh/root/tree/dataframe/src/RLoopManager.cxx:738 in void ROOT::Detail::RDF::RLoopManager::Run()>: Starting event loop number 0.
Info in <[ROOT.RDF] Info /hpcscratch/user/ikabadzh/root/tree/dataframe/src/RLoopManager.cxx:738 in void ROOT::Detail::RDF::RLoopManager::Run()>: Starting event loop number 0.
Info in <[ROOT.RDF] Info /hpcscratch/user/ikabadzh/root/tree/dataframe/src/RLoopManager.cxx:738 in void ROOT::Detail::RDF::RLoopManager::Run()>: Starting event loop number 0.
Info in <[ROOT.RDF] Info /hpcscratch/user/ikabadzh/root/tree/dataframe/src/RLoopManager.cxx:738 in void ROOT::Detail::RDF::RLoopManager::Run()>: Starting event loop number 0.
Info in <[ROOT.RDF] Info /hpcscratch/user/ikabadzh/root/tree/dataframe/src/RLoopManager.cxx:738 in void ROOT::Detail::RDF::RLoopManager::Run()>: Starting event loop number 0.
Info in <[ROOT.RDF] Info /hpcscratch/user/ikabadzh/root/tree/dataframe/src/RLoopManager.cxx:738 in void ROOT::Detail::RDF::RLoopManager::Run()>: Starting event loop number 0.
Info in <[ROOT.RDF] Info /hpcscratch/user/ikabadzh/root/tree/dataframe/src/RLoopManager.cxx:738 in void ROOT::Detail::RDF::RLoopManager::Run()>: Starting event loop number 0.
Info in <[ROOT.RDF] Info /hpcscratch/user/ikabadzh/root/tree/dataframe/src/RLoopManager.cxx:738 in void ROOT::Detail::RDF::RLoopManager::Run()>: Starting event loop number 0.
Info in <[ROOT.RDF] Info /hpcscratch/user/ikabadzh/root/tree/dataframe/src/RLoopManager.cxx:713 in void ROOT::Detail::RDF::RLoopManager::Jit()>: Just-in-time compilation phase completed in 0.919036 seconds.
Info in <[ROOT.RDF] Info /hpcscratch/user/ikabadzh/root/tree/dataframe/src/RLoopManager.cxx:480 in void ROOT::Detail::RDF::RLoopManager::RunTreeReader()>: Processing trees {Events} in files {input_files/dimuon/f474.root}: entry range [0,61540412], using slot 0 in thread 139963254236928.
Info in <[ROOT.RDF] Info /hpcscratch/user/ikabadzh/root/tree/dataframe/src/RLoopManager.cxx:713 in void ROOT::Detail::RDF::RLoopManager::Jit()>: Just-in-time compilation phase completed in 0.909931 seconds.
Info in <[ROOT.RDF] Info /hpcscratch/user/ikabadzh/root/tree/dataframe/src/RLoopManager.cxx:480 in void ROOT::Detail::RDF::RLoopManager::RunTreeReader()>: Processing trees {Events} in files {input_files/dimuon/f558.root}: entry range [0,61540412], using slot 0 in thread 139901095929600.
Info in <[ROOT.RDF] Info /hpcscratch/user/ikabadzh/root/tree/dataframe/src/RLoopManager.cxx:713 in void ROOT::Detail::RDF::RLoopManager::Jit()>: Just-in-time compilation phase completed in 1.053189 seconds.
Info in <[ROOT.RDF] Info /hpcscratch/user/ikabadzh/root/tree/dataframe/src/RLoopManager.cxx:480 in void ROOT::Detail::RDF::RLoopManager::RunTreeReader()>: Processing trees {Events} in files {input_files/dimuon/f580.root}: entry range [0,61540412], using slot 0 in thread 140432821253888.
Info in <[ROOT.RDF] Info /hpcscratch/user/ikabadzh/root/tree/dataframe/src/RLoopManager.cxx:713 in void ROOT::Detail::RDF::RLoopManager::Jit()>: Just-in-time compilation phase completed in 0.923574 seconds.
Info in <[ROOT.RDF] Info /hpcscratch/user/ikabadzh/root/tree/dataframe/src/RLoopManager.cxx:480 in void ROOT::Detail::RDF::RLoopManager::RunTreeReader()>: Processing trees {Events} in files {input_files/dimuon/f546.root}: entry range [0,61540412], using slot 0 in thread 140316075738880.
Info in <[ROOT.RDF] Info /hpcscratch/user/ikabadzh/root/tree/dataframe/src/RLoopManager.cxx:713 in void ROOT::Detail::RDF::RLoopManager::Jit()>: Just-in-time compilation phase completed in 0.928449 seconds.
Info in <[ROOT.RDF] Info /hpcscratch/user/ikabadzh/root/tree/dataframe/src/RLoopManager.cxx:480 in void ROOT::Detail::RDF::RLoopManager::RunTreeReader()>: Processing trees {Events} in files {input_files/dimuon/f536.root}: entry range [0,61540412], using slot 0 in thread 140248736233216.
Info in <[ROOT.RDF] Info /hpcscratch/user/ikabadzh/root/tree/dataframe/src/RLoopManager.cxx:713 in void ROOT::Detail::RDF::RLoopManager::Jit()>: Just-in-time compilation phase completed in 0.938941 seconds.
Info in <[ROOT.RDF] Info /hpcscratch/user/ikabadzh/root/tree/dataframe/src/RLoopManager.cxx:480 in void ROOT::Detail::RDF::RLoopManager::RunTreeReader()>: Processing trees {Events} in files {input_files/dimuon/f542.root}: entry range [0,61540412], using slot 0 in thread 140106836965120.
Info in <[ROOT.RDF] Info /hpcscratch/user/ikabadzh/root/tree/dataframe/src/RLoopManager.cxx:713 in void ROOT::Detail::RDF::RLoopManager::Jit()>: Just-in-time compilation phase completed in 0.916899 seconds.
Info in <[ROOT.RDF] Info /hpcscratch/user/ikabadzh/root/tree/dataframe/src/RLoopManager.cxx:480 in void ROOT::Detail::RDF::RLoopManager::RunTreeReader()>: Processing trees {Events,Events} in files {input_files/dimuon/f690.root,input_files/dimuon/f691.root}: entry range [0,123080825], using slot 0 in thread 139890776340224.
Info in <[ROOT.RDF] Info /hpcscratch/user/ikabadzh/root/tree/dataframe/src/RLoopManager.cxx:713 in void ROOT::Detail::RDF::RLoopManager::Jit()>: Just-in-time compilation phase completed in 0.915832 seconds.
Info in <[ROOT.RDF] Info /hpcscratch/user/ikabadzh/root/tree/dataframe/src/RLoopManager.cxx:480 in void ROOT::Detail::RDF::RLoopManager::RunTreeReader()>: Processing trees {Events} in files {input_files/dimuon/f539.root}: entry range [0,61540412], using slot 0 in thread 139919781422848.
Info in <[ROOT.RDF] Info /hpcscratch/user/ikabadzh/root/tree/dataframe/src/RLoopManager.cxx:713 in void ROOT::Detail::RDF::RLoopManager::Jit()>: Just-in-time compilation phase completed in 0.931995 seconds.
Info in <[ROOT.RDF] Info /hpcscratch/user/ikabadzh/root/tree/dataframe/src/RLoopManager.cxx:480 in void ROOT::Detail::RDF::RLoopManager::RunTreeReader()>: Processing trees {Events} in files {input_files/dimuon/f583.root}: entry range [0,61540412], using slot 0 in thread 139858161911552.
Info in <[ROOT.RDF] Info /hpcscratch/user/ikabadzh/root/tree/dataframe/src/RLoopManager.cxx:713 in void ROOT::Detail::RDF::RLoopManager::Jit()>: Just-in-time compilation phase completed in 0.923751 seconds.
Info in <[ROOT.RDF] Info /hpcscratch/user/ikabadzh/root/tree/dataframe/src/RLoopManager.cxx:480 in void ROOT::Detail::RDF::RLoopManager::RunTreeReader()>: Processing trees {Events} in files {input_files/dimuon/f479.root}: entry range [0,61540412], using slot 0 in thread 139894073702144.
Info in <[ROOT.RDF] Info /hpcscratch/user/ikabadzh/root/tree/dataframe/src/RLoopManager.cxx:713 in void ROOT::Detail::RDF::RLoopManager::Jit()>: Just-in-time compilation phase completed in 0.952627 seconds.
Info in <[ROOT.RDF] Info /hpcscratch/user/ikabadzh/root/tree/dataframe/src/RLoopManager.cxx:480 in void ROOT::Detail::RDF::RLoopManager::RunTreeReader()>: Processing trees {Events} in files {input_files/dimuon/f533.root}: entry range [0,61540412], using slot 0 in thread 140661560829696.
Info in <[ROOT.RDF] Info /hpcscratch/user/ikabadzh/root/tree/dataframe/src/RLoopManager.cxx:713 in void ROOT::Detail::RDF::RLoopManager::Jit()>: Just-in-time compilation phase completed in 1.385561 seconds.
Info in <[ROOT.RDF] Info /hpcscratch/user/ikabadzh/root/tree/dataframe/src/RLoopManager.cxx:480 in void ROOT::Detail::RDF::RLoopManager::RunTreeReader()>: Processing trees {Events} in files {input_files/dimuon/f584.root}: entry range [0,61540412], using slot 0 in thread 140553845409536.
Info in <[ROOT.RDF] Info /hpcscratch/user/ikabadzh/root/tree/dataframe/src/RLoopManager.cxx:762 in void ROOT::Detail::RDF::RLoopManager::Run()>: Finished event loop number 0 (9.53s CPU, 9.53388s elapsed).
Info in <[ROOT.RDF] Info /hpcscratch/user/ikabadzh/root/tree/dataframe/src/RLoopManager.cxx:762 in void ROOT::Detail::RDF::RLoopManager::Run()>: Finished event loop number 0 (9.14s CPU, 9.15809s elapsed).
Info in <[ROOT.RDF] Info /hpcscratch/user/ikabadzh/root/tree/dataframe/src/RLoopManager.cxx:738 in void ROOT::Detail::RDF::RLoopManager::Run()>: Starting event loop number 0.
Info in <[ROOT.RDF] Info /hpcscratch/user/ikabadzh/root/tree/dataframe/src/RLoopManager.cxx:738 in void ROOT::Detail::RDF::RLoopManager::Run()>: Starting event loop number 0.
Info in <[ROOT.RDF] Info /hpcscratch/user/ikabadzh/root/tree/dataframe/src/RLoopManager.cxx:762 in void ROOT::Detail::RDF::RLoopManager::Run()>: Finished event loop number 0 (9.17s CPU, 9.27515s elapsed).
Info in <[ROOT.RDF] Info /hpcscratch/user/ikabadzh/root/tree/dataframe/src/RLoopManager.cxx:762 in void ROOT::Detail::RDF::RLoopManager::Run()>: Finished event loop number 0 (9.62s CPU, 9.66427s elapsed).
Info in <[ROOT.RDF] Info /hpcscratch/user/ikabadzh/root/tree/dataframe/src/RLoopManager.cxx:762 in void ROOT::Detail::RDF::RLoopManager::Run()>: Finished event loop number 0 (9.03s CPU, 9.10251s elapsed).
Info in <[ROOT.RDF] Info /hpcscratch/user/ikabadzh/root/tree/dataframe/src/RLoopManager.cxx:713 in void ROOT::Detail::RDF::RLoopManager::Jit()>: Just-in-time compilation phase completed in 0.937237 seconds.
Info in <[ROOT.RDF] Info /hpcscratch/user/ikabadzh/root/tree/dataframe/src/RLoopManager.cxx:480 in void ROOT::Detail::RDF::RLoopManager::RunTreeReader()>: Processing trees {Events} in files {input_files/dimuon/f532.root}: entry range [0,61540412], using slot 0 in thread 140059683256064.
Info in <[ROOT.RDF] Info /hpcscratch/user/ikabadzh/root/tree/dataframe/src/RLoopManager.cxx:738 in void ROOT::Detail::RDF::RLoopManager::Run()>: Starting event loop number 0.
Info in <[ROOT.RDF] Info /hpcscratch/user/ikabadzh/root/tree/dataframe/src/RLoopManager.cxx:713 in void ROOT::Detail::RDF::RLoopManager::Jit()>: Just-in-time compilation phase completed in 0.947465 seconds.
Info in <[ROOT.RDF] Info /hpcscratch/user/ikabadzh/root/tree/dataframe/src/RLoopManager.cxx:480 in void ROOT::Detail::RDF::RLoopManager::RunTreeReader()>: Processing trees {Events,Events} in files {input_files/dimuon/f543.root,input_files/dimuon/f544.root}: entry range [0,123080825], using slot 0 in thread 140232255432448.
Info in <[ROOT.RDF] Info /hpcscratch/user/ikabadzh/root/tree/dataframe/src/RLoopManager.cxx:738 in void ROOT::Detail::RDF::RLoopManager::Run()>: Starting event loop number 0.
Info in <[ROOT.RDF] Info /hpcscratch/user/ikabadzh/root/tree/dataframe/src/RLoopManager.cxx:738 in void ROOT::Detail::RDF::RLoopManager::Run()>: Starting event loop number 0.
Info in <[ROOT.RDF] Info /hpcscratch/user/ikabadzh/root/tree/dataframe/src/RLoopManager.cxx:762 in void ROOT::Detail::RDF::RLoopManager::Run()>: Finished event loop number 0 (9.06s CPU, 9.08282s elapsed).
Info in <[ROOT.RDF] Info /hpcscratch/user/ikabadzh/root/tree/dataframe/src/RLoopManager.cxx:762 in void ROOT::Detail::RDF::RLoopManager::Run()>: Finished event loop number 0 (9.03s CPU, 9.10785s elapsed).
Info in <[ROOT.RDF] Info /hpcscratch/user/ikabadzh/root/tree/dataframe/src/RLoopManager.cxx:762 in void ROOT::Detail::RDF::RLoopManager::Run()>: Finished event loop number 0 (9.19s CPU, 9.24842s elapsed).
Info in <[ROOT.RDF] Info /hpcscratch/user/ikabadzh/root/tree/dataframe/src/RLoopManager.cxx:762 in void ROOT::Detail::RDF::RLoopManager::Run()>: Finished event loop number 0 (8.91s CPU, 9.14503s elapsed).
Info in <[ROOT.RDF] Info /hpcscratch/user/ikabadzh/root/tree/dataframe/src/RLoopManager.cxx:738 in void ROOT::Detail::RDF::RLoopManager::Run()>: Starting event loop number 0.
Info in <[ROOT.RDF] Info /hpcscratch/user/ikabadzh/root/tree/dataframe/src/RLoopManager.cxx:762 in void ROOT::Detail::RDF::RLoopManager::Run()>: Finished event loop number 0 (9.15s CPU, 9.19118s elapsed).
Info in <[ROOT.RDF] Info /hpcscratch/user/ikabadzh/root/tree/dataframe/src/RLoopManager.cxx:762 in void ROOT::Detail::RDF::RLoopManager::Run()>: Finished event loop number 0 (9.48s CPU, 9.64379s elapsed).
Info in <[ROOT.RDF] Info /hpcscratch/user/ikabadzh/root/tree/dataframe/src/RLoopManager.cxx:762 in void ROOT::Detail::RDF::RLoopManager::Run()>: Finished event loop number 0 (8.95s CPU, 9.31316s elapsed).
Info in <[ROOT.RDF] Info /hpcscratch/user/ikabadzh/root/tree/dataframe/src/RLoopManager.cxx:713 in void ROOT::Detail::RDF::RLoopManager::Jit()>: Just-in-time compilation phase completed in 0.953691 seconds.
Info in <[ROOT.RDF] Info /hpcscratch/user/ikabadzh/root/tree/dataframe/src/RLoopManager.cxx:480 in void ROOT::Detail::RDF::RLoopManager::RunTreeReader()>: Processing trees {Events} in files {input_files/dimuon/f538.root}: entry range [0,61540412], using slot 0 in thread 140446115686144.
Info in <[ROOT.RDF] Info /hpcscratch/user/ikabadzh/root/tree/dataframe/src/RLoopManager.cxx:738 in void ROOT::Detail::RDF::RLoopManager::Run()>: Starting event loop number 0.
Info in <[ROOT.RDF] Info /hpcscratch/user/ikabadzh/root/tree/dataframe/src/RLoopManager.cxx:738 in void ROOT::Detail::RDF::RLoopManager::Run()>: Starting event loop number 0.
Info in <[ROOT.RDF] Info /hpcscratch/user/ikabadzh/root/tree/dataframe/src/RLoopManager.cxx:713 in void ROOT::Detail::RDF::RLoopManager::Jit()>: Just-in-time compilation phase completed in 0.932707 seconds.
Info in <[ROOT.RDF] Info /hpcscratch/user/ikabadzh/root/tree/dataframe/src/RLoopManager.cxx:480 in void ROOT::Detail::RDF::RLoopManager::RunTreeReader()>: Processing trees {Events} in files {input_files/dimuon/f534.root}: entry range [0,61540412], using slot 0 in thread 140300930012928.
Info in <[ROOT.RDF] Info /hpcscratch/user/ikabadzh/root/tree/dataframe/src/RLoopManager.cxx:762 in void ROOT::Detail::RDF::RLoopManager::Run()>: Finished event loop number 0 (9.27s CPU, 9.44808s elapsed).
Info in <[ROOT.RDF] Info /hpcscratch/user/ikabadzh/root/tree/dataframe/src/RLoopManager.cxx:713 in void ROOT::Detail::RDF::RLoopManager::Jit()>: Just-in-time compilation phase completed in 0.930926 seconds.
Info in <[ROOT.RDF] Info /hpcscratch/user/ikabadzh/root/tree/dataframe/src/RLoopManager.cxx:480 in void ROOT::Detail::RDF::RLoopManager::RunTreeReader()>: Processing trees {Events} in files {input_files/dimuon/f533.root}: entry range [0,61540412], using slot 0 in thread 140606215038720.
Info in <[ROOT.RDF] Info /hpcscratch/user/ikabadzh/root/tree/dataframe/src/RLoopManager.cxx:738 in void ROOT::Detail::RDF::RLoopManager::Run()>: Starting event loop number 0.
Info in <[ROOT.RDF] Info /hpcscratch/user/ikabadzh/root/tree/dataframe/src/RLoopManager.cxx:762 in void ROOT::Detail::RDF::RLoopManager::Run()>: Finished event loop number 0 (9.39s CPU, 9.40682s elapsed).
Info in <[ROOT.RDF] Info /hpcscratch/user/ikabadzh/root/tree/dataframe/src/RLoopManager.cxx:762 in void ROOT::Detail::RDF::RLoopManager::Run()>: Finished event loop number 0 (9.31s CPU, 9.20727s elapsed).
Info in <[ROOT.RDF] Info /hpcscratch/user/ikabadzh/root/tree/dataframe/src/RLoopManager.cxx:762 in void ROOT::Detail::RDF::RLoopManager::Run()>: Finished event loop number 0 (9.1s CPU, 9.15303s elapsed).
Info in <[ROOT.RDF] Info /hpcscratch/user/ikabadzh/root/tree/dataframe/src/RLoopManager.cxx:738 in void ROOT::Detail::RDF::RLoopManager::Run()>: Starting event loop number 0.
Info in <[ROOT.RDF] Info /hpcscratch/user/ikabadzh/root/tree/dataframe/src/RLoopManager.cxx:762 in void ROOT::Detail::RDF::RLoopManager::Run()>: Finished event loop number 0 (8.96s CPU, 9.35945s elapsed).
Info in <[ROOT.RDF] Info /hpcscratch/user/ikabadzh/root/tree/dataframe/src/RLoopManager.cxx:762 in void ROOT::Detail::RDF::RLoopManager::Run()>: Finished event loop number 0 (9.2s CPU, 9.25869s elapsed).
Info in <[ROOT.RDF] Info /hpcscratch/user/ikabadzh/root/tree/dataframe/src/RLoopManager.cxx:762 in void ROOT::Detail::RDF::RLoopManager::Run()>: Finished event loop number 0 (9.33s CPU, 9.43112s elapsed).
Info in <[ROOT.RDF] Info /hpcscratch/user/ikabadzh/root/tree/dataframe/src/RLoopManager.cxx:738 in void ROOT::Detail::RDF::RLoopManager::Run()>: Starting event loop number 0.
Info in <[ROOT.RDF] Info /hpcscratch/user/ikabadzh/root/tree/dataframe/src/RLoopManager.cxx:713 in void ROOT::Detail::RDF::RLoopManager::Jit()>: Just-in-time compilation phase completed in 0.920631 seconds.
Info in <[ROOT.RDF] Info /hpcscratch/user/ikabadzh/root/tree/dataframe/src/RLoopManager.cxx:480 in void ROOT::Detail::RDF::RLoopManager::RunTreeReader()>: Processing trees {Events} in files {input_files/dimuon/f543.root}: entry range [0,61540412], using slot 0 in thread 140089609361152.
Info in <[ROOT.RDF] Info /hpcscratch/user/ikabadzh/root/tree/dataframe/src/RLoopManager.cxx:738 in void ROOT::Detail::RDF::RLoopManager::Run()>: Starting event loop number 0.
Info in <[ROOT.RDF] Info /hpcscratch/user/ikabadzh/root/tree/dataframe/src/RLoopManager.cxx:713 in void ROOT::Detail::RDF::RLoopManager::Jit()>: Just-in-time compilation phase completed in 0.922140 seconds.
Info in <[ROOT.RDF] Info /hpcscratch/user/ikabadzh/root/tree/dataframe/src/RLoopManager.cxx:480 in void ROOT::Detail::RDF::RLoopManager::RunTreeReader()>: Processing trees {Events,Events} in files {input_files/dimuon/f558.root,input_files/dimuon/f559.root}: entry range [0,123080825], using slot 0 in thread 139840888448768.
Info in <[ROOT.RDF] Info /hpcscratch/user/ikabadzh/root/tree/dataframe/src/RLoopManager.cxx:713 in void ROOT::Detail::RDF::RLoopManager::Jit()>: Just-in-time compilation phase completed in 0.928263 seconds.
Info in <[ROOT.RDF] Info /hpcscratch/user/ikabadzh/root/tree/dataframe/src/RLoopManager.cxx:480 in void ROOT::Detail::RDF::RLoopManager::RunTreeReader()>: Processing trees {Events} in files {input_files/dimuon/f538.root}: entry range [0,61540412], using slot 0 in thread 139950990493440.
Info in <[ROOT.RDF] Info /hpcscratch/user/ikabadzh/root/tree/dataframe/src/RLoopManager.cxx:738 in void ROOT::Detail::RDF::RLoopManager::Run()>: Starting event loop number 0.
Info in <[ROOT.RDF] Info /hpcscratch/user/ikabadzh/root/tree/dataframe/src/RLoopManager.cxx:762 in void ROOT::Detail::RDF::RLoopManager::Run()>: Finished event loop number 0 (8.86s CPU, 8.96061s elapsed).
Info in <[ROOT.RDF] Info /hpcscratch/user/ikabadzh/root/tree/dataframe/src/RLoopManager.cxx:713 in void ROOT::Detail::RDF::RLoopManager::Jit()>: Just-in-time compilation phase completed in 0.919878 seconds.
Info in <[ROOT.RDF] Info /hpcscratch/user/ikabadzh/root/tree/dataframe/src/RLoopManager.cxx:480 in void ROOT::Detail::RDF::RLoopManager::RunTreeReader()>: Processing trees {Events} in files {input_files/dimuon/f541.root}: entry range [0,61540412], using slot 0 in thread 140479177414400.
Info in <[ROOT.RDF] Info /hpcscratch/user/ikabadzh/root/tree/dataframe/src/RLoopManager.cxx:713 in void ROOT::Detail::RDF::RLoopManager::Jit()>: Just-in-time compilation phase completed in 0.921468 seconds.
Info in <[ROOT.RDF] Info /hpcscratch/user/ikabadzh/root/tree/dataframe/src/RLoopManager.cxx:480 in void ROOT::Detail::RDF::RLoopManager::RunTreeReader()>: Processing trees {Events} in files {input_files/dimuon/f245.root}: entry range [0,61540412], using slot 0 in thread 140673810704128.
Info in <[ROOT.RDF] Info /hpcscratch/user/ikabadzh/root/tree/dataframe/src/RLoopManager.cxx:762 in void ROOT::Detail::RDF::RLoopManager::Run()>: Finished event loop number 0 (8.77s CPU, 8.84047s elapsed).
Info in <[ROOT.RDF] Info /hpcscratch/user/ikabadzh/root/tree/dataframe/src/RLoopManager.cxx:738 in void ROOT::Detail::RDF::RLoopManager::Run()>: Starting event loop number 0.
Info in <[ROOT.RDF] Info /hpcscratch/user/ikabadzh/root/tree/dataframe/src/RLoopManager.cxx:738 in void ROOT::Detail::RDF::RLoopManager::Run()>: Starting event loop number 0.
Info in <[ROOT.RDF] Info /hpcscratch/user/ikabadzh/root/tree/dataframe/src/RLoopManager.cxx:713 in void ROOT::Detail::RDF::RLoopManager::Jit()>: Just-in-time compilation phase completed in 0.929269 seconds.
Info in <[ROOT.RDF] Info /hpcscratch/user/ikabadzh/root/tree/dataframe/src/RLoopManager.cxx:480 in void ROOT::Detail::RDF::RLoopManager::RunTreeReader()>: Processing trees {Events} in files {input_files/dimuon/f544.root}: entry range [0,61540412], using slot 0 in thread 140489258903296.
Info in <[ROOT.RDF] Info /hpcscratch/user/ikabadzh/root/tree/dataframe/src/RLoopManager.cxx:738 in void ROOT::Detail::RDF::RLoopManager::Run()>: Starting event loop number 0.
Info in <[ROOT.RDF] Info /hpcscratch/user/ikabadzh/root/tree/dataframe/src/RLoopManager.cxx:738 in void ROOT::Detail::RDF::RLoopManager::Run()>: Starting event loop number 0.
Info in <[ROOT.RDF] Info /hpcscratch/user/ikabadzh/root/tree/dataframe/src/RLoopManager.cxx:738 in void ROOT::Detail::RDF::RLoopManager::Run()>: Starting event loop number 0.
Info in <[ROOT.RDF] Info /hpcscratch/user/ikabadzh/root/tree/dataframe/src/RLoopManager.cxx:762 in void ROOT::Detail::RDF::RLoopManager::Run()>: Finished event loop number 0 (8.94s CPU, 8.89508s elapsed).
Info in <[ROOT.RDF] Info /hpcscratch/user/ikabadzh/root/tree/dataframe/src/RLoopManager.cxx:738 in void ROOT::Detail::RDF::RLoopManager::Run()>: Starting event loop number 0.
Info in <[ROOT.RDF] Info /hpcscratch/user/ikabadzh/root/tree/dataframe/src/RLoopManager.cxx:738 in void ROOT::Detail::RDF::RLoopManager::Run()>: Starting event loop number 0.
Info in <[ROOT.RDF] Info /hpcscratch/user/ikabadzh/root/tree/dataframe/src/RLoopManager.cxx:713 in void ROOT::Detail::RDF::RLoopManager::Jit()>: Just-in-time compilation phase completed in 0.929035 seconds.
Info in <[ROOT.RDF] Info /hpcscratch/user/ikabadzh/root/tree/dataframe/src/RLoopManager.cxx:480 in void ROOT::Detail::RDF::RLoopManager::RunTreeReader()>: Processing trees {Events} in files {input_files/dimuon/f557.root}: entry range [0,61540412], using slot 0 in thread 139871434925824.
Info in <[ROOT.RDF] Info /hpcscratch/user/ikabadzh/root/tree/dataframe/src/RLoopManager.cxx:762 in void ROOT::Detail::RDF::RLoopManager::Run()>: Finished event loop number 0 (8.93s CPU, 9.05138s elapsed).
Info in <[ROOT.RDF] Info /hpcscratch/user/ikabadzh/root/tree/dataframe/src/RLoopManager.cxx:713 in void ROOT::Detail::RDF::RLoopManager::Jit()>: Just-in-time compilation phase completed in 0.956016 seconds.
Info in <[ROOT.RDF] Info /hpcscratch/user/ikabadzh/root/tree/dataframe/src/RLoopManager.cxx:480 in void ROOT::Detail::RDF::RLoopManager::RunTreeReader()>: Processing trees {Events,Events} in files {input_files/dimuon/f236.root,input_files/dimuon/f237.root}: entry range [0,123080825], using slot 0 in thread 139772376327936.
Info in <[ROOT.RDF] Info /hpcscratch/user/ikabadzh/root/tree/dataframe/src/RLoopManager.cxx:738 in void ROOT::Detail::RDF::RLoopManager::Run()>: Starting event loop number 0.
Info in <[ROOT.RDF] Info /hpcscratch/user/ikabadzh/root/tree/dataframe/src/RLoopManager.cxx:762 in void ROOT::Detail::RDF::RLoopManager::Run()>: Finished event loop number 0 (9.2s CPU, 9.21837s elapsed).
Info in <[ROOT.RDF] Info /hpcscratch/user/ikabadzh/root/tree/dataframe/src/RLoopManager.cxx:762 in void ROOT::Detail::RDF::RLoopManager::Run()>: Finished event loop number 0 (9.17s CPU, 9.14277s elapsed).
Info in <[ROOT.RDF] Info /hpcscratch/user/ikabadzh/root/tree/dataframe/src/RLoopManager.cxx:738 in void ROOT::Detail::RDF::RLoopManager::Run()>: Starting event loop number 0.
Info in <[ROOT.RDF] Info /hpcscratch/user/ikabadzh/root/tree/dataframe/src/RLoopManager.cxx:762 in void ROOT::Detail::RDF::RLoopManager::Run()>: Finished event loop number 0 (9s CPU, 9.1016s elapsed).
Info in <[ROOT.RDF] Info /hpcscratch/user/ikabadzh/root/tree/dataframe/src/RLoopManager.cxx:713 in void ROOT::Detail::RDF::RLoopManager::Jit()>: Just-in-time compilation phase completed in 0.924248 seconds.
Info in <[ROOT.RDF] Info /hpcscratch/user/ikabadzh/root/tree/dataframe/src/RLoopManager.cxx:480 in void ROOT::Detail::RDF::RLoopManager::RunTreeReader()>: Processing trees {Events} in files {input_files/dimuon/f542.root}: entry range [0,61540412], using slot 0 in thread 139743933441792.
Info in <[ROOT.RDF] Info /hpcscratch/user/ikabadzh/root/tree/dataframe/src/RLoopManager.cxx:762 in void ROOT::Detail::RDF::RLoopManager::Run()>: Finished event loop number 0 (9.09s CPU, 9.24763s elapsed).
Info in <[ROOT.RDF] Info /hpcscratch/user/ikabadzh/root/tree/dataframe/src/RLoopManager.cxx:713 in void ROOT::Detail::RDF::RLoopManager::Jit()>: Just-in-time compilation phase completed in 0.922496 seconds.
Info in <[ROOT.RDF] Info /hpcscratch/user/ikabadzh/root/tree/dataframe/src/RLoopManager.cxx:480 in void ROOT::Detail::RDF::RLoopManager::RunTreeReader()>: Processing trees {Events} in files {input_files/dimuon/f716.root}: entry range [0,61540412], using slot 0 in thread 140602144868096.
Info in <[ROOT.RDF] Info /hpcscratch/user/ikabadzh/root/tree/dataframe/src/RLoopManager.cxx:713 in void ROOT::Detail::RDF::RLoopManager::Jit()>: Just-in-time compilation phase completed in 0.918837 seconds.
Info in <[ROOT.RDF] Info /hpcscratch/user/ikabadzh/root/tree/dataframe/src/RLoopManager.cxx:480 in void ROOT::Detail::RDF::RLoopManager::RunTreeReader()>: Processing trees {Events} in files {input_files/dimuon/f643.root}: entry range [0,61540412], using slot 0 in thread 140513572460288.
Info in <[ROOT.RDF] Info /hpcscratch/user/ikabadzh/root/tree/dataframe/src/RLoopManager.cxx:713 in void ROOT::Detail::RDF::RLoopManager::Jit()>: Just-in-time compilation phase completed in 0.931098 seconds.
Info in <[ROOT.RDF] Info /hpcscratch/user/ikabadzh/root/tree/dataframe/src/RLoopManager.cxx:480 in void ROOT::Detail::RDF::RLoopManager::RunTreeReader()>: Processing trees {Events} in files {input_files/dimuon/f535.root}: entry range [0,61540412], using slot 0 in thread 140590755776256.
Info in <[ROOT.RDF] Info /hpcscratch/user/ikabadzh/root/tree/dataframe/src/RLoopManager.cxx:713 in void ROOT::Detail::RDF::RLoopManager::Jit()>: Just-in-time compilation phase completed in 0.927725 seconds.
Info in <[ROOT.RDF] Info /hpcscratch/user/ikabadzh/root/tree/dataframe/src/RLoopManager.cxx:480 in void ROOT::Detail::RDF::RLoopManager::RunTreeReader()>: Processing trees {Events} in files {input_files/dimuon/f543.root}: entry range [0,61540412], using slot 0 in thread 140351442360064.
Info in <[ROOT.RDF] Info /hpcscratch/user/ikabadzh/root/tree/dataframe/src/RLoopManager.cxx:738 in void ROOT::Detail::RDF::RLoopManager::Run()>: Starting event loop number 0.
Info in <[ROOT.RDF] Info /hpcscratch/user/ikabadzh/root/tree/dataframe/src/RLoopManager.cxx:713 in void ROOT::Detail::RDF::RLoopManager::Jit()>: Just-in-time compilation phase completed in 0.938620 seconds.
Info in <[ROOT.RDF] Info /hpcscratch/user/ikabadzh/root/tree/dataframe/src/RLoopManager.cxx:480 in void ROOT::Detail::RDF::RLoopManager::RunTreeReader()>: Processing trees {Events} in files {input_files/dimuon/f540.root}: entry range [0,61540412], using slot 0 in thread 139917743171328.
Info in <[ROOT.RDF] Info /hpcscratch/user/ikabadzh/root/tree/dataframe/src/RLoopManager.cxx:713 in void ROOT::Detail::RDF::RLoopManager::Jit()>: Just-in-time compilation phase completed in 0.925661 seconds.
Info in <[ROOT.RDF] Info /hpcscratch/user/ikabadzh/root/tree/dataframe/src/RLoopManager.cxx:480 in void ROOT::Detail::RDF::RLoopManager::RunTreeReader()>: Processing trees {Events} in files {input_files/dimuon/f582.root}: entry range [0,61540412], using slot 0 in thread 139982264256256.
Info in <[ROOT.RDF] Info /hpcscratch/user/ikabadzh/root/tree/dataframe/src/RLoopManager.cxx:762 in void ROOT::Detail::RDF::RLoopManager::Run()>: Finished event loop number 0 (9.35s CPU, 9.57228s elapsed).
Info in <[ROOT.RDF] Info /hpcscratch/user/ikabadzh/root/tree/dataframe/src/RLoopManager.cxx:713 in void ROOT::Detail::RDF::RLoopManager::Jit()>: Just-in-time compilation phase completed in 0.928515 seconds.
Info in <[ROOT.RDF] Info /hpcscratch/user/ikabadzh/root/tree/dataframe/src/RLoopManager.cxx:480 in void ROOT::Detail::RDF::RLoopManager::RunTreeReader()>: Processing trees {Events} in files {input_files/dimuon/f547.root}: entry range [0,61540412], using slot 0 in thread 139963254236928.
Info in <[ROOT.RDF] Info /hpcscratch/user/ikabadzh/root/tree/dataframe/src/RLoopManager.cxx:762 in void ROOT::Detail::RDF::RLoopManager::Run()>: Finished event loop number 0 (9.42s CPU, 9.76108s elapsed).
Info in <[ROOT.RDF] Info /hpcscratch/user/ikabadzh/root/tree/dataframe/src/RLoopManager.cxx:762 in void ROOT::Detail::RDF::RLoopManager::Run()>: Finished event loop number 0 (9.79s CPU, 9.72664s elapsed).
Info in <[ROOT.RDF] Info /hpcscratch/user/ikabadzh/root/tree/dataframe/src/RLoopManager.cxx:762 in void ROOT::Detail::RDF::RLoopManager::Run()>: Finished event loop number 0 (9.43s CPU, 9.79932s elapsed).
Info in <[ROOT.RDF] Info /hpcscratch/user/ikabadzh/root/tree/dataframe/src/RLoopManager.cxx:738 in void ROOT::Detail::RDF::RLoopManager::Run()>: Starting event loop number 0.
Info in <[ROOT.RDF] Info /hpcscratch/user/ikabadzh/root/tree/dataframe/src/RLoopManager.cxx:713 in void ROOT::Detail::RDF::RLoopManager::Jit()>: Just-in-time compilation phase completed in 0.910498 seconds.
Info in <[ROOT.RDF] Info /hpcscratch/user/ikabadzh/root/tree/dataframe/src/RLoopManager.cxx:480 in void ROOT::Detail::RDF::RLoopManager::RunTreeReader()>: Processing trees {Events} in files {input_files/dimuon/f538.root}: entry range [0,61540412], using slot 0 in thread 139901095929600.
Info in <[ROOT.RDF] Info /hpcscratch/user/ikabadzh/root/tree/dataframe/src/RLoopManager.cxx:738 in void ROOT::Detail::RDF::RLoopManager::Run()>: Starting event loop number 0.
Info in <[ROOT.RDF] Info /hpcscratch/user/ikabadzh/root/tree/dataframe/src/RLoopManager.cxx:762 in void ROOT::Detail::RDF::RLoopManager::Run()>: Finished event loop number 0 (9.06s CPU, 9.48628s elapsed).
Info in <[ROOT.RDF] Info /hpcscratch/user/ikabadzh/root/tree/dataframe/src/RLoopManager.cxx:738 in void ROOT::Detail::RDF::RLoopManager::Run()>: Starting event loop number 0.
Info in <[ROOT.RDF] Info /hpcscratch/user/ikabadzh/root/tree/dataframe/src/RLoopManager.cxx:738 in void ROOT::Detail::RDF::RLoopManager::Run()>: Starting event loop number 0.
Info in <[ROOT.RDF] Info /hpcscratch/user/ikabadzh/root/tree/dataframe/src/RLoopManager.cxx:713 in void ROOT::Detail::RDF::RLoopManager::Jit()>: Just-in-time compilation phase completed in 0.908906 seconds.
Info in <[ROOT.RDF] Info /hpcscratch/user/ikabadzh/root/tree/dataframe/src/RLoopManager.cxx:480 in void ROOT::Detail::RDF::RLoopManager::RunTreeReader()>: Processing trees {Events} in files {input_files/dimuon/f616.root}: entry range [0,61540412], using slot 0 in thread 139890776340224.
Info in <[ROOT.RDF] Info /hpcscratch/user/ikabadzh/root/tree/dataframe/src/RLoopManager.cxx:738 in void ROOT::Detail::RDF::RLoopManager::Run()>: Starting event loop number 0.
Info in <[ROOT.RDF] Info /hpcscratch/user/ikabadzh/root/tree/dataframe/src/RLoopManager.cxx:738 in void ROOT::Detail::RDF::RLoopManager::Run()>: Starting event loop number 0.
Info in <[ROOT.RDF] Info /hpcscratch/user/ikabadzh/root/tree/dataframe/src/RLoopManager.cxx:738 in void ROOT::Detail::RDF::RLoopManager::Run()>: Starting event loop number 0.
Info in <[ROOT.RDF] Info /hpcscratch/user/ikabadzh/root/tree/dataframe/src/RLoopManager.cxx:738 in void ROOT::Detail::RDF::RLoopManager::Run()>: Starting event loop number 0.
Info in <[ROOT.RDF] Info /hpcscratch/user/ikabadzh/root/tree/dataframe/src/RLoopManager.cxx:713 in void ROOT::Detail::RDF::RLoopManager::Jit()>: Just-in-time compilation phase completed in 0.926378 seconds.
Info in <[ROOT.RDF] Info /hpcscratch/user/ikabadzh/root/tree/dataframe/src/RLoopManager.cxx:480 in void ROOT::Detail::RDF::RLoopManager::RunTreeReader()>: Processing trees {Events} in files {input_files/dimuon/f731.root}: entry range [0,61540412], using slot 0 in thread 140248736233216.
Info in <[ROOT.RDF] Info /hpcscratch/user/ikabadzh/root/tree/dataframe/src/RLoopManager.cxx:713 in void ROOT::Detail::RDF::RLoopManager::Jit()>: Just-in-time compilation phase completed in 0.932961 seconds.
Info in <[ROOT.RDF] Info /hpcscratch/user/ikabadzh/root/tree/dataframe/src/RLoopManager.cxx:480 in void ROOT::Detail::RDF::RLoopManager::RunTreeReader()>: Processing trees {Events,Events} in files {input_files/dimuon/f653.root,input_files/dimuon/f654.root}: entry range [0,123080825], using slot 0 in thread 140432821253888.
Info in <[ROOT.RDF] Info /hpcscratch/user/ikabadzh/root/tree/dataframe/src/RLoopManager.cxx:713 in void ROOT::Detail::RDF::RLoopManager::Jit()>: Just-in-time compilation phase completed in 0.926937 seconds.
Info in <[ROOT.RDF] Info /hpcscratch/user/ikabadzh/root/tree/dataframe/src/RLoopManager.cxx:480 in void ROOT::Detail::RDF::RLoopManager::RunTreeReader()>: Processing trees {Events,Events} in files {input_files/dimuon/f647.root,input_files/dimuon/f648.root}: entry range [0,123080825], using slot 0 in thread 140316075738880.
Info in <[ROOT.RDF] Info /hpcscratch/user/ikabadzh/root/tree/dataframe/src/RLoopManager.cxx:713 in void ROOT::Detail::RDF::RLoopManager::Jit()>: Just-in-time compilation phase completed in 0.926170 seconds.
Info in <[ROOT.RDF] Info /hpcscratch/user/ikabadzh/root/tree/dataframe/src/RLoopManager.cxx:480 in void ROOT::Detail::RDF::RLoopManager::RunTreeReader()>: Processing trees {Events} in files {input_files/dimuon/f626.root}: entry range [0,61540412], using slot 0 in thread 139858161911552.
Info in <[ROOT.RDF] Info /hpcscratch/user/ikabadzh/root/tree/dataframe/src/RLoopManager.cxx:713 in void ROOT::Detail::RDF::RLoopManager::Jit()>: Just-in-time compilation phase completed in 0.925175 seconds.
Info in <[ROOT.RDF] Info /hpcscratch/user/ikabadzh/root/tree/dataframe/src/RLoopManager.cxx:480 in void ROOT::Detail::RDF::RLoopManager::RunTreeReader()>: Processing trees {Events} in files {input_files/dimuon/f686.root}: entry range [0,61540412], using slot 0 in thread 140106836965120.
Info in <[ROOT.RDF] Info /hpcscratch/user/ikabadzh/root/tree/dataframe/src/RLoopManager.cxx:713 in void ROOT::Detail::RDF::RLoopManager::Jit()>: Just-in-time compilation phase completed in 0.948453 seconds.
Info in <[ROOT.RDF] Info /hpcscratch/user/ikabadzh/root/tree/dataframe/src/RLoopManager.cxx:480 in void ROOT::Detail::RDF::RLoopManager::RunTreeReader()>: Processing trees {Events} in files {input_files/dimuon/f673.root}: entry range [0,61540412], using slot 0 in thread 139919781422848.
Info in <[ROOT.RDF] Info /hpcscratch/user/ikabadzh/root/tree/dataframe/src/RLoopManager.cxx:713 in void ROOT::Detail::RDF::RLoopManager::Jit()>: Just-in-time compilation phase completed in 0.947850 seconds.
Info in <[ROOT.RDF] Info /hpcscratch/user/ikabadzh/root/tree/dataframe/src/RLoopManager.cxx:480 in void ROOT::Detail::RDF::RLoopManager::RunTreeReader()>: Processing trees {Events} in files {input_files/dimuon/f722.root}: entry range [0,61540412], using slot 0 in thread 140661560829696.
Info in <[ROOT.RDF] Info /hpcscratch/user/ikabadzh/root/tree/dataframe/src/RLoopManager.cxx:713 in void ROOT::Detail::RDF::RLoopManager::Jit()>: Just-in-time compilation phase completed in 1.035371 seconds.
Info in <[ROOT.RDF] Info /hpcscratch/user/ikabadzh/root/tree/dataframe/src/RLoopManager.cxx:480 in void ROOT::Detail::RDF::RLoopManager::RunTreeReader()>: Processing trees {Events} in files {input_files/dimuon/f594.root}: entry range [0,61540412], using slot 0 in thread 140553845409536.
Info in <[ROOT.RDF] Info /hpcscratch/user/ikabadzh/root/tree/dataframe/src/RLoopManager.cxx:762 in void ROOT::Detail::RDF::RLoopManager::Run()>: Finished event loop number 0 (8.74s CPU, 8.71304s elapsed).
Info in <[ROOT.RDF] Info /hpcscratch/user/ikabadzh/root/tree/dataframe/src/RLoopManager.cxx:762 in void ROOT::Detail::RDF::RLoopManager::Run()>: Finished event loop number 0 (9.15s CPU, 9.06912s elapsed).
Info in <[ROOT.RDF] Info /hpcscratch/user/ikabadzh/root/tree/dataframe/src/RLoopManager.cxx:762 in void ROOT::Detail::RDF::RLoopManager::Run()>: Finished event loop number 0 (8.97s CPU, 8.91918s elapsed).
Info in <[ROOT.RDF] Info /hpcscratch/user/ikabadzh/root/tree/dataframe/src/RLoopManager.cxx:738 in void ROOT::Detail::RDF::RLoopManager::Run()>: Starting event loop number 0.
Info in <[ROOT.RDF] Info /hpcscratch/user/ikabadzh/root/tree/dataframe/src/RLoopManager.cxx:762 in void ROOT::Detail::RDF::RLoopManager::Run()>: Finished event loop number 0 (9.09s CPU, 9.16833s elapsed).
Info in <[ROOT.RDF] Info /hpcscratch/user/ikabadzh/root/tree/dataframe/src/RLoopManager.cxx:762 in void ROOT::Detail::RDF::RLoopManager::Run()>: Finished event loop number 0 (9.23s CPU, 9.17704s elapsed).
Info in <[ROOT.RDF] Info /hpcscratch/user/ikabadzh/root/tree/dataframe/src/RLoopManager.cxx:738 in void ROOT::Detail::RDF::RLoopManager::Run()>: Starting event loop number 0.
Info in <[ROOT.RDF] Info /hpcscratch/user/ikabadzh/root/tree/dataframe/src/RLoopManager.cxx:762 in void ROOT::Detail::RDF::RLoopManager::Run()>: Finished event loop number 0 (8.97s CPU, 9.09868s elapsed).
Info in <[ROOT.RDF] Info /hpcscratch/user/ikabadzh/root/tree/dataframe/src/RLoopManager.cxx:713 in void ROOT::Detail::RDF::RLoopManager::Jit()>: Just-in-time compilation phase completed in 0.940120 seconds.
Info in <[ROOT.RDF] Info /hpcscratch/user/ikabadzh/root/tree/dataframe/src/RLoopManager.cxx:480 in void ROOT::Detail::RDF::RLoopManager::RunTreeReader()>: Processing trees {Events} in files {input_files/dimuon/f481.root}: entry range [0,61540412], using slot 0 in thread 139894073702144.
Info in <[ROOT.RDF] Info /hpcscratch/user/ikabadzh/root/tree/dataframe/src/RLoopManager.cxx:762 in void ROOT::Detail::RDF::RLoopManager::Run()>: Finished event loop number 0 (9.44s CPU, 9.38021s elapsed).
Info in <[ROOT.RDF] Info /hpcscratch/user/ikabadzh/root/tree/dataframe/src/RLoopManager.cxx:762 in void ROOT::Detail::RDF::RLoopManager::Run()>: Finished event loop number 0 (9.05s CPU, 9.02405s elapsed).
Info in <[ROOT.RDF] Info /hpcscratch/user/ikabadzh/root/tree/dataframe/src/RLoopManager.cxx:762 in void ROOT::Detail::RDF::RLoopManager::Run()>: Finished event loop number 0 (9.17s CPU, 9.05845s elapsed).
Info in <[ROOT.RDF] Info /hpcscratch/user/ikabadzh/root/tree/dataframe/src/RLoopManager.cxx:762 in void ROOT::Detail::RDF::RLoopManager::Run()>: Finished event loop number 0 (9.68s CPU, 9.79611s elapsed).
Info in <[ROOT.RDF] Info /hpcscratch/user/ikabadzh/root/tree/dataframe/src/RLoopManager.cxx:762 in void ROOT::Detail::RDF::RLoopManager::Run()>: Finished event loop number 0 (9.53s CPU, 9.52391s elapsed).
Info in <[ROOT.RDF] Info /hpcscratch/user/ikabadzh/root/tree/dataframe/src/RLoopManager.cxx:762 in void ROOT::Detail::RDF::RLoopManager::Run()>: Finished event loop number 0 (9.22s CPU, 9.08662s elapsed).
Info in <[ROOT.RDF] Info /hpcscratch/user/ikabadzh/root/tree/dataframe/src/RLoopManager.cxx:713 in void ROOT::Detail::RDF::RLoopManager::Jit()>: Just-in-time compilation phase completed in 0.940797 seconds.
Info in <[ROOT.RDF] Info /hpcscratch/user/ikabadzh/root/tree/dataframe/src/RLoopManager.cxx:480 in void ROOT::Detail::RDF::RLoopManager::RunTreeReader()>: Processing trees {Events} in files {input_files/dimuon/f757.root}: entry range [0,61540412], using slot 0 in thread 140059683256064.
Info in <[ROOT.RDF] Info /hpcscratch/user/ikabadzh/root/tree/dataframe/src/RLoopManager.cxx:762 in void ROOT::Detail::RDF::RLoopManager::Run()>: Finished event loop number 0 (9.01s CPU, 9.08078s elapsed).
Info in <[ROOT.RDF] Info /hpcscratch/user/ikabadzh/root/tree/dataframe/src/RLoopManager.cxx:762 in void ROOT::Detail::RDF::RLoopManager::Run()>: Finished event loop number 0 (8.82s CPU, 8.81778s elapsed).
Info in <[ROOT.RDF] Info /hpcscratch/user/ikabadzh/root/tree/dataframe/src/RLoopManager.cxx:762 in void ROOT::Detail::RDF::RLoopManager::Run()>: Finished event loop number 0 (8.96s CPU, 8.88513s elapsed).
Info in <[ROOT.RDF] Info /hpcscratch/user/ikabadzh/root/tree/dataframe/src/RLoopManager.cxx:762 in void ROOT::Detail::RDF::RLoopManager::Run()>: Finished event loop number 0 (9.02s CPU, 8.97717s elapsed).
Info in <[ROOT.RDF] Info /hpcscratch/user/ikabadzh/root/tree/dataframe/src/RLoopManager.cxx:762 in void ROOT::Detail::RDF::RLoopManager::Run()>: Finished event loop number 0 (9.25s CPU, 9.18982s elapsed).
Info in <[ROOT.RDF] Info /hpcscratch/user/ikabadzh/root/tree/dataframe/src/RLoopManager.cxx:762 in void ROOT::Detail::RDF::RLoopManager::Run()>: Finished event loop number 0 (9.28s CPU, 9.20104s elapsed).
Info in <[ROOT.RDF] Info /hpcscratch/user/ikabadzh/root/tree/dataframe/src/RLoopManager.cxx:762 in void ROOT::Detail::RDF::RLoopManager::Run()>: Finished event loop number 0 (9.26s CPU, 9.18431s elapsed).
Info in <[ROOT.RDF] Info /hpcscratch/user/ikabadzh/root/tree/dataframe/src/RLoopManager.cxx:762 in void ROOT::Detail::RDF::RLoopManager::Run()>: Finished event loop number 0 (9.7s CPU, 9.59699s elapsed).
Info in <[ROOT.RDF] Info /hpcscratch/user/ikabadzh/root/tree/dataframe/src/RLoopManager.cxx:762 in void ROOT::Detail::RDF::RLoopManager::Run()>: Finished event loop number 0 (9.04s CPU, 9.01575s elapsed).
Info in <[ROOT.RDF] Info /hpcscratch/user/ikabadzh/root/tree/dataframe/src/RLoopManager.cxx:762 in void ROOT::Detail::RDF::RLoopManager::Run()>: Finished event loop number 0 (9.7s CPU, 9.76534s elapsed).
Info in <[ROOT.RDF] Info /hpcscratch/user/ikabadzh/root/tree/dataframe/src/RLoopManager.cxx:762 in void ROOT::Detail::RDF::RLoopManager::Run()>: Finished event loop number 0 (9.61s CPU, 9.54771s elapsed).
Info in <[ROOT.RDF] Info /hpcscratch/user/ikabadzh/root/tree/dataframe/src/RLoopManager.cxx:762 in void ROOT::Detail::RDF::RLoopManager::Run()>: Finished event loop number 0 (8.88s CPU, 8.77398s elapsed).
Info in <[ROOT.RDF] Info /hpcscratch/user/ikabadzh/root/tree/dataframe/src/RLoopManager.cxx:762 in void ROOT::Detail::RDF::RLoopManager::Run()>: Finished event loop number 0 (8.83s CPU, 8.77189s elapsed).
Info in <[ROOT.RDF] Info /hpcscratch/user/ikabadzh/root/tree/dataframe/src/RLoopManager.cxx:762 in void ROOT::Detail::RDF::RLoopManager::Run()>: Finished event loop number 0 (9.18s CPU, 9.03679s elapsed).
Info in <[ROOT.RDF] Info /hpcscratch/user/ikabadzh/root/tree/dataframe/src/RLoopManager.cxx:762 in void ROOT::Detail::RDF::RLoopManager::Run()>: Finished event loop number 0 (9.74s CPU, 9.67965s elapsed).
Info in <[ROOT.RDF] Info /hpcscratch/user/ikabadzh/root/tree/dataframe/src/RLoopManager.cxx:762 in void ROOT::Detail::RDF::RLoopManager::Run()>: Finished event loop number 0 (9.66s CPU, 9.64952s elapsed).
Info in <[ROOT.RDF] Info /hpcscratch/user/ikabadzh/root/tree/dataframe/src/RLoopManager.cxx:762 in void ROOT::Detail::RDF::RLoopManager::Run()>: Finished event loop number 0 (9.51s CPU, 9.49666s elapsed).
Info in <[ROOT.RDF] Info /hpcscratch/user/ikabadzh/root/tree/dataframe/src/RLoopManager.cxx:762 in void ROOT::Detail::RDF::RLoopManager::Run()>: Finished event loop number 0 (9.44s CPU, 9.452s elapsed).
Info in <[ROOT.RDF] Info /hpcscratch/user/ikabadzh/root/tree/dataframe/src/RLoopManager.cxx:762 in void ROOT::Detail::RDF::RLoopManager::Run()>: Finished event loop number 0 (9.67s CPU, 9.61279s elapsed).
slurmstepd: error: *** JOB 99413 ON hpc-photon027 CANCELLED AT 2021-11-01T09:16:43 ***
