Auks API request failed : krb5 cred : unable to read credential cache
distributed.nanny - INFO -         Start Nanny at: 'tcp://10.32.2.25:42077'
distributed.nanny - INFO -         Start Nanny at: 'tcp://10.32.2.25:46643'
distributed.nanny - INFO -         Start Nanny at: 'tcp://10.32.2.25:44699'
distributed.nanny - INFO -         Start Nanny at: 'tcp://10.32.2.25:42399'
distributed.nanny - INFO -         Start Nanny at: 'tcp://10.32.2.25:39047'
distributed.nanny - INFO -         Start Nanny at: 'tcp://10.32.2.25:37495'
distributed.nanny - INFO -         Start Nanny at: 'tcp://10.32.2.25:43605'
distributed.nanny - INFO -         Start Nanny at: 'tcp://10.32.2.25:37749'
distributed.nanny - INFO -         Start Nanny at: 'tcp://10.32.2.25:43481'
distributed.nanny - INFO -         Start Nanny at: 'tcp://10.32.2.25:45853'
distributed.nanny - INFO -         Start Nanny at: 'tcp://10.32.2.25:43573'
distributed.nanny - INFO -         Start Nanny at: 'tcp://10.32.2.25:33583'
distributed.nanny - INFO -         Start Nanny at: 'tcp://10.32.2.25:46019'
distributed.nanny - INFO -         Start Nanny at: 'tcp://10.32.2.25:45955'
distributed.nanny - INFO -         Start Nanny at: 'tcp://10.32.2.25:45361'
distributed.nanny - INFO -         Start Nanny at: 'tcp://10.32.2.25:46153'
distributed.nanny - INFO -         Start Nanny at: 'tcp://10.32.2.25:43819'
distributed.nanny - INFO -         Start Nanny at: 'tcp://10.32.2.25:42811'
distributed.nanny - INFO -         Start Nanny at: 'tcp://10.32.2.25:45129'
distributed.nanny - INFO -         Start Nanny at: 'tcp://10.32.2.25:39347'
distributed.nanny - INFO -         Start Nanny at: 'tcp://10.32.2.25:33961'
distributed.nanny - INFO -         Start Nanny at: 'tcp://10.32.2.25:35693'
distributed.nanny - INFO -         Start Nanny at: 'tcp://10.32.2.25:33677'
distributed.nanny - INFO -         Start Nanny at: 'tcp://10.32.2.25:33035'
distributed.nanny - INFO -         Start Nanny at: 'tcp://10.32.2.25:38923'
distributed.nanny - INFO -         Start Nanny at: 'tcp://10.32.2.25:42441'
distributed.nanny - INFO -         Start Nanny at: 'tcp://10.32.2.25:46239'
distributed.nanny - INFO -         Start Nanny at: 'tcp://10.32.2.25:44871'
distributed.nanny - INFO -         Start Nanny at: 'tcp://10.32.2.25:33575'
distributed.nanny - INFO -         Start Nanny at: 'tcp://10.32.2.25:43433'
distributed.nanny - INFO -         Start Nanny at: 'tcp://10.32.2.25:44849'
distributed.nanny - INFO -         Start Nanny at: 'tcp://10.32.2.25:33585'
distributed.diskutils - INFO - Found stale lock file and directory '/tmp/ikabadzh/dask-worker-space/worker-5hmynaew', purging
distributed.diskutils - INFO - Found stale lock file and directory '/tmp/ikabadzh/dask-worker-space/worker-zgu0ylrf', purging
distributed.diskutils - INFO - Found stale lock file and directory '/tmp/ikabadzh/dask-worker-space/worker-8dq25rqa', purging
distributed.diskutils - INFO - Found stale lock file and directory '/tmp/ikabadzh/dask-worker-space/worker-0mcihnxh', purging
distributed.diskutils - INFO - Found stale lock file and directory '/tmp/ikabadzh/dask-worker-space/worker-1v5psk7x', purging
distributed.diskutils - INFO - Found stale lock file and directory '/tmp/ikabadzh/dask-worker-space/worker-0kmh_xlw', purging
distributed.diskutils - INFO - Found stale lock file and directory '/tmp/ikabadzh/dask-worker-space/worker-raex7sl5', purging
distributed.diskutils - INFO - Found stale lock file and directory '/tmp/ikabadzh/dask-worker-space/worker-3f22hrj2', purging
distributed.diskutils - INFO - Found stale lock file and directory '/tmp/ikabadzh/dask-worker-space/worker-r5l3aypa', purging
distributed.diskutils - INFO - Found stale lock file and directory '/tmp/ikabadzh/dask-worker-space/worker-62vr0eqk', purging
distributed.diskutils - INFO - Found stale lock file and directory '/tmp/ikabadzh/dask-worker-space/worker-f4sy43u6', purging
distributed.diskutils - INFO - Found stale lock file and directory '/tmp/ikabadzh/dask-worker-space/worker-onu968_0', purging
distributed.diskutils - INFO - Found stale lock file and directory '/tmp/ikabadzh/dask-worker-space/worker-jr73_ns0', purging
distributed.diskutils - INFO - Found stale lock file and directory '/tmp/ikabadzh/dask-worker-space/worker-oon3v2xw', purging
distributed.diskutils - INFO - Found stale lock file and directory '/tmp/ikabadzh/dask-worker-space/worker-key7c6h9', purging
distributed.diskutils - INFO - Found stale lock file and directory '/tmp/ikabadzh/dask-worker-space/worker-6b3wljdu', purging
distributed.diskutils - INFO - Found stale lock file and directory '/tmp/ikabadzh/dask-worker-space/worker-ax0fg3fm', purging
distributed.diskutils - INFO - Found stale lock file and directory '/tmp/ikabadzh/dask-worker-space/worker-up4r5b0n', purging
distributed.diskutils - INFO - Found stale lock file and directory '/tmp/ikabadzh/dask-worker-space/worker-_qupu_6g', purging
distributed.diskutils - INFO - Found stale lock file and directory '/tmp/ikabadzh/dask-worker-space/worker-btp8bqhx', purging
distributed.diskutils - INFO - Found stale lock file and directory '/tmp/ikabadzh/dask-worker-space/worker-kmeak9e5', purging
distributed.diskutils - INFO - Found stale lock file and directory '/tmp/ikabadzh/dask-worker-space/worker-8oq8_591', purging
distributed.diskutils - INFO - Found stale lock file and directory '/tmp/ikabadzh/dask-worker-space/worker-0obovt14', purging
distributed.diskutils - INFO - Found stale lock file and directory '/tmp/ikabadzh/dask-worker-space/worker-b45xtxkl', purging
distributed.diskutils - INFO - Found stale lock file and directory '/tmp/ikabadzh/dask-worker-space/worker-0p_7dd60', purging
distributed.diskutils - INFO - Found stale lock file and directory '/tmp/ikabadzh/dask-worker-space/worker-30ex1jaa', purging
distributed.diskutils - INFO - Found stale lock file and directory '/tmp/ikabadzh/dask-worker-space/worker-js4vekjb', purging
distributed.diskutils - INFO - Found stale lock file and directory '/tmp/ikabadzh/dask-worker-space/worker-gx0rqb5m', purging
distributed.diskutils - INFO - Found stale lock file and directory '/tmp/ikabadzh/dask-worker-space/worker-81wses_2', purging
distributed.diskutils - INFO - Found stale lock file and directory '/tmp/ikabadzh/dask-worker-space/worker-xs66dmac', purging
distributed.diskutils - INFO - Found stale lock file and directory '/tmp/ikabadzh/dask-worker-space/worker-ev17tqex', purging
distributed.diskutils - INFO - Found stale lock file and directory '/tmp/ikabadzh/dask-worker-space/worker-0sbg8pi5', purging
distributed.worker - INFO -       Start worker at:     tcp://10.32.2.25:44859
distributed.worker - INFO -          Listening to:     tcp://10.32.2.25:44859
distributed.worker - INFO -          dashboard at:           10.32.2.25:41395
distributed.worker - INFO - Waiting to connect to: tcp://188.185.68.194:42727
distributed.worker - INFO - -------------------------------------------------
distributed.worker - INFO -               Threads:                          1
distributed.worker - INFO -                Memory:                  14.90 GiB
distributed.worker - INFO -       Local Directory: /tmp/ikabadzh/dask-worker-space/worker-7at3bcrd
distributed.worker - INFO - -------------------------------------------------
distributed.worker - INFO -       Start worker at:     tcp://10.32.2.25:33465
distributed.worker - INFO -          Listening to:     tcp://10.32.2.25:33465
distributed.worker - INFO -          dashboard at:           10.32.2.25:39901
distributed.worker - INFO - Waiting to connect to: tcp://188.185.68.194:42727
distributed.worker - INFO -       Start worker at:     tcp://10.32.2.25:43693
distributed.worker - INFO -          Listening to:     tcp://10.32.2.25:43693
distributed.worker - INFO -          dashboard at:           10.32.2.25:46707
distributed.worker - INFO - Waiting to connect to: tcp://188.185.68.194:42727
distributed.worker - INFO - -------------------------------------------------
distributed.worker - INFO -               Threads:                          1
distributed.worker - INFO - -------------------------------------------------
distributed.worker - INFO -                Memory:                  14.90 GiB
distributed.worker - INFO -               Threads:                          1
distributed.worker - INFO -       Local Directory: /tmp/ikabadzh/dask-worker-space/worker-4p7qi_4v
distributed.worker - INFO -                Memory:                  14.90 GiB
distributed.worker - INFO - -------------------------------------------------
distributed.worker - INFO -       Local Directory: /tmp/ikabadzh/dask-worker-space/worker-8e42aimi
distributed.worker - INFO - -------------------------------------------------
distributed.worker - INFO -         Registered to: tcp://188.185.68.194:42727
distributed.worker - INFO - -------------------------------------------------
distributed.core - INFO - Starting established connection
distributed.worker - INFO -         Registered to: tcp://188.185.68.194:42727
distributed.worker - INFO - -------------------------------------------------
distributed.core - INFO - Starting established connection
distributed.worker - INFO -         Registered to: tcp://188.185.68.194:42727
distributed.worker - INFO - -------------------------------------------------
distributed.core - INFO - Starting established connection
distributed.worker - INFO -       Start worker at:     tcp://10.32.2.25:37291
distributed.worker - INFO -          Listening to:     tcp://10.32.2.25:37291
distributed.worker - INFO -          dashboard at:           10.32.2.25:34529
distributed.worker - INFO - Waiting to connect to: tcp://188.185.68.194:42727
distributed.worker - INFO - -------------------------------------------------
distributed.worker - INFO -               Threads:                          1
distributed.worker - INFO -                Memory:                  14.90 GiB
distributed.worker - INFO -       Local Directory: /tmp/ikabadzh/dask-worker-space/worker-30ip8a0b
distributed.worker - INFO - -------------------------------------------------
distributed.worker - INFO -       Start worker at:     tcp://10.32.2.25:37277
distributed.worker - INFO -          Listening to:     tcp://10.32.2.25:37277
distributed.worker - INFO -          dashboard at:           10.32.2.25:42897
distributed.worker - INFO - Waiting to connect to: tcp://188.185.68.194:42727
distributed.worker - INFO - -------------------------------------------------
distributed.worker - INFO -               Threads:                          1
distributed.worker - INFO -                Memory:                  14.90 GiB
distributed.worker - INFO -       Local Directory: /tmp/ikabadzh/dask-worker-space/worker-j4xlc3y_
distributed.worker - INFO - -------------------------------------------------
distributed.worker - INFO -       Start worker at:     tcp://10.32.2.25:41277
distributed.worker - INFO -          Listening to:     tcp://10.32.2.25:41277
distributed.worker - INFO -          dashboard at:           10.32.2.25:38321
distributed.worker - INFO - Waiting to connect to: tcp://188.185.68.194:42727
distributed.worker - INFO - -------------------------------------------------
distributed.worker - INFO -               Threads:                          1
distributed.worker - INFO -                Memory:                  14.90 GiB
distributed.worker - INFO -       Local Directory: /tmp/ikabadzh/dask-worker-space/worker-ssjkun1y
distributed.worker - INFO - -------------------------------------------------
distributed.worker - INFO -       Start worker at:     tcp://10.32.2.25:45899
distributed.worker - INFO -          Listening to:     tcp://10.32.2.25:45899
distributed.worker - INFO -          dashboard at:           10.32.2.25:45993
distributed.worker - INFO - Waiting to connect to: tcp://188.185.68.194:42727
distributed.worker - INFO - -------------------------------------------------
distributed.worker - INFO -               Threads:                          1
distributed.worker - INFO -                Memory:                  14.90 GiB
distributed.worker - INFO -       Local Directory: /tmp/ikabadzh/dask-worker-space/worker-988qvbym
distributed.worker - INFO - -------------------------------------------------
distributed.worker - INFO -       Start worker at:     tcp://10.32.2.25:44979
distributed.worker - INFO -          Listening to:     tcp://10.32.2.25:44979
distributed.worker - INFO -          dashboard at:           10.32.2.25:34471
distributed.worker - INFO - Waiting to connect to: tcp://188.185.68.194:42727
distributed.worker - INFO - -------------------------------------------------
distributed.worker - INFO -               Threads:                          1
distributed.worker - INFO -                Memory:                  14.90 GiB
distributed.worker - INFO -       Local Directory: /tmp/ikabadzh/dask-worker-space/worker-b0n64nzi
distributed.worker - INFO - -------------------------------------------------
distributed.worker - INFO -       Start worker at:     tcp://10.32.2.25:33171
distributed.worker - INFO -          Listening to:     tcp://10.32.2.25:33171
distributed.worker - INFO -          dashboard at:           10.32.2.25:44303
distributed.worker - INFO - Waiting to connect to: tcp://188.185.68.194:42727
distributed.worker - INFO - -------------------------------------------------
distributed.worker - INFO -               Threads:                          1
distributed.worker - INFO -                Memory:                  14.90 GiB
distributed.worker - INFO -       Local Directory: /tmp/ikabadzh/dask-worker-space/worker-oidzn1cr
distributed.worker - INFO - -------------------------------------------------
distributed.worker - INFO -       Start worker at:     tcp://10.32.2.25:34745
distributed.worker - INFO -          Listening to:     tcp://10.32.2.25:34745
distributed.worker - INFO -          dashboard at:           10.32.2.25:43925
distributed.worker - INFO - Waiting to connect to: tcp://188.185.68.194:42727
distributed.worker - INFO - -------------------------------------------------
distributed.worker - INFO -               Threads:                          1
distributed.worker - INFO -                Memory:                  14.90 GiB
distributed.worker - INFO -       Local Directory: /tmp/ikabadzh/dask-worker-space/worker-l7_6zk5t
distributed.worker - INFO - -------------------------------------------------
distributed.worker - INFO -       Start worker at:     tcp://10.32.2.25:42103
distributed.worker - INFO -          Listening to:     tcp://10.32.2.25:42103
distributed.worker - INFO -          dashboard at:           10.32.2.25:40815
distributed.worker - INFO - Waiting to connect to: tcp://188.185.68.194:42727
distributed.worker - INFO - -------------------------------------------------
distributed.worker - INFO -               Threads:                          1
distributed.worker - INFO -                Memory:                  14.90 GiB
distributed.worker - INFO -       Local Directory: /tmp/ikabadzh/dask-worker-space/worker-f7jdn575
distributed.worker - INFO - -------------------------------------------------
distributed.worker - INFO -       Start worker at:     tcp://10.32.2.25:41837
distributed.worker - INFO -          Listening to:     tcp://10.32.2.25:41837
distributed.worker - INFO -          dashboard at:           10.32.2.25:35057
distributed.worker - INFO - Waiting to connect to: tcp://188.185.68.194:42727
distributed.worker - INFO - -------------------------------------------------
distributed.worker - INFO -               Threads:                          1
distributed.worker - INFO -                Memory:                  14.90 GiB
distributed.worker - INFO -       Local Directory: /tmp/ikabadzh/dask-worker-space/worker-r2fx47el
distributed.worker - INFO - -------------------------------------------------
distributed.worker - INFO -       Start worker at:     tcp://10.32.2.25:41887
distributed.worker - INFO -          Listening to:     tcp://10.32.2.25:41887
distributed.worker - INFO -          dashboard at:           10.32.2.25:43877
distributed.worker - INFO - Waiting to connect to: tcp://188.185.68.194:42727
distributed.worker - INFO - -------------------------------------------------
distributed.worker - INFO -               Threads:                          1
distributed.worker - INFO -                Memory:                  14.90 GiB
distributed.worker - INFO -       Local Directory: /tmp/ikabadzh/dask-worker-space/worker-ytbhtibz
distributed.worker - INFO - -------------------------------------------------
distributed.worker - INFO -       Start worker at:     tcp://10.32.2.25:38691
distributed.worker - INFO -          Listening to:     tcp://10.32.2.25:38691
distributed.worker - INFO -          dashboard at:           10.32.2.25:40541
distributed.worker - INFO - Waiting to connect to: tcp://188.185.68.194:42727
distributed.worker - INFO - -------------------------------------------------
distributed.worker - INFO -               Threads:                          1
distributed.worker - INFO -                Memory:                  14.90 GiB
distributed.worker - INFO -       Local Directory: /tmp/ikabadzh/dask-worker-space/worker-iuh30e0f
distributed.worker - INFO - -------------------------------------------------
distributed.worker - INFO -       Start worker at:     tcp://10.32.2.25:42051
distributed.worker - INFO -          Listening to:     tcp://10.32.2.25:42051
distributed.worker - INFO -          dashboard at:           10.32.2.25:35383
distributed.worker - INFO - Waiting to connect to: tcp://188.185.68.194:42727
distributed.worker - INFO - -------------------------------------------------
distributed.worker - INFO -               Threads:                          1
distributed.worker - INFO -                Memory:                  14.90 GiB
distributed.worker - INFO -       Local Directory: /tmp/ikabadzh/dask-worker-space/worker-zir7rk_b
distributed.worker - INFO - -------------------------------------------------
distributed.worker - INFO -       Start worker at:     tcp://10.32.2.25:44235
distributed.worker - INFO -          Listening to:     tcp://10.32.2.25:44235
distributed.worker - INFO -          dashboard at:           10.32.2.25:46165
distributed.worker - INFO - Waiting to connect to: tcp://188.185.68.194:42727
distributed.worker - INFO - -------------------------------------------------
distributed.worker - INFO -               Threads:                          1
distributed.worker - INFO -                Memory:                  14.90 GiB
distributed.worker - INFO -       Local Directory: /tmp/ikabadzh/dask-worker-space/worker-z6u5fxdc
distributed.worker - INFO - -------------------------------------------------
distributed.worker - INFO -       Start worker at:     tcp://10.32.2.25:43143
distributed.worker - INFO -          Listening to:     tcp://10.32.2.25:43143
distributed.worker - INFO -          dashboard at:           10.32.2.25:34851
distributed.worker - INFO - Waiting to connect to: tcp://188.185.68.194:42727
distributed.worker - INFO - -------------------------------------------------
distributed.worker - INFO -               Threads:                          1
distributed.worker - INFO -                Memory:                  14.90 GiB
distributed.worker - INFO -       Local Directory: /tmp/ikabadzh/dask-worker-space/worker-t9q5skiw
distributed.worker - INFO - -------------------------------------------------
distributed.worker - INFO -       Start worker at:     tcp://10.32.2.25:37687
distributed.worker - INFO -          Listening to:     tcp://10.32.2.25:37687
distributed.worker - INFO -          dashboard at:           10.32.2.25:33175
distributed.worker - INFO - Waiting to connect to: tcp://188.185.68.194:42727
distributed.worker - INFO - -------------------------------------------------
distributed.worker - INFO -               Threads:                          1
distributed.worker - INFO -                Memory:                  14.90 GiB
distributed.worker - INFO -       Local Directory: /tmp/ikabadzh/dask-worker-space/worker-67lzsa56
distributed.worker - INFO - -------------------------------------------------
distributed.worker - INFO -       Start worker at:     tcp://10.32.2.25:43091
distributed.worker - INFO -          Listening to:     tcp://10.32.2.25:43091
distributed.worker - INFO -          dashboard at:           10.32.2.25:42857
distributed.worker - INFO - Waiting to connect to: tcp://188.185.68.194:42727
distributed.worker - INFO - -------------------------------------------------
distributed.worker - INFO -               Threads:                          1
distributed.worker - INFO -                Memory:                  14.90 GiB
distributed.worker - INFO -       Local Directory: /tmp/ikabadzh/dask-worker-space/worker-pz3dhmtn
distributed.worker - INFO - -------------------------------------------------
distributed.worker - INFO -       Start worker at:     tcp://10.32.2.25:46457
distributed.worker - INFO -          Listening to:     tcp://10.32.2.25:46457
distributed.worker - INFO -          dashboard at:           10.32.2.25:41431
distributed.worker - INFO - Waiting to connect to: tcp://188.185.68.194:42727
distributed.worker - INFO - -------------------------------------------------
distributed.worker - INFO -               Threads:                          1
distributed.worker - INFO -                Memory:                  14.90 GiB
distributed.worker - INFO -       Local Directory: /tmp/ikabadzh/dask-worker-space/worker-og2b769z
distributed.worker - INFO - -------------------------------------------------
distributed.worker - INFO -       Start worker at:     tcp://10.32.2.25:38705
distributed.worker - INFO -          Listening to:     tcp://10.32.2.25:38705
distributed.worker - INFO -          dashboard at:           10.32.2.25:43643
distributed.worker - INFO - Waiting to connect to: tcp://188.185.68.194:42727
distributed.worker - INFO - -------------------------------------------------
distributed.worker - INFO -               Threads:                          1
distributed.worker - INFO -                Memory:                  14.90 GiB
distributed.worker - INFO -       Local Directory: /tmp/ikabadzh/dask-worker-space/worker-gb_1chog
distributed.worker - INFO - -------------------------------------------------
distributed.worker - INFO -       Start worker at:     tcp://10.32.2.25:36835
distributed.worker - INFO -          Listening to:     tcp://10.32.2.25:36835
distributed.worker - INFO -          dashboard at:           10.32.2.25:39205
distributed.worker - INFO - Waiting to connect to: tcp://188.185.68.194:42727
distributed.worker - INFO - -------------------------------------------------
distributed.worker - INFO -               Threads:                          1
distributed.worker - INFO -                Memory:                  14.90 GiB
distributed.worker - INFO -       Local Directory: /tmp/ikabadzh/dask-worker-space/worker-29a7fpl0
distributed.worker - INFO - -------------------------------------------------
distributed.worker - INFO -       Start worker at:     tcp://10.32.2.25:43137
distributed.worker - INFO -          Listening to:     tcp://10.32.2.25:43137
distributed.worker - INFO -          dashboard at:           10.32.2.25:39647
distributed.worker - INFO - Waiting to connect to: tcp://188.185.68.194:42727
distributed.worker - INFO - -------------------------------------------------
distributed.worker - INFO -               Threads:                          1
distributed.worker - INFO -                Memory:                  14.90 GiB
distributed.worker - INFO -       Local Directory: /tmp/ikabadzh/dask-worker-space/worker-8b5wmm5h
distributed.worker - INFO - -------------------------------------------------
distributed.worker - INFO -       Start worker at:     tcp://10.32.2.25:43239
distributed.worker - INFO -          Listening to:     tcp://10.32.2.25:43239
distributed.worker - INFO -          dashboard at:           10.32.2.25:40563
distributed.worker - INFO - Waiting to connect to: tcp://188.185.68.194:42727
distributed.worker - INFO - -------------------------------------------------
distributed.worker - INFO -               Threads:                          1
distributed.worker - INFO -                Memory:                  14.90 GiB
distributed.worker - INFO -       Local Directory: /tmp/ikabadzh/dask-worker-space/worker-p1nwsmve
distributed.worker - INFO - -------------------------------------------------
distributed.worker - INFO -       Start worker at:     tcp://10.32.2.25:34963
distributed.worker - INFO -          Listening to:     tcp://10.32.2.25:34963
distributed.worker - INFO -          dashboard at:           10.32.2.25:37469
distributed.worker - INFO - Waiting to connect to: tcp://188.185.68.194:42727
distributed.worker - INFO - -------------------------------------------------
distributed.worker - INFO -               Threads:                          1
distributed.worker - INFO -                Memory:                  14.90 GiB
distributed.worker - INFO -       Local Directory: /tmp/ikabadzh/dask-worker-space/worker-8tjibyrs
distributed.worker - INFO - -------------------------------------------------
distributed.worker - INFO -       Start worker at:     tcp://10.32.2.25:34931
distributed.worker - INFO -          Listening to:     tcp://10.32.2.25:34931
distributed.worker - INFO -          dashboard at:           10.32.2.25:37821
distributed.worker - INFO - Waiting to connect to: tcp://188.185.68.194:42727
distributed.worker - INFO - -------------------------------------------------
distributed.worker - INFO -               Threads:                          1
distributed.worker - INFO -                Memory:                  14.90 GiB
distributed.worker - INFO -       Local Directory: /tmp/ikabadzh/dask-worker-space/worker-rvwywrwv
distributed.worker - INFO - -------------------------------------------------
distributed.worker - INFO -       Start worker at:     tcp://10.32.2.25:42343
distributed.worker - INFO -          Listening to:     tcp://10.32.2.25:42343
distributed.worker - INFO -          dashboard at:           10.32.2.25:44889
distributed.worker - INFO - Waiting to connect to: tcp://188.185.68.194:42727
distributed.worker - INFO - -------------------------------------------------
distributed.worker - INFO -               Threads:                          1
distributed.worker - INFO -                Memory:                  14.90 GiB
distributed.worker - INFO -       Local Directory: /tmp/ikabadzh/dask-worker-space/worker-enryy9lh
distributed.worker - INFO - -------------------------------------------------
distributed.worker - INFO -       Start worker at:     tcp://10.32.2.25:38695
distributed.worker - INFO -          Listening to:     tcp://10.32.2.25:38695
distributed.worker - INFO -          dashboard at:           10.32.2.25:43535
distributed.worker - INFO - Waiting to connect to: tcp://188.185.68.194:42727
distributed.worker - INFO - -------------------------------------------------
distributed.worker - INFO -               Threads:                          1
distributed.worker - INFO -                Memory:                  14.90 GiB
distributed.worker - INFO -       Local Directory: /tmp/ikabadzh/dask-worker-space/worker-udoqblb_
distributed.worker - INFO - -------------------------------------------------
distributed.worker - INFO -       Start worker at:     tcp://10.32.2.25:35345
distributed.worker - INFO -          Listening to:     tcp://10.32.2.25:35345
distributed.worker - INFO -          dashboard at:           10.32.2.25:33391
distributed.worker - INFO - Waiting to connect to: tcp://188.185.68.194:42727
distributed.worker - INFO - -------------------------------------------------
distributed.worker - INFO -               Threads:                          1
distributed.worker - INFO -                Memory:                  14.90 GiB
distributed.worker - INFO -       Local Directory: /tmp/ikabadzh/dask-worker-space/worker-61s7pkz8
distributed.worker - INFO - -------------------------------------------------
distributed.worker - INFO -       Start worker at:     tcp://10.32.2.25:39257
distributed.worker - INFO -          Listening to:     tcp://10.32.2.25:39257
distributed.worker - INFO -          dashboard at:           10.32.2.25:32957
distributed.worker - INFO - Waiting to connect to: tcp://188.185.68.194:42727
distributed.worker - INFO - -------------------------------------------------
distributed.worker - INFO -               Threads:                          1
distributed.worker - INFO -                Memory:                  14.90 GiB
distributed.worker - INFO -       Local Directory: /tmp/ikabadzh/dask-worker-space/worker-nrlairoq
distributed.worker - INFO - -------------------------------------------------
distributed.worker - INFO -       Start worker at:     tcp://10.32.2.25:39053
distributed.worker - INFO -          Listening to:     tcp://10.32.2.25:39053
distributed.worker - INFO -          dashboard at:           10.32.2.25:39793
distributed.worker - INFO - Waiting to connect to: tcp://188.185.68.194:42727
distributed.worker - INFO - -------------------------------------------------
distributed.worker - INFO -               Threads:                          1
distributed.worker - INFO -                Memory:                  14.90 GiB
distributed.worker - INFO -       Local Directory: /tmp/ikabadzh/dask-worker-space/worker-o1852ty5
distributed.worker - INFO - -------------------------------------------------
distributed.worker - INFO -       Start worker at:     tcp://10.32.2.25:37845
distributed.worker - INFO -          Listening to:     tcp://10.32.2.25:37845
distributed.worker - INFO -          dashboard at:           10.32.2.25:35219
distributed.worker - INFO - Waiting to connect to: tcp://188.185.68.194:42727
distributed.worker - INFO - -------------------------------------------------
distributed.worker - INFO -               Threads:                          1
distributed.worker - INFO -                Memory:                  14.90 GiB
distributed.worker - INFO -       Local Directory: /tmp/ikabadzh/dask-worker-space/worker-89cma26f
distributed.worker - INFO - -------------------------------------------------
distributed.worker - INFO -         Registered to: tcp://188.185.68.194:42727
distributed.worker - INFO - -------------------------------------------------
distributed.core - INFO - Starting established connection
distributed.worker - INFO -         Registered to: tcp://188.185.68.194:42727
distributed.worker - INFO - -------------------------------------------------
distributed.core - INFO - Starting established connection
distributed.worker - INFO -         Registered to: tcp://188.185.68.194:42727
distributed.worker - INFO - -------------------------------------------------
distributed.core - INFO - Starting established connection
distributed.worker - INFO -         Registered to: tcp://188.185.68.194:42727
distributed.worker - INFO - -------------------------------------------------
distributed.core - INFO - Starting established connection
distributed.worker - INFO -         Registered to: tcp://188.185.68.194:42727
distributed.worker - INFO - -------------------------------------------------
distributed.core - INFO - Starting established connection
distributed.worker - INFO -         Registered to: tcp://188.185.68.194:42727
distributed.worker - INFO - -------------------------------------------------
distributed.core - INFO - Starting established connection
distributed.worker - INFO -         Registered to: tcp://188.185.68.194:42727
distributed.worker - INFO - -------------------------------------------------
distributed.core - INFO - Starting established connection
distributed.worker - INFO -         Registered to: tcp://188.185.68.194:42727
distributed.worker - INFO - -------------------------------------------------
distributed.core - INFO - Starting established connection
distributed.worker - INFO -         Registered to: tcp://188.185.68.194:42727
distributed.worker - INFO - -------------------------------------------------
distributed.core - INFO - Starting established connection
distributed.worker - INFO -         Registered to: tcp://188.185.68.194:42727
distributed.worker - INFO - -------------------------------------------------
distributed.core - INFO - Starting established connection
distributed.worker - INFO -         Registered to: tcp://188.185.68.194:42727
distributed.worker - INFO - -------------------------------------------------
distributed.core - INFO - Starting established connection
distributed.worker - INFO -         Registered to: tcp://188.185.68.194:42727
distributed.worker - INFO - -------------------------------------------------
distributed.core - INFO - Starting established connection
distributed.worker - INFO -         Registered to: tcp://188.185.68.194:42727
distributed.worker - INFO - -------------------------------------------------
distributed.core - INFO - Starting established connection
distributed.worker - INFO -         Registered to: tcp://188.185.68.194:42727
distributed.worker - INFO - -------------------------------------------------
distributed.core - INFO - Starting established connection
distributed.worker - INFO -         Registered to: tcp://188.185.68.194:42727
distributed.worker - INFO - -------------------------------------------------
distributed.core - INFO - Starting established connection
distributed.worker - INFO -         Registered to: tcp://188.185.68.194:42727
distributed.worker - INFO - -------------------------------------------------
distributed.core - INFO - Starting established connection
distributed.worker - INFO -         Registered to: tcp://188.185.68.194:42727
distributed.worker - INFO - -------------------------------------------------
distributed.core - INFO - Starting established connection
distributed.worker - INFO -         Registered to: tcp://188.185.68.194:42727
distributed.worker - INFO - -------------------------------------------------
distributed.core - INFO - Starting established connection
distributed.worker - INFO -         Registered to: tcp://188.185.68.194:42727
distributed.worker - INFO - -------------------------------------------------
distributed.core - INFO - Starting established connection
distributed.worker - INFO -         Registered to: tcp://188.185.68.194:42727
distributed.worker - INFO - -------------------------------------------------
distributed.core - INFO - Starting established connection
distributed.worker - INFO -         Registered to: tcp://188.185.68.194:42727
distributed.worker - INFO - -------------------------------------------------
distributed.core - INFO - Starting established connection
distributed.worker - INFO -         Registered to: tcp://188.185.68.194:42727
distributed.worker - INFO - -------------------------------------------------
distributed.core - INFO - Starting established connection
distributed.worker - INFO -         Registered to: tcp://188.185.68.194:42727
distributed.worker - INFO - -------------------------------------------------
distributed.core - INFO - Starting established connection
distributed.worker - INFO -         Registered to: tcp://188.185.68.194:42727
distributed.worker - INFO - -------------------------------------------------
distributed.core - INFO - Starting established connection
distributed.worker - INFO -         Registered to: tcp://188.185.68.194:42727
distributed.worker - INFO - -------------------------------------------------
distributed.core - INFO - Starting established connection
distributed.worker - INFO -         Registered to: tcp://188.185.68.194:42727
distributed.worker - INFO - -------------------------------------------------
distributed.core - INFO - Starting established connection
distributed.worker - INFO -         Registered to: tcp://188.185.68.194:42727
distributed.worker - INFO - -------------------------------------------------
distributed.core - INFO - Starting established connection
distributed.worker - INFO -         Registered to: tcp://188.185.68.194:42727
distributed.worker - INFO - -------------------------------------------------
distributed.core - INFO - Starting established connection
distributed.worker - INFO -         Registered to: tcp://188.185.68.194:42727
distributed.worker - INFO - -------------------------------------------------
distributed.core - INFO - Starting established connection
distributed.core - INFO - Event loop was unresponsive in Worker for 7.98s.  This is often caused by long-running GIL-holding functions or moving large chunks of data. This can cause timeouts and instability.
distributed.core - INFO - Event loop was unresponsive in Worker for 7.98s.  This is often caused by long-running GIL-holding functions or moving large chunks of data. This can cause timeouts and instability.
distributed.core - INFO - Event loop was unresponsive in Worker for 8.02s.  This is often caused by long-running GIL-holding functions or moving large chunks of data. This can cause timeouts and instability.
distributed.core - INFO - Event loop was unresponsive in Worker for 8.02s.  This is often caused by long-running GIL-holding functions or moving large chunks of data. This can cause timeouts and instability.
distributed.core - INFO - Event loop was unresponsive in Worker for 8.04s.  This is often caused by long-running GIL-holding functions or moving large chunks of data. This can cause timeouts and instability.
distributed.core - INFO - Event loop was unresponsive in Worker for 8.05s.  This is often caused by long-running GIL-holding functions or moving large chunks of data. This can cause timeouts and instability.
distributed.core - INFO - Event loop was unresponsive in Worker for 8.04s.  This is often caused by long-running GIL-holding functions or moving large chunks of data. This can cause timeouts and instability.
distributed.core - INFO - Event loop was unresponsive in Worker for 8.04s.  This is often caused by long-running GIL-holding functions or moving large chunks of data. This can cause timeouts and instability.
distributed.core - INFO - Event loop was unresponsive in Worker for 8.06s.  This is often caused by long-running GIL-holding functions or moving large chunks of data. This can cause timeouts and instability.
distributed.core - INFO - Event loop was unresponsive in Worker for 8.08s.  This is often caused by long-running GIL-holding functions or moving large chunks of data. This can cause timeouts and instability.
distributed.core - INFO - Event loop was unresponsive in Worker for 8.07s.  This is often caused by long-running GIL-holding functions or moving large chunks of data. This can cause timeouts and instability.
distributed.core - INFO - Event loop was unresponsive in Worker for 8.07s.  This is often caused by long-running GIL-holding functions or moving large chunks of data. This can cause timeouts and instability.
distributed.core - INFO - Event loop was unresponsive in Worker for 8.08s.  This is often caused by long-running GIL-holding functions or moving large chunks of data. This can cause timeouts and instability.
distributed.core - INFO - Event loop was unresponsive in Worker for 8.07s.  This is often caused by long-running GIL-holding functions or moving large chunks of data. This can cause timeouts and instability.
distributed.core - INFO - Event loop was unresponsive in Worker for 8.06s.  This is often caused by long-running GIL-holding functions or moving large chunks of data. This can cause timeouts and instability.
distributed.core - INFO - Event loop was unresponsive in Worker for 8.08s.  This is often caused by long-running GIL-holding functions or moving large chunks of data. This can cause timeouts and instability.
distributed.core - INFO - Event loop was unresponsive in Worker for 8.08s.  This is often caused by long-running GIL-holding functions or moving large chunks of data. This can cause timeouts and instability.
distributed.core - INFO - Event loop was unresponsive in Worker for 8.24s.  This is often caused by long-running GIL-holding functions or moving large chunks of data. This can cause timeouts and instability.
distributed.core - INFO - Event loop was unresponsive in Worker for 8.28s.  This is often caused by long-running GIL-holding functions or moving large chunks of data. This can cause timeouts and instability.
distributed.core - INFO - Event loop was unresponsive in Worker for 8.48s.  This is often caused by long-running GIL-holding functions or moving large chunks of data. This can cause timeouts and instability.
distributed.core - INFO - Event loop was unresponsive in Worker for 8.67s.  This is often caused by long-running GIL-holding functions or moving large chunks of data. This can cause timeouts and instability.
distributed.core - INFO - Event loop was unresponsive in Worker for 8.66s.  This is often caused by long-running GIL-holding functions or moving large chunks of data. This can cause timeouts and instability.
distributed.core - INFO - Event loop was unresponsive in Worker for 9.09s.  This is often caused by long-running GIL-holding functions or moving large chunks of data. This can cause timeouts and instability.
distributed.core - INFO - Event loop was unresponsive in Worker for 9.10s.  This is often caused by long-running GIL-holding functions or moving large chunks of data. This can cause timeouts and instability.
distributed.core - INFO - Event loop was unresponsive in Worker for 9.17s.  This is often caused by long-running GIL-holding functions or moving large chunks of data. This can cause timeouts and instability.
distributed.core - INFO - Event loop was unresponsive in Worker for 9.17s.  This is often caused by long-running GIL-holding functions or moving large chunks of data. This can cause timeouts and instability.
distributed.core - INFO - Event loop was unresponsive in Worker for 9.18s.  This is often caused by long-running GIL-holding functions or moving large chunks of data. This can cause timeouts and instability.
distributed.core - INFO - Event loop was unresponsive in Worker for 9.21s.  This is often caused by long-running GIL-holding functions or moving large chunks of data. This can cause timeouts and instability.
distributed.core - INFO - Event loop was unresponsive in Worker for 9.22s.  This is often caused by long-running GIL-holding functions or moving large chunks of data. This can cause timeouts and instability.
distributed.core - INFO - Event loop was unresponsive in Worker for 9.21s.  This is often caused by long-running GIL-holding functions or moving large chunks of data. This can cause timeouts and instability.
distributed.core - INFO - Event loop was unresponsive in Worker for 9.22s.  This is often caused by long-running GIL-holding functions or moving large chunks of data. This can cause timeouts and instability.
distributed.core - INFO - Event loop was unresponsive in Worker for 9.21s.  This is often caused by long-running GIL-holding functions or moving large chunks of data. This can cause timeouts and instability.
Info in <[ROOT.RDF] Info /hpcscratch/user/ikabadzh/root/tree/dataframe/src/RLoopManager.cxx:738 in void ROOT::Detail::RDF::RLoopManager::Run()>: Starting event loop number 0.
Info in <[ROOT.RDF] Info /hpcscratch/user/ikabadzh/root/tree/dataframe/src/RLoopManager.cxx:738 in void ROOT::Detail::RDF::RLoopManager::Run()>: Starting event loop number 0.
Info in <[ROOT.RDF] Info /hpcscratch/user/ikabadzh/root/tree/dataframe/src/RLoopManager.cxx:738 in void ROOT::Detail::RDF::RLoopManager::Run()>: Starting event loop number 0.
Info in <[ROOT.RDF] Info /hpcscratch/user/ikabadzh/root/tree/dataframe/src/RLoopManager.cxx:738 in void ROOT::Detail::RDF::RLoopManager::Run()>: Starting event loop number 0.
Info in <[ROOT.RDF] Info /hpcscratch/user/ikabadzh/root/tree/dataframe/src/RLoopManager.cxx:738 in void ROOT::Detail::RDF::RLoopManager::Run()>: Starting event loop number 0.
Info in <[ROOT.RDF] Info /hpcscratch/user/ikabadzh/root/tree/dataframe/src/RLoopManager.cxx:738 in void ROOT::Detail::RDF::RLoopManager::Run()>: Starting event loop number 0.
Info in <[ROOT.RDF] Info /hpcscratch/user/ikabadzh/root/tree/dataframe/src/RLoopManager.cxx:738 in void ROOT::Detail::RDF::RLoopManager::Run()>: Starting event loop number 0.
Info in <[ROOT.RDF] Info /hpcscratch/user/ikabadzh/root/tree/dataframe/src/RLoopManager.cxx:738 in void ROOT::Detail::RDF::RLoopManager::Run()>: Starting event loop number 0.
Info in <[ROOT.RDF] Info /hpcscratch/user/ikabadzh/root/tree/dataframe/src/RLoopManager.cxx:738 in void ROOT::Detail::RDF::RLoopManager::Run()>: Starting event loop number 0.
Info in <[ROOT.RDF] Info /hpcscratch/user/ikabadzh/root/tree/dataframe/src/RLoopManager.cxx:738 in void ROOT::Detail::RDF::RLoopManager::Run()>: Starting event loop number 0.
Info in <[ROOT.RDF] Info /hpcscratch/user/ikabadzh/root/tree/dataframe/src/RLoopManager.cxx:738 in void ROOT::Detail::RDF::RLoopManager::Run()>: Starting event loop number 0.
Info in <[ROOT.RDF] Info /hpcscratch/user/ikabadzh/root/tree/dataframe/src/RLoopManager.cxx:738 in void ROOT::Detail::RDF::RLoopManager::Run()>: Starting event loop number 0.
Info in <[ROOT.RDF] Info /hpcscratch/user/ikabadzh/root/tree/dataframe/src/RLoopManager.cxx:738 in void ROOT::Detail::RDF::RLoopManager::Run()>: Starting event loop number 0.
Info in <[ROOT.RDF] Info /hpcscratch/user/ikabadzh/root/tree/dataframe/src/RLoopManager.cxx:738 in void ROOT::Detail::RDF::RLoopManager::Run()>: Starting event loop number 0.
Info in <[ROOT.RDF] Info /hpcscratch/user/ikabadzh/root/tree/dataframe/src/RLoopManager.cxx:738 in void ROOT::Detail::RDF::RLoopManager::Run()>: Starting event loop number 0.
Info in <[ROOT.RDF] Info /hpcscratch/user/ikabadzh/root/tree/dataframe/src/RLoopManager.cxx:738 in void ROOT::Detail::RDF::RLoopManager::Run()>: Starting event loop number 0.
Info in <[ROOT.RDF] Info /hpcscratch/user/ikabadzh/root/tree/dataframe/src/RLoopManager.cxx:738 in void ROOT::Detail::RDF::RLoopManager::Run()>: Starting event loop number 0.
Info in <[ROOT.RDF] Info /hpcscratch/user/ikabadzh/root/tree/dataframe/src/RLoopManager.cxx:738 in void ROOT::Detail::RDF::RLoopManager::Run()>: Starting event loop number 0.
Info in <[ROOT.RDF] Info /hpcscratch/user/ikabadzh/root/tree/dataframe/src/RLoopManager.cxx:738 in void ROOT::Detail::RDF::RLoopManager::Run()>: Starting event loop number 0.
Info in <[ROOT.RDF] Info /hpcscratch/user/ikabadzh/root/tree/dataframe/src/RLoopManager.cxx:738 in void ROOT::Detail::RDF::RLoopManager::Run()>: Starting event loop number 0.
Info in <[ROOT.RDF] Info /hpcscratch/user/ikabadzh/root/tree/dataframe/src/RLoopManager.cxx:738 in void ROOT::Detail::RDF::RLoopManager::Run()>: Starting event loop number 0.
Info in <[ROOT.RDF] Info /hpcscratch/user/ikabadzh/root/tree/dataframe/src/RLoopManager.cxx:738 in void ROOT::Detail::RDF::RLoopManager::Run()>: Starting event loop number 0.
Info in <[ROOT.RDF] Info /hpcscratch/user/ikabadzh/root/tree/dataframe/src/RLoopManager.cxx:738 in void ROOT::Detail::RDF::RLoopManager::Run()>: Starting event loop number 0.
Info in <[ROOT.RDF] Info /hpcscratch/user/ikabadzh/root/tree/dataframe/src/RLoopManager.cxx:738 in void ROOT::Detail::RDF::RLoopManager::Run()>: Starting event loop number 0.
Info in <[ROOT.RDF] Info /hpcscratch/user/ikabadzh/root/tree/dataframe/src/RLoopManager.cxx:738 in void ROOT::Detail::RDF::RLoopManager::Run()>: Starting event loop number 0.
Info in <[ROOT.RDF] Info /hpcscratch/user/ikabadzh/root/tree/dataframe/src/RLoopManager.cxx:738 in void ROOT::Detail::RDF::RLoopManager::Run()>: Starting event loop number 0.
Info in <[ROOT.RDF] Info /hpcscratch/user/ikabadzh/root/tree/dataframe/src/RLoopManager.cxx:738 in void ROOT::Detail::RDF::RLoopManager::Run()>: Starting event loop number 0.
Info in <[ROOT.RDF] Info /hpcscratch/user/ikabadzh/root/tree/dataframe/src/RLoopManager.cxx:738 in void ROOT::Detail::RDF::RLoopManager::Run()>: Starting event loop number 0.
Info in <[ROOT.RDF] Info /hpcscratch/user/ikabadzh/root/tree/dataframe/src/RLoopManager.cxx:738 in void ROOT::Detail::RDF::RLoopManager::Run()>: Starting event loop number 0.
Info in <[ROOT.RDF] Info /hpcscratch/user/ikabadzh/root/tree/dataframe/src/RLoopManager.cxx:738 in void ROOT::Detail::RDF::RLoopManager::Run()>: Starting event loop number 0.
Info in <[ROOT.RDF] Info /hpcscratch/user/ikabadzh/root/tree/dataframe/src/RLoopManager.cxx:738 in void ROOT::Detail::RDF::RLoopManager::Run()>: Starting event loop number 0.
Info in <[ROOT.RDF] Info /hpcscratch/user/ikabadzh/root/tree/dataframe/src/RLoopManager.cxx:738 in void ROOT::Detail::RDF::RLoopManager::Run()>: Starting event loop number 0.
Info in <[ROOT.RDF] Info /hpcscratch/user/ikabadzh/root/tree/dataframe/src/RLoopManager.cxx:713 in void ROOT::Detail::RDF::RLoopManager::Jit()>: Just-in-time compilation phase completed in 2.466764 seconds.
Info in <[ROOT.RDF] Info /hpcscratch/user/ikabadzh/root/tree/dataframe/src/RLoopManager.cxx:480 in void ROOT::Detail::RDF::RLoopManager::RunTreeReader()>: Processing trees {Events} in files {input_files/dimuon/f371.root}: entry range [0,61540412], using slot 0 in thread 139831950640896.
Info in <[ROOT.RDF] Info /hpcscratch/user/ikabadzh/root/tree/dataframe/src/RLoopManager.cxx:713 in void ROOT::Detail::RDF::RLoopManager::Jit()>: Just-in-time compilation phase completed in 2.475105 seconds.
Info in <[ROOT.RDF] Info /hpcscratch/user/ikabadzh/root/tree/dataframe/src/RLoopManager.cxx:480 in void ROOT::Detail::RDF::RLoopManager::RunTreeReader()>: Processing trees {Events,Events} in files {input_files/dimuon/f374.root,input_files/dimuon/f375.root}: entry range [0,123080825], using slot 0 in thread 140396228585216.
Info in <[ROOT.RDF] Info /hpcscratch/user/ikabadzh/root/tree/dataframe/src/RLoopManager.cxx:713 in void ROOT::Detail::RDF::RLoopManager::Jit()>: Just-in-time compilation phase completed in 2.446409 seconds.
Info in <[ROOT.RDF] Info /hpcscratch/user/ikabadzh/root/tree/dataframe/src/RLoopManager.cxx:480 in void ROOT::Detail::RDF::RLoopManager::RunTreeReader()>: Processing trees {Events,Events} in files {input_files/dimuon/f373.root,input_files/dimuon/f374.root}: entry range [0,123080825], using slot 0 in thread 139728118621952.
Info in <[ROOT.RDF] Info /hpcscratch/user/ikabadzh/root/tree/dataframe/src/RLoopManager.cxx:713 in void ROOT::Detail::RDF::RLoopManager::Jit()>: Just-in-time compilation phase completed in 2.455513 seconds.
Info in <[ROOT.RDF] Info /hpcscratch/user/ikabadzh/root/tree/dataframe/src/RLoopManager.cxx:480 in void ROOT::Detail::RDF::RLoopManager::RunTreeReader()>: Processing trees {Events,Events} in files {input_files/dimuon/f365.root,input_files/dimuon/f366.root}: entry range [0,123080825], using slot 0 in thread 140257293555456.
Info in <[ROOT.RDF] Info /hpcscratch/user/ikabadzh/root/tree/dataframe/src/RLoopManager.cxx:713 in void ROOT::Detail::RDF::RLoopManager::Jit()>: Just-in-time compilation phase completed in 2.458042 seconds.
Info in <[ROOT.RDF] Info /hpcscratch/user/ikabadzh/root/tree/dataframe/src/RLoopManager.cxx:480 in void ROOT::Detail::RDF::RLoopManager::RunTreeReader()>: Processing trees {Events} in files {input_files/dimuon/f363.root}: entry range [0,61540412], using slot 0 in thread 140566317995776.
Info in <[ROOT.RDF] Info /hpcscratch/user/ikabadzh/root/tree/dataframe/src/RLoopManager.cxx:713 in void ROOT::Detail::RDF::RLoopManager::Jit()>: Just-in-time compilation phase completed in 2.511300 seconds.
Info in <[ROOT.RDF] Info /hpcscratch/user/ikabadzh/root/tree/dataframe/src/RLoopManager.cxx:480 in void ROOT::Detail::RDF::RLoopManager::RunTreeReader()>: Processing trees {Events} in files {input_files/dimuon/f368.root}: entry range [0,61540412], using slot 0 in thread 140005934794496.
Info in <[ROOT.RDF] Info /hpcscratch/user/ikabadzh/root/tree/dataframe/src/RLoopManager.cxx:713 in void ROOT::Detail::RDF::RLoopManager::Jit()>: Just-in-time compilation phase completed in 2.451460 seconds.
Info in <[ROOT.RDF] Info /hpcscratch/user/ikabadzh/root/tree/dataframe/src/RLoopManager.cxx:480 in void ROOT::Detail::RDF::RLoopManager::RunTreeReader()>: Processing trees {Events} in files {input_files/dimuon/f365.root}: entry range [0,61540412], using slot 0 in thread 139932463990528.
Info in <[ROOT.RDF] Info /hpcscratch/user/ikabadzh/root/tree/dataframe/src/RLoopManager.cxx:713 in void ROOT::Detail::RDF::RLoopManager::Jit()>: Just-in-time compilation phase completed in 2.527455 seconds.
Info in <[ROOT.RDF] Info /hpcscratch/user/ikabadzh/root/tree/dataframe/src/RLoopManager.cxx:480 in void ROOT::Detail::RDF::RLoopManager::RunTreeReader()>: Processing trees {Events} in files {input_files/dimuon/f366.root}: entry range [0,61540412], using slot 0 in thread 140661399627520.
Info in <[ROOT.RDF] Info /hpcscratch/user/ikabadzh/root/tree/dataframe/src/RLoopManager.cxx:713 in void ROOT::Detail::RDF::RLoopManager::Jit()>: Just-in-time compilation phase completed in 2.492009 seconds.
Info in <[ROOT.RDF] Info /hpcscratch/user/ikabadzh/root/tree/dataframe/src/RLoopManager.cxx:480 in void ROOT::Detail::RDF::RLoopManager::RunTreeReader()>: Processing trees {Events} in files {input_files/dimuon/f345.root}: entry range [0,61540412], using slot 0 in thread 139858752276224.
Info in <[ROOT.RDF] Info /hpcscratch/user/ikabadzh/root/tree/dataframe/src/RLoopManager.cxx:713 in void ROOT::Detail::RDF::RLoopManager::Jit()>: Just-in-time compilation phase completed in 2.499669 seconds.
Info in <[ROOT.RDF] Info /hpcscratch/user/ikabadzh/root/tree/dataframe/src/RLoopManager.cxx:480 in void ROOT::Detail::RDF::RLoopManager::RunTreeReader()>: Processing trees {Events} in files {input_files/dimuon/f352.root}: entry range [0,61540412], using slot 0 in thread 139867767219968.
Info in <[ROOT.RDF] Info /hpcscratch/user/ikabadzh/root/tree/dataframe/src/RLoopManager.cxx:713 in void ROOT::Detail::RDF::RLoopManager::Jit()>: Just-in-time compilation phase completed in 2.496692 seconds.
Info in <[ROOT.RDF] Info /hpcscratch/user/ikabadzh/root/tree/dataframe/src/RLoopManager.cxx:480 in void ROOT::Detail::RDF::RLoopManager::RunTreeReader()>: Processing trees {Events} in files {input_files/dimuon/f351.root}: entry range [0,61540412], using slot 0 in thread 140643919558400.
Info in <[ROOT.RDF] Info /hpcscratch/user/ikabadzh/root/tree/dataframe/src/RLoopManager.cxx:713 in void ROOT::Detail::RDF::RLoopManager::Jit()>: Just-in-time compilation phase completed in 2.575508 seconds.
Info in <[ROOT.RDF] Info /hpcscratch/user/ikabadzh/root/tree/dataframe/src/RLoopManager.cxx:480 in void ROOT::Detail::RDF::RLoopManager::RunTreeReader()>: Processing trees {Events,Events} in files {input_files/dimuon/f370.root,input_files/dimuon/f371.root}: entry range [0,123080825], using slot 0 in thread 140581084051200.
Info in <[ROOT.RDF] Info /hpcscratch/user/ikabadzh/root/tree/dataframe/src/RLoopManager.cxx:713 in void ROOT::Detail::RDF::RLoopManager::Jit()>: Just-in-time compilation phase completed in 2.540244 seconds.
Info in <[ROOT.RDF] Info /hpcscratch/user/ikabadzh/root/tree/dataframe/src/RLoopManager.cxx:480 in void ROOT::Detail::RDF::RLoopManager::RunTreeReader()>: Processing trees {Events} in files {input_files/dimuon/f364.root}: entry range [0,61540412], using slot 0 in thread 140504912213760.
Info in <[ROOT.RDF] Info /hpcscratch/user/ikabadzh/root/tree/dataframe/src/RLoopManager.cxx:713 in void ROOT::Detail::RDF::RLoopManager::Jit()>: Just-in-time compilation phase completed in 2.502142 seconds.
Info in <[ROOT.RDF] Info /hpcscratch/user/ikabadzh/root/tree/dataframe/src/RLoopManager.cxx:480 in void ROOT::Detail::RDF::RLoopManager::RunTreeReader()>: Processing trees {Events} in files {input_files/dimuon/f277.root}: entry range [0,61540412], using slot 0 in thread 140259343419136.
Info in <[ROOT.RDF] Info /hpcscratch/user/ikabadzh/root/tree/dataframe/src/RLoopManager.cxx:713 in void ROOT::Detail::RDF::RLoopManager::Jit()>: Just-in-time compilation phase completed in 2.528181 seconds.
Info in <[ROOT.RDF] Info /hpcscratch/user/ikabadzh/root/tree/dataframe/src/RLoopManager.cxx:480 in void ROOT::Detail::RDF::RLoopManager::RunTreeReader()>: Processing trees {Events} in files {input_files/dimuon/f347.root}: entry range [0,61540412], using slot 0 in thread 140216264599296.
Info in <[ROOT.RDF] Info /hpcscratch/user/ikabadzh/root/tree/dataframe/src/RLoopManager.cxx:713 in void ROOT::Detail::RDF::RLoopManager::Jit()>: Just-in-time compilation phase completed in 2.623676 seconds.
Info in <[ROOT.RDF] Info /hpcscratch/user/ikabadzh/root/tree/dataframe/src/RLoopManager.cxx:480 in void ROOT::Detail::RDF::RLoopManager::RunTreeReader()>: Processing trees {Events,Events} in files {input_files/dimuon/f371.root,input_files/dimuon/f372.root}: entry range [0,123080825], using slot 0 in thread 140004832052992.
Info in <[ROOT.RDF] Info /hpcscratch/user/ikabadzh/root/tree/dataframe/src/RLoopManager.cxx:713 in void ROOT::Detail::RDF::RLoopManager::Jit()>: Just-in-time compilation phase completed in 2.595985 seconds.
Info in <[ROOT.RDF] Info /hpcscratch/user/ikabadzh/root/tree/dataframe/src/RLoopManager.cxx:480 in void ROOT::Detail::RDF::RLoopManager::RunTreeReader()>: Processing trees {Events} in files {input_files/dimuon/f374.root}: entry range [0,61540412], using slot 0 in thread 139857989297920.
Info in <[ROOT.RDF] Info /hpcscratch/user/ikabadzh/root/tree/dataframe/src/RLoopManager.cxx:713 in void ROOT::Detail::RDF::RLoopManager::Jit()>: Just-in-time compilation phase completed in 2.659957 seconds.
Info in <[ROOT.RDF] Info /hpcscratch/user/ikabadzh/root/tree/dataframe/src/RLoopManager.cxx:480 in void ROOT::Detail::RDF::RLoopManager::RunTreeReader()>: Processing trees {Events} in files {input_files/dimuon/f361.root}: entry range [0,61540412], using slot 0 in thread 139946611394304.
Info in <[ROOT.RDF] Info /hpcscratch/user/ikabadzh/root/tree/dataframe/src/RLoopManager.cxx:713 in void ROOT::Detail::RDF::RLoopManager::Jit()>: Just-in-time compilation phase completed in 2.489143 seconds.
Info in <[ROOT.RDF] Info /hpcscratch/user/ikabadzh/root/tree/dataframe/src/RLoopManager.cxx:480 in void ROOT::Detail::RDF::RLoopManager::RunTreeReader()>: Processing trees {Events} in files {input_files/dimuon/f369.root}: entry range [0,61540412], using slot 0 in thread 140053957531392.
Info in <[ROOT.RDF] Info /hpcscratch/user/ikabadzh/root/tree/dataframe/src/RLoopManager.cxx:713 in void ROOT::Detail::RDF::RLoopManager::Jit()>: Just-in-time compilation phase completed in 2.470838 seconds.
Info in <[ROOT.RDF] Info /hpcscratch/user/ikabadzh/root/tree/dataframe/src/RLoopManager.cxx:480 in void ROOT::Detail::RDF::RLoopManager::RunTreeReader()>: Processing trees {Events} in files {input_files/dimuon/f361.root}: entry range [0,61540412], using slot 0 in thread 140584990529280.
Info in <[ROOT.RDF] Info /hpcscratch/user/ikabadzh/root/tree/dataframe/src/RLoopManager.cxx:713 in void ROOT::Detail::RDF::RLoopManager::Jit()>: Just-in-time compilation phase completed in 3.007556 seconds.
Info in <[ROOT.RDF] Info /hpcscratch/user/ikabadzh/root/tree/dataframe/src/RLoopManager.cxx:480 in void ROOT::Detail::RDF::RLoopManager::RunTreeReader()>: Processing trees {Events,Events} in files {input_files/dimuon/f349.root,input_files/dimuon/f350.root}: entry range [0,123080825], using slot 0 in thread 139858611189504.
Info in <[ROOT.RDF] Info /hpcscratch/user/ikabadzh/root/tree/dataframe/src/RLoopManager.cxx:713 in void ROOT::Detail::RDF::RLoopManager::Jit()>: Just-in-time compilation phase completed in 2.599400 seconds.
Info in <[ROOT.RDF] Info /hpcscratch/user/ikabadzh/root/tree/dataframe/src/RLoopManager.cxx:480 in void ROOT::Detail::RDF::RLoopManager::RunTreeReader()>: Processing trees {Events,Events} in files {input_files/dimuon/f362.root,input_files/dimuon/f363.root}: entry range [0,123080825], using slot 0 in thread 139999931438848.
Info in <[ROOT.RDF] Info /hpcscratch/user/ikabadzh/root/tree/dataframe/src/RLoopManager.cxx:713 in void ROOT::Detail::RDF::RLoopManager::Jit()>: Just-in-time compilation phase completed in 2.607567 seconds.
Info in <[ROOT.RDF] Info /hpcscratch/user/ikabadzh/root/tree/dataframe/src/RLoopManager.cxx:480 in void ROOT::Detail::RDF::RLoopManager::RunTreeReader()>: Processing trees {Events} in files {input_files/dimuon/f367.root}: entry range [0,61540412], using slot 0 in thread 139854624229120.
Info in <[ROOT.RDF] Info /hpcscratch/user/ikabadzh/root/tree/dataframe/src/RLoopManager.cxx:713 in void ROOT::Detail::RDF::RLoopManager::Jit()>: Just-in-time compilation phase completed in 2.549738 seconds.
Info in <[ROOT.RDF] Info /hpcscratch/user/ikabadzh/root/tree/dataframe/src/RLoopManager.cxx:480 in void ROOT::Detail::RDF::RLoopManager::RunTreeReader()>: Processing trees {Events} in files {input_files/dimuon/f375.root}: entry range [0,61540412], using slot 0 in thread 139926479369984.
Info in <[ROOT.RDF] Info /hpcscratch/user/ikabadzh/root/tree/dataframe/src/RLoopManager.cxx:713 in void ROOT::Detail::RDF::RLoopManager::Jit()>: Just-in-time compilation phase completed in 2.535557 seconds.
Info in <[ROOT.RDF] Info /hpcscratch/user/ikabadzh/root/tree/dataframe/src/RLoopManager.cxx:480 in void ROOT::Detail::RDF::RLoopManager::RunTreeReader()>: Processing trees {Events} in files {input_files/dimuon/f373.root}: entry range [0,61540412], using slot 0 in thread 140268000225024.
Info in <[ROOT.RDF] Info /hpcscratch/user/ikabadzh/root/tree/dataframe/src/RLoopManager.cxx:713 in void ROOT::Detail::RDF::RLoopManager::Jit()>: Just-in-time compilation phase completed in 2.575971 seconds.
Info in <[ROOT.RDF] Info /hpcscratch/user/ikabadzh/root/tree/dataframe/src/RLoopManager.cxx:480 in void ROOT::Detail::RDF::RLoopManager::RunTreeReader()>: Processing trees {Events} in files {input_files/dimuon/f349.root}: entry range [0,61540412], using slot 0 in thread 139734387726080.
Info in <[ROOT.RDF] Info /hpcscratch/user/ikabadzh/root/tree/dataframe/src/RLoopManager.cxx:713 in void ROOT::Detail::RDF::RLoopManager::Jit()>: Just-in-time compilation phase completed in 2.466094 seconds.
Info in <[ROOT.RDF] Info /hpcscratch/user/ikabadzh/root/tree/dataframe/src/RLoopManager.cxx:480 in void ROOT::Detail::RDF::RLoopManager::RunTreeReader()>: Processing trees {Events} in files {input_files/dimuon/f362.root}: entry range [0,61540412], using slot 0 in thread 140423912699648.
Info in <[ROOT.RDF] Info /hpcscratch/user/ikabadzh/root/tree/dataframe/src/RLoopManager.cxx:713 in void ROOT::Detail::RDF::RLoopManager::Jit()>: Just-in-time compilation phase completed in 2.496069 seconds.
Info in <[ROOT.RDF] Info /hpcscratch/user/ikabadzh/root/tree/dataframe/src/RLoopManager.cxx:480 in void ROOT::Detail::RDF::RLoopManager::RunTreeReader()>: Processing trees {Events} in files {input_files/dimuon/f350.root}: entry range [0,61540412], using slot 0 in thread 140161291458304.
Info in <[ROOT.RDF] Info /hpcscratch/user/ikabadzh/root/tree/dataframe/src/RLoopManager.cxx:713 in void ROOT::Detail::RDF::RLoopManager::Jit()>: Just-in-time compilation phase completed in 2.647140 seconds.
Info in <[ROOT.RDF] Info /hpcscratch/user/ikabadzh/root/tree/dataframe/src/RLoopManager.cxx:480 in void ROOT::Detail::RDF::RLoopManager::RunTreeReader()>: Processing trees {Events} in files {input_files/dimuon/f276.root}: entry range [0,61540412], using slot 0 in thread 139932127717120.
Info in <[ROOT.RDF] Info /hpcscratch/user/ikabadzh/root/tree/dataframe/src/RLoopManager.cxx:713 in void ROOT::Detail::RDF::RLoopManager::Jit()>: Just-in-time compilation phase completed in 2.588234 seconds.
Info in <[ROOT.RDF] Info /hpcscratch/user/ikabadzh/root/tree/dataframe/src/RLoopManager.cxx:480 in void ROOT::Detail::RDF::RLoopManager::RunTreeReader()>: Processing trees {Events} in files {input_files/dimuon/f346.root}: entry range [0,61540412], using slot 0 in thread 139654864619264.
Info in <[ROOT.RDF] Info /hpcscratch/user/ikabadzh/root/tree/dataframe/src/RLoopManager.cxx:713 in void ROOT::Detail::RDF::RLoopManager::Jit()>: Just-in-time compilation phase completed in 2.556093 seconds.
Info in <[ROOT.RDF] Info /hpcscratch/user/ikabadzh/root/tree/dataframe/src/RLoopManager.cxx:480 in void ROOT::Detail::RDF::RLoopManager::RunTreeReader()>: Processing trees {Events,Events} in files {input_files/dimuon/f372.root,input_files/dimuon/f373.root}: entry range [0,123080825], using slot 0 in thread 140106239899392.
Info in <[ROOT.RDF] Info /hpcscratch/user/ikabadzh/root/tree/dataframe/src/RLoopManager.cxx:713 in void ROOT::Detail::RDF::RLoopManager::Jit()>: Just-in-time compilation phase completed in 2.624396 seconds.
Info in <[ROOT.RDF] Info /hpcscratch/user/ikabadzh/root/tree/dataframe/src/RLoopManager.cxx:480 in void ROOT::Detail::RDF::RLoopManager::RunTreeReader()>: Processing trees {Events} in files {input_files/dimuon/f344.root}: entry range [0,61540412], using slot 0 in thread 139706429310720.
Info in <[ROOT.RDF] Info /hpcscratch/user/ikabadzh/root/tree/dataframe/src/RLoopManager.cxx:762 in void ROOT::Detail::RDF::RLoopManager::Run()>: Finished event loop number 0 (8.83s CPU, 8.85573s elapsed).
Info in <[ROOT.RDF] Info /hpcscratch/user/ikabadzh/root/tree/dataframe/src/RLoopManager.cxx:762 in void ROOT::Detail::RDF::RLoopManager::Run()>: Finished event loop number 0 (8.88s CPU, 8.93081s elapsed).
Info in <[ROOT.RDF] Info /hpcscratch/user/ikabadzh/root/tree/dataframe/src/RLoopManager.cxx:762 in void ROOT::Detail::RDF::RLoopManager::Run()>: Finished event loop number 0 (9.03s CPU, 9.2057s elapsed).
Info in <[ROOT.RDF] Info /hpcscratch/user/ikabadzh/root/tree/dataframe/src/RLoopManager.cxx:762 in void ROOT::Detail::RDF::RLoopManager::Run()>: Finished event loop number 0 (9.05s CPU, 9.22587s elapsed).
Info in <[ROOT.RDF] Info /hpcscratch/user/ikabadzh/root/tree/dataframe/src/RLoopManager.cxx:762 in void ROOT::Detail::RDF::RLoopManager::Run()>: Finished event loop number 0 (8.82s CPU, 9.18429s elapsed).
Info in <[ROOT.RDF] Info /hpcscratch/user/ikabadzh/root/tree/dataframe/src/RLoopManager.cxx:762 in void ROOT::Detail::RDF::RLoopManager::Run()>: Finished event loop number 0 (9.01s CPU, 9.14957s elapsed).
Info in <[ROOT.RDF] Info /hpcscratch/user/ikabadzh/root/tree/dataframe/src/RLoopManager.cxx:762 in void ROOT::Detail::RDF::RLoopManager::Run()>: Finished event loop number 0 (9.31s CPU, 9.38496s elapsed).
Info in <[ROOT.RDF] Info /hpcscratch/user/ikabadzh/root/tree/dataframe/src/RLoopManager.cxx:762 in void ROOT::Detail::RDF::RLoopManager::Run()>: Finished event loop number 0 (9.36s CPU, 9.50834s elapsed).
Info in <[ROOT.RDF] Info /hpcscratch/user/ikabadzh/root/tree/dataframe/src/RLoopManager.cxx:762 in void ROOT::Detail::RDF::RLoopManager::Run()>: Finished event loop number 0 (8.98s CPU, 9.33456s elapsed).
Info in <[ROOT.RDF] Info /hpcscratch/user/ikabadzh/root/tree/dataframe/src/RLoopManager.cxx:762 in void ROOT::Detail::RDF::RLoopManager::Run()>: Finished event loop number 0 (8.89s CPU, 9.14895s elapsed).
Info in <[ROOT.RDF] Info /hpcscratch/user/ikabadzh/root/tree/dataframe/src/RLoopManager.cxx:762 in void ROOT::Detail::RDF::RLoopManager::Run()>: Finished event loop number 0 (9.03s CPU, 9.21443s elapsed).
Info in <[ROOT.RDF] Info /hpcscratch/user/ikabadzh/root/tree/dataframe/src/RLoopManager.cxx:762 in void ROOT::Detail::RDF::RLoopManager::Run()>: Finished event loop number 0 (9.46s CPU, 9.57443s elapsed).
Info in <[ROOT.RDF] Info /hpcscratch/user/ikabadzh/root/tree/dataframe/src/RLoopManager.cxx:762 in void ROOT::Detail::RDF::RLoopManager::Run()>: Finished event loop number 0 (9.05s CPU, 9.48311s elapsed).
Info in <[ROOT.RDF] Info /hpcscratch/user/ikabadzh/root/tree/dataframe/src/RLoopManager.cxx:762 in void ROOT::Detail::RDF::RLoopManager::Run()>: Finished event loop number 0 (9.22s CPU, 9.40486s elapsed).
Info in <[ROOT.RDF] Info /hpcscratch/user/ikabadzh/root/tree/dataframe/src/RLoopManager.cxx:738 in void ROOT::Detail::RDF::RLoopManager::Run()>: Starting event loop number 0.
Info in <[ROOT.RDF] Info /hpcscratch/user/ikabadzh/root/tree/dataframe/src/RLoopManager.cxx:738 in void ROOT::Detail::RDF::RLoopManager::Run()>: Starting event loop number 0.
Info in <[ROOT.RDF] Info /hpcscratch/user/ikabadzh/root/tree/dataframe/src/RLoopManager.cxx:762 in void ROOT::Detail::RDF::RLoopManager::Run()>: Finished event loop number 0 (9.57s CPU, 9.72954s elapsed).
Info in <[ROOT.RDF] Info /hpcscratch/user/ikabadzh/root/tree/dataframe/src/RLoopManager.cxx:762 in void ROOT::Detail::RDF::RLoopManager::Run()>: Finished event loop number 0 (9.05s CPU, 9.1801s elapsed).
Info in <[ROOT.RDF] Info /hpcscratch/user/ikabadzh/root/tree/dataframe/src/RLoopManager.cxx:762 in void ROOT::Detail::RDF::RLoopManager::Run()>: Finished event loop number 0 (8.89s CPU, 9.18253s elapsed).
Info in <[ROOT.RDF] Info /hpcscratch/user/ikabadzh/root/tree/dataframe/src/RLoopManager.cxx:738 in void ROOT::Detail::RDF::RLoopManager::Run()>: Starting event loop number 0.
Info in <[ROOT.RDF] Info /hpcscratch/user/ikabadzh/root/tree/dataframe/src/RLoopManager.cxx:762 in void ROOT::Detail::RDF::RLoopManager::Run()>: Finished event loop number 0 (9.25s CPU, 9.57501s elapsed).
Info in <[ROOT.RDF] Info /hpcscratch/user/ikabadzh/root/tree/dataframe/src/RLoopManager.cxx:762 in void ROOT::Detail::RDF::RLoopManager::Run()>: Finished event loop number 0 (9.26s CPU, 9.45635s elapsed).
Info in <[ROOT.RDF] Info /hpcscratch/user/ikabadzh/root/tree/dataframe/src/RLoopManager.cxx:762 in void ROOT::Detail::RDF::RLoopManager::Run()>: Finished event loop number 0 (8.84s CPU, 8.99003s elapsed).
Info in <[ROOT.RDF] Info /hpcscratch/user/ikabadzh/root/tree/dataframe/src/RLoopManager.cxx:738 in void ROOT::Detail::RDF::RLoopManager::Run()>: Starting event loop number 0.
Info in <[ROOT.RDF] Info /hpcscratch/user/ikabadzh/root/tree/dataframe/src/RLoopManager.cxx:762 in void ROOT::Detail::RDF::RLoopManager::Run()>: Finished event loop number 0 (9.54s CPU, 9.97112s elapsed).
Info in <[ROOT.RDF] Info /hpcscratch/user/ikabadzh/root/tree/dataframe/src/RLoopManager.cxx:762 in void ROOT::Detail::RDF::RLoopManager::Run()>: Finished event loop number 0 (8.84s CPU, 8.92241s elapsed).
Info in <[ROOT.RDF] Info /hpcscratch/user/ikabadzh/root/tree/dataframe/src/RLoopManager.cxx:762 in void ROOT::Detail::RDF::RLoopManager::Run()>: Finished event loop number 0 (8.77s CPU, 9.04097s elapsed).
Info in <[ROOT.RDF] Info /hpcscratch/user/ikabadzh/root/tree/dataframe/src/RLoopManager.cxx:762 in void ROOT::Detail::RDF::RLoopManager::Run()>: Finished event loop number 0 (9.11s CPU, 9.06862s elapsed).
Info in <[ROOT.RDF] Info /hpcscratch/user/ikabadzh/root/tree/dataframe/src/RLoopManager.cxx:738 in void ROOT::Detail::RDF::RLoopManager::Run()>: Starting event loop number 0.
Info in <[ROOT.RDF] Info /hpcscratch/user/ikabadzh/root/tree/dataframe/src/RLoopManager.cxx:762 in void ROOT::Detail::RDF::RLoopManager::Run()>: Finished event loop number 0 (9.02s CPU, 9.17295s elapsed).
Info in <[ROOT.RDF] Info /hpcscratch/user/ikabadzh/root/tree/dataframe/src/RLoopManager.cxx:762 in void ROOT::Detail::RDF::RLoopManager::Run()>: Finished event loop number 0 (9.1s CPU, 9.70641s elapsed).
Info in <[ROOT.RDF] Info /hpcscratch/user/ikabadzh/root/tree/dataframe/src/RLoopManager.cxx:738 in void ROOT::Detail::RDF::RLoopManager::Run()>: Starting event loop number 0.
Info in <[ROOT.RDF] Info /hpcscratch/user/ikabadzh/root/tree/dataframe/src/RLoopManager.cxx:713 in void ROOT::Detail::RDF::RLoopManager::Jit()>: Just-in-time compilation phase completed in 0.903558 seconds.
Info in <[ROOT.RDF] Info /hpcscratch/user/ikabadzh/root/tree/dataframe/src/RLoopManager.cxx:480 in void ROOT::Detail::RDF::RLoopManager::RunTreeReader()>: Processing trees {Events,Events} in files {input_files/dimuon/f350.root,input_files/dimuon/f351.root}: entry range [0,123080825], using slot 0 in thread 139858752276224.
Info in <[ROOT.RDF] Info /hpcscratch/user/ikabadzh/root/tree/dataframe/src/RLoopManager.cxx:713 in void ROOT::Detail::RDF::RLoopManager::Jit()>: Just-in-time compilation phase completed in 0.897618 seconds.
Info in <[ROOT.RDF] Info /hpcscratch/user/ikabadzh/root/tree/dataframe/src/RLoopManager.cxx:480 in void ROOT::Detail::RDF::RLoopManager::RunTreeReader()>: Processing trees {Events} in files {input_files/dimuon/f351.root}: entry range [0,61540412], using slot 0 in thread 139867767219968.
Info in <[ROOT.RDF] Info /hpcscratch/user/ikabadzh/root/tree/dataframe/src/RLoopManager.cxx:738 in void ROOT::Detail::RDF::RLoopManager::Run()>: Starting event loop number 0.
Info in <[ROOT.RDF] Info /hpcscratch/user/ikabadzh/root/tree/dataframe/src/RLoopManager.cxx:762 in void ROOT::Detail::RDF::RLoopManager::Run()>: Finished event loop number 0 (9.5s CPU, 9.49175s elapsed).
Info in <[ROOT.RDF] Info /hpcscratch/user/ikabadzh/root/tree/dataframe/src/RLoopManager.cxx:762 in void ROOT::Detail::RDF::RLoopManager::Run()>: Finished event loop number 0 (9.11s CPU, 9.30448s elapsed).
Info in <[ROOT.RDF] Info /hpcscratch/user/ikabadzh/root/tree/dataframe/src/RLoopManager.cxx:762 in void ROOT::Detail::RDF::RLoopManager::Run()>: Finished event loop number 0 (9.21s CPU, 9.42616s elapsed).
Info in <[ROOT.RDF] Info /hpcscratch/user/ikabadzh/root/tree/dataframe/src/RLoopManager.cxx:738 in void ROOT::Detail::RDF::RLoopManager::Run()>: Starting event loop number 0.
Info in <[ROOT.RDF] Info /hpcscratch/user/ikabadzh/root/tree/dataframe/src/RLoopManager.cxx:738 in void ROOT::Detail::RDF::RLoopManager::Run()>: Starting event loop number 0.
Info in <[ROOT.RDF] Info /hpcscratch/user/ikabadzh/root/tree/dataframe/src/RLoopManager.cxx:713 in void ROOT::Detail::RDF::RLoopManager::Jit()>: Just-in-time compilation phase completed in 0.900187 seconds.
Info in <[ROOT.RDF] Info /hpcscratch/user/ikabadzh/root/tree/dataframe/src/RLoopManager.cxx:480 in void ROOT::Detail::RDF::RLoopManager::RunTreeReader()>: Processing trees {Events} in files {input_files/dimuon/f363.root}: entry range [0,61540412], using slot 0 in thread 140566317995776.
Info in <[ROOT.RDF] Info /hpcscratch/user/ikabadzh/root/tree/dataframe/src/RLoopManager.cxx:762 in void ROOT::Detail::RDF::RLoopManager::Run()>: Finished event loop number 0 (9.66s CPU, 10.0744s elapsed).
tornado.application - ERROR - Exception in callback functools.partial(<bound method IOLoop._discard_future_result of <tornado.platform.asyncio.AsyncIOLoop object at 0x7f140bae4cd0>>, <Task finished name='Task-11' coro=<Worker.heartbeat() done, defined at /hpcscratch/user/ikabadzh/mambaforge/envs/myenv/lib/python3.9/site-packages/distributed/worker.py:992> exception=OSError('Timed out during handshake while connecting to tcp://188.185.68.194:42727 after 30 s')>)
Traceback (most recent call last):
  File "/hpcscratch/user/ikabadzh/mambaforge/envs/myenv/lib/python3.9/site-packages/distributed/comm/tcp.py", line 198, in read
    frames_nbytes = await stream.read_bytes(fmt_size)
asyncio.exceptions.CancelledError

During handling of the above exception, another exception occurred:

Traceback (most recent call last):
  File "/hpcscratch/user/ikabadzh/mambaforge/envs/myenv/lib/python3.9/asyncio/tasks.py", line 492, in wait_for
    fut.result()
asyncio.exceptions.CancelledError

The above exception was the direct cause of the following exception:

Traceback (most recent call last):
  File "/hpcscratch/user/ikabadzh/mambaforge/envs/myenv/lib/python3.9/site-packages/distributed/comm/core.py", line 318, in connect
    handshake = await asyncio.wait_for(comm.read(), time_left())
  File "/hpcscratch/user/ikabadzh/mambaforge/envs/myenv/lib/python3.9/asyncio/tasks.py", line 494, in wait_for
    raise exceptions.TimeoutError() from exc
asyncio.exceptions.TimeoutError

The above exception was the direct cause of the following exception:

Traceback (most recent call last):
  File "/hpcscratch/user/ikabadzh/mambaforge/envs/myenv/lib/python3.9/site-packages/tornado/ioloop.py", line 741, in _run_callback
    ret = callback()
  File "/hpcscratch/user/ikabadzh/mambaforge/envs/myenv/lib/python3.9/site-packages/tornado/ioloop.py", line 765, in _discard_future_result
    future.result()
  File "/hpcscratch/user/ikabadzh/mambaforge/envs/myenv/lib/python3.9/site-packages/distributed/worker.py", line 1041, in heartbeat
    raise e
  File "/hpcscratch/user/ikabadzh/mambaforge/envs/myenv/lib/python3.9/site-packages/distributed/worker.py", line 1001, in heartbeat
    response = await retry_operation(
  File "/hpcscratch/user/ikabadzh/mambaforge/envs/myenv/lib/python3.9/site-packages/distributed/utils_comm.py", line 385, in retry_operation
    return await retry(
  File "/hpcscratch/user/ikabadzh/mambaforge/envs/myenv/lib/python3.9/site-packages/distributed/utils_comm.py", line 370, in retry
    return await coro()
  File "/hpcscratch/user/ikabadzh/mambaforge/envs/myenv/lib/python3.9/site-packages/distributed/core.py", line 871, in send_recv_from_rpc
    comm = await self.pool.connect(self.addr)
  File "/hpcscratch/user/ikabadzh/mambaforge/envs/myenv/lib/python3.9/site-packages/distributed/core.py", line 1059, in connect
    raise exc
  File "/hpcscratch/user/ikabadzh/mambaforge/envs/myenv/lib/python3.9/site-packages/distributed/core.py", line 1043, in connect
    comm = await fut
  File "/hpcscratch/user/ikabadzh/mambaforge/envs/myenv/lib/python3.9/site-packages/distributed/comm/core.py", line 323, in connect
    raise OSError(
OSError: Timed out during handshake while connecting to tcp://188.185.68.194:42727 after 30 s
tornado.application - ERROR - Exception in callback functools.partial(<bound method IOLoop._discard_future_result of <tornado.platform.asyncio.AsyncIOLoop object at 0x7f928f21ccd0>>, <Task finished name='Task-11' coro=<Worker.heartbeat() done, defined at /hpcscratch/user/ikabadzh/mambaforge/envs/myenv/lib/python3.9/site-packages/distributed/worker.py:992> exception=OSError('Timed out during handshake while connecting to tcp://188.185.68.194:42727 after 30 s')>)
Traceback (most recent call last):
  File "/hpcscratch/user/ikabadzh/mambaforge/envs/myenv/lib/python3.9/site-packages/distributed/comm/tcp.py", line 198, in read
    frames_nbytes = await stream.read_bytes(fmt_size)
asyncio.exceptions.CancelledError

During handling of the above exception, another exception occurred:

Traceback (most recent call last):
  File "/hpcscratch/user/ikabadzh/mambaforge/envs/myenv/lib/python3.9/asyncio/tasks.py", line 492, in wait_for
    fut.result()
asyncio.exceptions.CancelledError

The above exception was the direct cause of the following exception:

Traceback (most recent call last):
  File "/hpcscratch/user/ikabadzh/mambaforge/envs/myenv/lib/python3.9/site-packages/distributed/comm/core.py", line 318, in connect
    handshake = await asyncio.wait_for(comm.read(), time_left())
  File "/hpcscratch/user/ikabadzh/mambaforge/envs/myenv/lib/python3.9/asyncio/tasks.py", line 494, in wait_for
    raise exceptions.TimeoutError() from exc
asyncio.exceptions.TimeoutError

The above exception was the direct cause of the following exception:

Traceback (most recent call last):
  File "/hpcscratch/user/ikabadzh/mambaforge/envs/myenv/lib/python3.9/site-packages/tornado/ioloop.py", line 741, in _run_callback
    ret = callback()
  File "/hpcscratch/user/ikabadzh/mambaforge/envs/myenv/lib/python3.9/site-packages/tornado/ioloop.py", line 765, in _discard_future_result
    future.result()
  File "/hpcscratch/user/ikabadzh/mambaforge/envs/myenv/lib/python3.9/site-packages/distributed/worker.py", line 1041, in heartbeat
    raise e
  File "/hpcscratch/user/ikabadzh/mambaforge/envs/myenv/lib/python3.9/site-packages/distributed/worker.py", line 1001, in heartbeat
    response = await retry_operation(
  File "/hpcscratch/user/ikabadzh/mambaforge/envs/myenv/lib/python3.9/site-packages/distributed/utils_comm.py", line 385, in retry_operation
    return await retry(
  File "/hpcscratch/user/ikabadzh/mambaforge/envs/myenv/lib/python3.9/site-packages/distributed/utils_comm.py", line 370, in retry
    return await coro()
  File "/hpcscratch/user/ikabadzh/mambaforge/envs/myenv/lib/python3.9/site-packages/distributed/core.py", line 871, in send_recv_from_rpc
    comm = await self.pool.connect(self.addr)
  File "/hpcscratch/user/ikabadzh/mambaforge/envs/myenv/lib/python3.9/site-packages/distributed/core.py", line 1059, in connect
    raise exc
  File "/hpcscratch/user/ikabadzh/mambaforge/envs/myenv/lib/python3.9/site-packages/distributed/core.py", line 1043, in connect
    comm = await fut
  File "/hpcscratch/user/ikabadzh/mambaforge/envs/myenv/lib/python3.9/site-packages/distributed/comm/core.py", line 323, in connect
    raise OSError(
OSError: Timed out during handshake while connecting to tcp://188.185.68.194:42727 after 30 s
tornado.application - ERROR - Exception in callback functools.partial(<bound method IOLoop._discard_future_result of <tornado.platform.asyncio.AsyncIOLoop object at 0x7f2ce88d2cd0>>, <Task finished name='Task-11' coro=<Worker.heartbeat() done, defined at /hpcscratch/user/ikabadzh/mambaforge/envs/myenv/lib/python3.9/site-packages/distributed/worker.py:992> exception=OSError('Timed out during handshake while connecting to tcp://188.185.68.194:42727 after 30 s')>)
Traceback (most recent call last):
  File "/hpcscratch/user/ikabadzh/mambaforge/envs/myenv/lib/python3.9/site-packages/distributed/comm/tcp.py", line 198, in read
    frames_nbytes = await stream.read_bytes(fmt_size)
asyncio.exceptions.CancelledError

During handling of the above exception, another exception occurred:

Traceback (most recent call last):
  File "/hpcscratch/user/ikabadzh/mambaforge/envs/myenv/lib/python3.9/asyncio/tasks.py", line 492, in wait_for
    fut.result()
asyncio.exceptions.CancelledError

The above exception was the direct cause of the following exception:

Traceback (most recent call last):
  File "/hpcscratch/user/ikabadzh/mambaforge/envs/myenv/lib/python3.9/site-packages/distributed/comm/core.py", line 318, in connect
    handshake = await asyncio.wait_for(comm.read(), time_left())
  File "/hpcscratch/user/ikabadzh/mambaforge/envs/myenv/lib/python3.9/asyncio/tasks.py", line 494, in wait_for
    raise exceptions.TimeoutError() from exc
asyncio.exceptions.TimeoutError

The above exception was the direct cause of the following exception:

Traceback (most recent call last):
  File "/hpcscratch/user/ikabadzh/mambaforge/envs/myenv/lib/python3.9/site-packages/tornado/ioloop.py", line 741, in _run_callback
    ret = callback()
  File "/hpcscratch/user/ikabadzh/mambaforge/envs/myenv/lib/python3.9/site-packages/tornado/ioloop.py", line 765, in _discard_future_result
    future.result()
  File "/hpcscratch/user/ikabadzh/mambaforge/envs/myenv/lib/python3.9/site-packages/distributed/worker.py", line 1041, in heartbeat
    raise e
  File "/hpcscratch/user/ikabadzh/mambaforge/envs/myenv/lib/python3.9/site-packages/distributed/worker.py", line 1001, in heartbeat
    response = await retry_operation(
  File "/hpcscratch/user/ikabadzh/mambaforge/envs/myenv/lib/python3.9/site-packages/distributed/utils_comm.py", line 385, in retry_operation
    return await retry(
  File "/hpcscratch/user/ikabadzh/mambaforge/envs/myenv/lib/python3.9/site-packages/distributed/utils_comm.py", line 370, in retry
    return await coro()
  File "/hpcscratch/user/ikabadzh/mambaforge/envs/myenv/lib/python3.9/site-packages/distributed/core.py", line 871, in send_recv_from_rpc
    comm = await self.pool.connect(self.addr)
  File "/hpcscratch/user/ikabadzh/mambaforge/envs/myenv/lib/python3.9/site-packages/distributed/core.py", line 1059, in connect
    raise exc
  File "/hpcscratch/user/ikabadzh/mambaforge/envs/myenv/lib/python3.9/site-packages/distributed/core.py", line 1043, in connect
    comm = await fut
  File "/hpcscratch/user/ikabadzh/mambaforge/envs/myenv/lib/python3.9/site-packages/distributed/comm/core.py", line 323, in connect
    raise OSError(
OSError: Timed out during handshake while connecting to tcp://188.185.68.194:42727 after 30 s
Info in <[ROOT.RDF] Info /hpcscratch/user/ikabadzh/root/tree/dataframe/src/RLoopManager.cxx:713 in void ROOT::Detail::RDF::RLoopManager::Jit()>: Just-in-time compilation phase completed in 0.900638 seconds.
Info in <[ROOT.RDF] Info /hpcscratch/user/ikabadzh/root/tree/dataframe/src/RLoopManager.cxx:480 in void ROOT::Detail::RDF::RLoopManager::RunTreeReader()>: Processing trees {Events} in files {input_files/dimuon/f371.root}: entry range [0,61540412], using slot 0 in thread 139831950640896.
Info in <[ROOT.RDF] Info /hpcscratch/user/ikabadzh/root/tree/dataframe/src/RLoopManager.cxx:738 in void ROOT::Detail::RDF::RLoopManager::Run()>: Starting event loop number 0.
Info in <[ROOT.RDF] Info /hpcscratch/user/ikabadzh/root/tree/dataframe/src/RLoopManager.cxx:738 in void ROOT::Detail::RDF::RLoopManager::Run()>: Starting event loop number 0.
Info in <[ROOT.RDF] Info /hpcscratch/user/ikabadzh/root/tree/dataframe/src/RLoopManager.cxx:738 in void ROOT::Detail::RDF::RLoopManager::Run()>: Starting event loop number 0.
Info in <[ROOT.RDF] Info /hpcscratch/user/ikabadzh/root/tree/dataframe/src/RLoopManager.cxx:713 in void ROOT::Detail::RDF::RLoopManager::Jit()>: Just-in-time compilation phase completed in 0.891230 seconds.
Info in <[ROOT.RDF] Info /hpcscratch/user/ikabadzh/root/tree/dataframe/src/RLoopManager.cxx:480 in void ROOT::Detail::RDF::RLoopManager::RunTreeReader()>: Processing trees {Events} in files {input_files/dimuon/f368.root}: entry range [0,61540412], using slot 0 in thread 140005934794496.
Info in <[ROOT.RDF] Info /hpcscratch/user/ikabadzh/root/tree/dataframe/src/RLoopManager.cxx:738 in void ROOT::Detail::RDF::RLoopManager::Run()>: Starting event loop number 0.
Info in <[ROOT.RDF] Info /hpcscratch/user/ikabadzh/root/tree/dataframe/src/RLoopManager.cxx:738 in void ROOT::Detail::RDF::RLoopManager::Run()>: Starting event loop number 0.
Info in <[ROOT.RDF] Info /hpcscratch/user/ikabadzh/root/tree/dataframe/src/RLoopManager.cxx:762 in void ROOT::Detail::RDF::RLoopManager::Run()>: Finished event loop number 0 (9.65s CPU, 9.82879s elapsed).
Info in <[ROOT.RDF] Info /hpcscratch/user/ikabadzh/root/tree/dataframe/src/RLoopManager.cxx:713 in void ROOT::Detail::RDF::RLoopManager::Jit()>: Just-in-time compilation phase completed in 0.893643 seconds.
Info in <[ROOT.RDF] Info /hpcscratch/user/ikabadzh/root/tree/dataframe/src/RLoopManager.cxx:480 in void ROOT::Detail::RDF::RLoopManager::RunTreeReader()>: Processing trees {Events} in files {input_files/dimuon/f351.root}: entry range [0,61540412], using slot 0 in thread 140643919558400.
Info in <[ROOT.RDF] Info /hpcscratch/user/ikabadzh/root/tree/dataframe/src/RLoopManager.cxx:762 in void ROOT::Detail::RDF::RLoopManager::Run()>: Finished event loop number 0 (9.63s CPU, 9.95981s elapsed).
Info in <[ROOT.RDF] Info /hpcscratch/user/ikabadzh/root/tree/dataframe/src/RLoopManager.cxx:738 in void ROOT::Detail::RDF::RLoopManager::Run()>: Starting event loop number 0.
Info in <[ROOT.RDF] Info /hpcscratch/user/ikabadzh/root/tree/dataframe/src/RLoopManager.cxx:738 in void ROOT::Detail::RDF::RLoopManager::Run()>: Starting event loop number 0.
Info in <[ROOT.RDF] Info /hpcscratch/user/ikabadzh/root/tree/dataframe/src/RLoopManager.cxx:738 in void ROOT::Detail::RDF::RLoopManager::Run()>: Starting event loop number 0.
Info in <[ROOT.RDF] Info /hpcscratch/user/ikabadzh/root/tree/dataframe/src/RLoopManager.cxx:738 in void ROOT::Detail::RDF::RLoopManager::Run()>: Starting event loop number 0.
Info in <[ROOT.RDF] Info /hpcscratch/user/ikabadzh/root/tree/dataframe/src/RLoopManager.cxx:738 in void ROOT::Detail::RDF::RLoopManager::Run()>: Starting event loop number 0.
Info in <[ROOT.RDF] Info /hpcscratch/user/ikabadzh/root/tree/dataframe/src/RLoopManager.cxx:738 in void ROOT::Detail::RDF::RLoopManager::Run()>: Starting event loop number 0.
Info in <[ROOT.RDF] Info /hpcscratch/user/ikabadzh/root/tree/dataframe/src/RLoopManager.cxx:713 in void ROOT::Detail::RDF::RLoopManager::Jit()>: Just-in-time compilation phase completed in 0.897714 seconds.
Info in <[ROOT.RDF] Info /hpcscratch/user/ikabadzh/root/tree/dataframe/src/RLoopManager.cxx:480 in void ROOT::Detail::RDF::RLoopManager::RunTreeReader()>: Processing trees {Events} in files {input_files/dimuon/f365.root}: entry range [0,61540412], using slot 0 in thread 139932463990528.
Info in <[ROOT.RDF] Info /hpcscratch/user/ikabadzh/root/tree/dataframe/src/RLoopManager.cxx:738 in void ROOT::Detail::RDF::RLoopManager::Run()>: Starting event loop number 0.
Info in <[ROOT.RDF] Info /hpcscratch/user/ikabadzh/root/tree/dataframe/src/RLoopManager.cxx:738 in void ROOT::Detail::RDF::RLoopManager::Run()>: Starting event loop number 0.
Info in <[ROOT.RDF] Info /hpcscratch/user/ikabadzh/root/tree/dataframe/src/RLoopManager.cxx:738 in void ROOT::Detail::RDF::RLoopManager::Run()>: Starting event loop number 0.
Info in <[ROOT.RDF] Info /hpcscratch/user/ikabadzh/root/tree/dataframe/src/RLoopManager.cxx:738 in void ROOT::Detail::RDF::RLoopManager::Run()>: Starting event loop number 0.
Info in <[ROOT.RDF] Info /hpcscratch/user/ikabadzh/root/tree/dataframe/src/RLoopManager.cxx:738 in void ROOT::Detail::RDF::RLoopManager::Run()>: Starting event loop number 0.
Info in <[ROOT.RDF] Info /hpcscratch/user/ikabadzh/root/tree/dataframe/src/RLoopManager.cxx:713 in void ROOT::Detail::RDF::RLoopManager::Jit()>: Just-in-time compilation phase completed in 0.904470 seconds.
Info in <[ROOT.RDF] Info /hpcscratch/user/ikabadzh/root/tree/dataframe/src/RLoopManager.cxx:480 in void ROOT::Detail::RDF::RLoopManager::RunTreeReader()>: Processing trees {Events,Events} in files {input_files/dimuon/f364.root,input_files/dimuon/f365.root}: entry range [0,123080825], using slot 0 in thread 140504912213760.
Info in <[ROOT.RDF] Info /hpcscratch/user/ikabadzh/root/tree/dataframe/src/RLoopManager.cxx:713 in void ROOT::Detail::RDF::RLoopManager::Jit()>: Just-in-time compilation phase completed in 0.911468 seconds.
Info in <[ROOT.RDF] Info /hpcscratch/user/ikabadzh/root/tree/dataframe/src/RLoopManager.cxx:480 in void ROOT::Detail::RDF::RLoopManager::RunTreeReader()>: Processing trees {Events,Events} in files {input_files/dimuon/f367.root,input_files/dimuon/f368.root}: entry range [0,123080825], using slot 0 in thread 140257293555456.
Info in <[ROOT.RDF] Info /hpcscratch/user/ikabadzh/root/tree/dataframe/src/RLoopManager.cxx:738 in void ROOT::Detail::RDF::RLoopManager::Run()>: Starting event loop number 0.
Info in <[ROOT.RDF] Info /hpcscratch/user/ikabadzh/root/tree/dataframe/src/RLoopManager.cxx:738 in void ROOT::Detail::RDF::RLoopManager::Run()>: Starting event loop number 0.
Info in <[ROOT.RDF] Info /hpcscratch/user/ikabadzh/root/tree/dataframe/src/RLoopManager.cxx:738 in void ROOT::Detail::RDF::RLoopManager::Run()>: Starting event loop number 0.
Info in <[ROOT.RDF] Info /hpcscratch/user/ikabadzh/root/tree/dataframe/src/RLoopManager.cxx:738 in void ROOT::Detail::RDF::RLoopManager::Run()>: Starting event loop number 0.
Info in <[ROOT.RDF] Info /hpcscratch/user/ikabadzh/root/tree/dataframe/src/RLoopManager.cxx:738 in void ROOT::Detail::RDF::RLoopManager::Run()>: Starting event loop number 0.
Info in <[ROOT.RDF] Info /hpcscratch/user/ikabadzh/root/tree/dataframe/src/RLoopManager.cxx:713 in void ROOT::Detail::RDF::RLoopManager::Jit()>: Just-in-time compilation phase completed in 0.907556 seconds.
Info in <[ROOT.RDF] Info /hpcscratch/user/ikabadzh/root/tree/dataframe/src/RLoopManager.cxx:480 in void ROOT::Detail::RDF::RLoopManager::RunTreeReader()>: Processing trees {Events} in files {input_files/dimuon/f360.root}: entry range [0,61540412], using slot 0 in thread 139857989297920.
Info in <[ROOT.RDF] Info /hpcscratch/user/ikabadzh/root/tree/dataframe/src/RLoopManager.cxx:713 in void ROOT::Detail::RDF::RLoopManager::Jit()>: Just-in-time compilation phase completed in 0.914619 seconds.
Info in <[ROOT.RDF] Info /hpcscratch/user/ikabadzh/root/tree/dataframe/src/RLoopManager.cxx:480 in void ROOT::Detail::RDF::RLoopManager::RunTreeReader()>: Processing trees {Events} in files {input_files/dimuon/f372.root}: entry range [0,61540412], using slot 0 in thread 139728118621952.
Info in <[ROOT.RDF] Info /hpcscratch/user/ikabadzh/root/tree/dataframe/src/RLoopManager.cxx:713 in void ROOT::Detail::RDF::RLoopManager::Jit()>: Just-in-time compilation phase completed in 0.924340 seconds.
Info in <[ROOT.RDF] Info /hpcscratch/user/ikabadzh/root/tree/dataframe/src/RLoopManager.cxx:480 in void ROOT::Detail::RDF::RLoopManager::RunTreeReader()>: Processing trees {Events} in files {input_files/dimuon/f277.root}: entry range [0,61540412], using slot 0 in thread 140259343419136.
Info in <[ROOT.RDF] Info /hpcscratch/user/ikabadzh/root/tree/dataframe/src/RLoopManager.cxx:738 in void ROOT::Detail::RDF::RLoopManager::Run()>: Starting event loop number 0.
Info in <[ROOT.RDF] Info /hpcscratch/user/ikabadzh/root/tree/dataframe/src/RLoopManager.cxx:738 in void ROOT::Detail::RDF::RLoopManager::Run()>: Starting event loop number 0.
Info in <[ROOT.RDF] Info /hpcscratch/user/ikabadzh/root/tree/dataframe/src/RLoopManager.cxx:713 in void ROOT::Detail::RDF::RLoopManager::Jit()>: Just-in-time compilation phase completed in 0.913740 seconds.
Info in <[ROOT.RDF] Info /hpcscratch/user/ikabadzh/root/tree/dataframe/src/RLoopManager.cxx:480 in void ROOT::Detail::RDF::RLoopManager::RunTreeReader()>: Processing trees {Events,Events} in files {input_files/dimuon/f360.root,input_files/dimuon/f361.root}: entry range [0,123080825], using slot 0 in thread 140584990529280.
Info in <[ROOT.RDF] Info /hpcscratch/user/ikabadzh/root/tree/dataframe/src/RLoopManager.cxx:713 in void ROOT::Detail::RDF::RLoopManager::Jit()>: Just-in-time compilation phase completed in 0.902969 seconds.
Info in <[ROOT.RDF] Info /hpcscratch/user/ikabadzh/root/tree/dataframe/src/RLoopManager.cxx:480 in void ROOT::Detail::RDF::RLoopManager::RunTreeReader()>: Processing trees {Events,Events} in files {input_files/dimuon/f347.root,input_files/dimuon/f348.root}: entry range [0,123080825], using slot 0 in thread 140216264599296.
Info in <[ROOT.RDF] Info /hpcscratch/user/ikabadzh/root/tree/dataframe/src/RLoopManager.cxx:713 in void ROOT::Detail::RDF::RLoopManager::Jit()>: Just-in-time compilation phase completed in 0.923505 seconds.
Info in <[ROOT.RDF] Info /hpcscratch/user/ikabadzh/root/tree/dataframe/src/RLoopManager.cxx:480 in void ROOT::Detail::RDF::RLoopManager::RunTreeReader()>: Processing trees {Events,Events} in files {input_files/dimuon/f366.root,input_files/dimuon/f367.root}: entry range [0,123080825], using slot 0 in thread 140661399627520.
Info in <[ROOT.RDF] Info /hpcscratch/user/ikabadzh/root/tree/dataframe/src/RLoopManager.cxx:713 in void ROOT::Detail::RDF::RLoopManager::Jit()>: Just-in-time compilation phase completed in 0.917890 seconds.
Info in <[ROOT.RDF] Info /hpcscratch/user/ikabadzh/root/tree/dataframe/src/RLoopManager.cxx:480 in void ROOT::Detail::RDF::RLoopManager::RunTreeReader()>: Processing trees {Events} in files {input_files/dimuon/f374.root}: entry range [0,61540412], using slot 0 in thread 140396228585216.
Info in <[ROOT.RDF] Info /hpcscratch/user/ikabadzh/root/tree/dataframe/src/RLoopManager.cxx:713 in void ROOT::Detail::RDF::RLoopManager::Jit()>: Just-in-time compilation phase completed in 0.915566 seconds.
Info in <[ROOT.RDF] Info /hpcscratch/user/ikabadzh/root/tree/dataframe/src/RLoopManager.cxx:480 in void ROOT::Detail::RDF::RLoopManager::RunTreeReader()>: Processing trees {Events} in files {input_files/dimuon/f369.root}: entry range [0,61540412], using slot 0 in thread 140053957531392.
Info in <[ROOT.RDF] Info /hpcscratch/user/ikabadzh/root/tree/dataframe/src/RLoopManager.cxx:713 in void ROOT::Detail::RDF::RLoopManager::Jit()>: Just-in-time compilation phase completed in 0.912103 seconds.
Info in <[ROOT.RDF] Info /hpcscratch/user/ikabadzh/root/tree/dataframe/src/RLoopManager.cxx:480 in void ROOT::Detail::RDF::RLoopManager::RunTreeReader()>: Processing trees {Events} in files {input_files/dimuon/f370.root}: entry range [0,61540412], using slot 0 in thread 140581084051200.
Info in <[ROOT.RDF] Info /hpcscratch/user/ikabadzh/root/tree/dataframe/src/RLoopManager.cxx:713 in void ROOT::Detail::RDF::RLoopManager::Jit()>: Just-in-time compilation phase completed in 0.920848 seconds.
Info in <[ROOT.RDF] Info /hpcscratch/user/ikabadzh/root/tree/dataframe/src/RLoopManager.cxx:480 in void ROOT::Detail::RDF::RLoopManager::RunTreeReader()>: Processing trees {Events} in files {input_files/dimuon/f368.root}: entry range [0,61540412], using slot 0 in thread 140004832052992.
Info in <[ROOT.RDF] Info /hpcscratch/user/ikabadzh/root/tree/dataframe/src/RLoopManager.cxx:713 in void ROOT::Detail::RDF::RLoopManager::Jit()>: Just-in-time compilation phase completed in 0.916703 seconds.
Info in <[ROOT.RDF] Info /hpcscratch/user/ikabadzh/root/tree/dataframe/src/RLoopManager.cxx:480 in void ROOT::Detail::RDF::RLoopManager::RunTreeReader()>: Processing trees {Events} in files {input_files/dimuon/f362.root}: entry range [0,61540412], using slot 0 in thread 139946611394304.
Info in <[ROOT.RDF] Info /hpcscratch/user/ikabadzh/root/tree/dataframe/src/RLoopManager.cxx:713 in void ROOT::Detail::RDF::RLoopManager::Jit()>: Just-in-time compilation phase completed in 0.906605 seconds.
Info in <[ROOT.RDF] Info /hpcscratch/user/ikabadzh/root/tree/dataframe/src/RLoopManager.cxx:480 in void ROOT::Detail::RDF::RLoopManager::RunTreeReader()>: Processing trees {Events,Events} in files {input_files/dimuon/f363.root,input_files/dimuon/f364.root}: entry range [0,123080825], using slot 0 in thread 140423912699648.
Info in <[ROOT.RDF] Info /hpcscratch/user/ikabadzh/root/tree/dataframe/src/RLoopManager.cxx:713 in void ROOT::Detail::RDF::RLoopManager::Jit()>: Just-in-time compilation phase completed in 0.914886 seconds.
Info in <[ROOT.RDF] Info /hpcscratch/user/ikabadzh/root/tree/dataframe/src/RLoopManager.cxx:480 in void ROOT::Detail::RDF::RLoopManager::RunTreeReader()>: Processing trees {Events} in files {input_files/dimuon/f367.root}: entry range [0,61540412], using slot 0 in thread 139854624229120.
Info in <[ROOT.RDF] Info /hpcscratch/user/ikabadzh/root/tree/dataframe/src/RLoopManager.cxx:713 in void ROOT::Detail::RDF::RLoopManager::Jit()>: Just-in-time compilation phase completed in 0.910037 seconds.
Info in <[ROOT.RDF] Info /hpcscratch/user/ikabadzh/root/tree/dataframe/src/RLoopManager.cxx:480 in void ROOT::Detail::RDF::RLoopManager::RunTreeReader()>: Processing trees {Events} in files {input_files/dimuon/f375.root}: entry range [0,61540412], using slot 0 in thread 139926479369984.
Info in <[ROOT.RDF] Info /hpcscratch/user/ikabadzh/root/tree/dataframe/src/RLoopManager.cxx:713 in void ROOT::Detail::RDF::RLoopManager::Jit()>: Just-in-time compilation phase completed in 0.915819 seconds.
Info in <[ROOT.RDF] Info /hpcscratch/user/ikabadzh/root/tree/dataframe/src/RLoopManager.cxx:480 in void ROOT::Detail::RDF::RLoopManager::RunTreeReader()>: Processing trees {Events} in files {input_files/dimuon/f349.root}: entry range [0,61540412], using slot 0 in thread 139734387726080.
Info in <[ROOT.RDF] Info /hpcscratch/user/ikabadzh/root/tree/dataframe/src/RLoopManager.cxx:713 in void ROOT::Detail::RDF::RLoopManager::Jit()>: Just-in-time compilation phase completed in 0.935446 seconds.
Info in <[ROOT.RDF] Info /hpcscratch/user/ikabadzh/root/tree/dataframe/src/RLoopManager.cxx:480 in void ROOT::Detail::RDF::RLoopManager::RunTreeReader()>: Processing trees {Events} in files {input_files/dimuon/f350.root}: entry range [0,61540412], using slot 0 in thread 140161291458304.
Info in <[ROOT.RDF] Info /hpcscratch/user/ikabadzh/root/tree/dataframe/src/RLoopManager.cxx:713 in void ROOT::Detail::RDF::RLoopManager::Jit()>: Just-in-time compilation phase completed in 0.921582 seconds.
Info in <[ROOT.RDF] Info /hpcscratch/user/ikabadzh/root/tree/dataframe/src/RLoopManager.cxx:480 in void ROOT::Detail::RDF::RLoopManager::RunTreeReader()>: Processing trees {Events} in files {input_files/dimuon/f276.root}: entry range [0,61540412], using slot 0 in thread 139932127717120.
Info in <[ROOT.RDF] Info /hpcscratch/user/ikabadzh/root/tree/dataframe/src/RLoopManager.cxx:713 in void ROOT::Detail::RDF::RLoopManager::Jit()>: Just-in-time compilation phase completed in 0.913689 seconds.
Info in <[ROOT.RDF] Info /hpcscratch/user/ikabadzh/root/tree/dataframe/src/RLoopManager.cxx:480 in void ROOT::Detail::RDF::RLoopManager::RunTreeReader()>: Processing trees {Events} in files {input_files/dimuon/f363.root}: entry range [0,61540412], using slot 0 in thread 139999931438848.
Info in <[ROOT.RDF] Info /hpcscratch/user/ikabadzh/root/tree/dataframe/src/RLoopManager.cxx:713 in void ROOT::Detail::RDF::RLoopManager::Jit()>: Just-in-time compilation phase completed in 1.131030 seconds.
Info in <[ROOT.RDF] Info /hpcscratch/user/ikabadzh/root/tree/dataframe/src/RLoopManager.cxx:480 in void ROOT::Detail::RDF::RLoopManager::RunTreeReader()>: Processing trees {Events,Events} in files {input_files/dimuon/f348.root,input_files/dimuon/f349.root}: entry range [0,123080825], using slot 0 in thread 139858611189504.
Info in <[ROOT.RDF] Info /hpcscratch/user/ikabadzh/root/tree/dataframe/src/RLoopManager.cxx:713 in void ROOT::Detail::RDF::RLoopManager::Jit()>: Just-in-time compilation phase completed in 1.000190 seconds.
Info in <[ROOT.RDF] Info /hpcscratch/user/ikabadzh/root/tree/dataframe/src/RLoopManager.cxx:480 in void ROOT::Detail::RDF::RLoopManager::RunTreeReader()>: Processing trees {Events} in files {input_files/dimuon/f373.root}: entry range [0,61540412], using slot 0 in thread 140268000225024.
Info in <[ROOT.RDF] Info /hpcscratch/user/ikabadzh/root/tree/dataframe/src/RLoopManager.cxx:713 in void ROOT::Detail::RDF::RLoopManager::Jit()>: Just-in-time compilation phase completed in 1.036629 seconds.
Info in <[ROOT.RDF] Info /hpcscratch/user/ikabadzh/root/tree/dataframe/src/RLoopManager.cxx:480 in void ROOT::Detail::RDF::RLoopManager::RunTreeReader()>: Processing trees {Events} in files {input_files/dimuon/f372.root}: entry range [0,61540412], using slot 0 in thread 140106239899392.
Info in <[ROOT.RDF] Info /hpcscratch/user/ikabadzh/root/tree/dataframe/src/RLoopManager.cxx:713 in void ROOT::Detail::RDF::RLoopManager::Jit()>: Just-in-time compilation phase completed in 0.948558 seconds.
Info in <[ROOT.RDF] Info /hpcscratch/user/ikabadzh/root/tree/dataframe/src/RLoopManager.cxx:480 in void ROOT::Detail::RDF::RLoopManager::RunTreeReader()>: Processing trees {Events} in files {input_files/dimuon/f345.root}: entry range [0,61540412], using slot 0 in thread 139706429310720.
Info in <[ROOT.RDF] Info /hpcscratch/user/ikabadzh/root/tree/dataframe/src/RLoopManager.cxx:713 in void ROOT::Detail::RDF::RLoopManager::Jit()>: Just-in-time compilation phase completed in 0.958963 seconds.
Info in <[ROOT.RDF] Info /hpcscratch/user/ikabadzh/root/tree/dataframe/src/RLoopManager.cxx:480 in void ROOT::Detail::RDF::RLoopManager::RunTreeReader()>: Processing trees {Events} in files {input_files/dimuon/f345.root}: entry range [0,61540412], using slot 0 in thread 139654864619264.
tornado.application - ERROR - Exception in callback functools.partial(<bound method IOLoop._discard_future_result of <tornado.platform.asyncio.AsyncIOLoop object at 0x7f85fbf2dd00>>, <Task finished name='Task-12' coro=<Worker.heartbeat() done, defined at /hpcscratch/user/ikabadzh/mambaforge/envs/myenv/lib/python3.9/site-packages/distributed/worker.py:992> exception=OSError('Timed out during handshake while connecting to tcp://188.185.68.194:42727 after 30 s')>)
Traceback (most recent call last):
  File "/hpcscratch/user/ikabadzh/mambaforge/envs/myenv/lib/python3.9/site-packages/distributed/comm/tcp.py", line 198, in read
    frames_nbytes = await stream.read_bytes(fmt_size)
asyncio.exceptions.CancelledError

During handling of the above exception, another exception occurred:

Traceback (most recent call last):
  File "/hpcscratch/user/ikabadzh/mambaforge/envs/myenv/lib/python3.9/asyncio/tasks.py", line 492, in wait_for
    fut.result()
asyncio.exceptions.CancelledError

The above exception was the direct cause of the following exception:

Traceback (most recent call last):
  File "/hpcscratch/user/ikabadzh/mambaforge/envs/myenv/lib/python3.9/site-packages/distributed/comm/core.py", line 318, in connect
    handshake = await asyncio.wait_for(comm.read(), time_left())
  File "/hpcscratch/user/ikabadzh/mambaforge/envs/myenv/lib/python3.9/asyncio/tasks.py", line 494, in wait_for
    raise exceptions.TimeoutError() from exc
asyncio.exceptions.TimeoutError

The above exception was the direct cause of the following exception:

Traceback (most recent call last):
  File "/hpcscratch/user/ikabadzh/mambaforge/envs/myenv/lib/python3.9/site-packages/tornado/ioloop.py", line 741, in _run_callback
    ret = callback()
  File "/hpcscratch/user/ikabadzh/mambaforge/envs/myenv/lib/python3.9/site-packages/tornado/ioloop.py", line 765, in _discard_future_result
    future.result()
  File "/hpcscratch/user/ikabadzh/mambaforge/envs/myenv/lib/python3.9/site-packages/distributed/worker.py", line 1041, in heartbeat
    raise e
  File "/hpcscratch/user/ikabadzh/mambaforge/envs/myenv/lib/python3.9/site-packages/distributed/worker.py", line 1001, in heartbeat
    response = await retry_operation(
  File "/hpcscratch/user/ikabadzh/mambaforge/envs/myenv/lib/python3.9/site-packages/distributed/utils_comm.py", line 385, in retry_operation
    return await retry(
  File "/hpcscratch/user/ikabadzh/mambaforge/envs/myenv/lib/python3.9/site-packages/distributed/utils_comm.py", line 370, in retry
    return await coro()
  File "/hpcscratch/user/ikabadzh/mambaforge/envs/myenv/lib/python3.9/site-packages/distributed/core.py", line 871, in send_recv_from_rpc
    comm = await self.pool.connect(self.addr)
  File "/hpcscratch/user/ikabadzh/mambaforge/envs/myenv/lib/python3.9/site-packages/distributed/core.py", line 1059, in connect
    raise exc
  File "/hpcscratch/user/ikabadzh/mambaforge/envs/myenv/lib/python3.9/site-packages/distributed/core.py", line 1043, in connect
    comm = await fut
  File "/hpcscratch/user/ikabadzh/mambaforge/envs/myenv/lib/python3.9/site-packages/distributed/comm/core.py", line 323, in connect
    raise OSError(
OSError: Timed out during handshake while connecting to tcp://188.185.68.194:42727 after 30 s
tornado.application - ERROR - Exception in callback functools.partial(<bound method IOLoop._discard_future_result of <tornado.platform.asyncio.AsyncIOLoop object at 0x7f0fdf65bd00>>, <Task finished name='Task-12' coro=<Worker.heartbeat() done, defined at /hpcscratch/user/ikabadzh/mambaforge/envs/myenv/lib/python3.9/site-packages/distributed/worker.py:992> exception=OSError('Timed out during handshake while connecting to tcp://188.185.68.194:42727 after 30 s')>)
Traceback (most recent call last):
  File "/hpcscratch/user/ikabadzh/mambaforge/envs/myenv/lib/python3.9/site-packages/distributed/comm/tcp.py", line 198, in read
    frames_nbytes = await stream.read_bytes(fmt_size)
asyncio.exceptions.CancelledError

During handling of the above exception, another exception occurred:

Traceback (most recent call last):
  File "/hpcscratch/user/ikabadzh/mambaforge/envs/myenv/lib/python3.9/asyncio/tasks.py", line 492, in wait_for
    fut.result()
asyncio.exceptions.CancelledError

The above exception was the direct cause of the following exception:

Traceback (most recent call last):
  File "/hpcscratch/user/ikabadzh/mambaforge/envs/myenv/lib/python3.9/site-packages/distributed/comm/core.py", line 318, in connect
    handshake = await asyncio.wait_for(comm.read(), time_left())
  File "/hpcscratch/user/ikabadzh/mambaforge/envs/myenv/lib/python3.9/asyncio/tasks.py", line 494, in wait_for
    raise exceptions.TimeoutError() from exc
asyncio.exceptions.TimeoutError

The above exception was the direct cause of the following exception:

Traceback (most recent call last):
  File "/hpcscratch/user/ikabadzh/mambaforge/envs/myenv/lib/python3.9/site-packages/tornado/ioloop.py", line 741, in _run_callback
    ret = callback()
  File "/hpcscratch/user/ikabadzh/mambaforge/envs/myenv/lib/python3.9/site-packages/tornado/ioloop.py", line 765, in _discard_future_result
    future.result()
  File "/hpcscratch/user/ikabadzh/mambaforge/envs/myenv/lib/python3.9/site-packages/distributed/worker.py", line 1041, in heartbeat
    raise e
  File "/hpcscratch/user/ikabadzh/mambaforge/envs/myenv/lib/python3.9/site-packages/distributed/worker.py", line 1001, in heartbeat
    response = await retry_operation(
  File "/hpcscratch/user/ikabadzh/mambaforge/envs/myenv/lib/python3.9/site-packages/distributed/utils_comm.py", line 385, in retry_operation
    return await retry(
  File "/hpcscratch/user/ikabadzh/mambaforge/envs/myenv/lib/python3.9/site-packages/distributed/utils_comm.py", line 370, in retry
    return await coro()
  File "/hpcscratch/user/ikabadzh/mambaforge/envs/myenv/lib/python3.9/site-packages/distributed/core.py", line 871, in send_recv_from_rpc
    comm = await self.pool.connect(self.addr)
  File "/hpcscratch/user/ikabadzh/mambaforge/envs/myenv/lib/python3.9/site-packages/distributed/core.py", line 1059, in connect
    raise exc
  File "/hpcscratch/user/ikabadzh/mambaforge/envs/myenv/lib/python3.9/site-packages/distributed/core.py", line 1043, in connect
    comm = await fut
  File "/hpcscratch/user/ikabadzh/mambaforge/envs/myenv/lib/python3.9/site-packages/distributed/comm/core.py", line 323, in connect
    raise OSError(
OSError: Timed out during handshake while connecting to tcp://188.185.68.194:42727 after 30 s
distributed.worker - INFO - Stopping worker at tcp://10.32.2.25:42103
Info in <[ROOT.RDF] Info /hpcscratch/user/ikabadzh/root/tree/dataframe/src/RLoopManager.cxx:762 in void ROOT::Detail::RDF::RLoopManager::Run()>: Finished event loop number 0 (8.95s CPU, 8.93299s elapsed).
Info in <[ROOT.RDF] Info /hpcscratch/user/ikabadzh/root/tree/dataframe/src/RLoopManager.cxx:738 in void ROOT::Detail::RDF::RLoopManager::Run()>: Starting event loop number 0.
Info in <[ROOT.RDF] Info /hpcscratch/user/ikabadzh/root/tree/dataframe/src/RLoopManager.cxx:762 in void ROOT::Detail::RDF::RLoopManager::Run()>: Finished event loop number 0 (9.25s CPU, 9.41797s elapsed).
Info in <[ROOT.RDF] Info /hpcscratch/user/ikabadzh/root/tree/dataframe/src/RLoopManager.cxx:762 in void ROOT::Detail::RDF::RLoopManager::Run()>: Finished event loop number 0 (9.17s CPU, 9.36581s elapsed).
Info in <[ROOT.RDF] Info /hpcscratch/user/ikabadzh/root/tree/dataframe/src/RLoopManager.cxx:738 in void ROOT::Detail::RDF::RLoopManager::Run()>: Starting event loop number 0.
Info in <[ROOT.RDF] Info /hpcscratch/user/ikabadzh/root/tree/dataframe/src/RLoopManager.cxx:762 in void ROOT::Detail::RDF::RLoopManager::Run()>: Finished event loop number 0 (8.95s CPU, 9.43589s elapsed).
Info in <[ROOT.RDF] Info /hpcscratch/user/ikabadzh/root/tree/dataframe/src/RLoopManager.cxx:738 in void ROOT::Detail::RDF::RLoopManager::Run()>: Starting event loop number 0.
Info in <[ROOT.RDF] Info /hpcscratch/user/ikabadzh/root/tree/dataframe/src/RLoopManager.cxx:762 in void ROOT::Detail::RDF::RLoopManager::Run()>: Finished event loop number 0 (9.19s CPU, 9.19233s elapsed).
Info in <[ROOT.RDF] Info /hpcscratch/user/ikabadzh/root/tree/dataframe/src/RLoopManager.cxx:738 in void ROOT::Detail::RDF::RLoopManager::Run()>: Starting event loop number 0.
Info in <[ROOT.RDF] Info /hpcscratch/user/ikabadzh/root/tree/dataframe/src/RLoopManager.cxx:713 in void ROOT::Detail::RDF::RLoopManager::Jit()>: Just-in-time compilation phase completed in 0.918534 seconds.
Info in <[ROOT.RDF] Info /hpcscratch/user/ikabadzh/root/tree/dataframe/src/RLoopManager.cxx:480 in void ROOT::Detail::RDF::RLoopManager::RunTreeReader()>: Processing trees {Events} in files {input_files/dimuon/f350.root}: entry range [0,61540412], using slot 0 in thread 139858752276224.
Info in <[ROOT.RDF] Info /hpcscratch/user/ikabadzh/root/tree/dataframe/src/RLoopManager.cxx:762 in void ROOT::Detail::RDF::RLoopManager::Run()>: Finished event loop number 0 (9.06s CPU, 9.18333s elapsed).
Info in <[ROOT.RDF] Info /hpcscratch/user/ikabadzh/root/tree/dataframe/src/RLoopManager.cxx:762 in void ROOT::Detail::RDF::RLoopManager::Run()>: Finished event loop number 0 (9.01s CPU, 9.19575s elapsed).
Info in <[ROOT.RDF] Info /hpcscratch/user/ikabadzh/root/tree/dataframe/src/RLoopManager.cxx:762 in void ROOT::Detail::RDF::RLoopManager::Run()>: Finished event loop number 0 (9.35s CPU, 9.61988s elapsed).
Info in <[ROOT.RDF] Info /hpcscratch/user/ikabadzh/root/tree/dataframe/src/RLoopManager.cxx:738 in void ROOT::Detail::RDF::RLoopManager::Run()>: Starting event loop number 0.
Info in <[ROOT.RDF] Info /hpcscratch/user/ikabadzh/root/tree/dataframe/src/RLoopManager.cxx:762 in void ROOT::Detail::RDF::RLoopManager::Run()>: Finished event loop number 0 (9.73s CPU, 9.8627s elapsed).
Info in <[ROOT.RDF] Info /hpcscratch/user/ikabadzh/root/tree/dataframe/src/RLoopManager.cxx:713 in void ROOT::Detail::RDF::RLoopManager::Jit()>: Just-in-time compilation phase completed in 0.930096 seconds.
Info in <[ROOT.RDF] Info /hpcscratch/user/ikabadzh/root/tree/dataframe/src/RLoopManager.cxx:480 in void ROOT::Detail::RDF::RLoopManager::RunTreeReader()>: Processing trees {Events} in files {input_files/dimuon/f644.root}: entry range [0,61540412], using slot 0 in thread 139867767219968.
Info in <[ROOT.RDF] Info /hpcscratch/user/ikabadzh/root/tree/dataframe/src/RLoopManager.cxx:762 in void ROOT::Detail::RDF::RLoopManager::Run()>: Finished event loop number 0 (9.04s CPU, 9.34823s elapsed).
Info in <[ROOT.RDF] Info /hpcscratch/user/ikabadzh/root/tree/dataframe/src/RLoopManager.cxx:762 in void ROOT::Detail::RDF::RLoopManager::Run()>: Finished event loop number 0 (8.99s CPU, 9.22983s elapsed).
Info in <[ROOT.RDF] Info /hpcscratch/user/ikabadzh/root/tree/dataframe/src/RLoopManager.cxx:738 in void ROOT::Detail::RDF::RLoopManager::Run()>: Starting event loop number 0.
Info in <[ROOT.RDF] Info /hpcscratch/user/ikabadzh/root/tree/dataframe/src/RLoopManager.cxx:762 in void ROOT::Detail::RDF::RLoopManager::Run()>: Finished event loop number 0 (9.1s CPU, 9.18767s elapsed).
Info in <[ROOT.RDF] Info /hpcscratch/user/ikabadzh/root/tree/dataframe/src/RLoopManager.cxx:713 in void ROOT::Detail::RDF::RLoopManager::Jit()>: Just-in-time compilation phase completed in 0.930353 seconds.
Info in <[ROOT.RDF] Info /hpcscratch/user/ikabadzh/root/tree/dataframe/src/RLoopManager.cxx:480 in void ROOT::Detail::RDF::RLoopManager::RunTreeReader()>: Processing trees {Events} in files {input_files/dimuon/f364.root}: entry range [0,61540412], using slot 0 in thread 140566317995776.
Info in <[ROOT.RDF] Info /hpcscratch/user/ikabadzh/root/tree/dataframe/src/RLoopManager.cxx:762 in void ROOT::Detail::RDF::RLoopManager::Run()>: Finished event loop number 0 (8.91s CPU, 9.28157s elapsed).
Info in <[ROOT.RDF] Info /hpcscratch/user/ikabadzh/root/tree/dataframe/src/RLoopManager.cxx:762 in void ROOT::Detail::RDF::RLoopManager::Run()>: Finished event loop number 0 (8.91s CPU, 9.08693s elapsed).
Info in <[ROOT.RDF] Info /hpcscratch/user/ikabadzh/root/tree/dataframe/src/RLoopManager.cxx:713 in void ROOT::Detail::RDF::RLoopManager::Jit()>: Just-in-time compilation phase completed in 0.921816 seconds.
Info in <[ROOT.RDF] Info /hpcscratch/user/ikabadzh/root/tree/dataframe/src/RLoopManager.cxx:480 in void ROOT::Detail::RDF::RLoopManager::RunTreeReader()>: Processing trees {Events,Events} in files {input_files/dimuon/f645.root,input_files/dimuon/f646.root}: entry range [0,123080825], using slot 0 in thread 139831950640896.
Info in <[ROOT.RDF] Info /hpcscratch/user/ikabadzh/root/tree/dataframe/src/RLoopManager.cxx:738 in void ROOT::Detail::RDF::RLoopManager::Run()>: Starting event loop number 0.
Info in <[ROOT.RDF] Info /hpcscratch/user/ikabadzh/root/tree/dataframe/src/RLoopManager.cxx:762 in void ROOT::Detail::RDF::RLoopManager::Run()>: Finished event loop number 0 (9.53s CPU, 9.69035s elapsed).
Info in <[ROOT.RDF] Info /hpcscratch/user/ikabadzh/root/tree/dataframe/src/RLoopManager.cxx:762 in void ROOT::Detail::RDF::RLoopManager::Run()>: Finished event loop number 0 (9.47s CPU, 9.55967s elapsed).
Info in <[ROOT.RDF] Info /hpcscratch/user/ikabadzh/root/tree/dataframe/src/RLoopManager.cxx:762 in void ROOT::Detail::RDF::RLoopManager::Run()>: Finished event loop number 0 (9.19s CPU, 9.47587s elapsed).
Info in <[ROOT.RDF] Info /hpcscratch/user/ikabadzh/root/tree/dataframe/src/RLoopManager.cxx:762 in void ROOT::Detail::RDF::RLoopManager::Run()>: Finished event loop number 0 (9.16s CPU, 9.33916s elapsed).
Info in <[ROOT.RDF] Info /hpcscratch/user/ikabadzh/root/tree/dataframe/src/RLoopManager.cxx:762 in void ROOT::Detail::RDF::RLoopManager::Run()>: Finished event loop number 0 (9.05s CPU, 9.27858s elapsed).
Info in <[ROOT.RDF] Info /hpcscratch/user/ikabadzh/root/tree/dataframe/src/RLoopManager.cxx:762 in void ROOT::Detail::RDF::RLoopManager::Run()>: Finished event loop number 0 (9.57s CPU, 9.44424s elapsed).
Info in <[ROOT.RDF] Info /hpcscratch/user/ikabadzh/root/tree/dataframe/src/RLoopManager.cxx:762 in void ROOT::Detail::RDF::RLoopManager::Run()>: Finished event loop number 0 (9.24s CPU, 9.58768s elapsed).
Info in <[ROOT.RDF] Info /hpcscratch/user/ikabadzh/root/tree/dataframe/src/RLoopManager.cxx:713 in void ROOT::Detail::RDF::RLoopManager::Jit()>: Just-in-time compilation phase completed in 0.911453 seconds.
Info in <[ROOT.RDF] Info /hpcscratch/user/ikabadzh/root/tree/dataframe/src/RLoopManager.cxx:480 in void ROOT::Detail::RDF::RLoopManager::RunTreeReader()>: Processing trees {Events} in files {input_files/dimuon/f365.root}: entry range [0,61540412], using slot 0 in thread 139932463990528.
Info in <[ROOT.RDF] Info /hpcscratch/user/ikabadzh/root/tree/dataframe/src/RLoopManager.cxx:738 in void ROOT::Detail::RDF::RLoopManager::Run()>: Starting event loop number 0.
Info in <[ROOT.RDF] Info /hpcscratch/user/ikabadzh/root/tree/dataframe/src/RLoopManager.cxx:762 in void ROOT::Detail::RDF::RLoopManager::Run()>: Finished event loop number 0 (9.18s CPU, 9.6594s elapsed).
Info in <[ROOT.RDF] Info /hpcscratch/user/ikabadzh/root/tree/dataframe/src/RLoopManager.cxx:762 in void ROOT::Detail::RDF::RLoopManager::Run()>: Finished event loop number 0 (9.54s CPU, 10.0211s elapsed).
Info in <[ROOT.RDF] Info /hpcscratch/user/ikabadzh/root/tree/dataframe/src/RLoopManager.cxx:762 in void ROOT::Detail::RDF::RLoopManager::Run()>: Finished event loop number 0 (9.45s CPU, 9.69826s elapsed).
Info in <[ROOT.RDF] Info /hpcscratch/user/ikabadzh/root/tree/dataframe/src/RLoopManager.cxx:762 in void ROOT::Detail::RDF::RLoopManager::Run()>: Finished event loop number 0 (8.84s CPU, 9.23032s elapsed).
distributed.worker - INFO - Comm closed
distributed.nanny - INFO - Worker closed
Info in <[ROOT.RDF] Info /hpcscratch/user/ikabadzh/root/tree/dataframe/src/RLoopManager.cxx:762 in void ROOT::Detail::RDF::RLoopManager::Run()>: Finished event loop number 0 (9.17s CPU, 9.412s elapsed).
distributed.nanny - INFO - Closing Nanny at 'tcp://10.32.2.25:43481'
Info in <[ROOT.RDF] Info /hpcscratch/user/ikabadzh/root/tree/dataframe/src/RLoopManager.cxx:762 in void ROOT::Detail::RDF::RLoopManager::Run()>: Finished event loop number 0 (9.44s CPU, 9.7506s elapsed).
Info in <[ROOT.RDF] Info /hpcscratch/user/ikabadzh/root/tree/dataframe/src/RLoopManager.cxx:762 in void ROOT::Detail::RDF::RLoopManager::Run()>: Finished event loop number 0 (9.07s CPU, 9.44894s elapsed).
Info in <[ROOT.RDF] Info /hpcscratch/user/ikabadzh/root/tree/dataframe/src/RLoopManager.cxx:713 in void ROOT::Detail::RDF::RLoopManager::Jit()>: Just-in-time compilation phase completed in 0.903378 seconds.
Info in <[ROOT.RDF] Info /hpcscratch/user/ikabadzh/root/tree/dataframe/src/RLoopManager.cxx:480 in void ROOT::Detail::RDF::RLoopManager::RunTreeReader()>: Processing trees {Events,Events} in files {input_files/dimuon/f632.root,input_files/dimuon/f633.root}: entry range [0,123080825], using slot 0 in thread 140257293555456.
Info in <[ROOT.RDF] Info /hpcscratch/user/ikabadzh/root/tree/dataframe/src/RLoopManager.cxx:738 in void ROOT::Detail::RDF::RLoopManager::Run()>: Starting event loop number 0.
Info in <[ROOT.RDF] Info /hpcscratch/user/ikabadzh/root/tree/dataframe/src/RLoopManager.cxx:762 in void ROOT::Detail::RDF::RLoopManager::Run()>: Finished event loop number 0 (9.14s CPU, 9.42298s elapsed).
Info in <[ROOT.RDF] Info /hpcscratch/user/ikabadzh/root/tree/dataframe/src/RLoopManager.cxx:762 in void ROOT::Detail::RDF::RLoopManager::Run()>: Finished event loop number 0 (9.5s CPU, 9.5718s elapsed).
Info in <[ROOT.RDF] Info /hpcscratch/user/ikabadzh/root/tree/dataframe/src/RLoopManager.cxx:713 in void ROOT::Detail::RDF::RLoopManager::Jit()>: Just-in-time compilation phase completed in 0.903960 seconds.
Info in <[ROOT.RDF] Info /hpcscratch/user/ikabadzh/root/tree/dataframe/src/RLoopManager.cxx:480 in void ROOT::Detail::RDF::RLoopManager::RunTreeReader()>: Processing trees {Events} in files {input_files/dimuon/f365.root}: entry range [0,61540412], using slot 0 in thread 140504912213760.
Info in <[ROOT.RDF] Info /hpcscratch/user/ikabadzh/root/tree/dataframe/src/RLoopManager.cxx:738 in void ROOT::Detail::RDF::RLoopManager::Run()>: Starting event loop number 0.
Info in <[ROOT.RDF] Info /hpcscratch/user/ikabadzh/root/tree/dataframe/src/RLoopManager.cxx:713 in void ROOT::Detail::RDF::RLoopManager::Jit()>: Just-in-time compilation phase completed in 0.897862 seconds.
Info in <[ROOT.RDF] Info /hpcscratch/user/ikabadzh/root/tree/dataframe/src/RLoopManager.cxx:480 in void ROOT::Detail::RDF::RLoopManager::RunTreeReader()>: Processing trees {Events} in files {input_files/dimuon/f352.root}: entry range [0,61540412], using slot 0 in thread 140643919558400.
Info in <[ROOT.RDF] Info /hpcscratch/user/ikabadzh/root/tree/dataframe/src/RLoopManager.cxx:738 in void ROOT::Detail::RDF::RLoopManager::Run()>: Starting event loop number 0.
Info in <[ROOT.RDF] Info /hpcscratch/user/ikabadzh/root/tree/dataframe/src/RLoopManager.cxx:738 in void ROOT::Detail::RDF::RLoopManager::Run()>: Starting event loop number 0.
Info in <[ROOT.RDF] Info /hpcscratch/user/ikabadzh/root/tree/dataframe/src/RLoopManager.cxx:762 in void ROOT::Detail::RDF::RLoopManager::Run()>: Finished event loop number 0 (9.57s CPU, 9.87267s elapsed).
Info in <[ROOT.RDF] Info /hpcscratch/user/ikabadzh/root/tree/dataframe/src/RLoopManager.cxx:738 in void ROOT::Detail::RDF::RLoopManager::Run()>: Starting event loop number 0.
Info in <[ROOT.RDF] Info /hpcscratch/user/ikabadzh/root/tree/dataframe/src/RLoopManager.cxx:762 in void ROOT::Detail::RDF::RLoopManager::Run()>: Finished event loop number 0 (9.34s CPU, 9.98654s elapsed).
Info in <[ROOT.RDF] Info /hpcscratch/user/ikabadzh/root/tree/dataframe/src/RLoopManager.cxx:738 in void ROOT::Detail::RDF::RLoopManager::Run()>: Starting event loop number 0.
Info in <[ROOT.RDF] Info /hpcscratch/user/ikabadzh/root/tree/dataframe/src/RLoopManager.cxx:738 in void ROOT::Detail::RDF::RLoopManager::Run()>: Starting event loop number 0.
Info in <[ROOT.RDF] Info /hpcscratch/user/ikabadzh/root/tree/dataframe/src/RLoopManager.cxx:738 in void ROOT::Detail::RDF::RLoopManager::Run()>: Starting event loop number 0.
Info in <[ROOT.RDF] Info /hpcscratch/user/ikabadzh/root/tree/dataframe/src/RLoopManager.cxx:738 in void ROOT::Detail::RDF::RLoopManager::Run()>: Starting event loop number 0.
Info in <[ROOT.RDF] Info /hpcscratch/user/ikabadzh/root/tree/dataframe/src/RLoopManager.cxx:713 in void ROOT::Detail::RDF::RLoopManager::Jit()>: Just-in-time compilation phase completed in 0.919268 seconds.
Info in <[ROOT.RDF] Info /hpcscratch/user/ikabadzh/root/tree/dataframe/src/RLoopManager.cxx:480 in void ROOT::Detail::RDF::RLoopManager::RunTreeReader()>: Processing trees {Events} in files {input_files/dimuon/f654.root}: entry range [0,61540412], using slot 0 in thread 140005934794496.
Info in <[ROOT.RDF] Info /hpcscratch/user/ikabadzh/root/tree/dataframe/src/RLoopManager.cxx:738 in void ROOT::Detail::RDF::RLoopManager::Run()>: Starting event loop number 0.
Info in <[ROOT.RDF] Info /hpcscratch/user/ikabadzh/root/tree/dataframe/src/RLoopManager.cxx:738 in void ROOT::Detail::RDF::RLoopManager::Run()>: Starting event loop number 0.
Info in <[ROOT.RDF] Info /hpcscratch/user/ikabadzh/root/tree/dataframe/src/RLoopManager.cxx:738 in void ROOT::Detail::RDF::RLoopManager::Run()>: Starting event loop number 0.
Info in <[ROOT.RDF] Info /hpcscratch/user/ikabadzh/root/tree/dataframe/src/RLoopManager.cxx:738 in void ROOT::Detail::RDF::RLoopManager::Run()>: Starting event loop number 0.
Info in <[ROOT.RDF] Info /hpcscratch/user/ikabadzh/root/tree/dataframe/src/RLoopManager.cxx:738 in void ROOT::Detail::RDF::RLoopManager::Run()>: Starting event loop number 0.
Info in <[ROOT.RDF] Info /hpcscratch/user/ikabadzh/root/tree/dataframe/src/RLoopManager.cxx:738 in void ROOT::Detail::RDF::RLoopManager::Run()>: Starting event loop number 0.
Info in <[ROOT.RDF] Info /hpcscratch/user/ikabadzh/root/tree/dataframe/src/RLoopManager.cxx:738 in void ROOT::Detail::RDF::RLoopManager::Run()>: Starting event loop number 0.
Info in <[ROOT.RDF] Info /hpcscratch/user/ikabadzh/root/tree/dataframe/src/RLoopManager.cxx:738 in void ROOT::Detail::RDF::RLoopManager::Run()>: Starting event loop number 0.
Info in <[ROOT.RDF] Info /hpcscratch/user/ikabadzh/root/tree/dataframe/src/RLoopManager.cxx:738 in void ROOT::Detail::RDF::RLoopManager::Run()>: Starting event loop number 0.
Info in <[ROOT.RDF] Info /hpcscratch/user/ikabadzh/root/tree/dataframe/src/RLoopManager.cxx:738 in void ROOT::Detail::RDF::RLoopManager::Run()>: Starting event loop number 0.
Info in <[ROOT.RDF] Info /hpcscratch/user/ikabadzh/root/tree/dataframe/src/RLoopManager.cxx:738 in void ROOT::Detail::RDF::RLoopManager::Run()>: Starting event loop number 0.
Info in <[ROOT.RDF] Info /hpcscratch/user/ikabadzh/root/tree/dataframe/src/RLoopManager.cxx:738 in void ROOT::Detail::RDF::RLoopManager::Run()>: Starting event loop number 0.
Info in <[ROOT.RDF] Info /hpcscratch/user/ikabadzh/root/tree/dataframe/src/RLoopManager.cxx:713 in void ROOT::Detail::RDF::RLoopManager::Jit()>: Just-in-time compilation phase completed in 0.905998 seconds.
Info in <[ROOT.RDF] Info /hpcscratch/user/ikabadzh/root/tree/dataframe/src/RLoopManager.cxx:480 in void ROOT::Detail::RDF::RLoopManager::RunTreeReader()>: Processing trees {Events} in files {input_files/dimuon/f626.root}: entry range [0,61540412], using slot 0 in thread 140259343419136.
Info in <[ROOT.RDF] Info /hpcscratch/user/ikabadzh/root/tree/dataframe/src/RLoopManager.cxx:738 in void ROOT::Detail::RDF::RLoopManager::Run()>: Starting event loop number 0.
Info in <[ROOT.RDF] Info /hpcscratch/user/ikabadzh/root/tree/dataframe/src/RLoopManager.cxx:738 in void ROOT::Detail::RDF::RLoopManager::Run()>: Starting event loop number 0.
Info in <[ROOT.RDF] Info /hpcscratch/user/ikabadzh/root/tree/dataframe/src/RLoopManager.cxx:713 in void ROOT::Detail::RDF::RLoopManager::Jit()>: Just-in-time compilation phase completed in 0.907146 seconds.
Info in <[ROOT.RDF] Info /hpcscratch/user/ikabadzh/root/tree/dataframe/src/RLoopManager.cxx:480 in void ROOT::Detail::RDF::RLoopManager::RunTreeReader()>: Processing trees {Events} in files {input_files/dimuon/f655.root}: entry range [0,61540412], using slot 0 in thread 139728118621952.
Info in <[ROOT.RDF] Info /hpcscratch/user/ikabadzh/root/tree/dataframe/src/RLoopManager.cxx:713 in void ROOT::Detail::RDF::RLoopManager::Jit()>: Just-in-time compilation phase completed in 0.923998 seconds.
Info in <[ROOT.RDF] Info /hpcscratch/user/ikabadzh/root/tree/dataframe/src/RLoopManager.cxx:480 in void ROOT::Detail::RDF::RLoopManager::RunTreeReader()>: Processing trees {Events,Events} in files {input_files/dimuon/f628.root,input_files/dimuon/f629.root}: entry range [0,123080825], using slot 0 in thread 140661399627520.
Info in <[ROOT.RDF] Info /hpcscratch/user/ikabadzh/root/tree/dataframe/src/RLoopManager.cxx:713 in void ROOT::Detail::RDF::RLoopManager::Jit()>: Just-in-time compilation phase completed in 0.916214 seconds.
Info in <[ROOT.RDF] Info /hpcscratch/user/ikabadzh/root/tree/dataframe/src/RLoopManager.cxx:480 in void ROOT::Detail::RDF::RLoopManager::RunTreeReader()>: Processing trees {Events} in files {input_files/dimuon/f645.root}: entry range [0,61540412], using slot 0 in thread 140581084051200.
Info in <[ROOT.RDF] Info /hpcscratch/user/ikabadzh/root/tree/dataframe/src/RLoopManager.cxx:713 in void ROOT::Detail::RDF::RLoopManager::Jit()>: Just-in-time compilation phase completed in 0.907155 seconds.
Info in <[ROOT.RDF] Info /hpcscratch/user/ikabadzh/root/tree/dataframe/src/RLoopManager.cxx:480 in void ROOT::Detail::RDF::RLoopManager::RunTreeReader()>: Processing trees {Events} in files {input_files/dimuon/f650.root}: entry range [0,61540412], using slot 0 in thread 140396228585216.
Info in <[ROOT.RDF] Info /hpcscratch/user/ikabadzh/root/tree/dataframe/src/RLoopManager.cxx:713 in void ROOT::Detail::RDF::RLoopManager::Jit()>: Just-in-time compilation phase completed in 0.954324 seconds.
Info in <[ROOT.RDF] Info /hpcscratch/user/ikabadzh/root/tree/dataframe/src/RLoopManager.cxx:480 in void ROOT::Detail::RDF::RLoopManager::RunTreeReader()>: Processing trees {Events} in files {input_files/dimuon/f649.root}: entry range [0,61540412], using slot 0 in thread 139858611189504.
Info in <[ROOT.RDF] Info /hpcscratch/user/ikabadzh/root/tree/dataframe/src/RLoopManager.cxx:713 in void ROOT::Detail::RDF::RLoopManager::Jit()>: Just-in-time compilation phase completed in 0.919073 seconds.
Info in <[ROOT.RDF] Info /hpcscratch/user/ikabadzh/root/tree/dataframe/src/RLoopManager.cxx:480 in void ROOT::Detail::RDF::RLoopManager::RunTreeReader()>: Processing trees {Events} in files {input_files/dimuon/f688.root}: entry range [0,61540412], using slot 0 in thread 140216264599296.
Info in <[ROOT.RDF] Info /hpcscratch/user/ikabadzh/root/tree/dataframe/src/RLoopManager.cxx:713 in void ROOT::Detail::RDF::RLoopManager::Jit()>: Just-in-time compilation phase completed in 0.933267 seconds.
Info in <[ROOT.RDF] Info /hpcscratch/user/ikabadzh/root/tree/dataframe/src/RLoopManager.cxx:480 in void ROOT::Detail::RDF::RLoopManager::RunTreeReader()>: Processing trees {Events} in files {input_files/dimuon/f375.root}: entry range [0,61540412], using slot 0 in thread 139926479369984.
Info in <[ROOT.RDF] Info /hpcscratch/user/ikabadzh/root/tree/dataframe/src/RLoopManager.cxx:713 in void ROOT::Detail::RDF::RLoopManager::Jit()>: Just-in-time compilation phase completed in 0.911760 seconds.
Info in <[ROOT.RDF] Info /hpcscratch/user/ikabadzh/root/tree/dataframe/src/RLoopManager.cxx:480 in void ROOT::Detail::RDF::RLoopManager::RunTreeReader()>: Processing trees {Events} in files {input_files/dimuon/f652.root}: entry range [0,61540412], using slot 0 in thread 139946611394304.
Info in <[ROOT.RDF] Info /hpcscratch/user/ikabadzh/root/tree/dataframe/src/RLoopManager.cxx:713 in void ROOT::Detail::RDF::RLoopManager::Jit()>: Just-in-time compilation phase completed in 0.916816 seconds.
Info in <[ROOT.RDF] Info /hpcscratch/user/ikabadzh/root/tree/dataframe/src/RLoopManager.cxx:480 in void ROOT::Detail::RDF::RLoopManager::RunTreeReader()>: Processing trees {Events} in files {input_files/dimuon/f710.root}: entry range [0,61540412], using slot 0 in thread 140423912699648.
Info in <[ROOT.RDF] Info /hpcscratch/user/ikabadzh/root/tree/dataframe/src/RLoopManager.cxx:713 in void ROOT::Detail::RDF::RLoopManager::Jit()>: Just-in-time compilation phase completed in 0.915827 seconds.
Info in <[ROOT.RDF] Info /hpcscratch/user/ikabadzh/root/tree/dataframe/src/RLoopManager.cxx:480 in void ROOT::Detail::RDF::RLoopManager::RunTreeReader()>: Processing trees {Events} in files {input_files/dimuon/f651.root}: entry range [0,61540412], using slot 0 in thread 139857989297920.
Info in <[ROOT.RDF] Info /hpcscratch/user/ikabadzh/root/tree/dataframe/src/RLoopManager.cxx:713 in void ROOT::Detail::RDF::RLoopManager::Jit()>: Just-in-time compilation phase completed in 0.927059 seconds.
Info in <[ROOT.RDF] Info /hpcscratch/user/ikabadzh/root/tree/dataframe/src/RLoopManager.cxx:480 in void ROOT::Detail::RDF::RLoopManager::RunTreeReader()>: Processing trees {Events} in files {input_files/dimuon/f362.root}: entry range [0,61540412], using slot 0 in thread 139999931438848.
Info in <[ROOT.RDF] Info /hpcscratch/user/ikabadzh/root/tree/dataframe/src/RLoopManager.cxx:713 in void ROOT::Detail::RDF::RLoopManager::Jit()>: Just-in-time compilation phase completed in 0.923396 seconds.
Info in <[ROOT.RDF] Info /hpcscratch/user/ikabadzh/root/tree/dataframe/src/RLoopManager.cxx:480 in void ROOT::Detail::RDF::RLoopManager::RunTreeReader()>: Processing trees {Events} in files {input_files/dimuon/f558.root}: entry range [0,61540412], using slot 0 in thread 139854624229120.
Info in <[ROOT.RDF] Info /hpcscratch/user/ikabadzh/root/tree/dataframe/src/RLoopManager.cxx:713 in void ROOT::Detail::RDF::RLoopManager::Jit()>: Just-in-time compilation phase completed in 0.928427 seconds.
Info in <[ROOT.RDF] Info /hpcscratch/user/ikabadzh/root/tree/dataframe/src/RLoopManager.cxx:480 in void ROOT::Detail::RDF::RLoopManager::RunTreeReader()>: Processing trees {Events,Events} in files {input_files/dimuon/f368.root,input_files/dimuon/f369.root}: entry range [0,123080825], using slot 0 in thread 140004832052992.
Info in <[ROOT.RDF] Info /hpcscratch/user/ikabadzh/root/tree/dataframe/src/RLoopManager.cxx:713 in void ROOT::Detail::RDF::RLoopManager::Jit()>: Just-in-time compilation phase completed in 0.981655 seconds.
Info in <[ROOT.RDF] Info /hpcscratch/user/ikabadzh/root/tree/dataframe/src/RLoopManager.cxx:480 in void ROOT::Detail::RDF::RLoopManager::RunTreeReader()>: Processing trees {Events} in files {input_files/dimuon/f654.root}: entry range [0,61540412], using slot 0 in thread 140053957531392.
Info in <[ROOT.RDF] Info /hpcscratch/user/ikabadzh/root/tree/dataframe/src/RLoopManager.cxx:713 in void ROOT::Detail::RDF::RLoopManager::Jit()>: Just-in-time compilation phase completed in 0.934164 seconds.
Info in <[ROOT.RDF] Info /hpcscratch/user/ikabadzh/root/tree/dataframe/src/RLoopManager.cxx:480 in void ROOT::Detail::RDF::RLoopManager::RunTreeReader()>: Processing trees {Events} in files {input_files/dimuon/f373.root}: entry range [0,61540412], using slot 0 in thread 140268000225024.
Info in <[ROOT.RDF] Info /hpcscratch/user/ikabadzh/root/tree/dataframe/src/RLoopManager.cxx:713 in void ROOT::Detail::RDF::RLoopManager::Jit()>: Just-in-time compilation phase completed in 0.917884 seconds.
Info in <[ROOT.RDF] Info /hpcscratch/user/ikabadzh/root/tree/dataframe/src/RLoopManager.cxx:480 in void ROOT::Detail::RDF::RLoopManager::RunTreeReader()>: Processing trees {Events} in files {input_files/dimuon/f370.root}: entry range [0,61540412], using slot 0 in thread 139734387726080.
Info in <[ROOT.RDF] Info /hpcscratch/user/ikabadzh/root/tree/dataframe/src/RLoopManager.cxx:713 in void ROOT::Detail::RDF::RLoopManager::Jit()>: Just-in-time compilation phase completed in 0.938263 seconds.
Info in <[ROOT.RDF] Info /hpcscratch/user/ikabadzh/root/tree/dataframe/src/RLoopManager.cxx:480 in void ROOT::Detail::RDF::RLoopManager::RunTreeReader()>: Processing trees {Events} in files {input_files/dimuon/f648.root}: entry range [0,61540412], using slot 0 in thread 140161291458304.
Info in <[ROOT.RDF] Info /hpcscratch/user/ikabadzh/root/tree/dataframe/src/RLoopManager.cxx:713 in void ROOT::Detail::RDF::RLoopManager::Jit()>: Just-in-time compilation phase completed in 0.915605 seconds.
Info in <[ROOT.RDF] Info /hpcscratch/user/ikabadzh/root/tree/dataframe/src/RLoopManager.cxx:480 in void ROOT::Detail::RDF::RLoopManager::RunTreeReader()>: Processing trees {Events} in files {input_files/dimuon/f629.root}: entry range [0,61540412], using slot 0 in thread 139932127717120.
Info in <[ROOT.RDF] Info /hpcscratch/user/ikabadzh/root/tree/dataframe/src/RLoopManager.cxx:713 in void ROOT::Detail::RDF::RLoopManager::Jit()>: Just-in-time compilation phase completed in 0.928945 seconds.
Info in <[ROOT.RDF] Info /hpcscratch/user/ikabadzh/root/tree/dataframe/src/RLoopManager.cxx:480 in void ROOT::Detail::RDF::RLoopManager::RunTreeReader()>: Processing trees {Events} in files {input_files/dimuon/f642.root}: entry range [0,61540412], using slot 0 in thread 139654864619264.
Info in <[ROOT.RDF] Info /hpcscratch/user/ikabadzh/root/tree/dataframe/src/RLoopManager.cxx:713 in void ROOT::Detail::RDF::RLoopManager::Jit()>: Just-in-time compilation phase completed in 0.926251 seconds.
Info in <[ROOT.RDF] Info /hpcscratch/user/ikabadzh/root/tree/dataframe/src/RLoopManager.cxx:480 in void ROOT::Detail::RDF::RLoopManager::RunTreeReader()>: Processing trees {Events} in files {input_files/dimuon/f642.root}: entry range [0,61540412], using slot 0 in thread 139706429310720.
Info in <[ROOT.RDF] Info /hpcscratch/user/ikabadzh/root/tree/dataframe/src/RLoopManager.cxx:713 in void ROOT::Detail::RDF::RLoopManager::Jit()>: Just-in-time compilation phase completed in 1.020347 seconds.
Info in <[ROOT.RDF] Info /hpcscratch/user/ikabadzh/root/tree/dataframe/src/RLoopManager.cxx:480 in void ROOT::Detail::RDF::RLoopManager::RunTreeReader()>: Processing trees {Events} in files {input_files/dimuon/f656.root}: entry range [0,61540412], using slot 0 in thread 140106239899392.
Info in <[ROOT.RDF] Info /hpcscratch/user/ikabadzh/root/tree/dataframe/src/RLoopManager.cxx:762 in void ROOT::Detail::RDF::RLoopManager::Run()>: Finished event loop number 0 (8.77s CPU, 8.85388s elapsed).
Info in <[ROOT.RDF] Info /hpcscratch/user/ikabadzh/root/tree/dataframe/src/RLoopManager.cxx:762 in void ROOT::Detail::RDF::RLoopManager::Run()>: Finished event loop number 0 (9.23s CPU, 9.28382s elapsed).
Info in <[ROOT.RDF] Info /hpcscratch/user/ikabadzh/root/tree/dataframe/src/RLoopManager.cxx:738 in void ROOT::Detail::RDF::RLoopManager::Run()>: Starting event loop number 0.
Info in <[ROOT.RDF] Info /hpcscratch/user/ikabadzh/root/tree/dataframe/src/RLoopManager.cxx:738 in void ROOT::Detail::RDF::RLoopManager::Run()>: Starting event loop number 0.
Info in <[ROOT.RDF] Info /hpcscratch/user/ikabadzh/root/tree/dataframe/src/RLoopManager.cxx:762 in void ROOT::Detail::RDF::RLoopManager::Run()>: Finished event loop number 0 (9.18s CPU, 9.10336s elapsed).
Info in <[ROOT.RDF] Info /hpcscratch/user/ikabadzh/root/tree/dataframe/src/RLoopManager.cxx:738 in void ROOT::Detail::RDF::RLoopManager::Run()>: Starting event loop number 0.
Info in <[ROOT.RDF] Info /hpcscratch/user/ikabadzh/root/tree/dataframe/src/RLoopManager.cxx:762 in void ROOT::Detail::RDF::RLoopManager::Run()>: Finished event loop number 0 (9.22s CPU, 9.16144s elapsed).
Info in <[ROOT.RDF] Info /hpcscratch/user/ikabadzh/root/tree/dataframe/src/RLoopManager.cxx:713 in void ROOT::Detail::RDF::RLoopManager::Jit()>: Just-in-time compilation phase completed in 0.936375 seconds.
Info in <[ROOT.RDF] Info /hpcscratch/user/ikabadzh/root/tree/dataframe/src/RLoopManager.cxx:480 in void ROOT::Detail::RDF::RLoopManager::RunTreeReader()>: Processing trees {Events} in files {input_files/dimuon/f644.root}: entry range [0,61540412], using slot 0 in thread 139867767219968.
Info in <[ROOT.RDF] Info /hpcscratch/user/ikabadzh/root/tree/dataframe/src/RLoopManager.cxx:713 in void ROOT::Detail::RDF::RLoopManager::Jit()>: Just-in-time compilation phase completed in 0.924758 seconds.
Info in <[ROOT.RDF] Info /hpcscratch/user/ikabadzh/root/tree/dataframe/src/RLoopManager.cxx:480 in void ROOT::Detail::RDF::RLoopManager::RunTreeReader()>: Processing trees {Events,Events} in files {input_files/dimuon/f641.root,input_files/dimuon/f642.root}: entry range [0,123080825], using slot 0 in thread 139858752276224.
Info in <[ROOT.RDF] Info /hpcscratch/user/ikabadzh/root/tree/dataframe/src/RLoopManager.cxx:762 in void ROOT::Detail::RDF::RLoopManager::Run()>: Finished event loop number 0 (9.78s CPU, 9.79094s elapsed).
Info in <[ROOT.RDF] Info /hpcscratch/user/ikabadzh/root/tree/dataframe/src/RLoopManager.cxx:738 in void ROOT::Detail::RDF::RLoopManager::Run()>: Starting event loop number 0.
Info in <[ROOT.RDF] Info /hpcscratch/user/ikabadzh/root/tree/dataframe/src/RLoopManager.cxx:762 in void ROOT::Detail::RDF::RLoopManager::Run()>: Finished event loop number 0 (9.07s CPU, 9.04974s elapsed).
Info in <[ROOT.RDF] Info /hpcscratch/user/ikabadzh/root/tree/dataframe/src/RLoopManager.cxx:762 in void ROOT::Detail::RDF::RLoopManager::Run()>: Finished event loop number 0 (8.99s CPU, 9.01429s elapsed).
Info in <[ROOT.RDF] Info /hpcscratch/user/ikabadzh/root/tree/dataframe/src/RLoopManager.cxx:738 in void ROOT::Detail::RDF::RLoopManager::Run()>: Starting event loop number 0.
Info in <[ROOT.RDF] Info /hpcscratch/user/ikabadzh/root/tree/dataframe/src/RLoopManager.cxx:713 in void ROOT::Detail::RDF::RLoopManager::Jit()>: Just-in-time compilation phase completed in 0.933217 seconds.
Info in <[ROOT.RDF] Info /hpcscratch/user/ikabadzh/root/tree/dataframe/src/RLoopManager.cxx:480 in void ROOT::Detail::RDF::RLoopManager::RunTreeReader()>: Processing trees {Events} in files {input_files/dimuon/f647.root}: entry range [0,61540412], using slot 0 in thread 139831950640896.
Info in <[ROOT.RDF] Info /hpcscratch/user/ikabadzh/root/tree/dataframe/src/RLoopManager.cxx:738 in void ROOT::Detail::RDF::RLoopManager::Run()>: Starting event loop number 0.
Info in <[ROOT.RDF] Info /hpcscratch/user/ikabadzh/root/tree/dataframe/src/RLoopManager.cxx:762 in void ROOT::Detail::RDF::RLoopManager::Run()>: Finished event loop number 0 (8.92s CPU, 9.15034s elapsed).
Info in <[ROOT.RDF] Info /hpcscratch/user/ikabadzh/root/tree/dataframe/src/RLoopManager.cxx:738 in void ROOT::Detail::RDF::RLoopManager::Run()>: Starting event loop number 0.
Info in <[ROOT.RDF] Info /hpcscratch/user/ikabadzh/root/tree/dataframe/src/RLoopManager.cxx:738 in void ROOT::Detail::RDF::RLoopManager::Run()>: Starting event loop number 0.
Info in <[ROOT.RDF] Info /hpcscratch/user/ikabadzh/root/tree/dataframe/src/RLoopManager.cxx:713 in void ROOT::Detail::RDF::RLoopManager::Jit()>: Just-in-time compilation phase completed in 0.926533 seconds.
Info in <[ROOT.RDF] Info /hpcscratch/user/ikabadzh/root/tree/dataframe/src/RLoopManager.cxx:480 in void ROOT::Detail::RDF::RLoopManager::RunTreeReader()>: Processing trees {Events} in files {input_files/dimuon/f633.root}: entry range [0,61540412], using slot 0 in thread 139932463990528.
Info in <[ROOT.RDF] Info /hpcscratch/user/ikabadzh/root/tree/dataframe/src/RLoopManager.cxx:762 in void ROOT::Detail::RDF::RLoopManager::Run()>: Finished event loop number 0 (8.82s CPU, 8.77s elapsed).
Info in <[ROOT.RDF] Info /hpcscratch/user/ikabadzh/root/tree/dataframe/src/RLoopManager.cxx:738 in void ROOT::Detail::RDF::RLoopManager::Run()>: Starting event loop number 0.
Info in <[ROOT.RDF] Info /hpcscratch/user/ikabadzh/root/tree/dataframe/src/RLoopManager.cxx:762 in void ROOT::Detail::RDF::RLoopManager::Run()>: Finished event loop number 0 (8.85s CPU, 8.87761s elapsed).
Info in <[ROOT.RDF] Info /hpcscratch/user/ikabadzh/root/tree/dataframe/src/RLoopManager.cxx:713 in void ROOT::Detail::RDF::RLoopManager::Jit()>: Just-in-time compilation phase completed in 0.925417 seconds.
Info in <[ROOT.RDF] Info /hpcscratch/user/ikabadzh/root/tree/dataframe/src/RLoopManager.cxx:480 in void ROOT::Detail::RDF::RLoopManager::RunTreeReader()>: Processing trees {Events} in files {input_files/dimuon/f631.root}: entry range [0,61540412], using slot 0 in thread 140566317995776.
Info in <[ROOT.RDF] Info /hpcscratch/user/ikabadzh/root/tree/dataframe/src/RLoopManager.cxx:762 in void ROOT::Detail::RDF::RLoopManager::Run()>: Finished event loop number 0 (9.61s CPU, 9.55526s elapsed).
Info in <[ROOT.RDF] Info /hpcscratch/user/ikabadzh/root/tree/dataframe/src/RLoopManager.cxx:713 in void ROOT::Detail::RDF::RLoopManager::Jit()>: Just-in-time compilation phase completed in 0.934587 seconds.
Info in <[ROOT.RDF] Info /hpcscratch/user/ikabadzh/root/tree/dataframe/src/RLoopManager.cxx:480 in void ROOT::Detail::RDF::RLoopManager::RunTreeReader()>: Processing trees {Events} in files {input_files/dimuon/f628.root}: entry range [0,61540412], using slot 0 in thread 140257293555456.
Info in <[ROOT.RDF] Info /hpcscratch/user/ikabadzh/root/tree/dataframe/src/RLoopManager.cxx:762 in void ROOT::Detail::RDF::RLoopManager::Run()>: Finished event loop number 0 (8.85s CPU, 8.80372s elapsed).
Info in <[ROOT.RDF] Info /hpcscratch/user/ikabadzh/root/tree/dataframe/src/RLoopManager.cxx:713 in void ROOT::Detail::RDF::RLoopManager::Jit()>: Just-in-time compilation phase completed in 0.939809 seconds.
Info in <[ROOT.RDF] Info /hpcscratch/user/ikabadzh/root/tree/dataframe/src/RLoopManager.cxx:480 in void ROOT::Detail::RDF::RLoopManager::RunTreeReader()>: Processing trees {Events} in files {input_files/dimuon/f632.root}: entry range [0,61540412], using slot 0 in thread 140504912213760.
Info in <[ROOT.RDF] Info /hpcscratch/user/ikabadzh/root/tree/dataframe/src/RLoopManager.cxx:738 in void ROOT::Detail::RDF::RLoopManager::Run()>: Starting event loop number 0.
Info in <[ROOT.RDF] Info /hpcscratch/user/ikabadzh/root/tree/dataframe/src/RLoopManager.cxx:762 in void ROOT::Detail::RDF::RLoopManager::Run()>: Finished event loop number 0 (8.8s CPU, 8.77549s elapsed).
Info in <[ROOT.RDF] Info /hpcscratch/user/ikabadzh/root/tree/dataframe/src/RLoopManager.cxx:762 in void ROOT::Detail::RDF::RLoopManager::Run()>: Finished event loop number 0 (9.26s CPU, 9.18758s elapsed).
Info in <[ROOT.RDF] Info /hpcscratch/user/ikabadzh/root/tree/dataframe/src/RLoopManager.cxx:762 in void ROOT::Detail::RDF::RLoopManager::Run()>: Finished event loop number 0 (9.15s CPU, 8.79776s elapsed).
Info in <[ROOT.RDF] Info /hpcscratch/user/ikabadzh/root/tree/dataframe/src/RLoopManager.cxx:738 in void ROOT::Detail::RDF::RLoopManager::Run()>: Starting event loop number 0.
Info in <[ROOT.RDF] Info /hpcscratch/user/ikabadzh/root/tree/dataframe/src/RLoopManager.cxx:762 in void ROOT::Detail::RDF::RLoopManager::Run()>: Finished event loop number 0 (8.98s CPU, 8.94554s elapsed).
Info in <[ROOT.RDF] Info /hpcscratch/user/ikabadzh/root/tree/dataframe/src/RLoopManager.cxx:762 in void ROOT::Detail::RDF::RLoopManager::Run()>: Finished event loop number 0 (8.97s CPU, 8.98055s elapsed).
Info in <[ROOT.RDF] Info /hpcscratch/user/ikabadzh/root/tree/dataframe/src/RLoopManager.cxx:713 in void ROOT::Detail::RDF::RLoopManager::Jit()>: Just-in-time compilation phase completed in 0.943876 seconds.
Info in <[ROOT.RDF] Info /hpcscratch/user/ikabadzh/root/tree/dataframe/src/RLoopManager.cxx:480 in void ROOT::Detail::RDF::RLoopManager::RunTreeReader()>: Processing trees {Events} in files {input_files/dimuon/f644.root}: entry range [0,61540412], using slot 0 in thread 140643919558400.
Info in <[ROOT.RDF] Info /hpcscratch/user/ikabadzh/root/tree/dataframe/src/RLoopManager.cxx:762 in void ROOT::Detail::RDF::RLoopManager::Run()>: Finished event loop number 0 (9.16s CPU, 9.14064s elapsed).
Info in <[ROOT.RDF] Info /hpcscratch/user/ikabadzh/root/tree/dataframe/src/RLoopManager.cxx:762 in void ROOT::Detail::RDF::RLoopManager::Run()>: Finished event loop number 0 (8.84s CPU, 8.93563s elapsed).
Info in <[ROOT.RDF] Info /hpcscratch/user/ikabadzh/root/tree/dataframe/src/RLoopManager.cxx:738 in void ROOT::Detail::RDF::RLoopManager::Run()>: Starting event loop number 0.
Info in <[ROOT.RDF] Info /hpcscratch/user/ikabadzh/root/tree/dataframe/src/RLoopManager.cxx:738 in void ROOT::Detail::RDF::RLoopManager::Run()>: Starting event loop number 0.
Info in <[ROOT.RDF] Info /hpcscratch/user/ikabadzh/root/tree/dataframe/src/RLoopManager.cxx:762 in void ROOT::Detail::RDF::RLoopManager::Run()>: Finished event loop number 0 (9.07s CPU, 9.10581s elapsed).
Info in <[ROOT.RDF] Info /hpcscratch/user/ikabadzh/root/tree/dataframe/src/RLoopManager.cxx:762 in void ROOT::Detail::RDF::RLoopManager::Run()>: Finished event loop number 0 (9.53s CPU, 9.65276s elapsed).
Info in <[ROOT.RDF] Info /hpcscratch/user/ikabadzh/root/tree/dataframe/src/RLoopManager.cxx:738 in void ROOT::Detail::RDF::RLoopManager::Run()>: Starting event loop number 0.
Info in <[ROOT.RDF] Info /hpcscratch/user/ikabadzh/root/tree/dataframe/src/RLoopManager.cxx:762 in void ROOT::Detail::RDF::RLoopManager::Run()>: Finished event loop number 0 (9.17s CPU, 9.32136s elapsed).
Info in <[ROOT.RDF] Info /hpcscratch/user/ikabadzh/root/tree/dataframe/src/RLoopManager.cxx:762 in void ROOT::Detail::RDF::RLoopManager::Run()>: Finished event loop number 0 (9.16s CPU, 9.15251s elapsed).
Info in <[ROOT.RDF] Info /hpcscratch/user/ikabadzh/root/tree/dataframe/src/RLoopManager.cxx:713 in void ROOT::Detail::RDF::RLoopManager::Jit()>: Just-in-time compilation phase completed in 0.918449 seconds.
Info in <[ROOT.RDF] Info /hpcscratch/user/ikabadzh/root/tree/dataframe/src/RLoopManager.cxx:480 in void ROOT::Detail::RDF::RLoopManager::RunTreeReader()>: Processing trees {Events} in files {input_files/dimuon/f582.root}: entry range [0,61540412], using slot 0 in thread 140259343419136.
Info in <[ROOT.RDF] Info /hpcscratch/user/ikabadzh/root/tree/dataframe/src/RLoopManager.cxx:762 in void ROOT::Detail::RDF::RLoopManager::Run()>: Finished event loop number 0 (9.06s CPU, 9.13326s elapsed).
Info in <[ROOT.RDF] Info /hpcscratch/user/ikabadzh/root/tree/dataframe/src/RLoopManager.cxx:762 in void ROOT::Detail::RDF::RLoopManager::Run()>: Finished event loop number 0 (9.03s CPU, 9.11225s elapsed).
Info in <[ROOT.RDF] Info /hpcscratch/user/ikabadzh/root/tree/dataframe/src/RLoopManager.cxx:762 in void ROOT::Detail::RDF::RLoopManager::Run()>: Finished event loop number 0 (9.15s CPU, 9.2371s elapsed).
Info in <[ROOT.RDF] Info /hpcscratch/user/ikabadzh/root/tree/dataframe/src/RLoopManager.cxx:762 in void ROOT::Detail::RDF::RLoopManager::Run()>: Finished event loop number 0 (9.77s CPU, 9.73589s elapsed).
Info in <[ROOT.RDF] Info /hpcscratch/user/ikabadzh/root/tree/dataframe/src/RLoopManager.cxx:738 in void ROOT::Detail::RDF::RLoopManager::Run()>: Starting event loop number 0.
Info in <[ROOT.RDF] Info /hpcscratch/user/ikabadzh/root/tree/dataframe/src/RLoopManager.cxx:713 in void ROOT::Detail::RDF::RLoopManager::Jit()>: Just-in-time compilation phase completed in 0.914001 seconds.
Info in <[ROOT.RDF] Info /hpcscratch/user/ikabadzh/root/tree/dataframe/src/RLoopManager.cxx:480 in void ROOT::Detail::RDF::RLoopManager::RunTreeReader()>: Processing trees {Events} in files {input_files/dimuon/f629.root}: entry range [0,61540412], using slot 0 in thread 140661399627520.
Info in <[ROOT.RDF] Info /hpcscratch/user/ikabadzh/root/tree/dataframe/src/RLoopManager.cxx:762 in void ROOT::Detail::RDF::RLoopManager::Run()>: Finished event loop number 0 (9.37s CPU, 9.39833s elapsed).
Info in <[ROOT.RDF] Info /hpcscratch/user/ikabadzh/root/tree/dataframe/src/RLoopManager.cxx:762 in void ROOT::Detail::RDF::RLoopManager::Run()>: Finished event loop number 0 (9.53s CPU, 9.66407s elapsed).
Info in <[ROOT.RDF] Info /hpcscratch/user/ikabadzh/root/tree/dataframe/src/RLoopManager.cxx:713 in void ROOT::Detail::RDF::RLoopManager::Jit()>: Just-in-time compilation phase completed in 0.905732 seconds.
Info in <[ROOT.RDF] Info /hpcscratch/user/ikabadzh/root/tree/dataframe/src/RLoopManager.cxx:480 in void ROOT::Detail::RDF::RLoopManager::RunTreeReader()>: Processing trees {Events} in files {input_files/dimuon/f655.root}: entry range [0,61540412], using slot 0 in thread 140005934794496.
Info in <[ROOT.RDF] Info /hpcscratch/user/ikabadzh/root/tree/dataframe/src/RLoopManager.cxx:762 in void ROOT::Detail::RDF::RLoopManager::Run()>: Finished event loop number 0 (9.2s CPU, 9.47963s elapsed).
Info in <[ROOT.RDF] Info /hpcscratch/user/ikabadzh/root/tree/dataframe/src/RLoopManager.cxx:738 in void ROOT::Detail::RDF::RLoopManager::Run()>: Starting event loop number 0.
Info in <[ROOT.RDF] Info /hpcscratch/user/ikabadzh/root/tree/dataframe/src/RLoopManager.cxx:738 in void ROOT::Detail::RDF::RLoopManager::Run()>: Starting event loop number 0.
Info in <[ROOT.RDF] Info /hpcscratch/user/ikabadzh/root/tree/dataframe/src/RLoopManager.cxx:738 in void ROOT::Detail::RDF::RLoopManager::Run()>: Starting event loop number 0.
Info in <[ROOT.RDF] Info /hpcscratch/user/ikabadzh/root/tree/dataframe/src/RLoopManager.cxx:713 in void ROOT::Detail::RDF::RLoopManager::Jit()>: Just-in-time compilation phase completed in 0.918983 seconds.
Info in <[ROOT.RDF] Info /hpcscratch/user/ikabadzh/root/tree/dataframe/src/RLoopManager.cxx:480 in void ROOT::Detail::RDF::RLoopManager::RunTreeReader()>: Processing trees {Events,Events} in files {input_files/dimuon/f649.root,input_files/dimuon/f650.root}: entry range [0,123080825], using slot 0 in thread 139926479369984.
Info in <[ROOT.RDF] Info /hpcscratch/user/ikabadzh/root/tree/dataframe/src/RLoopManager.cxx:762 in void ROOT::Detail::RDF::RLoopManager::Run()>: Finished event loop number 0 (9.73s CPU, 10.037s elapsed).
Info in <[ROOT.RDF] Info /hpcscratch/user/ikabadzh/root/tree/dataframe/src/RLoopManager.cxx:713 in void ROOT::Detail::RDF::RLoopManager::Jit()>: Just-in-time compilation phase completed in 0.981246 seconds.
Info in <[ROOT.RDF] Info /hpcscratch/user/ikabadzh/root/tree/dataframe/src/RLoopManager.cxx:480 in void ROOT::Detail::RDF::RLoopManager::RunTreeReader()>: Processing trees {Events} in files {input_files/dimuon/f647.root}: entry range [0,61540412], using slot 0 in thread 139858611189504.
Info in <[ROOT.RDF] Info /hpcscratch/user/ikabadzh/root/tree/dataframe/src/RLoopManager.cxx:738 in void ROOT::Detail::RDF::RLoopManager::Run()>: Starting event loop number 0.
Info in <[ROOT.RDF] Info /hpcscratch/user/ikabadzh/root/tree/dataframe/src/RLoopManager.cxx:713 in void ROOT::Detail::RDF::RLoopManager::Jit()>: Just-in-time compilation phase completed in 0.945247 seconds.
Info in <[ROOT.RDF] Info /hpcscratch/user/ikabadzh/root/tree/dataframe/src/RLoopManager.cxx:480 in void ROOT::Detail::RDF::RLoopManager::RunTreeReader()>: Processing trees {Events} in files {input_files/dimuon/f736.root}: entry range [0,61540412], using slot 0 in thread 140423912699648.
Info in <[ROOT.RDF] Info /hpcscratch/user/ikabadzh/root/tree/dataframe/src/RLoopManager.cxx:738 in void ROOT::Detail::RDF::RLoopManager::Run()>: Starting event loop number 0.
Info in <[ROOT.RDF] Info /hpcscratch/user/ikabadzh/root/tree/dataframe/src/RLoopManager.cxx:738 in void ROOT::Detail::RDF::RLoopManager::Run()>: Starting event loop number 0.
Info in <[ROOT.RDF] Info /hpcscratch/user/ikabadzh/root/tree/dataframe/src/RLoopManager.cxx:738 in void ROOT::Detail::RDF::RLoopManager::Run()>: Starting event loop number 0.
Info in <[ROOT.RDF] Info /hpcscratch/user/ikabadzh/root/tree/dataframe/src/RLoopManager.cxx:713 in void ROOT::Detail::RDF::RLoopManager::Jit()>: Just-in-time compilation phase completed in 0.909883 seconds.
Info in <[ROOT.RDF] Info /hpcscratch/user/ikabadzh/root/tree/dataframe/src/RLoopManager.cxx:480 in void ROOT::Detail::RDF::RLoopManager::RunTreeReader()>: Processing trees {Events} in files {input_files/dimuon/f635.root}: entry range [0,61540412], using slot 0 in thread 140581084051200.
Info in <[ROOT.RDF] Info /hpcscratch/user/ikabadzh/root/tree/dataframe/src/RLoopManager.cxx:713 in void ROOT::Detail::RDF::RLoopManager::Jit()>: Just-in-time compilation phase completed in 0.904634 seconds.
Info in <[ROOT.RDF] Info /hpcscratch/user/ikabadzh/root/tree/dataframe/src/RLoopManager.cxx:480 in void ROOT::Detail::RDF::RLoopManager::RunTreeReader()>: Processing trees {Events,Events} in files {input_files/dimuon/f652.root,input_files/dimuon/f653.root}: entry range [0,123080825], using slot 0 in thread 139999931438848.
Info in <[ROOT.RDF] Info /hpcscratch/user/ikabadzh/root/tree/dataframe/src/RLoopManager.cxx:713 in void ROOT::Detail::RDF::RLoopManager::Jit()>: Just-in-time compilation phase completed in 0.908822 seconds.
Info in <[ROOT.RDF] Info /hpcscratch/user/ikabadzh/root/tree/dataframe/src/RLoopManager.cxx:480 in void ROOT::Detail::RDF::RLoopManager::RunTreeReader()>: Processing trees {Events} in files {input_files/dimuon/f655.root}: entry range [0,61540412], using slot 0 in thread 139728118621952.
Info in <[ROOT.RDF] Info /hpcscratch/user/ikabadzh/root/tree/dataframe/src/RLoopManager.cxx:713 in void ROOT::Detail::RDF::RLoopManager::Jit()>: Just-in-time compilation phase completed in 0.910417 seconds.
Info in <[ROOT.RDF] Info /hpcscratch/user/ikabadzh/root/tree/dataframe/src/RLoopManager.cxx:480 in void ROOT::Detail::RDF::RLoopManager::RunTreeReader()>: Processing trees {Events} in files {input_files/dimuon/f337.root}: entry range [0,61540412], using slot 0 in thread 139857989297920.
Info in <[ROOT.RDF] Info /hpcscratch/user/ikabadzh/root/tree/dataframe/src/RLoopManager.cxx:713 in void ROOT::Detail::RDF::RLoopManager::Jit()>: Just-in-time compilation phase completed in 0.905652 seconds.
Info in <[ROOT.RDF] Info /hpcscratch/user/ikabadzh/root/tree/dataframe/src/RLoopManager.cxx:480 in void ROOT::Detail::RDF::RLoopManager::RunTreeReader()>: Processing trees {Events} in files {input_files/dimuon/f771.root}: entry range [0,61540412], using slot 0 in thread 139946611394304.
Info in <[ROOT.RDF] Info /hpcscratch/user/ikabadzh/root/tree/dataframe/src/RLoopManager.cxx:713 in void ROOT::Detail::RDF::RLoopManager::Jit()>: Just-in-time compilation phase completed in 0.921702 seconds.
Info in <[ROOT.RDF] Info /hpcscratch/user/ikabadzh/root/tree/dataframe/src/RLoopManager.cxx:480 in void ROOT::Detail::RDF::RLoopManager::RunTreeReader()>: Processing trees {Events,Events} in files {input_files/dimuon/f655.root,input_files/dimuon/f656.root}: entry range [0,123080825], using slot 0 in thread 140053957531392.
Info in <[ROOT.RDF] Info /hpcscratch/user/ikabadzh/root/tree/dataframe/src/RLoopManager.cxx:713 in void ROOT::Detail::RDF::RLoopManager::Jit()>: Just-in-time compilation phase completed in 0.923449 seconds.
Info in <[ROOT.RDF] Info /hpcscratch/user/ikabadzh/root/tree/dataframe/src/RLoopManager.cxx:480 in void ROOT::Detail::RDF::RLoopManager::RunTreeReader()>: Processing trees {Events} in files {input_files/dimuon/f692.root}: entry range [0,61540412], using slot 0 in thread 139734387726080.
Info in <[ROOT.RDF] Info /hpcscratch/user/ikabadzh/root/tree/dataframe/src/RLoopManager.cxx:713 in void ROOT::Detail::RDF::RLoopManager::Jit()>: Just-in-time compilation phase completed in 0.931231 seconds.
Info in <[ROOT.RDF] Info /hpcscratch/user/ikabadzh/root/tree/dataframe/src/RLoopManager.cxx:480 in void ROOT::Detail::RDF::RLoopManager::RunTreeReader()>: Processing trees {Events,Events} in files {input_files/dimuon/f508.root,input_files/dimuon/f509.root}: entry range [0,123080825], using slot 0 in thread 140161291458304.
Info in <[ROOT.RDF] Info /hpcscratch/user/ikabadzh/root/tree/dataframe/src/RLoopManager.cxx:738 in void ROOT::Detail::RDF::RLoopManager::Run()>: Starting event loop number 0.
Info in <[ROOT.RDF] Info /hpcscratch/user/ikabadzh/root/tree/dataframe/src/RLoopManager.cxx:713 in void ROOT::Detail::RDF::RLoopManager::Jit()>: Just-in-time compilation phase completed in 0.919666 seconds.
Info in <[ROOT.RDF] Info /hpcscratch/user/ikabadzh/root/tree/dataframe/src/RLoopManager.cxx:480 in void ROOT::Detail::RDF::RLoopManager::RunTreeReader()>: Processing trees {Events} in files {input_files/dimuon/f578.root}: entry range [0,61540412], using slot 0 in thread 140004832052992.
Info in <[ROOT.RDF] Info /hpcscratch/user/ikabadzh/root/tree/dataframe/src/RLoopManager.cxx:762 in void ROOT::Detail::RDF::RLoopManager::Run()>: Finished event loop number 0 (8.91s CPU, 8.81737s elapsed).
Info in <[ROOT.RDF] Info /hpcscratch/user/ikabadzh/root/tree/dataframe/src/RLoopManager.cxx:762 in void ROOT::Detail::RDF::RLoopManager::Run()>: Finished event loop number 0 (9.41s CPU, 9.30488s elapsed).
Info in <[ROOT.RDF] Info /hpcscratch/user/ikabadzh/root/tree/dataframe/src/RLoopManager.cxx:738 in void ROOT::Detail::RDF::RLoopManager::Run()>: Starting event loop number 0.
Info in <[ROOT.RDF] Info /hpcscratch/user/ikabadzh/root/tree/dataframe/src/RLoopManager.cxx:738 in void ROOT::Detail::RDF::RLoopManager::Run()>: Starting event loop number 0.
Info in <[ROOT.RDF] Info /hpcscratch/user/ikabadzh/root/tree/dataframe/src/RLoopManager.cxx:762 in void ROOT::Detail::RDF::RLoopManager::Run()>: Finished event loop number 0 (9.03s CPU, 8.96738s elapsed).
Info in <[ROOT.RDF] Info /hpcscratch/user/ikabadzh/root/tree/dataframe/src/RLoopManager.cxx:738 in void ROOT::Detail::RDF::RLoopManager::Run()>: Starting event loop number 0.
Info in <[ROOT.RDF] Info /hpcscratch/user/ikabadzh/root/tree/dataframe/src/RLoopManager.cxx:738 in void ROOT::Detail::RDF::RLoopManager::Run()>: Starting event loop number 0.
Info in <[ROOT.RDF] Info /hpcscratch/user/ikabadzh/root/tree/dataframe/src/RLoopManager.cxx:762 in void ROOT::Detail::RDF::RLoopManager::Run()>: Finished event loop number 0 (9.24s CPU, 9.12097s elapsed).
Info in <[ROOT.RDF] Info /hpcscratch/user/ikabadzh/root/tree/dataframe/src/RLoopManager.cxx:762 in void ROOT::Detail::RDF::RLoopManager::Run()>: Finished event loop number 0 (8.83s CPU, 8.72657s elapsed).
Info in <[ROOT.RDF] Info /hpcscratch/user/ikabadzh/root/tree/dataframe/src/RLoopManager.cxx:713 in void ROOT::Detail::RDF::RLoopManager::Jit()>: Just-in-time compilation phase completed in 0.910178 seconds.
Info in <[ROOT.RDF] Info /hpcscratch/user/ikabadzh/root/tree/dataframe/src/RLoopManager.cxx:480 in void ROOT::Detail::RDF::RLoopManager::RunTreeReader()>: Processing trees {Events,Events} in files {input_files/dimuon/f790.root,input_files/dimuon/f791.root}: entry range [0,123080825], using slot 0 in thread 139654864619264.
Info in <[ROOT.RDF] Info /hpcscratch/user/ikabadzh/root/tree/dataframe/src/RLoopManager.cxx:713 in void ROOT::Detail::RDF::RLoopManager::Jit()>: Just-in-time compilation phase completed in 0.927890 seconds.
Info in <[ROOT.RDF] Info /hpcscratch/user/ikabadzh/root/tree/dataframe/src/RLoopManager.cxx:480 in void ROOT::Detail::RDF::RLoopManager::RunTreeReader()>: Processing trees {Events} in files {input_files/dimuon/f785.root}: entry range [0,61540412], using slot 0 in thread 140106239899392.
distributed.worker - INFO - Stopping worker at tcp://10.32.2.25:39257
distributed.worker - INFO - Stopping worker at tcp://10.32.2.25:37845
distributed.nanny - INFO - Worker closed
distributed.worker - INFO - Stopping worker at tcp://10.32.2.25:39053
distributed.nanny - INFO - Worker closed
Info in <[ROOT.RDF] Info /hpcscratch/user/ikabadzh/root/tree/dataframe/src/RLoopManager.cxx:762 in void ROOT::Detail::RDF::RLoopManager::Run()>: Finished event loop number 0 (9.14s CPU, 9.02467s elapsed).
Info in <[ROOT.RDF] Info /hpcscratch/user/ikabadzh/root/tree/dataframe/src/RLoopManager.cxx:762 in void ROOT::Detail::RDF::RLoopManager::Run()>: Finished event loop number 0 (9.12s CPU, 9.01473s elapsed).
distributed.nanny - INFO - Closing Nanny at 'tcp://10.32.2.25:39347'
Info in <[ROOT.RDF] Info /hpcscratch/user/ikabadzh/root/tree/dataframe/src/RLoopManager.cxx:713 in void ROOT::Detail::RDF::RLoopManager::Jit()>: Just-in-time compilation phase completed in 0.907129 seconds.
Info in <[ROOT.RDF] Info /hpcscratch/user/ikabadzh/root/tree/dataframe/src/RLoopManager.cxx:480 in void ROOT::Detail::RDF::RLoopManager::RunTreeReader()>: Processing trees {Events,Events} in files {input_files/dimuon/f756.root,input_files/dimuon/f757.root}: entry range [0,123080825], using slot 0 in thread 139706429310720.
distributed.nanny - INFO - Closing Nanny at 'tcp://10.32.2.25:42441'
Info in <[ROOT.RDF] Info /hpcscratch/user/ikabadzh/root/tree/dataframe/src/RLoopManager.cxx:713 in void ROOT::Detail::RDF::RLoopManager::Jit()>: Just-in-time compilation phase completed in 0.950322 seconds.
Info in <[ROOT.RDF] Info /hpcscratch/user/ikabadzh/root/tree/dataframe/src/RLoopManager.cxx:480 in void ROOT::Detail::RDF::RLoopManager::RunTreeReader()>: Processing trees {Events} in files {input_files/dimuon/f785.root}: entry range [0,61540412], using slot 0 in thread 140396228585216.
Info in <[ROOT.RDF] Info /hpcscratch/user/ikabadzh/root/tree/dataframe/src/RLoopManager.cxx:762 in void ROOT::Detail::RDF::RLoopManager::Run()>: Finished event loop number 0 (9.05s CPU, 8.9631s elapsed).
Info in <[ROOT.RDF] Info /hpcscratch/user/ikabadzh/root/tree/dataframe/src/RLoopManager.cxx:762 in void ROOT::Detail::RDF::RLoopManager::Run()>: Finished event loop number 0 (8.69s CPU, 8.5747s elapsed).
Info in <[ROOT.RDF] Info /hpcscratch/user/ikabadzh/root/tree/dataframe/src/RLoopManager.cxx:762 in void ROOT::Detail::RDF::RLoopManager::Run()>: Finished event loop number 0 (9.57s CPU, 9.46791s elapsed).
Info in <[ROOT.RDF] Info /hpcscratch/user/ikabadzh/root/tree/dataframe/src/RLoopManager.cxx:762 in void ROOT::Detail::RDF::RLoopManager::Run()>: Finished event loop number 0 (9.06s CPU, 8.71137s elapsed).
Info in <[ROOT.RDF] Info /hpcscratch/user/ikabadzh/root/tree/dataframe/src/RLoopManager.cxx:762 in void ROOT::Detail::RDF::RLoopManager::Run()>: Finished event loop number 0 (9.62s CPU, 9.51994s elapsed).
Info in <[ROOT.RDF] Info /hpcscratch/user/ikabadzh/root/tree/dataframe/src/RLoopManager.cxx:762 in void ROOT::Detail::RDF::RLoopManager::Run()>: Finished event loop number 0 (9.3s CPU, 9.16442s elapsed).
Info in <[ROOT.RDF] Info /hpcscratch/user/ikabadzh/root/tree/dataframe/src/RLoopManager.cxx:762 in void ROOT::Detail::RDF::RLoopManager::Run()>: Finished event loop number 0 (9.26s CPU, 9.13798s elapsed).
Info in <[ROOT.RDF] Info /hpcscratch/user/ikabadzh/root/tree/dataframe/src/RLoopManager.cxx:762 in void ROOT::Detail::RDF::RLoopManager::Run()>: Finished event loop number 0 (8.95s CPU, 8.81926s elapsed).
Info in <[ROOT.RDF] Info /hpcscratch/user/ikabadzh/root/tree/dataframe/src/RLoopManager.cxx:762 in void ROOT::Detail::RDF::RLoopManager::Run()>: Finished event loop number 0 (8.8s CPU, 8.67952s elapsed).
Info in <[ROOT.RDF] Info /hpcscratch/user/ikabadzh/root/tree/dataframe/src/RLoopManager.cxx:762 in void ROOT::Detail::RDF::RLoopManager::Run()>: Finished event loop number 0 (9.06s CPU, 8.96835s elapsed).
Info in <[ROOT.RDF] Info /hpcscratch/user/ikabadzh/root/tree/dataframe/src/RLoopManager.cxx:762 in void ROOT::Detail::RDF::RLoopManager::Run()>: Finished event loop number 0 (9.11s CPU, 9.01368s elapsed).
distributed.worker - INFO - Comm closed
distributed.nanny - INFO - Worker closed
Info in <[ROOT.RDF] Info /hpcscratch/user/ikabadzh/root/tree/dataframe/src/RLoopManager.cxx:762 in void ROOT::Detail::RDF::RLoopManager::Run()>: Finished event loop number 0 (8.99s CPU, 8.83036s elapsed).
Info in <[ROOT.RDF] Info /hpcscratch/user/ikabadzh/root/tree/dataframe/src/RLoopManager.cxx:762 in void ROOT::Detail::RDF::RLoopManager::Run()>: Finished event loop number 0 (8.97s CPU, 8.85221s elapsed).
Info in <[ROOT.RDF] Info /hpcscratch/user/ikabadzh/root/tree/dataframe/src/RLoopManager.cxx:762 in void ROOT::Detail::RDF::RLoopManager::Run()>: Finished event loop number 0 (9.13s CPU, 9.04039s elapsed).
distributed.nanny - INFO - Closing Nanny at 'tcp://10.32.2.25:33035'
Info in <[ROOT.RDF] Info /hpcscratch/user/ikabadzh/root/tree/dataframe/src/RLoopManager.cxx:762 in void ROOT::Detail::RDF::RLoopManager::Run()>: Finished event loop number 0 (9.38s CPU, 9.21966s elapsed).
Info in <[ROOT.RDF] Info /hpcscratch/user/ikabadzh/root/tree/dataframe/src/RLoopManager.cxx:762 in void ROOT::Detail::RDF::RLoopManager::Run()>: Finished event loop number 0 (9.57s CPU, 9.46543s elapsed).
slurmstepd: error: *** JOB 99416 ON hpc-photon030 CANCELLED AT 2021-11-01T09:16:45 ***
