Auks API request failed : krb5 cred : unable to read credential cache
distributed.nanny - INFO - Closing Nanny at 'tcp://10.32.2.47:43415'
distributed.nanny - INFO - Closing Nanny at 'tcp://10.32.2.47:33899'
distributed.nanny - INFO - Closing Nanny at 'tcp://10.32.2.47:45203'
distributed.nanny - INFO - Closing Nanny at 'tcp://10.32.2.47:38117'
distributed.nanny - INFO - Closing Nanny at 'tcp://10.32.2.47:40185'
distributed.nanny - INFO - Closing Nanny at 'tcp://10.32.2.47:39635'
distributed.nanny - INFO - Closing Nanny at 'tcp://10.32.2.47:40815'
distributed.nanny - INFO - Closing Nanny at 'tcp://10.32.2.47:40075'
distributed.nanny - INFO - Closing Nanny at 'tcp://10.32.2.47:33439'
distributed.nanny - INFO - Closing Nanny at 'tcp://10.32.2.47:42437'
distributed.nanny - INFO - Closing Nanny at 'tcp://10.32.2.47:43923'
distributed.nanny - INFO - Closing Nanny at 'tcp://10.32.2.47:38589'
distributed.nanny - INFO - Closing Nanny at 'tcp://10.32.2.47:44583'
distributed.nanny - INFO - Closing Nanny at 'tcp://10.32.2.47:45471'
distributed.nanny - INFO - Closing Nanny at 'tcp://10.32.2.47:43637'
distributed.nanny - INFO - Closing Nanny at 'tcp://10.32.2.47:44257'
distributed.nanny - INFO - Closing Nanny at 'tcp://10.32.2.47:36299'
distributed.nanny - INFO - Closing Nanny at 'tcp://10.32.2.47:44985'
distributed.nanny - INFO - Closing Nanny at 'tcp://10.32.2.47:33283'
distributed.nanny - INFO - Closing Nanny at 'tcp://10.32.2.47:45747'
distributed.nanny - INFO - Closing Nanny at 'tcp://10.32.2.47:36465'
distributed.nanny - INFO - Closing Nanny at 'tcp://10.32.2.47:33535'
distributed.nanny - INFO - Closing Nanny at 'tcp://10.32.2.47:41767'
distributed.nanny - INFO - Closing Nanny at 'tcp://10.32.2.47:37139'
distributed.nanny - INFO - Closing Nanny at 'tcp://10.32.2.47:33607'
distributed.nanny - INFO - Closing Nanny at 'tcp://10.32.2.47:42319'
distributed.nanny - INFO - Closing Nanny at 'tcp://10.32.2.47:39629'
distributed.nanny - INFO - Closing Nanny at 'tcp://10.32.2.47:34229'
distributed.nanny - INFO - Closing Nanny at 'tcp://10.32.2.47:45985'
distributed.nanny - INFO - Closing Nanny at 'tcp://10.32.2.47:38119'
distributed.nanny - INFO - Closing Nanny at 'tcp://10.32.2.47:45773'
distributed.nanny - INFO - Closing Nanny at 'tcp://10.32.2.47:41063'
distributed.dask_worker - INFO - End worker
Traceback (most recent call last):
  File "/hpcscratch/user/ikabadzh/mambaforge/envs/myenv/lib/python3.9/site-packages/distributed/comm/tcp.py", line 198, in read
    frames_nbytes = await stream.read_bytes(fmt_size)
asyncio.exceptions.CancelledError

During handling of the above exception, another exception occurred:

Traceback (most recent call last):
  File "/hpcscratch/user/ikabadzh/mambaforge/envs/myenv/lib/python3.9/asyncio/tasks.py", line 492, in wait_for
    fut.result()
asyncio.exceptions.CancelledError

The above exception was the direct cause of the following exception:

Traceback (most recent call last):
  File "/hpcscratch/user/ikabadzh/mambaforge/envs/myenv/lib/python3.9/site-packages/distributed/comm/core.py", line 318, in connect
    handshake = await asyncio.wait_for(comm.read(), time_left())
  File "/hpcscratch/user/ikabadzh/mambaforge/envs/myenv/lib/python3.9/asyncio/tasks.py", line 494, in wait_for
    raise exceptions.TimeoutError() from exc
asyncio.exceptions.TimeoutError

The above exception was the direct cause of the following exception:

Traceback (most recent call last):
  File "/hpcscratch/user/ikabadzh/mambaforge/envs/myenv/lib/python3.9/site-packages/distributed/core.py", line 273, in _
    await asyncio.wait_for(self.start(), timeout=timeout)
  File "/hpcscratch/user/ikabadzh/mambaforge/envs/myenv/lib/python3.9/asyncio/tasks.py", line 481, in wait_for
    return fut.result()
  File "/hpcscratch/user/ikabadzh/mambaforge/envs/myenv/lib/python3.9/site-packages/distributed/nanny.py", line 330, in start
    msg = await self.scheduler.register_nanny()
  File "/hpcscratch/user/ikabadzh/mambaforge/envs/myenv/lib/python3.9/site-packages/distributed/core.py", line 871, in send_recv_from_rpc
    comm = await self.pool.connect(self.addr)
  File "/hpcscratch/user/ikabadzh/mambaforge/envs/myenv/lib/python3.9/site-packages/distributed/core.py", line 1059, in connect
    raise exc
  File "/hpcscratch/user/ikabadzh/mambaforge/envs/myenv/lib/python3.9/site-packages/distributed/core.py", line 1043, in connect
    comm = await fut
  File "/hpcscratch/user/ikabadzh/mambaforge/envs/myenv/lib/python3.9/site-packages/distributed/comm/core.py", line 323, in connect
    raise OSError(
OSError: Timed out during handshake while connecting to tcp://188.185.68.194:40506 after 30 s

During handling of the above exception, another exception occurred:

Traceback (most recent call last):
  File "/hpcscratch/user/ikabadzh/mambaforge/envs/myenv/lib/python3.9/runpy.py", line 197, in _run_module_as_main
    return _run_code(code, main_globals, None,
  File "/hpcscratch/user/ikabadzh/mambaforge/envs/myenv/lib/python3.9/runpy.py", line 87, in _run_code
    exec(code, run_globals)
  File "/hpcscratch/user/ikabadzh/mambaforge/envs/myenv/lib/python3.9/site-packages/distributed/cli/dask_worker.py", line 469, in <module>
    go()
  File "/hpcscratch/user/ikabadzh/mambaforge/envs/myenv/lib/python3.9/site-packages/distributed/cli/dask_worker.py", line 465, in go
    main()
  File "/hpcscratch/user/ikabadzh/mambaforge/envs/myenv/lib/python3.9/site-packages/click/core.py", line 1128, in __call__
    return self.main(*args, **kwargs)
  File "/hpcscratch/user/ikabadzh/mambaforge/envs/myenv/lib/python3.9/site-packages/click/core.py", line 1053, in main
    rv = self.invoke(ctx)
  File "/hpcscratch/user/ikabadzh/mambaforge/envs/myenv/lib/python3.9/site-packages/click/core.py", line 1395, in invoke
    return ctx.invoke(self.callback, **ctx.params)
  File "/hpcscratch/user/ikabadzh/mambaforge/envs/myenv/lib/python3.9/site-packages/click/core.py", line 754, in invoke
    return __callback(*args, **kwargs)
  File "/hpcscratch/user/ikabadzh/mambaforge/envs/myenv/lib/python3.9/site-packages/distributed/cli/dask_worker.py", line 451, in main
    loop.run_sync(run)
  File "/hpcscratch/user/ikabadzh/mambaforge/envs/myenv/lib/python3.9/site-packages/tornado/ioloop.py", line 530, in run_sync
    return future_cell[0].result()
  File "/hpcscratch/user/ikabadzh/mambaforge/envs/myenv/lib/python3.9/site-packages/distributed/cli/dask_worker.py", line 445, in run
    await asyncio.gather(*nannies)
  File "/hpcscratch/user/ikabadzh/mambaforge/envs/myenv/lib/python3.9/asyncio/tasks.py", line 691, in _wrap_awaitable
    return (yield from awaitable.__await__())
  File "/hpcscratch/user/ikabadzh/mambaforge/envs/myenv/lib/python3.9/site-packages/distributed/core.py", line 277, in _
    raise TimeoutError(
asyncio.exceptions.TimeoutError: Nanny failed to start in 60 seconds
