Auks API request failed : krb5 cred : unable to read credential cache
distributed.nanny - INFO -         Start Nanny at: 'tcp://10.32.2.30:37253'
distributed.nanny - INFO -         Start Nanny at: 'tcp://10.32.2.30:35073'
distributed.diskutils - INFO - Found stale lock file and directory '/tmp/ikabadzh/dask-worker-space/worker-ibw8ril6', purging
distributed.worker - INFO -       Start worker at:     tcp://10.32.2.30:36809
distributed.worker - INFO -          Listening to:     tcp://10.32.2.30:36809
distributed.worker - INFO -          dashboard at:           10.32.2.30:33813
distributed.worker - INFO - Waiting to connect to: tcp://188.185.68.194:41930
distributed.worker - INFO - -------------------------------------------------
distributed.worker - INFO -               Threads:                          1
distributed.worker - INFO -                Memory:                  14.90 GiB
distributed.worker - INFO -       Local Directory: /tmp/ikabadzh/dask-worker-space/worker-8pej7gpk
distributed.worker - INFO - -------------------------------------------------
distributed.worker - INFO -         Registered to: tcp://188.185.68.194:41930
distributed.worker - INFO - -------------------------------------------------
distributed.core - INFO - Starting established connection
distributed.worker - INFO -       Start worker at:     tcp://10.32.2.30:41619
distributed.worker - INFO -          Listening to:     tcp://10.32.2.30:41619
distributed.worker - INFO -          dashboard at:           10.32.2.30:39219
distributed.worker - INFO - Waiting to connect to: tcp://188.185.68.194:41930
distributed.worker - INFO - -------------------------------------------------
distributed.worker - INFO -               Threads:                          1
distributed.worker - INFO -                Memory:                  14.90 GiB
distributed.worker - INFO -       Local Directory: /tmp/ikabadzh/dask-worker-space/worker-nvidvtkw
distributed.worker - INFO - -------------------------------------------------
distributed.worker - INFO -         Registered to: tcp://188.185.68.194:41930
distributed.worker - INFO - -------------------------------------------------
distributed.core - INFO - Starting established connection
distributed.nanny - INFO -         Start Nanny at: 'tcp://10.32.2.30:36155'
distributed.nanny - INFO -         Start Nanny at: 'tcp://10.32.2.30:40165'
distributed.nanny - INFO -         Start Nanny at: 'tcp://10.32.2.30:45865'
distributed.nanny - INFO -         Start Nanny at: 'tcp://10.32.2.30:44919'
distributed.nanny - INFO -         Start Nanny at: 'tcp://10.32.2.30:34393'
distributed.nanny - INFO -         Start Nanny at: 'tcp://10.32.2.30:35833'
distributed.nanny - INFO -         Start Nanny at: 'tcp://10.32.2.30:44209'
distributed.nanny - INFO -         Start Nanny at: 'tcp://10.32.2.30:43665'
distributed.nanny - INFO -         Start Nanny at: 'tcp://10.32.2.30:34325'
distributed.nanny - INFO -         Start Nanny at: 'tcp://10.32.2.30:34673'
distributed.nanny - INFO -         Start Nanny at: 'tcp://10.32.2.30:35053'
distributed.nanny - INFO -         Start Nanny at: 'tcp://10.32.2.30:40615'
distributed.nanny - INFO -         Start Nanny at: 'tcp://10.32.2.30:32877'
distributed.nanny - INFO -         Start Nanny at: 'tcp://10.32.2.30:46491'
distributed.nanny - INFO -         Start Nanny at: 'tcp://10.32.2.30:45529'
distributed.nanny - INFO -         Start Nanny at: 'tcp://10.32.2.30:43827'
distributed.nanny - INFO -         Start Nanny at: 'tcp://10.32.2.30:41979'
distributed.nanny - INFO -         Start Nanny at: 'tcp://10.32.2.30:37027'
distributed.nanny - INFO -         Start Nanny at: 'tcp://10.32.2.30:40073'
distributed.nanny - INFO -         Start Nanny at: 'tcp://10.32.2.30:33929'
distributed.nanny - INFO -         Start Nanny at: 'tcp://10.32.2.30:32833'
distributed.nanny - INFO -         Start Nanny at: 'tcp://10.32.2.30:38649'
distributed.nanny - INFO -         Start Nanny at: 'tcp://10.32.2.30:38729'
distributed.nanny - INFO -         Start Nanny at: 'tcp://10.32.2.30:44849'
distributed.nanny - INFO -         Start Nanny at: 'tcp://10.32.2.30:40295'
distributed.nanny - INFO -         Start Nanny at: 'tcp://10.32.2.30:34993'
distributed.nanny - INFO -         Start Nanny at: 'tcp://10.32.2.30:42677'
distributed.nanny - INFO -         Start Nanny at: 'tcp://10.32.2.30:36307'
distributed.nanny - INFO - Closing Nanny at 'tcp://10.32.2.30:33133'
distributed.nanny - INFO - Closing Nanny at 'tcp://10.32.2.30:41743'
distributed.dask_worker - INFO - End worker
Traceback (most recent call last):
  File "/hpcscratch/user/ikabadzh/mambaforge/envs/myenv/lib/python3.9/site-packages/distributed/comm/tcp.py", line 198, in read
    frames_nbytes = await stream.read_bytes(fmt_size)
asyncio.exceptions.CancelledError

During handling of the above exception, another exception occurred:

Traceback (most recent call last):
  File "/hpcscratch/user/ikabadzh/mambaforge/envs/myenv/lib/python3.9/asyncio/tasks.py", line 492, in wait_for
    fut.result()
asyncio.exceptions.CancelledError

The above exception was the direct cause of the following exception:

Traceback (most recent call last):
  File "/hpcscratch/user/ikabadzh/mambaforge/envs/myenv/lib/python3.9/site-packages/distributed/comm/core.py", line 318, in connect
    handshake = await asyncio.wait_for(comm.read(), time_left())
  File "/hpcscratch/user/ikabadzh/mambaforge/envs/myenv/lib/python3.9/asyncio/tasks.py", line 494, in wait_for
    raise exceptions.TimeoutError() from exc
asyncio.exceptions.TimeoutError

The above exception was the direct cause of the following exception:

Traceback (most recent call last):
  File "/hpcscratch/user/ikabadzh/mambaforge/envs/myenv/lib/python3.9/site-packages/distributed/core.py", line 273, in _
    await asyncio.wait_for(self.start(), timeout=timeout)
  File "/hpcscratch/user/ikabadzh/mambaforge/envs/myenv/lib/python3.9/asyncio/tasks.py", line 481, in wait_for
    return fut.result()
  File "/hpcscratch/user/ikabadzh/mambaforge/envs/myenv/lib/python3.9/site-packages/distributed/nanny.py", line 330, in start
    msg = await self.scheduler.register_nanny()
  File "/hpcscratch/user/ikabadzh/mambaforge/envs/myenv/lib/python3.9/site-packages/distributed/core.py", line 871, in send_recv_from_rpc
    comm = await self.pool.connect(self.addr)
  File "/hpcscratch/user/ikabadzh/mambaforge/envs/myenv/lib/python3.9/site-packages/distributed/core.py", line 1059, in connect
    raise exc
  File "/hpcscratch/user/ikabadzh/mambaforge/envs/myenv/lib/python3.9/site-packages/distributed/core.py", line 1043, in connect
    comm = await fut
  File "/hpcscratch/user/ikabadzh/mambaforge/envs/myenv/lib/python3.9/site-packages/distributed/comm/core.py", line 323, in connect
    raise OSError(
OSError: Timed out during handshake while connecting to tcp://188.185.68.194:41930 after 30 s

During handling of the above exception, another exception occurred:

Traceback (most recent call last):
  File "/hpcscratch/user/ikabadzh/mambaforge/envs/myenv/lib/python3.9/runpy.py", line 197, in _run_module_as_main
    return _run_code(code, main_globals, None,
  File "/hpcscratch/user/ikabadzh/mambaforge/envs/myenv/lib/python3.9/runpy.py", line 87, in _run_code
    exec(code, run_globals)
  File "/hpcscratch/user/ikabadzh/mambaforge/envs/myenv/lib/python3.9/site-packages/distributed/cli/dask_worker.py", line 469, in <module>
    go()
  File "/hpcscratch/user/ikabadzh/mambaforge/envs/myenv/lib/python3.9/site-packages/distributed/cli/dask_worker.py", line 465, in go
    main()
  File "/hpcscratch/user/ikabadzh/mambaforge/envs/myenv/lib/python3.9/site-packages/click/core.py", line 1128, in __call__
    return self.main(*args, **kwargs)
  File "/hpcscratch/user/ikabadzh/mambaforge/envs/myenv/lib/python3.9/site-packages/click/core.py", line 1053, in main
    rv = self.invoke(ctx)
  File "/hpcscratch/user/ikabadzh/mambaforge/envs/myenv/lib/python3.9/site-packages/click/core.py", line 1395, in invoke
    return ctx.invoke(self.callback, **ctx.params)
  File "/hpcscratch/user/ikabadzh/mambaforge/envs/myenv/lib/python3.9/site-packages/click/core.py", line 754, in invoke
    return __callback(*args, **kwargs)
  File "/hpcscratch/user/ikabadzh/mambaforge/envs/myenv/lib/python3.9/site-packages/distributed/cli/dask_worker.py", line 451, in main
    loop.run_sync(run)
  File "/hpcscratch/user/ikabadzh/mambaforge/envs/myenv/lib/python3.9/site-packages/tornado/ioloop.py", line 530, in run_sync
    return future_cell[0].result()
  File "/hpcscratch/user/ikabadzh/mambaforge/envs/myenv/lib/python3.9/site-packages/distributed/cli/dask_worker.py", line 445, in run
    await asyncio.gather(*nannies)
  File "/hpcscratch/user/ikabadzh/mambaforge/envs/myenv/lib/python3.9/asyncio/tasks.py", line 691, in _wrap_awaitable
    return (yield from awaitable.__await__())
  File "/hpcscratch/user/ikabadzh/mambaforge/envs/myenv/lib/python3.9/site-packages/distributed/core.py", line 277, in _
    raise TimeoutError(
asyncio.exceptions.TimeoutError: Nanny failed to start in 60 seconds
distributed.process - INFO - reaping stray process <SpawnProcess name='Dask Worker process (from Nanny)' pid=11572 parent=11371 started daemon>
distributed.process - INFO - reaping stray process <SpawnProcess name='Dask Worker process (from Nanny)' pid=11570 parent=11371 started daemon>
distributed.process - INFO - reaping stray process <SpawnProcess name='Dask Worker process (from Nanny)' pid=11566 parent=11371 started daemon>
distributed.process - INFO - reaping stray process <SpawnProcess name='Dask Worker process (from Nanny)' pid=11563 parent=11371 started daemon>
distributed.process - INFO - reaping stray process <SpawnProcess name='Dask Worker process (from Nanny)' pid=11560 parent=11371 started daemon>
distributed.process - INFO - reaping stray process <SpawnProcess name='Dask Worker process (from Nanny)' pid=11558 parent=11371 started daemon>
distributed.process - INFO - reaping stray process <SpawnProcess name='Dask Worker process (from Nanny)' pid=11554 parent=11371 started daemon>
distributed.process - INFO - reaping stray process <SpawnProcess name='Dask Worker process (from Nanny)' pid=11551 parent=11371 started daemon>
distributed.process - INFO - reaping stray process <SpawnProcess name='Dask Worker process (from Nanny)' pid=11548 parent=11371 started daemon>
distributed.process - INFO - reaping stray process <SpawnProcess name='Dask Worker process (from Nanny)' pid=11545 parent=11371 started daemon>
distributed.process - INFO - reaping stray process <SpawnProcess name='Dask Worker process (from Nanny)' pid=11543 parent=11371 started daemon>
distributed.process - INFO - reaping stray process <SpawnProcess name='Dask Worker process (from Nanny)' pid=11539 parent=11371 started daemon>
distributed.process - INFO - reaping stray process <SpawnProcess name='Dask Worker process (from Nanny)' pid=11536 parent=11371 started daemon>
distributed.process - INFO - reaping stray process <SpawnProcess name='Dask Worker process (from Nanny)' pid=11533 parent=11371 started daemon>
distributed.process - INFO - reaping stray process <SpawnProcess name='Dask Worker process (from Nanny)' pid=11530 parent=11371 started daemon>
distributed.process - INFO - reaping stray process <SpawnProcess name='Dask Worker process (from Nanny)' pid=11528 parent=11371 started daemon>
distributed.process - INFO - reaping stray process <SpawnProcess name='Dask Worker process (from Nanny)' pid=11524 parent=11371 started daemon>
distributed.process - INFO - reaping stray process <SpawnProcess name='Dask Worker process (from Nanny)' pid=11522 parent=11371 started daemon>
distributed.process - INFO - reaping stray process <SpawnProcess name='Dask Worker process (from Nanny)' pid=11519 parent=11371 started daemon>
distributed.process - INFO - reaping stray process <SpawnProcess name='Dask Worker process (from Nanny)' pid=11515 parent=11371 started daemon>
distributed.process - INFO - reaping stray process <SpawnProcess name='Dask Worker process (from Nanny)' pid=11512 parent=11371 started daemon>
distributed.process - INFO - reaping stray process <SpawnProcess name='Dask Worker process (from Nanny)' pid=11509 parent=11371 started daemon>
distributed.process - INFO - reaping stray process <SpawnProcess name='Dask Worker process (from Nanny)' pid=11506 parent=11371 started daemon>
distributed.process - INFO - reaping stray process <SpawnProcess name='Dask Worker process (from Nanny)' pid=11503 parent=11371 started daemon>
distributed.process - INFO - reaping stray process <SpawnProcess name='Dask Worker process (from Nanny)' pid=11500 parent=11371 started daemon>
distributed.process - INFO - reaping stray process <SpawnProcess name='Dask Worker process (from Nanny)' pid=11497 parent=11371 started daemon>
distributed.process - INFO - reaping stray process <SpawnProcess name='Dask Worker process (from Nanny)' pid=11494 parent=11371 started daemon>
distributed.process - INFO - reaping stray process <SpawnProcess name='Dask Worker process (from Nanny)' pid=11491 parent=11371 started daemon>
distributed.process - INFO - reaping stray process <SpawnProcess name='Dask Worker process (from Nanny)' pid=11414 parent=11371 started daemon>
distributed.process - INFO - reaping stray process <SpawnProcess name='Dask Worker process (from Nanny)' pid=11411 parent=11371 started daemon>
Exception in thread AsyncProcess Dask Worker process (from Nanny) watch process join:
Traceback (most recent call last):
  File "/hpcscratch/user/ikabadzh/mambaforge/envs/myenv/lib/python3.9/threading.py", line 973, in _bootstrap_inner
    self.run()
  File "/hpcscratch/user/ikabadzh/mambaforge/envs/myenv/lib/python3.9/threading.py", line 910, in run
    self._target(*self._args, **self._kwargs)
  File "/hpcscratch/user/ikabadzh/mambaforge/envs/myenv/lib/python3.9/site-packages/distributed/process.py", line 234, in _watch_process
    assert exitcode is not None
AssertionError
Exception in thread AsyncProcess Dask Worker process (from Nanny) watch process join:
Traceback (most recent call last):
  File "/hpcscratch/user/ikabadzh/mambaforge/envs/myenv/lib/python3.9/threading.py", line 973, in _bootstrap_inner
    self.run()
  File "/hpcscratch/user/ikabadzh/mambaforge/envs/myenv/lib/python3.9/threading.py", line 910, in run
    self._target(*self._args, **self._kwargs)
  File "/hpcscratch/user/ikabadzh/mambaforge/envs/myenv/lib/python3.9/site-packages/distributed/process.py", line 234, in _watch_process
    assert exitcode is not None
AssertionError
Exception in thread AsyncProcess Dask Worker process (from Nanny) watch process join:
Traceback (most recent call last):
  File "/hpcscratch/user/ikabadzh/mambaforge/envs/myenv/lib/python3.9/threading.py", line 973, in _bootstrap_inner
    self.run()
  File "/hpcscratch/user/ikabadzh/mambaforge/envs/myenv/lib/python3.9/threading.py", line 910, in run
    self._target(*self._args, **self._kwargs)
  File "/hpcscratch/user/ikabadzh/mambaforge/envs/myenv/lib/python3.9/site-packages/distributed/process.py", line 234, in _watch_process
Exception in thread AsyncProcess Dask Worker process (from Nanny) watch process join:
    assert exitcode is not None
Traceback (most recent call last):
AssertionError
  File "/hpcscratch/user/ikabadzh/mambaforge/envs/myenv/lib/python3.9/threading.py", line 973, in _bootstrap_inner
Fatal Python error: _enter_buffered_busy: could not acquire lock for <_io.BufferedWriter name='<stderr>'> at interpreter shutdown, possibly due to daemon threads
Python runtime state: finalizing (tstate=0x5640115f7730)

Current thread 0x00007f7354d60740 (most recent call first):
<no Python frame>
/var/spool/slurmd/job104263/slurm_script: line 10: 11371 Aborted                 (core dumped) /hpcscratch/user/ikabadzh/mambaforge/envs/myenv/bin/python3 -m distributed.cli.dask_worker tcp://188.185.68.194:41930 --nthreads 1 --nprocs 32 --memory-limit 14.90GiB --name SLURMCluster-3 --nanny --death-timeout 60 --local-directory /tmp/ikabadzh --protocol tcp://
