Auks API request failed : krb5 cred : unable to read credential cache
distributed.nanny - INFO -         Start Nanny at: 'tcp://10.32.2.42:34133'
distributed.nanny - INFO -         Start Nanny at: 'tcp://10.32.2.42:37557'
distributed.nanny - INFO -         Start Nanny at: 'tcp://10.32.2.42:39107'
distributed.nanny - INFO -         Start Nanny at: 'tcp://10.32.2.42:37685'
distributed.nanny - INFO -         Start Nanny at: 'tcp://10.32.2.42:46863'
distributed.nanny - INFO -         Start Nanny at: 'tcp://10.32.2.42:45373'
distributed.nanny - INFO -         Start Nanny at: 'tcp://10.32.2.42:45455'
distributed.nanny - INFO -         Start Nanny at: 'tcp://10.32.2.42:32905'
distributed.nanny - INFO -         Start Nanny at: 'tcp://10.32.2.42:38627'
distributed.nanny - INFO -         Start Nanny at: 'tcp://10.32.2.42:36067'
distributed.nanny - INFO -         Start Nanny at: 'tcp://10.32.2.42:40991'
distributed.nanny - INFO -         Start Nanny at: 'tcp://10.32.2.42:37693'
distributed.nanny - INFO -         Start Nanny at: 'tcp://10.32.2.42:46725'
distributed.nanny - INFO -         Start Nanny at: 'tcp://10.32.2.42:34251'
distributed.nanny - INFO -         Start Nanny at: 'tcp://10.32.2.42:38845'
distributed.nanny - INFO -         Start Nanny at: 'tcp://10.32.2.42:46295'
distributed.nanny - INFO -         Start Nanny at: 'tcp://10.32.2.42:42747'
distributed.nanny - INFO -         Start Nanny at: 'tcp://10.32.2.42:32965'
distributed.nanny - INFO -         Start Nanny at: 'tcp://10.32.2.42:39203'
distributed.nanny - INFO -         Start Nanny at: 'tcp://10.32.2.42:34745'
distributed.nanny - INFO -         Start Nanny at: 'tcp://10.32.2.42:33079'
distributed.nanny - INFO -         Start Nanny at: 'tcp://10.32.2.42:41605'
distributed.nanny - INFO -         Start Nanny at: 'tcp://10.32.2.42:43383'
distributed.nanny - INFO -         Start Nanny at: 'tcp://10.32.2.42:39249'
distributed.nanny - INFO -         Start Nanny at: 'tcp://10.32.2.42:44589'
distributed.nanny - INFO -         Start Nanny at: 'tcp://10.32.2.42:38463'
distributed.nanny - INFO -         Start Nanny at: 'tcp://10.32.2.42:35945'
distributed.nanny - INFO -         Start Nanny at: 'tcp://10.32.2.42:32993'
distributed.nanny - INFO -         Start Nanny at: 'tcp://10.32.2.42:43193'
distributed.nanny - INFO -         Start Nanny at: 'tcp://10.32.2.42:34719'
distributed.nanny - INFO -         Start Nanny at: 'tcp://10.32.2.42:37215'
distributed.nanny - INFO -         Start Nanny at: 'tcp://10.32.2.42:42731'
distributed.diskutils - INFO - Found stale lock file and directory '/tmp/ikabadzh/dask-worker-space/worker-lwwn5hnz', purging
distributed.diskutils - INFO - Found stale lock file and directory '/tmp/ikabadzh/dask-worker-space/worker-2ptl9ds7', purging
distributed.diskutils - INFO - Found stale lock file and directory '/tmp/ikabadzh/dask-worker-space/worker-ytvz7s36', purging
distributed.worker - INFO -       Start worker at:     tcp://10.32.2.42:34533
distributed.worker - INFO -          Listening to:     tcp://10.32.2.42:34533
distributed.worker - INFO -          dashboard at:           10.32.2.42:38165
distributed.worker - INFO - Waiting to connect to: tcp://188.185.68.194:46122
distributed.worker - INFO - -------------------------------------------------
distributed.worker - INFO -               Threads:                          1
distributed.worker - INFO -                Memory:                  14.90 GiB
distributed.worker - INFO -       Local Directory: /tmp/ikabadzh/dask-worker-space/worker-8p7oltue
distributed.worker - INFO - -------------------------------------------------
distributed.worker - INFO -       Start worker at:     tcp://10.32.2.42:46547
distributed.worker - INFO -          Listening to:     tcp://10.32.2.42:46547
distributed.worker - INFO -          dashboard at:           10.32.2.42:34945
distributed.worker - INFO - Waiting to connect to: tcp://188.185.68.194:46122
distributed.worker - INFO - -------------------------------------------------
distributed.worker - INFO -               Threads:                          1
distributed.worker - INFO -                Memory:                  14.90 GiB
distributed.worker - INFO -       Local Directory: /tmp/ikabadzh/dask-worker-space/worker-jv4jim7k
distributed.worker - INFO - -------------------------------------------------
distributed.worker - INFO -       Start worker at:     tcp://10.32.2.42:34717
distributed.worker - INFO -          Listening to:     tcp://10.32.2.42:34717
distributed.worker - INFO -          dashboard at:           10.32.2.42:36633
distributed.worker - INFO - Waiting to connect to: tcp://188.185.68.194:46122
distributed.worker - INFO - -------------------------------------------------
distributed.worker - INFO -               Threads:                          1
distributed.worker - INFO -                Memory:                  14.90 GiB
distributed.worker - INFO -       Local Directory: /tmp/ikabadzh/dask-worker-space/worker-5q2ql0zc
distributed.worker - INFO - -------------------------------------------------
distributed.worker - INFO -       Start worker at:     tcp://10.32.2.42:41245
distributed.worker - INFO -          Listening to:     tcp://10.32.2.42:41245
distributed.worker - INFO -          dashboard at:           10.32.2.42:39243
distributed.worker - INFO - Waiting to connect to: tcp://188.185.68.194:46122
distributed.worker - INFO - -------------------------------------------------
distributed.worker - INFO -               Threads:                          1
distributed.worker - INFO -                Memory:                  14.90 GiB
distributed.worker - INFO -       Local Directory: /tmp/ikabadzh/dask-worker-space/worker-j0ayc3yx
distributed.worker - INFO - -------------------------------------------------
distributed.worker - INFO -       Start worker at:     tcp://10.32.2.42:39125
distributed.worker - INFO -          Listening to:     tcp://10.32.2.42:39125
distributed.worker - INFO -          dashboard at:           10.32.2.42:37037
distributed.worker - INFO - Waiting to connect to: tcp://188.185.68.194:46122
distributed.worker - INFO - -------------------------------------------------
distributed.worker - INFO -               Threads:                          1
distributed.worker - INFO -                Memory:                  14.90 GiB
distributed.worker - INFO -       Local Directory: /tmp/ikabadzh/dask-worker-space/worker-enxz3bh0
distributed.worker - INFO - -------------------------------------------------
distributed.worker - INFO -       Start worker at:     tcp://10.32.2.42:35119
distributed.worker - INFO -          Listening to:     tcp://10.32.2.42:35119
distributed.worker - INFO -          dashboard at:           10.32.2.42:41673
distributed.worker - INFO - Waiting to connect to: tcp://188.185.68.194:46122
distributed.worker - INFO - -------------------------------------------------
distributed.worker - INFO -               Threads:                          1
distributed.worker - INFO -                Memory:                  14.90 GiB
distributed.worker - INFO -       Local Directory: /tmp/ikabadzh/dask-worker-space/worker-5rfpnea8
distributed.worker - INFO - -------------------------------------------------
distributed.worker - INFO -         Registered to: tcp://188.185.68.194:46122
distributed.worker - INFO - -------------------------------------------------
distributed.core - INFO - Starting established connection
distributed.worker - INFO -       Start worker at:     tcp://10.32.2.42:33183
distributed.worker - INFO -       Start worker at:     tcp://10.32.2.42:45517
distributed.worker - INFO -          Listening to:     tcp://10.32.2.42:33183
distributed.worker - INFO -          Listening to:     tcp://10.32.2.42:45517
distributed.worker - INFO -          dashboard at:           10.32.2.42:45807
distributed.worker - INFO -          dashboard at:           10.32.2.42:46035
distributed.worker - INFO - Waiting to connect to: tcp://188.185.68.194:46122
distributed.worker - INFO - Waiting to connect to: tcp://188.185.68.194:46122
distributed.worker - INFO - -------------------------------------------------
distributed.worker - INFO - -------------------------------------------------
distributed.worker - INFO -               Threads:                          1
distributed.worker - INFO -               Threads:                          1
distributed.worker - INFO -                Memory:                  14.90 GiB
distributed.worker - INFO -                Memory:                  14.90 GiB
distributed.worker - INFO -       Local Directory: /tmp/ikabadzh/dask-worker-space/worker-xwc89c2_
distributed.worker - INFO -       Local Directory: /tmp/ikabadzh/dask-worker-space/worker-h5xljju3
distributed.worker - INFO - -------------------------------------------------
distributed.worker - INFO - -------------------------------------------------
distributed.worker - INFO -       Start worker at:     tcp://10.32.2.42:44731
distributed.worker - INFO -          Listening to:     tcp://10.32.2.42:44731
distributed.worker - INFO -          dashboard at:           10.32.2.42:46797
distributed.worker - INFO - Waiting to connect to: tcp://188.185.68.194:46122
distributed.worker - INFO - -------------------------------------------------
distributed.worker - INFO -               Threads:                          1
distributed.worker - INFO -                Memory:                  14.90 GiB
distributed.worker - INFO -       Local Directory: /tmp/ikabadzh/dask-worker-space/worker-3hlpi9d_
distributed.worker - INFO - -------------------------------------------------
distributed.worker - INFO -       Start worker at:     tcp://10.32.2.42:41573
distributed.worker - INFO -          Listening to:     tcp://10.32.2.42:41573
distributed.worker - INFO -          dashboard at:           10.32.2.42:45631
distributed.worker - INFO - Waiting to connect to: tcp://188.185.68.194:46122
distributed.worker - INFO - -------------------------------------------------
distributed.worker - INFO -               Threads:                          1
distributed.worker - INFO -                Memory:                  14.90 GiB
distributed.worker - INFO -       Local Directory: /tmp/ikabadzh/dask-worker-space/worker-dm0emmnm
distributed.worker - INFO - -------------------------------------------------
distributed.worker - INFO -       Start worker at:     tcp://10.32.2.42:33385
distributed.worker - INFO -          Listening to:     tcp://10.32.2.42:33385
distributed.worker - INFO -          dashboard at:           10.32.2.42:44127
distributed.worker - INFO - Waiting to connect to: tcp://188.185.68.194:46122
distributed.worker - INFO -       Start worker at:     tcp://10.32.2.42:34667
distributed.worker - INFO - -------------------------------------------------
distributed.worker - INFO -          Listening to:     tcp://10.32.2.42:34667
distributed.worker - INFO -               Threads:                          1
distributed.worker - INFO -          dashboard at:           10.32.2.42:36983
distributed.worker - INFO -                Memory:                  14.90 GiB
distributed.worker - INFO - Waiting to connect to: tcp://188.185.68.194:46122
distributed.worker - INFO -       Local Directory: /tmp/ikabadzh/dask-worker-space/worker-13g3kkyy
distributed.worker - INFO - -------------------------------------------------
distributed.worker - INFO - -------------------------------------------------
distributed.worker - INFO -               Threads:                          1
distributed.worker - INFO -                Memory:                  14.90 GiB
distributed.worker - INFO -       Local Directory: /tmp/ikabadzh/dask-worker-space/worker-y9xfh5av
distributed.worker - INFO - -------------------------------------------------
distributed.worker - INFO -       Start worker at:     tcp://10.32.2.42:42067
distributed.worker - INFO -          Listening to:     tcp://10.32.2.42:42067
distributed.worker - INFO -          dashboard at:           10.32.2.42:36735
distributed.worker - INFO - Waiting to connect to: tcp://188.185.68.194:46122
distributed.worker - INFO - -------------------------------------------------
distributed.worker - INFO -               Threads:                          1
distributed.worker - INFO -                Memory:                  14.90 GiB
distributed.worker - INFO -       Local Directory: /tmp/ikabadzh/dask-worker-space/worker-aq910asy
distributed.worker - INFO -       Start worker at:     tcp://10.32.2.42:41249
distributed.worker - INFO - -------------------------------------------------
distributed.worker - INFO -          Listening to:     tcp://10.32.2.42:41249
distributed.worker - INFO -          dashboard at:           10.32.2.42:37995
distributed.worker - INFO - Waiting to connect to: tcp://188.185.68.194:46122
distributed.worker - INFO - -------------------------------------------------
distributed.worker - INFO -               Threads:                          1
distributed.worker - INFO -                Memory:                  14.90 GiB
distributed.worker - INFO -       Local Directory: /tmp/ikabadzh/dask-worker-space/worker-8e5lfxcq
distributed.worker - INFO - -------------------------------------------------
distributed.worker - INFO -       Start worker at:     tcp://10.32.2.42:36003
distributed.worker - INFO -          Listening to:     tcp://10.32.2.42:36003
distributed.worker - INFO -          dashboard at:           10.32.2.42:46753
distributed.worker - INFO - Waiting to connect to: tcp://188.185.68.194:46122
distributed.worker - INFO - -------------------------------------------------
distributed.worker - INFO -               Threads:                          1
distributed.worker - INFO -                Memory:                  14.90 GiB
distributed.worker - INFO -       Local Directory: /tmp/ikabadzh/dask-worker-space/worker-6g_mc2gp
distributed.worker - INFO - -------------------------------------------------
distributed.worker - INFO -       Start worker at:     tcp://10.32.2.42:43031
distributed.worker - INFO -          Listening to:     tcp://10.32.2.42:43031
distributed.worker - INFO -          dashboard at:           10.32.2.42:46173
distributed.worker - INFO - Waiting to connect to: tcp://188.185.68.194:46122
distributed.worker - INFO - -------------------------------------------------
distributed.worker - INFO -       Start worker at:     tcp://10.32.2.42:37489
distributed.worker - INFO -               Threads:                          1
distributed.worker - INFO -                Memory:                  14.90 GiB
distributed.worker - INFO -       Local Directory: /tmp/ikabadzh/dask-worker-space/worker-8cuqm5e3
distributed.worker - INFO -          Listening to:     tcp://10.32.2.42:37489
distributed.worker - INFO - -------------------------------------------------
distributed.worker - INFO -          dashboard at:           10.32.2.42:35129
distributed.worker - INFO - Waiting to connect to: tcp://188.185.68.194:46122
distributed.worker - INFO - -------------------------------------------------
distributed.worker - INFO -               Threads:                          1
distributed.worker - INFO -                Memory:                  14.90 GiB
distributed.worker - INFO -       Local Directory: /tmp/ikabadzh/dask-worker-space/worker-2mtpn3jf
distributed.worker - INFO - -------------------------------------------------
distributed.worker - INFO -       Start worker at:     tcp://10.32.2.42:36155
distributed.worker - INFO -          Listening to:     tcp://10.32.2.42:36155
distributed.worker - INFO -          dashboard at:           10.32.2.42:35273
distributed.worker - INFO - Waiting to connect to: tcp://188.185.68.194:46122
distributed.worker - INFO - -------------------------------------------------
distributed.worker - INFO -               Threads:                          1
distributed.worker - INFO -                Memory:                  14.90 GiB
distributed.worker - INFO -       Local Directory: /tmp/ikabadzh/dask-worker-space/worker-qafguw1t
distributed.worker - INFO - -------------------------------------------------
distributed.worker - INFO -       Start worker at:     tcp://10.32.2.42:36695
distributed.worker - INFO -          Listening to:     tcp://10.32.2.42:36695
distributed.worker - INFO -          dashboard at:           10.32.2.42:44433
distributed.worker - INFO - Waiting to connect to: tcp://188.185.68.194:46122
distributed.worker - INFO - -------------------------------------------------
distributed.worker - INFO -               Threads:                          1
distributed.worker - INFO -                Memory:                  14.90 GiB
distributed.worker - INFO -       Local Directory: /tmp/ikabadzh/dask-worker-space/worker-sfemou5w
distributed.worker - INFO - -------------------------------------------------
distributed.worker - INFO -       Start worker at:     tcp://10.32.2.42:35209
distributed.worker - INFO -       Start worker at:     tcp://10.32.2.42:34925
distributed.worker - INFO -          Listening to:     tcp://10.32.2.42:35209
distributed.worker - INFO -          dashboard at:           10.32.2.42:42761
distributed.worker - INFO -          Listening to:     tcp://10.32.2.42:34925
distributed.worker - INFO - Waiting to connect to: tcp://188.185.68.194:46122
distributed.worker - INFO -          dashboard at:           10.32.2.42:45893
distributed.worker - INFO - -------------------------------------------------
distributed.worker - INFO - Waiting to connect to: tcp://188.185.68.194:46122
distributed.worker - INFO -               Threads:                          1
distributed.worker - INFO - -------------------------------------------------
distributed.worker - INFO -                Memory:                  14.90 GiB
distributed.worker - INFO -               Threads:                          1
distributed.worker - INFO -       Local Directory: /tmp/ikabadzh/dask-worker-space/worker-jet2wyls
distributed.worker - INFO -                Memory:                  14.90 GiB
distributed.worker - INFO -       Local Directory: /tmp/ikabadzh/dask-worker-space/worker-2qqp_12o
distributed.worker - INFO - -------------------------------------------------
distributed.worker - INFO - -------------------------------------------------
distributed.worker - INFO -       Start worker at:     tcp://10.32.2.42:43575
distributed.worker - INFO -          Listening to:     tcp://10.32.2.42:43575
distributed.worker - INFO -          dashboard at:           10.32.2.42:39489
distributed.worker - INFO - Waiting to connect to: tcp://188.185.68.194:46122
distributed.worker - INFO - -------------------------------------------------
distributed.worker - INFO -               Threads:                          1
distributed.worker - INFO -                Memory:                  14.90 GiB
distributed.worker - INFO -       Local Directory: /tmp/ikabadzh/dask-worker-space/worker-sp8657kc
distributed.worker - INFO - -------------------------------------------------
distributed.worker - INFO -       Start worker at:     tcp://10.32.2.42:38577
distributed.worker - INFO -          Listening to:     tcp://10.32.2.42:38577
distributed.worker - INFO -          dashboard at:           10.32.2.42:46073
distributed.worker - INFO - Waiting to connect to: tcp://188.185.68.194:46122
distributed.worker - INFO - -------------------------------------------------
distributed.worker - INFO -               Threads:                          1
distributed.worker - INFO -                Memory:                  14.90 GiB
distributed.worker - INFO -       Local Directory: /tmp/ikabadzh/dask-worker-space/worker-_z5_wlch
distributed.worker - INFO - -------------------------------------------------
distributed.worker - INFO -       Start worker at:     tcp://10.32.2.42:42949
distributed.worker - INFO -          Listening to:     tcp://10.32.2.42:42949
distributed.worker - INFO -          dashboard at:           10.32.2.42:37375
distributed.worker - INFO - Waiting to connect to: tcp://188.185.68.194:46122
distributed.worker - INFO - -------------------------------------------------
distributed.worker - INFO -               Threads:                          1
distributed.worker - INFO -                Memory:                  14.90 GiB
distributed.worker - INFO -       Local Directory: /tmp/ikabadzh/dask-worker-space/worker-jtl1fyr9
distributed.worker - INFO - -------------------------------------------------
distributed.worker - INFO -       Start worker at:     tcp://10.32.2.42:34337
distributed.worker - INFO -          Listening to:     tcp://10.32.2.42:34337
distributed.worker - INFO -          dashboard at:           10.32.2.42:43113
distributed.worker - INFO - Waiting to connect to: tcp://188.185.68.194:46122
distributed.worker - INFO - -------------------------------------------------
distributed.worker - INFO -               Threads:                          1
distributed.worker - INFO -                Memory:                  14.90 GiB
distributed.worker - INFO -       Local Directory: /tmp/ikabadzh/dask-worker-space/worker-ton6zcoj
distributed.worker - INFO - -------------------------------------------------
distributed.worker - INFO -       Start worker at:     tcp://10.32.2.42:33691
distributed.worker - INFO -          Listening to:     tcp://10.32.2.42:33691
distributed.worker - INFO -       Start worker at:     tcp://10.32.2.42:36687
distributed.worker - INFO -          dashboard at:           10.32.2.42:34853
distributed.worker - INFO -          Listening to:     tcp://10.32.2.42:36687
distributed.worker - INFO - Waiting to connect to: tcp://188.185.68.194:46122
distributed.worker - INFO -          dashboard at:           10.32.2.42:46151
distributed.worker - INFO - -------------------------------------------------
distributed.worker - INFO - Waiting to connect to: tcp://188.185.68.194:46122
distributed.worker - INFO -               Threads:                          1
distributed.worker - INFO - -------------------------------------------------
distributed.worker - INFO -                Memory:                  14.90 GiB
distributed.worker - INFO -               Threads:                          1
distributed.worker - INFO -       Local Directory: /tmp/ikabadzh/dask-worker-space/worker-dppdt8ar
distributed.worker - INFO -                Memory:                  14.90 GiB
distributed.worker - INFO -       Local Directory: /tmp/ikabadzh/dask-worker-space/worker-relionzd
distributed.worker - INFO - -------------------------------------------------
distributed.worker - INFO - -------------------------------------------------
distributed.worker - INFO -       Start worker at:     tcp://10.32.2.42:39967
distributed.worker - INFO -          Listening to:     tcp://10.32.2.42:39967
distributed.worker - INFO -          dashboard at:           10.32.2.42:45983
distributed.worker - INFO - Waiting to connect to: tcp://188.185.68.194:46122
distributed.worker - INFO - -------------------------------------------------
distributed.worker - INFO -               Threads:                          1
distributed.worker - INFO -                Memory:                  14.90 GiB
distributed.worker - INFO -       Local Directory: /tmp/ikabadzh/dask-worker-space/worker-9qh_d417
distributed.worker - INFO - -------------------------------------------------
distributed.worker - INFO -       Start worker at:     tcp://10.32.2.42:35127
distributed.worker - INFO -          Listening to:     tcp://10.32.2.42:35127
distributed.worker - INFO -          dashboard at:           10.32.2.42:35861
distributed.worker - INFO - Waiting to connect to: tcp://188.185.68.194:46122
distributed.worker - INFO - -------------------------------------------------
distributed.worker - INFO -               Threads:                          1
distributed.worker - INFO -                Memory:                  14.90 GiB
distributed.worker - INFO -       Local Directory: /tmp/ikabadzh/dask-worker-space/worker-2zuge71r
distributed.worker - INFO - -------------------------------------------------
distributed.worker - INFO -       Start worker at:     tcp://10.32.2.42:43047
distributed.worker - INFO -          Listening to:     tcp://10.32.2.42:43047
distributed.worker - INFO -          dashboard at:           10.32.2.42:40797
distributed.worker - INFO - Waiting to connect to: tcp://188.185.68.194:46122
distributed.worker - INFO - -------------------------------------------------
distributed.worker - INFO -               Threads:                          1
distributed.worker - INFO -                Memory:                  14.90 GiB
distributed.worker - INFO -       Local Directory: /tmp/ikabadzh/dask-worker-space/worker-8vg_e9e7
distributed.worker - INFO - -------------------------------------------------
distributed.worker - INFO -       Start worker at:     tcp://10.32.2.42:45879
distributed.worker - INFO -          Listening to:     tcp://10.32.2.42:45879
distributed.worker - INFO -          dashboard at:           10.32.2.42:41833
distributed.worker - INFO - Waiting to connect to: tcp://188.185.68.194:46122
distributed.worker - INFO - -------------------------------------------------
distributed.worker - INFO -               Threads:                          1
distributed.worker - INFO -                Memory:                  14.90 GiB
distributed.worker - INFO -       Local Directory: /tmp/ikabadzh/dask-worker-space/worker-canlqvff
distributed.worker - INFO -       Start worker at:     tcp://10.32.2.42:37413
distributed.worker - INFO -          Listening to:     tcp://10.32.2.42:37413
distributed.worker - INFO - -------------------------------------------------
distributed.worker - INFO -          dashboard at:           10.32.2.42:39551
distributed.worker - INFO - Waiting to connect to: tcp://188.185.68.194:46122
distributed.worker - INFO - -------------------------------------------------
distributed.worker - INFO -               Threads:                          1
distributed.worker - INFO -                Memory:                  14.90 GiB
distributed.worker - INFO -       Local Directory: /tmp/ikabadzh/dask-worker-space/worker-nsirsph5
distributed.worker - INFO - -------------------------------------------------
distributed.worker - INFO -         Registered to: tcp://188.185.68.194:46122
distributed.worker - INFO - -------------------------------------------------
distributed.core - INFO - Starting established connection
distributed.worker - INFO -         Registered to: tcp://188.185.68.194:46122
distributed.worker - INFO - -------------------------------------------------
distributed.core - INFO - Starting established connection
distributed.worker - INFO -         Registered to: tcp://188.185.68.194:46122
distributed.worker - INFO - -------------------------------------------------
distributed.core - INFO - Starting established connection
distributed.worker - INFO -         Registered to: tcp://188.185.68.194:46122
distributed.worker - INFO - -------------------------------------------------
distributed.core - INFO - Starting established connection
distributed.worker - INFO -         Registered to: tcp://188.185.68.194:46122
distributed.worker - INFO - -------------------------------------------------
distributed.core - INFO - Starting established connection
distributed.worker - INFO -         Registered to: tcp://188.185.68.194:46122
distributed.worker - INFO - -------------------------------------------------
distributed.core - INFO - Starting established connection
distributed.worker - INFO -         Registered to: tcp://188.185.68.194:46122
distributed.worker - INFO - -------------------------------------------------
distributed.core - INFO - Starting established connection
distributed.worker - INFO -         Registered to: tcp://188.185.68.194:46122
distributed.worker - INFO - -------------------------------------------------
distributed.core - INFO - Starting established connection
distributed.worker - INFO -         Registered to: tcp://188.185.68.194:46122
distributed.worker - INFO - -------------------------------------------------
distributed.core - INFO - Starting established connection
distributed.worker - INFO -         Registered to: tcp://188.185.68.194:46122
distributed.worker - INFO - -------------------------------------------------
distributed.core - INFO - Starting established connection
distributed.worker - INFO -         Registered to: tcp://188.185.68.194:46122
distributed.worker - INFO - -------------------------------------------------
distributed.core - INFO - Starting established connection
distributed.worker - INFO -         Registered to: tcp://188.185.68.194:46122
distributed.worker - INFO - -------------------------------------------------
distributed.core - INFO - Starting established connection
distributed.worker - INFO -         Registered to: tcp://188.185.68.194:46122
distributed.worker - INFO - -------------------------------------------------
distributed.core - INFO - Starting established connection
distributed.worker - INFO -         Registered to: tcp://188.185.68.194:46122
distributed.worker - INFO - -------------------------------------------------
distributed.core - INFO - Starting established connection
distributed.worker - INFO -         Registered to: tcp://188.185.68.194:46122
distributed.worker - INFO - -------------------------------------------------
distributed.core - INFO - Starting established connection
distributed.worker - INFO -         Registered to: tcp://188.185.68.194:46122
distributed.worker - INFO - -------------------------------------------------
distributed.core - INFO - Starting established connection
distributed.worker - INFO -         Registered to: tcp://188.185.68.194:46122
distributed.worker - INFO - -------------------------------------------------
distributed.core - INFO - Starting established connection
distributed.worker - INFO -         Registered to: tcp://188.185.68.194:46122
distributed.worker - INFO - -------------------------------------------------
distributed.core - INFO - Starting established connection
distributed.worker - INFO -         Registered to: tcp://188.185.68.194:46122
distributed.worker - INFO - -------------------------------------------------
distributed.core - INFO - Starting established connection
distributed.worker - INFO -         Registered to: tcp://188.185.68.194:46122
distributed.worker - INFO - -------------------------------------------------
distributed.core - INFO - Starting established connection
distributed.worker - INFO -         Registered to: tcp://188.185.68.194:46122
distributed.worker - INFO - -------------------------------------------------
distributed.core - INFO - Starting established connection
distributed.worker - INFO -         Registered to: tcp://188.185.68.194:46122
distributed.worker - INFO - -------------------------------------------------
distributed.core - INFO - Starting established connection
distributed.worker - INFO -         Registered to: tcp://188.185.68.194:46122
distributed.worker - INFO - -------------------------------------------------
distributed.core - INFO - Starting established connection
distributed.worker - INFO -         Registered to: tcp://188.185.68.194:46122
distributed.worker - INFO - -------------------------------------------------
distributed.core - INFO - Starting established connection
distributed.worker - INFO -         Registered to: tcp://188.185.68.194:46122
distributed.worker - INFO - -------------------------------------------------
distributed.core - INFO - Starting established connection
distributed.worker - INFO -         Registered to: tcp://188.185.68.194:46122
distributed.worker - INFO - -------------------------------------------------
distributed.core - INFO - Starting established connection
distributed.worker - INFO -         Registered to: tcp://188.185.68.194:46122
distributed.worker - INFO - -------------------------------------------------
distributed.core - INFO - Starting established connection
distributed.worker - INFO -         Registered to: tcp://188.185.68.194:46122
distributed.worker - INFO - -------------------------------------------------
distributed.core - INFO - Starting established connection
distributed.worker - INFO -         Registered to: tcp://188.185.68.194:46122
distributed.worker - INFO - -------------------------------------------------
distributed.core - INFO - Starting established connection
distributed.worker - INFO -         Registered to: tcp://188.185.68.194:46122
distributed.worker - INFO - -------------------------------------------------
distributed.core - INFO - Starting established connection
distributed.worker - INFO -         Registered to: tcp://188.185.68.194:46122
distributed.worker - INFO - -------------------------------------------------
distributed.core - INFO - Starting established connection
tornado.application - ERROR - Exception in callback functools.partial(<bound method IOLoop._discard_future_result of <tornado.platform.asyncio.AsyncIOLoop object at 0x7f23a15accd0>>, <Task finished name='Task-11' coro=<Worker.heartbeat() done, defined at /hpcscratch/user/ikabadzh/mambaforge/envs/myenv/lib/python3.9/site-packages/distributed/worker.py:992> exception=OSError('Timed out during handshake while connecting to tcp://188.185.68.194:46122 after 30 s')>)
Traceback (most recent call last):
  File "/hpcscratch/user/ikabadzh/mambaforge/envs/myenv/lib/python3.9/site-packages/tornado/iostream.py", line 867, in _read_to_buffer
    bytes_read = self.read_from_fd(buf)
  File "/hpcscratch/user/ikabadzh/mambaforge/envs/myenv/lib/python3.9/site-packages/tornado/iostream.py", line 1140, in read_from_fd
    return self.socket.recv_into(buf, len(buf))
ConnectionResetError: [Errno 104] Connection reset by peer

The above exception was the direct cause of the following exception:

Traceback (most recent call last):
  File "/hpcscratch/user/ikabadzh/mambaforge/envs/myenv/lib/python3.9/site-packages/distributed/comm/core.py", line 318, in connect
    handshake = await asyncio.wait_for(comm.read(), time_left())
  File "/hpcscratch/user/ikabadzh/mambaforge/envs/myenv/lib/python3.9/asyncio/tasks.py", line 481, in wait_for
    return fut.result()
  File "/hpcscratch/user/ikabadzh/mambaforge/envs/myenv/lib/python3.9/site-packages/distributed/comm/tcp.py", line 214, in read
    convert_stream_closed_error(self, e)
  File "/hpcscratch/user/ikabadzh/mambaforge/envs/myenv/lib/python3.9/site-packages/distributed/comm/tcp.py", line 126, in convert_stream_closed_error
    raise CommClosedError(f"in {obj}: {exc.__class__.__name__}: {exc}") from exc
distributed.comm.core.CommClosedError: in <TCP (closed)  local=tcp://10.32.2.42:40644 remote=tcp://188.185.68.194:46122>: ConnectionResetError: [Errno 104] Connection reset by peer

The above exception was the direct cause of the following exception:

Traceback (most recent call last):
  File "/hpcscratch/user/ikabadzh/mambaforge/envs/myenv/lib/python3.9/site-packages/tornado/ioloop.py", line 741, in _run_callback
    ret = callback()
  File "/hpcscratch/user/ikabadzh/mambaforge/envs/myenv/lib/python3.9/site-packages/tornado/ioloop.py", line 765, in _discard_future_result
    future.result()
  File "/hpcscratch/user/ikabadzh/mambaforge/envs/myenv/lib/python3.9/site-packages/distributed/worker.py", line 1041, in heartbeat
    raise e
  File "/hpcscratch/user/ikabadzh/mambaforge/envs/myenv/lib/python3.9/site-packages/distributed/worker.py", line 1001, in heartbeat
    response = await retry_operation(
  File "/hpcscratch/user/ikabadzh/mambaforge/envs/myenv/lib/python3.9/site-packages/distributed/utils_comm.py", line 385, in retry_operation
    return await retry(
  File "/hpcscratch/user/ikabadzh/mambaforge/envs/myenv/lib/python3.9/site-packages/distributed/utils_comm.py", line 370, in retry
    return await coro()
  File "/hpcscratch/user/ikabadzh/mambaforge/envs/myenv/lib/python3.9/site-packages/distributed/core.py", line 871, in send_recv_from_rpc
    comm = await self.pool.connect(self.addr)
  File "/hpcscratch/user/ikabadzh/mambaforge/envs/myenv/lib/python3.9/site-packages/distributed/core.py", line 1059, in connect
    raise exc
  File "/hpcscratch/user/ikabadzh/mambaforge/envs/myenv/lib/python3.9/site-packages/distributed/core.py", line 1043, in connect
    comm = await fut
  File "/hpcscratch/user/ikabadzh/mambaforge/envs/myenv/lib/python3.9/site-packages/distributed/comm/core.py", line 323, in connect
    raise OSError(
OSError: Timed out during handshake while connecting to tcp://188.185.68.194:46122 after 30 s
tornado.application - ERROR - Exception in callback functools.partial(<bound method IOLoop._discard_future_result of <tornado.platform.asyncio.AsyncIOLoop object at 0x7fd588678cd0>>, <Task finished name='Task-11' coro=<Worker.heartbeat() done, defined at /hpcscratch/user/ikabadzh/mambaforge/envs/myenv/lib/python3.9/site-packages/distributed/worker.py:992> exception=OSError('Timed out during handshake while connecting to tcp://188.185.68.194:46122 after 30 s')>)
Traceback (most recent call last):
  File "/hpcscratch/user/ikabadzh/mambaforge/envs/myenv/lib/python3.9/site-packages/tornado/iostream.py", line 867, in _read_to_buffer
    bytes_read = self.read_from_fd(buf)
  File "/hpcscratch/user/ikabadzh/mambaforge/envs/myenv/lib/python3.9/site-packages/tornado/iostream.py", line 1140, in read_from_fd
    return self.socket.recv_into(buf, len(buf))
ConnectionResetError: [Errno 104] Connection reset by peer

The above exception was the direct cause of the following exception:

Traceback (most recent call last):
  File "/hpcscratch/user/ikabadzh/mambaforge/envs/myenv/lib/python3.9/site-packages/distributed/comm/core.py", line 318, in connect
    handshake = await asyncio.wait_for(comm.read(), time_left())
  File "/hpcscratch/user/ikabadzh/mambaforge/envs/myenv/lib/python3.9/asyncio/tasks.py", line 481, in wait_for
    return fut.result()
  File "/hpcscratch/user/ikabadzh/mambaforge/envs/myenv/lib/python3.9/site-packages/distributed/comm/tcp.py", line 214, in read
    convert_stream_closed_error(self, e)
  File "/hpcscratch/user/ikabadzh/mambaforge/envs/myenv/lib/python3.9/site-packages/distributed/comm/tcp.py", line 126, in convert_stream_closed_error
    raise CommClosedError(f"in {obj}: {exc.__class__.__name__}: {exc}") from exc
distributed.comm.core.CommClosedError: in <TCP (closed)  local=tcp://10.32.2.42:40642 remote=tcp://188.185.68.194:46122>: ConnectionResetError: [Errno 104] Connection reset by peer

The above exception was the direct cause of the following exception:

Traceback (most recent call last):
  File "/hpcscratch/user/ikabadzh/mambaforge/envs/myenv/lib/python3.9/site-packages/tornado/ioloop.py", line 741, in _run_callback
    ret = callback()
  File "/hpcscratch/user/ikabadzh/mambaforge/envs/myenv/lib/python3.9/site-packages/tornado/ioloop.py", line 765, in _discard_future_result
    future.result()
  File "/hpcscratch/user/ikabadzh/mambaforge/envs/myenv/lib/python3.9/site-packages/distributed/worker.py", line 1041, in heartbeat
    raise e
  File "/hpcscratch/user/ikabadzh/mambaforge/envs/myenv/lib/python3.9/site-packages/distributed/worker.py", line 1001, in heartbeat
    response = await retry_operation(
  File "/hpcscratch/user/ikabadzh/mambaforge/envs/myenv/lib/python3.9/site-packages/distributed/utils_comm.py", line 385, in retry_operation
    return await retry(
  File "/hpcscratch/user/ikabadzh/mambaforge/envs/myenv/lib/python3.9/site-packages/distributed/utils_comm.py", line 370, in retry
    return await coro()
  File "/hpcscratch/user/ikabadzh/mambaforge/envs/myenv/lib/python3.9/site-packages/distributed/core.py", line 871, in send_recv_from_rpc
    comm = await self.pool.connect(self.addr)
  File "/hpcscratch/user/ikabadzh/mambaforge/envs/myenv/lib/python3.9/site-packages/distributed/core.py", line 1059, in connect
    raise exc
  File "/hpcscratch/user/ikabadzh/mambaforge/envs/myenv/lib/python3.9/site-packages/distributed/core.py", line 1043, in connect
    comm = await fut
  File "/hpcscratch/user/ikabadzh/mambaforge/envs/myenv/lib/python3.9/site-packages/distributed/comm/core.py", line 323, in connect
    raise OSError(
OSError: Timed out during handshake while connecting to tcp://188.185.68.194:46122 after 30 s
tornado.application - ERROR - Exception in callback functools.partial(<bound method IOLoop._discard_future_result of <tornado.platform.asyncio.AsyncIOLoop object at 0x7f845342acd0>>, <Task finished name='Task-11' coro=<Worker.heartbeat() done, defined at /hpcscratch/user/ikabadzh/mambaforge/envs/myenv/lib/python3.9/site-packages/distributed/worker.py:992> exception=OSError('Timed out during handshake while connecting to tcp://188.185.68.194:46122 after 30 s')>)
Traceback (most recent call last):
  File "/hpcscratch/user/ikabadzh/mambaforge/envs/myenv/lib/python3.9/site-packages/tornado/iostream.py", line 867, in _read_to_buffer
    bytes_read = self.read_from_fd(buf)
  File "/hpcscratch/user/ikabadzh/mambaforge/envs/myenv/lib/python3.9/site-packages/tornado/iostream.py", line 1140, in read_from_fd
    return self.socket.recv_into(buf, len(buf))
ConnectionResetError: [Errno 104] Connection reset by peer

The above exception was the direct cause of the following exception:

Traceback (most recent call last):
  File "/hpcscratch/user/ikabadzh/mambaforge/envs/myenv/lib/python3.9/site-packages/distributed/comm/core.py", line 318, in connect
    handshake = await asyncio.wait_for(comm.read(), time_left())
  File "/hpcscratch/user/ikabadzh/mambaforge/envs/myenv/lib/python3.9/asyncio/tasks.py", line 481, in wait_for
    return fut.result()
  File "/hpcscratch/user/ikabadzh/mambaforge/envs/myenv/lib/python3.9/site-packages/distributed/comm/tcp.py", line 214, in read
    convert_stream_closed_error(self, e)
  File "/hpcscratch/user/ikabadzh/mambaforge/envs/myenv/lib/python3.9/site-packages/distributed/comm/tcp.py", line 126, in convert_stream_closed_error
    raise CommClosedError(f"in {obj}: {exc.__class__.__name__}: {exc}") from exc
distributed.comm.core.CommClosedError: in <TCP (closed)  local=tcp://10.32.2.42:40622 remote=tcp://188.185.68.194:46122>: ConnectionResetError: [Errno 104] Connection reset by peer

The above exception was the direct cause of the following exception:

Traceback (most recent call last):
  File "/hpcscratch/user/ikabadzh/mambaforge/envs/myenv/lib/python3.9/site-packages/tornado/ioloop.py", line 741, in _run_callback
    ret = callback()
  File "/hpcscratch/user/ikabadzh/mambaforge/envs/myenv/lib/python3.9/site-packages/tornado/ioloop.py", line 765, in _discard_future_result
    future.result()
  File "/hpcscratch/user/ikabadzh/mambaforge/envs/myenv/lib/python3.9/site-packages/distributed/worker.py", line 1041, in heartbeat
    raise e
  File "/hpcscratch/user/ikabadzh/mambaforge/envs/myenv/lib/python3.9/site-packages/distributed/worker.py", line 1001, in heartbeat
    response = await retry_operation(
  File "/hpcscratch/user/ikabadzh/mambaforge/envs/myenv/lib/python3.9/site-packages/distributed/utils_comm.py", line 385, in retry_operation
    return await retry(
  File "/hpcscratch/user/ikabadzh/mambaforge/envs/myenv/lib/python3.9/site-packages/distributed/utils_comm.py", line 370, in retry
    return await coro()
  File "/hpcscratch/user/ikabadzh/mambaforge/envs/myenv/lib/python3.9/site-packages/distributed/core.py", line 871, in send_recv_from_rpc
    comm = await self.pool.connect(self.addr)
  File "/hpcscratch/user/ikabadzh/mambaforge/envs/myenv/lib/python3.9/site-packages/distributed/core.py", line 1059, in connect
    raise exc
  File "/hpcscratch/user/ikabadzh/mambaforge/envs/myenv/lib/python3.9/site-packages/distributed/core.py", line 1043, in connect
    comm = await fut
  File "/hpcscratch/user/ikabadzh/mambaforge/envs/myenv/lib/python3.9/site-packages/distributed/comm/core.py", line 323, in connect
    raise OSError(
OSError: Timed out during handshake while connecting to tcp://188.185.68.194:46122 after 30 s
tornado.application - ERROR - Exception in callback functools.partial(<bound method IOLoop._discard_future_result of <tornado.platform.asyncio.AsyncIOLoop object at 0x7fa3013d5cd0>>, <Task finished name='Task-11' coro=<Worker.heartbeat() done, defined at /hpcscratch/user/ikabadzh/mambaforge/envs/myenv/lib/python3.9/site-packages/distributed/worker.py:992> exception=OSError('Timed out during handshake while connecting to tcp://188.185.68.194:46122 after 30 s')>)
Traceback (most recent call last):
  File "/hpcscratch/user/ikabadzh/mambaforge/envs/myenv/lib/python3.9/site-packages/tornado/iostream.py", line 867, in _read_to_buffer
    bytes_read = self.read_from_fd(buf)
  File "/hpcscratch/user/ikabadzh/mambaforge/envs/myenv/lib/python3.9/site-packages/tornado/iostream.py", line 1140, in read_from_fd
    return self.socket.recv_into(buf, len(buf))
ConnectionResetError: [Errno 104] Connection reset by peer

The above exception was the direct cause of the following exception:

Traceback (most recent call last):
  File "/hpcscratch/user/ikabadzh/mambaforge/envs/myenv/lib/python3.9/site-packages/distributed/comm/core.py", line 318, in connect
    handshake = await asyncio.wait_for(comm.read(), time_left())
  File "/hpcscratch/user/ikabadzh/mambaforge/envs/myenv/lib/python3.9/asyncio/tasks.py", line 481, in wait_for
    return fut.result()
  File "/hpcscratch/user/ikabadzh/mambaforge/envs/myenv/lib/python3.9/site-packages/distributed/comm/tcp.py", line 214, in read
    convert_stream_closed_error(self, e)
  File "/hpcscratch/user/ikabadzh/mambaforge/envs/myenv/lib/python3.9/site-packages/distributed/comm/tcp.py", line 126, in convert_stream_closed_error
    raise CommClosedError(f"in {obj}: {exc.__class__.__name__}: {exc}") from exc
distributed.comm.core.CommClosedError: in <TCP (closed)  local=tcp://10.32.2.42:40620 remote=tcp://188.185.68.194:46122>: ConnectionResetError: [Errno 104] Connection reset by peer

The above exception was the direct cause of the following exception:

Traceback (most recent call last):
  File "/hpcscratch/user/ikabadzh/mambaforge/envs/myenv/lib/python3.9/site-packages/tornado/ioloop.py", line 741, in _run_callback
    ret = callback()
  File "/hpcscratch/user/ikabadzh/mambaforge/envs/myenv/lib/python3.9/site-packages/tornado/ioloop.py", line 765, in _discard_future_result
    future.result()
  File "/hpcscratch/user/ikabadzh/mambaforge/envs/myenv/lib/python3.9/site-packages/distributed/worker.py", line 1041, in heartbeat
    raise e
  File "/hpcscratch/user/ikabadzh/mambaforge/envs/myenv/lib/python3.9/site-packages/distributed/worker.py", line 1001, in heartbeat
    response = await retry_operation(
  File "/hpcscratch/user/ikabadzh/mambaforge/envs/myenv/lib/python3.9/site-packages/distributed/utils_comm.py", line 385, in retry_operation
    return await retry(
  File "/hpcscratch/user/ikabadzh/mambaforge/envs/myenv/lib/python3.9/site-packages/distributed/utils_comm.py", line 370, in retry
    return await coro()
  File "/hpcscratch/user/ikabadzh/mambaforge/envs/myenv/lib/python3.9/site-packages/distributed/core.py", line 871, in send_recv_from_rpc
    comm = await self.pool.connect(self.addr)
  File "/hpcscratch/user/ikabadzh/mambaforge/envs/myenv/lib/python3.9/site-packages/distributed/core.py", line 1059, in connect
    raise exc
  File "/hpcscratch/user/ikabadzh/mambaforge/envs/myenv/lib/python3.9/site-packages/distributed/core.py", line 1043, in connect
    comm = await fut
  File "/hpcscratch/user/ikabadzh/mambaforge/envs/myenv/lib/python3.9/site-packages/distributed/comm/core.py", line 323, in connect
    raise OSError(
OSError: Timed out during handshake while connecting to tcp://188.185.68.194:46122 after 30 s
distributed.worker - WARNING - Heartbeat to scheduler failed
Traceback (most recent call last):
  File "/hpcscratch/user/ikabadzh/mambaforge/envs/myenv/lib/python3.9/site-packages/tornado/iostream.py", line 867, in _read_to_buffer
    bytes_read = self.read_from_fd(buf)
  File "/hpcscratch/user/ikabadzh/mambaforge/envs/myenv/lib/python3.9/site-packages/tornado/iostream.py", line 1140, in read_from_fd
    return self.socket.recv_into(buf, len(buf))
ConnectionResetError: [Errno 104] Connection reset by peer

The above exception was the direct cause of the following exception:

Traceback (most recent call last):
  File "/hpcscratch/user/ikabadzh/mambaforge/envs/myenv/lib/python3.9/site-packages/distributed/worker.py", line 1001, in heartbeat
    response = await retry_operation(
  File "/hpcscratch/user/ikabadzh/mambaforge/envs/myenv/lib/python3.9/site-packages/distributed/utils_comm.py", line 385, in retry_operation
    return await retry(
  File "/hpcscratch/user/ikabadzh/mambaforge/envs/myenv/lib/python3.9/site-packages/distributed/utils_comm.py", line 370, in retry
    return await coro()
  File "/hpcscratch/user/ikabadzh/mambaforge/envs/myenv/lib/python3.9/site-packages/distributed/core.py", line 874, in send_recv_from_rpc
    result = await send_recv(comm=comm, op=key, **kwargs)
  File "/hpcscratch/user/ikabadzh/mambaforge/envs/myenv/lib/python3.9/site-packages/distributed/core.py", line 651, in send_recv
    response = await comm.read(deserializers=deserializers)
  File "/hpcscratch/user/ikabadzh/mambaforge/envs/myenv/lib/python3.9/site-packages/distributed/comm/tcp.py", line 214, in read
    convert_stream_closed_error(self, e)
  File "/hpcscratch/user/ikabadzh/mambaforge/envs/myenv/lib/python3.9/site-packages/distributed/comm/tcp.py", line 126, in convert_stream_closed_error
    raise CommClosedError(f"in {obj}: {exc.__class__.__name__}: {exc}") from exc
distributed.comm.core.CommClosedError: in <TCP (closed) ConnectionPool.heartbeat_worker local=tcp://10.32.2.42:40640 remote=tcp://188.185.68.194:46122>: ConnectionResetError: [Errno 104] Connection reset by peer
distributed.worker - INFO - Connection to scheduler broken.  Reconnecting...
distributed.worker - INFO - Connection to scheduler broken.  Reconnecting...
distributed.worker - INFO - Connection to scheduler broken.  Reconnecting...
distributed.worker - INFO - Connection to scheduler broken.  Reconnecting...
distributed.worker - INFO - Connection to scheduler broken.  Reconnecting...
distributed.worker - INFO - Connection to scheduler broken.  Reconnecting...
distributed.worker - INFO - Connection to scheduler broken.  Reconnecting...
distributed.worker - INFO - Connection to scheduler broken.  Reconnecting...
distributed.worker - INFO - Connection to scheduler broken.  Reconnecting...
distributed.worker - INFO - Connection to scheduler broken.  Reconnecting...
distributed.worker - INFO - Connection to scheduler broken.  Reconnecting...
distributed.worker - INFO - Connection to scheduler broken.  Reconnecting...
distributed.worker - INFO - Connection to scheduler broken.  Reconnecting...
distributed.worker - INFO - Connection to scheduler broken.  Reconnecting...
distributed.worker - INFO - Connection to scheduler broken.  Reconnecting...
distributed.worker - INFO - Connection to scheduler broken.  Reconnecting...
distributed.worker - INFO - Connection to scheduler broken.  Reconnecting...
distributed.worker - INFO - Connection to scheduler broken.  Reconnecting...
distributed.worker - INFO - Connection to scheduler broken.  Reconnecting...
distributed.worker - INFO - Connection to scheduler broken.  Reconnecting...
distributed.worker - INFO - Connection to scheduler broken.  Reconnecting...
distributed.worker - INFO - Connection to scheduler broken.  Reconnecting...
distributed.worker - INFO - Connection to scheduler broken.  Reconnecting...
distributed.worker - INFO - Connection to scheduler broken.  Reconnecting...
distributed.worker - WARNING - Heartbeat to scheduler failed
Traceback (most recent call last):
  File "/hpcscratch/user/ikabadzh/mambaforge/envs/myenv/lib/python3.9/site-packages/distributed/comm/tcp.py", line 198, in read
    frames_nbytes = await stream.read_bytes(fmt_size)
tornado.iostream.StreamClosedError: Stream is closed

The above exception was the direct cause of the following exception:

Traceback (most recent call last):
  File "/hpcscratch/user/ikabadzh/mambaforge/envs/myenv/lib/python3.9/site-packages/distributed/worker.py", line 1001, in heartbeat
    response = await retry_operation(
  File "/hpcscratch/user/ikabadzh/mambaforge/envs/myenv/lib/python3.9/site-packages/distributed/utils_comm.py", line 385, in retry_operation
    return await retry(
  File "/hpcscratch/user/ikabadzh/mambaforge/envs/myenv/lib/python3.9/site-packages/distributed/utils_comm.py", line 370, in retry
    return await coro()
  File "/hpcscratch/user/ikabadzh/mambaforge/envs/myenv/lib/python3.9/site-packages/distributed/core.py", line 874, in send_recv_from_rpc
    result = await send_recv(comm=comm, op=key, **kwargs)
  File "/hpcscratch/user/ikabadzh/mambaforge/envs/myenv/lib/python3.9/site-packages/distributed/core.py", line 651, in send_recv
    response = await comm.read(deserializers=deserializers)
  File "/hpcscratch/user/ikabadzh/mambaforge/envs/myenv/lib/python3.9/site-packages/distributed/comm/tcp.py", line 214, in read
    convert_stream_closed_error(self, e)
  File "/hpcscratch/user/ikabadzh/mambaforge/envs/myenv/lib/python3.9/site-packages/distributed/comm/tcp.py", line 128, in convert_stream_closed_error
    raise CommClosedError(f"in {obj}: {exc}") from exc
distributed.comm.core.CommClosedError: in <TCP (closed) ConnectionPool.heartbeat_worker local=tcp://10.32.2.42:40608 remote=tcp://188.185.68.194:46122>: Stream is closed
distributed.worker - WARNING - Heartbeat to scheduler failed
Traceback (most recent call last):
  File "/hpcscratch/user/ikabadzh/mambaforge/envs/myenv/lib/python3.9/site-packages/distributed/comm/tcp.py", line 198, in read
    frames_nbytes = await stream.read_bytes(fmt_size)
tornado.iostream.StreamClosedError: Stream is closed

The above exception was the direct cause of the following exception:

Traceback (most recent call last):
  File "/hpcscratch/user/ikabadzh/mambaforge/envs/myenv/lib/python3.9/site-packages/distributed/worker.py", line 1001, in heartbeat
    response = await retry_operation(
  File "/hpcscratch/user/ikabadzh/mambaforge/envs/myenv/lib/python3.9/site-packages/distributed/utils_comm.py", line 385, in retry_operation
    return await retry(
  File "/hpcscratch/user/ikabadzh/mambaforge/envs/myenv/lib/python3.9/site-packages/distributed/utils_comm.py", line 370, in retry
    return await coro()
  File "/hpcscratch/user/ikabadzh/mambaforge/envs/myenv/lib/python3.9/site-packages/distributed/core.py", line 874, in send_recv_from_rpc
    result = await send_recv(comm=comm, op=key, **kwargs)
  File "/hpcscratch/user/ikabadzh/mambaforge/envs/myenv/lib/python3.9/site-packages/distributed/core.py", line 651, in send_recv
    response = await comm.read(deserializers=deserializers)
  File "/hpcscratch/user/ikabadzh/mambaforge/envs/myenv/lib/python3.9/site-packages/distributed/comm/tcp.py", line 214, in read
    convert_stream_closed_error(self, e)
  File "/hpcscratch/user/ikabadzh/mambaforge/envs/myenv/lib/python3.9/site-packages/distributed/comm/tcp.py", line 128, in convert_stream_closed_error
    raise CommClosedError(f"in {obj}: {exc}") from exc
distributed.comm.core.CommClosedError: in <TCP (closed) ConnectionPool.heartbeat_worker local=tcp://10.32.2.42:40610 remote=tcp://188.185.68.194:46122>: Stream is closed
distributed.worker - INFO - Connection to scheduler broken.  Reconnecting...
distributed.worker - INFO - Connection to scheduler broken.  Reconnecting...
distributed.worker - INFO - Connection to scheduler broken.  Reconnecting...
distributed.worker - INFO - Connection to scheduler broken.  Reconnecting...
distributed.worker - INFO - Connection to scheduler broken.  Reconnecting...
distributed.worker - WARNING - Heartbeat to scheduler failed
Traceback (most recent call last):
  File "/hpcscratch/user/ikabadzh/mambaforge/envs/myenv/lib/python3.9/site-packages/tornado/iostream.py", line 867, in _read_to_buffer
    bytes_read = self.read_from_fd(buf)
  File "/hpcscratch/user/ikabadzh/mambaforge/envs/myenv/lib/python3.9/site-packages/tornado/iostream.py", line 1140, in read_from_fd
    return self.socket.recv_into(buf, len(buf))
ConnectionResetError: [Errno 104] Connection reset by peer

The above exception was the direct cause of the following exception:

Traceback (most recent call last):
  File "/hpcscratch/user/ikabadzh/mambaforge/envs/myenv/lib/python3.9/site-packages/distributed/worker.py", line 1001, in heartbeat
    response = await retry_operation(
  File "/hpcscratch/user/ikabadzh/mambaforge/envs/myenv/lib/python3.9/site-packages/distributed/utils_comm.py", line 385, in retry_operation
    return await retry(
  File "/hpcscratch/user/ikabadzh/mambaforge/envs/myenv/lib/python3.9/site-packages/distributed/utils_comm.py", line 370, in retry
    return await coro()
  File "/hpcscratch/user/ikabadzh/mambaforge/envs/myenv/lib/python3.9/site-packages/distributed/core.py", line 874, in send_recv_from_rpc
    result = await send_recv(comm=comm, op=key, **kwargs)
  File "/hpcscratch/user/ikabadzh/mambaforge/envs/myenv/lib/python3.9/site-packages/distributed/core.py", line 651, in send_recv
    response = await comm.read(deserializers=deserializers)
  File "/hpcscratch/user/ikabadzh/mambaforge/envs/myenv/lib/python3.9/site-packages/distributed/comm/tcp.py", line 214, in read
    convert_stream_closed_error(self, e)
  File "/hpcscratch/user/ikabadzh/mambaforge/envs/myenv/lib/python3.9/site-packages/distributed/comm/tcp.py", line 126, in convert_stream_closed_error
    raise CommClosedError(f"in {obj}: {exc.__class__.__name__}: {exc}") from exc
distributed.comm.core.CommClosedError: in <TCP (closed) ConnectionPool.heartbeat_worker local=tcp://10.32.2.42:40614 remote=tcp://188.185.68.194:46122>: ConnectionResetError: [Errno 104] Connection reset by peer
distributed.worker - WARNING - Heartbeat to scheduler failed
Traceback (most recent call last):
  File "/hpcscratch/user/ikabadzh/mambaforge/envs/myenv/lib/python3.9/site-packages/tornado/iostream.py", line 867, in _read_to_buffer
    bytes_read = self.read_from_fd(buf)
  File "/hpcscratch/user/ikabadzh/mambaforge/envs/myenv/lib/python3.9/site-packages/tornado/iostream.py", line 1140, in read_from_fd
    return self.socket.recv_into(buf, len(buf))
ConnectionResetError: [Errno 104] Connection reset by peer

The above exception was the direct cause of the following exception:

Traceback (most recent call last):
  File "/hpcscratch/user/ikabadzh/mambaforge/envs/myenv/lib/python3.9/site-packages/distributed/worker.py", line 1001, in heartbeat
    response = await retry_operation(
  File "/hpcscratch/user/ikabadzh/mambaforge/envs/myenv/lib/python3.9/site-packages/distributed/utils_comm.py", line 385, in retry_operation
    return await retry(
  File "/hpcscratch/user/ikabadzh/mambaforge/envs/myenv/lib/python3.9/site-packages/distributed/utils_comm.py", line 370, in retry
    return await coro()
  File "/hpcscratch/user/ikabadzh/mambaforge/envs/myenv/lib/python3.9/site-packages/distributed/core.py", line 874, in send_recv_from_rpc
    result = await send_recv(comm=comm, op=key, **kwargs)
  File "/hpcscratch/user/ikabadzh/mambaforge/envs/myenv/lib/python3.9/site-packages/distributed/core.py", line 651, in send_recv
    response = await comm.read(deserializers=deserializers)
  File "/hpcscratch/user/ikabadzh/mambaforge/envs/myenv/lib/python3.9/site-packages/distributed/comm/tcp.py", line 214, in read
    convert_stream_closed_error(self, e)
  File "/hpcscratch/user/ikabadzh/mambaforge/envs/myenv/lib/python3.9/site-packages/distributed/comm/tcp.py", line 126, in convert_stream_closed_error
    raise CommClosedError(f"in {obj}: {exc.__class__.__name__}: {exc}") from exc
distributed.comm.core.CommClosedError: in <TCP (closed) ConnectionPool.heartbeat_worker local=tcp://10.32.2.42:40612 remote=tcp://188.185.68.194:46122>: ConnectionResetError: [Errno 104] Connection reset by peer
distributed.worker - WARNING - Heartbeat to scheduler failed
Traceback (most recent call last):
  File "/hpcscratch/user/ikabadzh/mambaforge/envs/myenv/lib/python3.9/site-packages/tornado/iostream.py", line 867, in _read_to_buffer
    bytes_read = self.read_from_fd(buf)
  File "/hpcscratch/user/ikabadzh/mambaforge/envs/myenv/lib/python3.9/site-packages/tornado/iostream.py", line 1140, in read_from_fd
    return self.socket.recv_into(buf, len(buf))
ConnectionResetError: [Errno 104] Connection reset by peer

The above exception was the direct cause of the following exception:

Traceback (most recent call last):
  File "/hpcscratch/user/ikabadzh/mambaforge/envs/myenv/lib/python3.9/site-packages/distributed/worker.py", line 1001, in heartbeat
    response = await retry_operation(
  File "/hpcscratch/user/ikabadzh/mambaforge/envs/myenv/lib/python3.9/site-packages/distributed/utils_comm.py", line 385, in retry_operation
    return await retry(
  File "/hpcscratch/user/ikabadzh/mambaforge/envs/myenv/lib/python3.9/site-packages/distributed/utils_comm.py", line 370, in retry
    return await coro()
  File "/hpcscratch/user/ikabadzh/mambaforge/envs/myenv/lib/python3.9/site-packages/distributed/core.py", line 874, in send_recv_from_rpc
    result = await send_recv(comm=comm, op=key, **kwargs)
  File "/hpcscratch/user/ikabadzh/mambaforge/envs/myenv/lib/python3.9/site-packages/distributed/core.py", line 651, in send_recv
    response = await comm.read(deserializers=deserializers)
  File "/hpcscratch/user/ikabadzh/mambaforge/envs/myenv/lib/python3.9/site-packages/distributed/comm/tcp.py", line 214, in read
    convert_stream_closed_error(self, e)
  File "/hpcscratch/user/ikabadzh/mambaforge/envs/myenv/lib/python3.9/site-packages/distributed/comm/tcp.py", line 126, in convert_stream_closed_error
    raise CommClosedError(f"in {obj}: {exc.__class__.__name__}: {exc}") from exc
distributed.comm.core.CommClosedError: in <TCP (closed) ConnectionPool.heartbeat_worker local=tcp://10.32.2.42:40638 remote=tcp://188.185.68.194:46122>: ConnectionResetError: [Errno 104] Connection reset by peer
distributed.worker - INFO - Connection to scheduler broken.  Reconnecting...
distributed.worker - INFO - Connection to scheduler broken.  Reconnecting...
distributed.worker - INFO - Connection to scheduler broken.  Reconnecting...
distributed.worker - INFO - Stopping worker at tcp://10.32.2.42:39125
distributed.nanny - INFO - Worker closed
distributed.worker - INFO - Stopping worker at tcp://10.32.2.42:35119
distributed.nanny - INFO - Worker closed
distributed.nanny - INFO - Closing Nanny at 'tcp://10.32.2.42:40991'
distributed.nanny - INFO - Closing Nanny at 'tcp://10.32.2.42:32965'
distributed.worker - INFO - Stopping worker at tcp://10.32.2.42:44731
distributed.nanny - INFO - Worker closed
distributed.nanny - INFO - Closing Nanny at 'tcp://10.32.2.42:46863'
distributed.worker - INFO - Stopping worker at tcp://10.32.2.42:41573
distributed.nanny - INFO - Worker closed
distributed.worker - INFO - Stopping worker at tcp://10.32.2.42:33385
distributed.nanny - INFO - Worker closed
distributed.worker - INFO - Stopping worker at tcp://10.32.2.42:34667
distributed.nanny - INFO - Worker closed
distributed.worker - INFO - Stopping worker at tcp://10.32.2.42:42067
distributed.nanny - INFO - Worker closed
distributed.worker - INFO - Stopping worker at tcp://10.32.2.42:41249
distributed.nanny - INFO - Worker closed
distributed.worker - INFO - Stopping worker at tcp://10.32.2.42:36003
distributed.nanny - INFO - Worker closed
distributed.nanny - INFO - Closing Nanny at 'tcp://10.32.2.42:39203'
distributed.nanny - INFO - Closing Nanny at 'tcp://10.32.2.42:45455'
distributed.nanny - INFO - Closing Nanny at 'tcp://10.32.2.42:43383'
distributed.nanny - INFO - Closing Nanny at 'tcp://10.32.2.42:34133'
distributed.nanny - INFO - Closing Nanny at 'tcp://10.32.2.42:35945'
distributed.nanny - INFO - Closing Nanny at 'tcp://10.32.2.42:37685'
distributed.worker - INFO - Stopping worker at tcp://10.32.2.42:35209
distributed.nanny - INFO - Worker closed
distributed.worker - INFO - Stopping worker at tcp://10.32.2.42:34925
distributed.nanny - INFO - Worker closed
distributed.worker - INFO - Stopping worker at tcp://10.32.2.42:43575
distributed.nanny - INFO - Worker closed
distributed.worker - INFO - Stopping worker at tcp://10.32.2.42:38577
distributed.nanny - INFO - Worker closed
distributed.worker - INFO - Stopping worker at tcp://10.32.2.42:42949
distributed.nanny - INFO - Worker closed
distributed.worker - INFO - Stopping worker at tcp://10.32.2.42:34337
distributed.nanny - INFO - Worker closed
distributed.worker - INFO - Stopping worker at tcp://10.32.2.42:33691
distributed.nanny - INFO - Worker closed
distributed.worker - INFO - Stopping worker at tcp://10.32.2.42:36687
distributed.nanny - INFO - Worker closed
distributed.nanny - INFO - Closing Nanny at 'tcp://10.32.2.42:42747'
distributed.nanny - INFO - Closing Nanny at 'tcp://10.32.2.42:43193'
distributed.nanny - INFO - Closing Nanny at 'tcp://10.32.2.42:42731'
distributed.nanny - INFO - Closing Nanny at 'tcp://10.32.2.42:39249'
distributed.nanny - INFO - Closing Nanny at 'tcp://10.32.2.42:38627'
distributed.nanny - INFO - Closing Nanny at 'tcp://10.32.2.42:32993'
distributed.nanny - INFO - Closing Nanny at 'tcp://10.32.2.42:34719'
distributed.nanny - INFO - Closing Nanny at 'tcp://10.32.2.42:32905'
distributed.worker - INFO - Stopping worker at tcp://10.32.2.42:35127
distributed.nanny - INFO - Worker closed
distributed.worker - INFO - Stopping worker at tcp://10.32.2.42:37413
distributed.nanny - INFO - Worker closed
distributed.worker - INFO - Stopping worker at tcp://10.32.2.42:45879
distributed.nanny - INFO - Worker closed
distributed.worker - INFO - Stopping worker at tcp://10.32.2.42:43047
distributed.nanny - INFO - Worker closed
distributed.worker - INFO - Stopping worker at tcp://10.32.2.42:39967
distributed.nanny - INFO - Worker closed
distributed.nanny - INFO - Closing Nanny at 'tcp://10.32.2.42:37215'
distributed.nanny - INFO - Closing Nanny at 'tcp://10.32.2.42:41605'
distributed.nanny - INFO - Closing Nanny at 'tcp://10.32.2.42:37693'
distributed.nanny - INFO - Closing Nanny at 'tcp://10.32.2.42:38845'
distributed.nanny - INFO - Closing Nanny at 'tcp://10.32.2.42:38463'
distributed.worker - INFO - Stopping worker at tcp://10.32.2.42:37489
distributed.worker - INFO - Stopping worker at tcp://10.32.2.42:36155
distributed.worker - INFO - Stopping worker at tcp://10.32.2.42:36695
distributed.nanny - INFO - Worker closed
distributed.nanny - INFO - Worker closed
distributed.nanny - INFO - Worker closed
distributed.nanny - INFO - Closing Nanny at 'tcp://10.32.2.42:34745'
distributed.nanny - INFO - Closing Nanny at 'tcp://10.32.2.42:46725'
distributed.nanny - INFO - Closing Nanny at 'tcp://10.32.2.42:33079'
distributed.worker - INFO - Stopping worker at tcp://10.32.2.42:45517
distributed.worker - INFO - Stopping worker at tcp://10.32.2.42:33183
distributed.nanny - INFO - Worker closed
distributed.nanny - INFO - Worker closed
distributed.nanny - INFO - Closing Nanny at 'tcp://10.32.2.42:45373'
distributed.nanny - INFO - Closing Nanny at 'tcp://10.32.2.42:34251'
distributed.worker - INFO - Stopping worker at tcp://10.32.2.42:34533
distributed.nanny - INFO - Worker closed
distributed.nanny - INFO - Closing Nanny at 'tcp://10.32.2.42:37557'
distributed.worker - INFO - Stopping worker at tcp://10.32.2.42:46547
distributed.nanny - INFO - Worker closed
distributed.worker - INFO - Stopping worker at tcp://10.32.2.42:34717
distributed.nanny - INFO - Worker closed
distributed.worker - INFO - Stopping worker at tcp://10.32.2.42:41245
distributed.nanny - INFO - Worker closed
distributed.nanny - INFO - Closing Nanny at 'tcp://10.32.2.42:46295'
distributed.nanny - INFO - Closing Nanny at 'tcp://10.32.2.42:39107'
distributed.nanny - INFO - Closing Nanny at 'tcp://10.32.2.42:44589'
distributed.worker - INFO - Stopping worker at tcp://10.32.2.42:43031
distributed.nanny - INFO - Worker closed
distributed.nanny - INFO - Closing Nanny at 'tcp://10.32.2.42:36067'
distributed.dask_worker - INFO - End worker
