Auks API request failed : krb5 cred : unable to read credential cache
distributed.nanny - INFO -         Start Nanny at: 'tcp://10.32.2.66:43531'
distributed.nanny - INFO -         Start Nanny at: 'tcp://10.32.2.66:33093'
distributed.nanny - INFO -         Start Nanny at: 'tcp://10.32.2.66:42449'
distributed.nanny - INFO -         Start Nanny at: 'tcp://10.32.2.66:41845'
distributed.nanny - INFO -         Start Nanny at: 'tcp://10.32.2.66:40387'
distributed.nanny - INFO -         Start Nanny at: 'tcp://10.32.2.66:43615'
distributed.nanny - INFO -         Start Nanny at: 'tcp://10.32.2.66:41683'
distributed.nanny - INFO -         Start Nanny at: 'tcp://10.32.2.66:33689'
distributed.nanny - INFO -         Start Nanny at: 'tcp://10.32.2.66:46293'
distributed.nanny - INFO -         Start Nanny at: 'tcp://10.32.2.66:33563'
distributed.nanny - INFO -         Start Nanny at: 'tcp://10.32.2.66:36801'
distributed.nanny - INFO -         Start Nanny at: 'tcp://10.32.2.66:38655'
distributed.nanny - INFO -         Start Nanny at: 'tcp://10.32.2.66:33949'
distributed.nanny - INFO -         Start Nanny at: 'tcp://10.32.2.66:38405'
distributed.nanny - INFO -         Start Nanny at: 'tcp://10.32.2.66:35459'
distributed.nanny - INFO -         Start Nanny at: 'tcp://10.32.2.66:38637'
distributed.nanny - INFO -         Start Nanny at: 'tcp://10.32.2.66:40727'
distributed.nanny - INFO -         Start Nanny at: 'tcp://10.32.2.66:42873'
distributed.nanny - INFO -         Start Nanny at: 'tcp://10.32.2.66:38767'
distributed.nanny - INFO -         Start Nanny at: 'tcp://10.32.2.66:36843'
distributed.nanny - INFO -         Start Nanny at: 'tcp://10.32.2.66:41769'
distributed.nanny - INFO -         Start Nanny at: 'tcp://10.32.2.66:38955'
distributed.nanny - INFO -         Start Nanny at: 'tcp://10.32.2.66:36491'
distributed.nanny - INFO -         Start Nanny at: 'tcp://10.32.2.66:34749'
distributed.nanny - INFO -         Start Nanny at: 'tcp://10.32.2.66:34585'
distributed.nanny - INFO -         Start Nanny at: 'tcp://10.32.2.66:34477'
distributed.nanny - INFO -         Start Nanny at: 'tcp://10.32.2.66:38927'
distributed.nanny - INFO -         Start Nanny at: 'tcp://10.32.2.66:36831'
distributed.nanny - INFO -         Start Nanny at: 'tcp://10.32.2.66:40591'
distributed.nanny - INFO -         Start Nanny at: 'tcp://10.32.2.66:35525'
distributed.nanny - INFO -         Start Nanny at: 'tcp://10.32.2.66:43447'
distributed.nanny - INFO -         Start Nanny at: 'tcp://10.32.2.66:46249'
distributed.diskutils - INFO - Found stale lock file and directory '/tmp/ikabadzh/dask-worker-space/worker-hquv6u9j', purging
distributed.diskutils - INFO - Found stale lock file and directory '/tmp/ikabadzh/dask-worker-space/worker-ntk7ayxw', purging
distributed.diskutils - INFO - Found stale lock file and directory '/tmp/ikabadzh/dask-worker-space/worker-jnvhre2w', purging
distributed.diskutils - INFO - Found stale lock file and directory '/tmp/ikabadzh/dask-worker-space/worker-6b7t9mip', purging
distributed.diskutils - INFO - Found stale lock file and directory '/tmp/ikabadzh/dask-worker-space/worker-4vlxf9qq', purging
distributed.diskutils - INFO - Found stale lock file and directory '/tmp/ikabadzh/dask-worker-space/worker-akuir6gj', purging
distributed.diskutils - INFO - Found stale lock file and directory '/tmp/ikabadzh/dask-worker-space/worker-qhq07rmh', purging
distributed.diskutils - INFO - Found stale lock file and directory '/tmp/ikabadzh/dask-worker-space/worker-w8hbz1nu', purging
distributed.diskutils - INFO - Found stale lock file and directory '/tmp/ikabadzh/dask-worker-space/worker-bwqqnaic', purging
distributed.diskutils - INFO - Found stale lock file and directory '/tmp/ikabadzh/dask-worker-space/worker-aru52e8s', purging
distributed.diskutils - INFO - Found stale lock file and directory '/tmp/ikabadzh/dask-worker-space/worker-f70hfe_c', purging
distributed.diskutils - INFO - Found stale lock file and directory '/tmp/ikabadzh/dask-worker-space/worker-61w7u06q', purging
distributed.diskutils - INFO - Found stale lock file and directory '/tmp/ikabadzh/dask-worker-space/worker-s9iim7ac', purging
distributed.diskutils - INFO - Found stale lock file and directory '/tmp/ikabadzh/dask-worker-space/worker-lwcqo_f4', purging
distributed.diskutils - INFO - Found stale lock file and directory '/tmp/ikabadzh/dask-worker-space/worker-3bsb01sp', purging
distributed.diskutils - INFO - Found stale lock file and directory '/tmp/ikabadzh/dask-worker-space/worker-f84a_wdf', purging
distributed.worker - INFO -       Start worker at:     tcp://10.32.2.66:35123
distributed.worker - INFO -          Listening to:     tcp://10.32.2.66:35123
distributed.worker - INFO -          dashboard at:           10.32.2.66:34131
distributed.worker - INFO - Waiting to connect to: tcp://188.185.68.194:46122
distributed.worker - INFO - -------------------------------------------------
distributed.worker - INFO -               Threads:                          1
distributed.worker - INFO -                Memory:                  14.90 GiB
distributed.worker - INFO -       Local Directory: /tmp/ikabadzh/dask-worker-space/worker-n5ld6cpw
distributed.worker - INFO - -------------------------------------------------
distributed.worker - INFO -       Start worker at:     tcp://10.32.2.66:40885
distributed.worker - INFO -          Listening to:     tcp://10.32.2.66:40885
distributed.worker - INFO -          dashboard at:           10.32.2.66:46037
distributed.worker - INFO - Waiting to connect to: tcp://188.185.68.194:46122
distributed.worker - INFO - -------------------------------------------------
distributed.worker - INFO -               Threads:                          1
distributed.worker - INFO -                Memory:                  14.90 GiB
distributed.worker - INFO -       Local Directory: /tmp/ikabadzh/dask-worker-space/worker-rvmb4rj6
distributed.worker - INFO - -------------------------------------------------
distributed.worker - INFO -       Start worker at:     tcp://10.32.2.66:45895
distributed.worker - INFO -       Start worker at:     tcp://10.32.2.66:41749
distributed.worker - INFO -          Listening to:     tcp://10.32.2.66:45895
distributed.worker - INFO -          Listening to:     tcp://10.32.2.66:41749
distributed.worker - INFO -          dashboard at:           10.32.2.66:42689
distributed.worker - INFO - Waiting to connect to: tcp://188.185.68.194:46122
distributed.worker - INFO - -------------------------------------------------
distributed.worker - INFO -               Threads:                          1
distributed.worker - INFO -                Memory:                  14.90 GiB
distributed.worker - INFO -       Local Directory: /tmp/ikabadzh/dask-worker-space/worker-giu18heo
distributed.worker - INFO -          dashboard at:           10.32.2.66:33529
distributed.worker - INFO - -------------------------------------------------
distributed.worker - INFO - Waiting to connect to: tcp://188.185.68.194:46122
distributed.worker - INFO - -------------------------------------------------
distributed.worker - INFO -               Threads:                          1
distributed.worker - INFO -                Memory:                  14.90 GiB
distributed.worker - INFO -       Local Directory: /tmp/ikabadzh/dask-worker-space/worker-m1q01_l7
distributed.worker - INFO - -------------------------------------------------
distributed.worker - INFO -       Start worker at:     tcp://10.32.2.66:43387
distributed.worker - INFO -          Listening to:     tcp://10.32.2.66:43387
distributed.worker - INFO -          dashboard at:           10.32.2.66:36721
distributed.worker - INFO - Waiting to connect to: tcp://188.185.68.194:46122
distributed.worker - INFO - -------------------------------------------------
distributed.worker - INFO -               Threads:                          1
distributed.worker - INFO -                Memory:                  14.90 GiB
distributed.worker - INFO -       Local Directory: /tmp/ikabadzh/dask-worker-space/worker-mtyzuycc
distributed.worker - INFO - -------------------------------------------------
distributed.worker - INFO -       Start worker at:     tcp://10.32.2.66:39317
distributed.worker - INFO -          Listening to:     tcp://10.32.2.66:39317
distributed.worker - INFO -          dashboard at:           10.32.2.66:41919
distributed.worker - INFO - Waiting to connect to: tcp://188.185.68.194:46122
distributed.worker - INFO - -------------------------------------------------
distributed.worker - INFO -               Threads:                          1
distributed.worker - INFO -                Memory:                  14.90 GiB
distributed.worker - INFO -       Local Directory: /tmp/ikabadzh/dask-worker-space/worker-gkpaajnr
distributed.worker - INFO - -------------------------------------------------
distributed.worker - INFO -       Start worker at:     tcp://10.32.2.66:32925
distributed.worker - INFO -          Listening to:     tcp://10.32.2.66:32925
distributed.worker - INFO -          dashboard at:           10.32.2.66:39753
distributed.worker - INFO - Waiting to connect to: tcp://188.185.68.194:46122
distributed.worker - INFO - -------------------------------------------------
distributed.worker - INFO -               Threads:                          1
distributed.worker - INFO -                Memory:                  14.90 GiB
distributed.worker - INFO -       Local Directory: /tmp/ikabadzh/dask-worker-space/worker-ubhqt__k
distributed.worker - INFO - -------------------------------------------------
distributed.worker - INFO -         Registered to: tcp://188.185.68.194:46122
distributed.worker - INFO - -------------------------------------------------
distributed.core - INFO - Starting established connection
distributed.worker - INFO -         Registered to: tcp://188.185.68.194:46122
distributed.worker - INFO - -------------------------------------------------
distributed.core - INFO - Starting established connection
distributed.worker - INFO -         Registered to: tcp://188.185.68.194:46122
distributed.worker - INFO - -------------------------------------------------
distributed.core - INFO - Starting established connection
distributed.worker - INFO -       Start worker at:     tcp://10.32.2.66:38793
distributed.worker - INFO -          Listening to:     tcp://10.32.2.66:38793
distributed.worker - INFO -          dashboard at:           10.32.2.66:36283
distributed.worker - INFO - Waiting to connect to: tcp://188.185.68.194:46122
distributed.worker - INFO - -------------------------------------------------
distributed.worker - INFO -               Threads:                          1
distributed.worker - INFO -                Memory:                  14.90 GiB
distributed.worker - INFO -       Local Directory: /tmp/ikabadzh/dask-worker-space/worker-_o_f2b8f
distributed.worker - INFO - -------------------------------------------------
distributed.worker - INFO -       Start worker at:     tcp://10.32.2.66:45267
distributed.worker - INFO -          Listening to:     tcp://10.32.2.66:45267
distributed.worker - INFO -          dashboard at:           10.32.2.66:44963
distributed.worker - INFO - Waiting to connect to: tcp://188.185.68.194:46122
distributed.worker - INFO - -------------------------------------------------
distributed.worker - INFO -               Threads:                          1
distributed.worker - INFO -                Memory:                  14.90 GiB
distributed.worker - INFO -       Local Directory: /tmp/ikabadzh/dask-worker-space/worker-j8ss91y6
distributed.worker - INFO - -------------------------------------------------
distributed.worker - INFO -       Start worker at:     tcp://10.32.2.66:35267
distributed.worker - INFO -          Listening to:     tcp://10.32.2.66:35267
distributed.worker - INFO -          dashboard at:           10.32.2.66:42543
distributed.worker - INFO - Waiting to connect to: tcp://188.185.68.194:46122
distributed.worker - INFO - -------------------------------------------------
distributed.worker - INFO -               Threads:                          1
distributed.worker - INFO -                Memory:                  14.90 GiB
distributed.worker - INFO -       Local Directory: /tmp/ikabadzh/dask-worker-space/worker-c5cpwziz
distributed.worker - INFO - -------------------------------------------------
distributed.worker - INFO -       Start worker at:     tcp://10.32.2.66:36951
distributed.worker - INFO -          Listening to:     tcp://10.32.2.66:36951
distributed.worker - INFO -          dashboard at:           10.32.2.66:34115
distributed.worker - INFO - Waiting to connect to: tcp://188.185.68.194:46122
distributed.worker - INFO - -------------------------------------------------
distributed.worker - INFO -               Threads:                          1
distributed.worker - INFO -                Memory:                  14.90 GiB
distributed.worker - INFO -       Local Directory: /tmp/ikabadzh/dask-worker-space/worker-qg4xhdtp
distributed.worker - INFO - -------------------------------------------------
distributed.worker - INFO -       Start worker at:     tcp://10.32.2.66:37237
distributed.worker - INFO -          Listening to:     tcp://10.32.2.66:37237
distributed.worker - INFO -          dashboard at:           10.32.2.66:41093
distributed.worker - INFO - Waiting to connect to: tcp://188.185.68.194:46122
distributed.worker - INFO - -------------------------------------------------
distributed.worker - INFO -               Threads:                          1
distributed.worker - INFO -                Memory:                  14.90 GiB
distributed.worker - INFO -       Local Directory: /tmp/ikabadzh/dask-worker-space/worker-aut1bbpz
distributed.worker - INFO - -------------------------------------------------
distributed.worker - INFO -       Start worker at:     tcp://10.32.2.66:37457
distributed.worker - INFO -          Listening to:     tcp://10.32.2.66:37457
distributed.worker - INFO -          dashboard at:           10.32.2.66:34791
distributed.worker - INFO - Waiting to connect to: tcp://188.185.68.194:46122
distributed.worker - INFO - -------------------------------------------------
distributed.worker - INFO -               Threads:                          1
distributed.worker - INFO -                Memory:                  14.90 GiB
distributed.worker - INFO -       Local Directory: /tmp/ikabadzh/dask-worker-space/worker-7zc9vk9l
distributed.worker - INFO - -------------------------------------------------
distributed.worker - INFO -       Start worker at:     tcp://10.32.2.66:33037
distributed.worker - INFO -          Listening to:     tcp://10.32.2.66:33037
distributed.worker - INFO -          dashboard at:           10.32.2.66:44879
distributed.worker - INFO - Waiting to connect to: tcp://188.185.68.194:46122
distributed.worker - INFO - -------------------------------------------------
distributed.worker - INFO -               Threads:                          1
distributed.worker - INFO -                Memory:                  14.90 GiB
distributed.worker - INFO -       Local Directory: /tmp/ikabadzh/dask-worker-space/worker-lmgzlx67
distributed.worker - INFO - -------------------------------------------------
distributed.worker - INFO -       Start worker at:     tcp://10.32.2.66:37371
distributed.worker - INFO -          Listening to:     tcp://10.32.2.66:37371
distributed.worker - INFO -          dashboard at:           10.32.2.66:35199
distributed.worker - INFO - Waiting to connect to: tcp://188.185.68.194:46122
distributed.worker - INFO - -------------------------------------------------
distributed.worker - INFO -               Threads:                          1
distributed.worker - INFO -                Memory:                  14.90 GiB
distributed.worker - INFO -       Local Directory: /tmp/ikabadzh/dask-worker-space/worker-afo07_iu
distributed.worker - INFO - -------------------------------------------------
distributed.worker - INFO -       Start worker at:     tcp://10.32.2.66:34217
distributed.worker - INFO -          Listening to:     tcp://10.32.2.66:34217
distributed.worker - INFO -          dashboard at:           10.32.2.66:38515
distributed.worker - INFO - Waiting to connect to: tcp://188.185.68.194:46122
distributed.worker - INFO - -------------------------------------------------
distributed.worker - INFO -               Threads:                          1
distributed.worker - INFO -                Memory:                  14.90 GiB
distributed.worker - INFO -       Local Directory: /tmp/ikabadzh/dask-worker-space/worker-2vfkkw44
distributed.worker - INFO - -------------------------------------------------
distributed.worker - INFO -       Start worker at:     tcp://10.32.2.66:42037
distributed.worker - INFO -          Listening to:     tcp://10.32.2.66:42037
distributed.worker - INFO -          dashboard at:           10.32.2.66:33097
distributed.worker - INFO - Waiting to connect to: tcp://188.185.68.194:46122
distributed.worker - INFO - -------------------------------------------------
distributed.worker - INFO -               Threads:                          1
distributed.worker - INFO -                Memory:                  14.90 GiB
distributed.worker - INFO -       Local Directory: /tmp/ikabadzh/dask-worker-space/worker-5uurmofh
distributed.worker - INFO - -------------------------------------------------
distributed.worker - INFO -       Start worker at:     tcp://10.32.2.66:32849
distributed.worker - INFO -          Listening to:     tcp://10.32.2.66:32849
distributed.worker - INFO -          dashboard at:           10.32.2.66:39275
distributed.worker - INFO - Waiting to connect to: tcp://188.185.68.194:46122
distributed.worker - INFO - -------------------------------------------------
distributed.worker - INFO -               Threads:                          1
distributed.worker - INFO -                Memory:                  14.90 GiB
distributed.worker - INFO -       Local Directory: /tmp/ikabadzh/dask-worker-space/worker-mqwdhw4q
distributed.worker - INFO - -------------------------------------------------
distributed.worker - INFO -       Start worker at:     tcp://10.32.2.66:38687
distributed.worker - INFO -          Listening to:     tcp://10.32.2.66:38687
distributed.worker - INFO -          dashboard at:           10.32.2.66:39015
distributed.worker - INFO - Waiting to connect to: tcp://188.185.68.194:46122
distributed.worker - INFO - -------------------------------------------------
distributed.worker - INFO -               Threads:                          1
distributed.worker - INFO -                Memory:                  14.90 GiB
distributed.worker - INFO -       Local Directory: /tmp/ikabadzh/dask-worker-space/worker-yovfvopy
distributed.worker - INFO - -------------------------------------------------
distributed.worker - INFO -       Start worker at:     tcp://10.32.2.66:38931
distributed.worker - INFO -          Listening to:     tcp://10.32.2.66:38931
distributed.worker - INFO -          dashboard at:           10.32.2.66:32793
distributed.worker - INFO - Waiting to connect to: tcp://188.185.68.194:46122
distributed.worker - INFO - -------------------------------------------------
distributed.worker - INFO -               Threads:                          1
distributed.worker - INFO -                Memory:                  14.90 GiB
distributed.worker - INFO -       Local Directory: /tmp/ikabadzh/dask-worker-space/worker-bgwl_g1r
distributed.worker - INFO - -------------------------------------------------
distributed.worker - INFO -       Start worker at:     tcp://10.32.2.66:34033
distributed.worker - INFO -          Listening to:     tcp://10.32.2.66:34033
distributed.worker - INFO -          dashboard at:           10.32.2.66:43937
distributed.worker - INFO - Waiting to connect to: tcp://188.185.68.194:46122
distributed.worker - INFO - -------------------------------------------------
distributed.worker - INFO -               Threads:                          1
distributed.worker - INFO -                Memory:                  14.90 GiB
distributed.worker - INFO -       Local Directory: /tmp/ikabadzh/dask-worker-space/worker-_v_07rf1
distributed.worker - INFO - -------------------------------------------------
distributed.worker - INFO -       Start worker at:     tcp://10.32.2.66:35423
distributed.worker - INFO -          Listening to:     tcp://10.32.2.66:35423
distributed.worker - INFO -          dashboard at:           10.32.2.66:34949
distributed.worker - INFO - Waiting to connect to: tcp://188.185.68.194:46122
distributed.worker - INFO - -------------------------------------------------
distributed.worker - INFO -               Threads:                          1
distributed.worker - INFO -                Memory:                  14.90 GiB
distributed.worker - INFO -       Local Directory: /tmp/ikabadzh/dask-worker-space/worker-mqr1xaz5
distributed.worker - INFO - -------------------------------------------------
distributed.worker - INFO -       Start worker at:     tcp://10.32.2.66:42075
distributed.worker - INFO -          Listening to:     tcp://10.32.2.66:42075
distributed.worker - INFO -          dashboard at:           10.32.2.66:40749
distributed.worker - INFO - Waiting to connect to: tcp://188.185.68.194:46122
distributed.worker - INFO - -------------------------------------------------
distributed.worker - INFO -               Threads:                          1
distributed.worker - INFO -                Memory:                  14.90 GiB
distributed.worker - INFO -       Local Directory: /tmp/ikabadzh/dask-worker-space/worker-eehafqf4
distributed.worker - INFO - -------------------------------------------------
distributed.worker - INFO -       Start worker at:     tcp://10.32.2.66:44821
distributed.worker - INFO -          Listening to:     tcp://10.32.2.66:44821
distributed.worker - INFO -          dashboard at:           10.32.2.66:36155
distributed.worker - INFO - Waiting to connect to: tcp://188.185.68.194:46122
distributed.worker - INFO - -------------------------------------------------
distributed.worker - INFO -               Threads:                          1
distributed.worker - INFO -                Memory:                  14.90 GiB
distributed.worker - INFO -       Local Directory: /tmp/ikabadzh/dask-worker-space/worker-72fyevpe
distributed.worker - INFO - -------------------------------------------------
distributed.worker - INFO -       Start worker at:     tcp://10.32.2.66:44661
distributed.worker - INFO -          Listening to:     tcp://10.32.2.66:44661
distributed.worker - INFO -          dashboard at:           10.32.2.66:45947
distributed.worker - INFO - Waiting to connect to: tcp://188.185.68.194:46122
distributed.worker - INFO - -------------------------------------------------
distributed.worker - INFO -               Threads:                          1
distributed.worker - INFO -                Memory:                  14.90 GiB
distributed.worker - INFO -       Local Directory: /tmp/ikabadzh/dask-worker-space/worker-lkbs6swg
distributed.worker - INFO - -------------------------------------------------
distributed.worker - INFO -       Start worker at:     tcp://10.32.2.66:34431
distributed.worker - INFO -          Listening to:     tcp://10.32.2.66:34431
distributed.worker - INFO -          dashboard at:           10.32.2.66:35401
distributed.worker - INFO - Waiting to connect to: tcp://188.185.68.194:46122
distributed.worker - INFO - -------------------------------------------------
distributed.worker - INFO -               Threads:                          1
distributed.worker - INFO -                Memory:                  14.90 GiB
distributed.worker - INFO -       Local Directory: /tmp/ikabadzh/dask-worker-space/worker-h21dl9jf
distributed.worker - INFO - -------------------------------------------------
distributed.worker - INFO -       Start worker at:     tcp://10.32.2.66:36669
distributed.worker - INFO -          Listening to:     tcp://10.32.2.66:36669
distributed.worker - INFO -          dashboard at:           10.32.2.66:36709
distributed.worker - INFO - Waiting to connect to: tcp://188.185.68.194:46122
distributed.worker - INFO - -------------------------------------------------
distributed.worker - INFO -               Threads:                          1
distributed.worker - INFO -                Memory:                  14.90 GiB
distributed.worker - INFO -       Local Directory: /tmp/ikabadzh/dask-worker-space/worker-9zfb55g0
distributed.worker - INFO - -------------------------------------------------
distributed.worker - INFO -       Start worker at:     tcp://10.32.2.66:43397
distributed.worker - INFO -          Listening to:     tcp://10.32.2.66:43397
distributed.worker - INFO -          dashboard at:           10.32.2.66:33953
distributed.worker - INFO - Waiting to connect to: tcp://188.185.68.194:46122
distributed.worker - INFO - -------------------------------------------------
distributed.worker - INFO -               Threads:                          1
distributed.worker - INFO -                Memory:                  14.90 GiB
distributed.worker - INFO -       Local Directory: /tmp/ikabadzh/dask-worker-space/worker-95i65q13
distributed.worker - INFO - -------------------------------------------------
distributed.worker - INFO -       Start worker at:     tcp://10.32.2.66:44847
distributed.worker - INFO -          Listening to:     tcp://10.32.2.66:44847
distributed.worker - INFO -          dashboard at:           10.32.2.66:33525
distributed.worker - INFO - Waiting to connect to: tcp://188.185.68.194:46122
distributed.worker - INFO - -------------------------------------------------
distributed.worker - INFO -               Threads:                          1
distributed.worker - INFO -                Memory:                  14.90 GiB
distributed.worker - INFO -       Local Directory: /tmp/ikabadzh/dask-worker-space/worker-_5w8h7fd
distributed.worker - INFO - -------------------------------------------------
distributed.worker - INFO -       Start worker at:     tcp://10.32.2.66:42863
distributed.worker - INFO -          Listening to:     tcp://10.32.2.66:42863
distributed.worker - INFO -          dashboard at:           10.32.2.66:45277
distributed.worker - INFO - Waiting to connect to: tcp://188.185.68.194:46122
distributed.worker - INFO - -------------------------------------------------
distributed.worker - INFO -               Threads:                          1
distributed.worker - INFO -                Memory:                  14.90 GiB
distributed.worker - INFO -       Start worker at:     tcp://10.32.2.66:38911
distributed.worker - INFO -       Local Directory: /tmp/ikabadzh/dask-worker-space/worker-tugk82_h
distributed.worker - INFO -          Listening to:     tcp://10.32.2.66:38911
distributed.worker - INFO -          dashboard at:           10.32.2.66:40019
distributed.worker - INFO - -------------------------------------------------
distributed.worker - INFO - Waiting to connect to: tcp://188.185.68.194:46122
distributed.worker - INFO - -------------------------------------------------
distributed.worker - INFO -               Threads:                          1
distributed.worker - INFO -                Memory:                  14.90 GiB
distributed.worker - INFO -       Local Directory: /tmp/ikabadzh/dask-worker-space/worker-tqrgcg23
distributed.worker - INFO - -------------------------------------------------
distributed.worker - INFO -       Start worker at:     tcp://10.32.2.66:37209
distributed.worker - INFO -          Listening to:     tcp://10.32.2.66:37209
distributed.worker - INFO -          dashboard at:           10.32.2.66:45457
distributed.worker - INFO - Waiting to connect to: tcp://188.185.68.194:46122
distributed.worker - INFO - -------------------------------------------------
distributed.worker - INFO -               Threads:                          1
distributed.worker - INFO -                Memory:                  14.90 GiB
distributed.worker - INFO -       Local Directory: /tmp/ikabadzh/dask-worker-space/worker-jld725g3
distributed.worker - INFO - -------------------------------------------------
distributed.worker - INFO - Waiting to connect to: tcp://188.185.68.194:46122
distributed.worker - INFO - Waiting to connect to: tcp://188.185.68.194:46122
distributed.worker - INFO - Connection to scheduler broken.  Reconnecting...
distributed.worker - INFO - Connection to scheduler broken.  Reconnecting...
distributed.worker - INFO - Connection to scheduler broken.  Reconnecting...
distributed.worker - INFO - Waiting to connect to: tcp://188.185.68.194:46122
distributed.worker - INFO - Waiting to connect to: tcp://188.185.68.194:46122
distributed.worker - INFO - Stopping worker at tcp://10.32.2.66:32925
distributed.nanny - INFO - Worker closed
distributed.nanny - INFO - Closing Nanny at 'tcp://10.32.2.66:38405'
distributed.worker - INFO - Stopping worker at tcp://10.32.2.66:39317
distributed.nanny - INFO - Worker closed
distributed.nanny - INFO - Closing Nanny at 'tcp://10.32.2.66:41683'
distributed.worker - INFO - Stopping worker at tcp://10.32.2.66:43387
distributed.nanny - INFO - Worker closed
distributed.nanny - INFO - Closing Nanny at 'tcp://10.32.2.66:40387'
distributed.worker - INFO - Waiting to connect to: tcp://188.185.68.194:46122
distributed.worker - INFO - Waiting to connect to: tcp://188.185.68.194:46122
distributed.worker - INFO - Waiting to connect to: tcp://188.185.68.194:46122
distributed.worker - INFO - Waiting to connect to: tcp://188.185.68.194:46122
distributed.worker - INFO - Waiting to connect to: tcp://188.185.68.194:46122
distributed.worker - INFO - Waiting to connect to: tcp://188.185.68.194:46122
distributed.worker - INFO - Waiting to connect to: tcp://188.185.68.194:46122
distributed.worker - INFO - Waiting to connect to: tcp://188.185.68.194:46122
distributed.worker - INFO - Waiting to connect to: tcp://188.185.68.194:46122
distributed.worker - INFO - Waiting to connect to: tcp://188.185.68.194:46122
distributed.worker - INFO - Waiting to connect to: tcp://188.185.68.194:46122
distributed.worker - INFO - Waiting to connect to: tcp://188.185.68.194:46122
distributed.worker - INFO - Waiting to connect to: tcp://188.185.68.194:46122
distributed.worker - INFO - Waiting to connect to: tcp://188.185.68.194:46122
distributed.worker - INFO - Waiting to connect to: tcp://188.185.68.194:46122
distributed.worker - INFO - Waiting to connect to: tcp://188.185.68.194:46122
distributed.worker - INFO - Waiting to connect to: tcp://188.185.68.194:46122
distributed.worker - INFO - Waiting to connect to: tcp://188.185.68.194:46122
distributed.worker - INFO - Waiting to connect to: tcp://188.185.68.194:46122
distributed.worker - INFO - Waiting to connect to: tcp://188.185.68.194:46122
distributed.worker - INFO - Waiting to connect to: tcp://188.185.68.194:46122
distributed.worker - INFO - Waiting to connect to: tcp://188.185.68.194:46122
distributed.worker - INFO - Waiting to connect to: tcp://188.185.68.194:46122
distributed.worker - INFO - Waiting to connect to: tcp://188.185.68.194:46122
distributed.worker - INFO - Waiting to connect to: tcp://188.185.68.194:46122
distributed.worker - INFO - Waiting to connect to: tcp://188.185.68.194:46122
distributed.worker - INFO - Waiting to connect to: tcp://188.185.68.194:46122
distributed.nanny - INFO - Closing Nanny at 'tcp://10.32.2.66:43531'
distributed.nanny - INFO - Closing Nanny at 'tcp://10.32.2.66:33093'
distributed.nanny - INFO - Closing Nanny at 'tcp://10.32.2.66:42449'
distributed.worker - INFO - Stopping worker at tcp://10.32.2.66:41749
distributed.worker - INFO - Closed worker has not yet started: Status.undefined
distributed.nanny - INFO - Closing Nanny at 'tcp://10.32.2.66:41845'
distributed.worker - INFO - Stopping worker at tcp://10.32.2.66:35123
distributed.worker - INFO - Closed worker has not yet started: Status.undefined
distributed.nanny - INFO - Closing Nanny at 'tcp://10.32.2.66:43615'
distributed.worker - INFO - Stopping worker at tcp://10.32.2.66:40885
distributed.worker - INFO - Closed worker has not yet started: Status.undefined
distributed.nanny - INFO - Closing Nanny at 'tcp://10.32.2.66:33689'
distributed.worker - INFO - Stopping worker at tcp://10.32.2.66:45895
distributed.worker - INFO - Closed worker has not yet started: Status.undefined
distributed.nanny - INFO - Closing Nanny at 'tcp://10.32.2.66:33563'
distributed.nanny - INFO - Closing Nanny at 'tcp://10.32.2.66:46293'
distributed.worker - INFO - Stopping worker at tcp://10.32.2.66:32849
distributed.nanny - INFO - Closing Nanny at 'tcp://10.32.2.66:38655'
distributed.worker - INFO - Stopping worker at tcp://10.32.2.66:33037
distributed.worker - INFO - Closed worker has not yet started: Status.undefined
distributed.worker - INFO - Stopping worker at tcp://10.32.2.66:44661
distributed.worker - INFO - Closed worker has not yet started: Status.undefined
distributed.worker - INFO - Closed worker has not yet started: Status.undefined
distributed.nanny - INFO - Closing Nanny at 'tcp://10.32.2.66:36801'
distributed.worker - INFO - Stopping worker at tcp://10.32.2.66:36669
distributed.worker - INFO - Closed worker has not yet started: Status.undefined
distributed.nanny - INFO - Closing Nanny at 'tcp://10.32.2.66:33949'
distributed.worker - INFO - Stopping worker at tcp://10.32.2.66:42037
distributed.nanny - INFO - Closing Nanny at 'tcp://10.32.2.66:35459'
distributed.worker - INFO - Closed worker has not yet started: Status.undefined
distributed.worker - INFO - Stopping worker at tcp://10.32.2.66:37371
distributed.nanny - INFO - Closing Nanny at 'tcp://10.32.2.66:38637'
distributed.worker - INFO - Closed worker has not yet started: Status.undefined
distributed.nanny - INFO - Closing Nanny at 'tcp://10.32.2.66:40727'
distributed.worker - INFO - Stopping worker at tcp://10.32.2.66:34033
distributed.worker - INFO - Closed worker has not yet started: Status.undefined
distributed.worker - INFO - Stopping worker at tcp://10.32.2.66:35267
distributed.nanny - INFO - Closing Nanny at 'tcp://10.32.2.66:42873'
distributed.worker - INFO - Closed worker has not yet started: Status.undefined
distributed.nanny - INFO - Closing Nanny at 'tcp://10.32.2.66:38767'
distributed.worker - INFO - Stopping worker at tcp://10.32.2.66:38793
distributed.worker - INFO - Closed worker has not yet started: Status.undefined
distributed.worker - INFO - Stopping worker at tcp://10.32.2.66:44847
distributed.nanny - INFO - Closing Nanny at 'tcp://10.32.2.66:36843'
distributed.worker - INFO - Closed worker has not yet started: Status.undefined
distributed.worker - INFO - Stopping worker at tcp://10.32.2.66:36951
distributed.nanny - INFO - Closing Nanny at 'tcp://10.32.2.66:41769'
distributed.worker - INFO - Closed worker has not yet started: Status.undefined
distributed.worker - INFO - Stopping worker at tcp://10.32.2.66:42075
distributed.nanny - INFO - Closing Nanny at 'tcp://10.32.2.66:38955'
distributed.worker - INFO - Closed worker has not yet started: Status.undefined
distributed.worker - INFO - Stopping worker at tcp://10.32.2.66:42863
distributed.worker - INFO - Closed worker has not yet started: Status.undefined
distributed.nanny - INFO - Closing Nanny at 'tcp://10.32.2.66:36491'
distributed.worker - INFO - Stopping worker at tcp://10.32.2.66:45267
distributed.worker - INFO - Closed worker has not yet started: Status.undefined
distributed.nanny - INFO - Closing Nanny at 'tcp://10.32.2.66:34585'
distributed.worker - INFO - Stopping worker at tcp://10.32.2.66:37457
distributed.nanny - INFO - Closing Nanny at 'tcp://10.32.2.66:34477'
distributed.worker - INFO - Closed worker has not yet started: Status.undefined
distributed.worker - INFO - Stopping worker at tcp://10.32.2.66:34217
distributed.nanny - INFO - Closing Nanny at 'tcp://10.32.2.66:36831'
distributed.worker - INFO - Stopping worker at tcp://10.32.2.66:37209
distributed.nanny - INFO - Closing Nanny at 'tcp://10.32.2.66:34749'
distributed.worker - INFO - Closed worker has not yet started: Status.undefined
distributed.worker - INFO - Stopping worker at tcp://10.32.2.66:34431
distributed.nanny - INFO - Closing Nanny at 'tcp://10.32.2.66:38927'
distributed.worker - INFO - Closed worker has not yet started: Status.undefined
distributed.worker - INFO - Stopping worker at tcp://10.32.2.66:43397
distributed.nanny - INFO - Closing Nanny at 'tcp://10.32.2.66:40591'
distributed.worker - INFO - Closed worker has not yet started: Status.undefined
distributed.worker - INFO - Stopping worker at tcp://10.32.2.66:38687
distributed.worker - INFO - Closed worker has not yet started: Status.undefined
distributed.worker - INFO - Stopping worker at tcp://10.32.2.66:35423
distributed.nanny - INFO - Closing Nanny at 'tcp://10.32.2.66:35525'
distributed.worker - INFO - Closed worker has not yet started: Status.undefined
distributed.nanny - INFO - Closing Nanny at 'tcp://10.32.2.66:46249'
distributed.worker - INFO - Stopping worker at tcp://10.32.2.66:38911
distributed.worker - INFO - Closed worker has not yet started: Status.undefined
distributed.nanny - INFO - Closing Nanny at 'tcp://10.32.2.66:43447'
distributed.worker - INFO - Stopping worker at tcp://10.32.2.66:44821
distributed.worker - INFO - Stopping worker at tcp://10.32.2.66:38931
distributed.worker - INFO - Closed worker has not yet started: Status.undefined
distributed.worker - INFO - Stopping worker at tcp://10.32.2.66:37237
distributed.worker - INFO - Closed worker has not yet started: Status.undefined
distributed.worker - INFO - Closed worker has not yet started: Status.undefined
distributed.worker - INFO - Closed worker has not yet started: Status.undefined
distributed.nanny - WARNING - Worker process still alive after 0 seconds, killing
distributed.nanny - WARNING - Worker process still alive after 0 seconds, killing
distributed.nanny - WARNING - Worker process still alive after 0 seconds, killing
distributed.nanny - WARNING - Worker process still alive after 0 seconds, killing
distributed.nanny - WARNING - Worker process still alive after 0 seconds, killing
distributed.nanny - WARNING - Worker process still alive after 0 seconds, killing
distributed.nanny - WARNING - Worker process still alive after 0 seconds, killing
distributed.nanny - WARNING - Worker process still alive after 0 seconds, killing
distributed.nanny - WARNING - Worker process still alive after 0 seconds, killing
distributed.nanny - WARNING - Worker process still alive after 0 seconds, killing
distributed.nanny - WARNING - Worker process still alive after 0 seconds, killing
distributed.nanny - WARNING - Worker process still alive after 0 seconds, killing
distributed.nanny - WARNING - Worker process still alive after 0 seconds, killing
distributed.nanny - WARNING - Worker process still alive after 0 seconds, killing
distributed.nanny - WARNING - Worker process still alive after 0 seconds, killing
distributed.nanny - WARNING - Worker process still alive after 0 seconds, killing
distributed.nanny - WARNING - Worker process still alive after 0 seconds, killing
distributed.nanny - WARNING - Worker process still alive after 0 seconds, killing
distributed.nanny - WARNING - Worker process still alive after 0 seconds, killing
distributed.nanny - WARNING - Worker process still alive after 0 seconds, killing
distributed.nanny - WARNING - Worker process still alive after 0 seconds, killing
distributed.nanny - WARNING - Worker process still alive after 0 seconds, killing
distributed.nanny - WARNING - Worker process still alive after 0 seconds, killing
distributed.nanny - WARNING - Worker process still alive after 0 seconds, killing
distributed.dask_worker - INFO - End worker
Traceback (most recent call last):
  File "/hpcscratch/user/ikabadzh/mambaforge/envs/myenv/lib/python3.9/site-packages/distributed/nanny.py", line 335, in start
    response = await self.instantiate()
  File "/hpcscratch/user/ikabadzh/mambaforge/envs/myenv/lib/python3.9/site-packages/distributed/nanny.py", line 404, in instantiate
    result = await asyncio.wait_for(
  File "/hpcscratch/user/ikabadzh/mambaforge/envs/myenv/lib/python3.9/asyncio/tasks.py", line 468, in wait_for
    await waiter
asyncio.exceptions.CancelledError

During handling of the above exception, another exception occurred:

Traceback (most recent call last):
  File "/hpcscratch/user/ikabadzh/mambaforge/envs/myenv/lib/python3.9/asyncio/tasks.py", line 492, in wait_for
    fut.result()
asyncio.exceptions.CancelledError

The above exception was the direct cause of the following exception:

Traceback (most recent call last):
  File "/hpcscratch/user/ikabadzh/mambaforge/envs/myenv/lib/python3.9/site-packages/distributed/core.py", line 273, in _
    await asyncio.wait_for(self.start(), timeout=timeout)
  File "/hpcscratch/user/ikabadzh/mambaforge/envs/myenv/lib/python3.9/asyncio/tasks.py", line 494, in wait_for
    raise exceptions.TimeoutError() from exc
asyncio.exceptions.TimeoutError

During handling of the above exception, another exception occurred:

Traceback (most recent call last):
  File "/hpcscratch/user/ikabadzh/mambaforge/envs/myenv/lib/python3.9/runpy.py", line 197, in _run_module_as_main
    return _run_code(code, main_globals, None,
  File "/hpcscratch/user/ikabadzh/mambaforge/envs/myenv/lib/python3.9/runpy.py", line 87, in _run_code
    exec(code, run_globals)
  File "/hpcscratch/user/ikabadzh/mambaforge/envs/myenv/lib/python3.9/site-packages/distributed/cli/dask_worker.py", line 469, in <module>
    go()
  File "/hpcscratch/user/ikabadzh/mambaforge/envs/myenv/lib/python3.9/site-packages/distributed/cli/dask_worker.py", line 465, in go
    main()
  File "/hpcscratch/user/ikabadzh/mambaforge/envs/myenv/lib/python3.9/site-packages/click/core.py", line 1128, in __call__
    return self.main(*args, **kwargs)
  File "/hpcscratch/user/ikabadzh/mambaforge/envs/myenv/lib/python3.9/site-packages/click/core.py", line 1053, in main
    rv = self.invoke(ctx)
  File "/hpcscratch/user/ikabadzh/mambaforge/envs/myenv/lib/python3.9/site-packages/click/core.py", line 1395, in invoke
    return ctx.invoke(self.callback, **ctx.params)
  File "/hpcscratch/user/ikabadzh/mambaforge/envs/myenv/lib/python3.9/site-packages/click/core.py", line 754, in invoke
    return __callback(*args, **kwargs)
  File "/hpcscratch/user/ikabadzh/mambaforge/envs/myenv/lib/python3.9/site-packages/distributed/cli/dask_worker.py", line 451, in main
    loop.run_sync(run)
  File "/hpcscratch/user/ikabadzh/mambaforge/envs/myenv/lib/python3.9/site-packages/tornado/ioloop.py", line 530, in run_sync
    return future_cell[0].result()
  File "/hpcscratch/user/ikabadzh/mambaforge/envs/myenv/lib/python3.9/site-packages/distributed/cli/dask_worker.py", line 445, in run
    await asyncio.gather(*nannies)
  File "/hpcscratch/user/ikabadzh/mambaforge/envs/myenv/lib/python3.9/asyncio/tasks.py", line 691, in _wrap_awaitable
    return (yield from awaitable.__await__())
  File "/hpcscratch/user/ikabadzh/mambaforge/envs/myenv/lib/python3.9/site-packages/distributed/core.py", line 277, in _
    raise TimeoutError(
asyncio.exceptions.TimeoutError: Nanny failed to start in 60 seconds
distributed.process - INFO - reaping stray process <SpawnProcess name='Dask Worker process (from Nanny)' pid=485344 parent=485214 started daemon>
distributed.process - INFO - reaping stray process <SpawnProcess name='Dask Worker process (from Nanny)' pid=485341 parent=485214 started daemon>
distributed.process - INFO - reaping stray process <SpawnProcess name='Dask Worker process (from Nanny)' pid=485338 parent=485214 started daemon>
distributed.process - INFO - reaping stray process <SpawnProcess name='Dask Worker process (from Nanny)' pid=485336 parent=485214 started daemon>
distributed.process - INFO - reaping stray process <SpawnProcess name='Dask Worker process (from Nanny)' pid=485333 parent=485214 started daemon>
distributed.process - INFO - reaping stray process <SpawnProcess name='Dask Worker process (from Nanny)' pid=485326 parent=485214 started daemon>
distributed.process - INFO - reaping stray process <SpawnProcess name='Dask Worker process (from Nanny)' pid=485324 parent=485214 started daemon>
distributed.process - INFO - reaping stray process <SpawnProcess name='Dask Worker process (from Nanny)' pid=485320 parent=485214 started daemon>
distributed.process - INFO - reaping stray process <SpawnProcess name='Dask Worker process (from Nanny)' pid=485318 parent=485214 started daemon>
distributed.process - INFO - reaping stray process <SpawnProcess name='Dask Worker process (from Nanny)' pid=485315 parent=485214 started daemon>
distributed.process - INFO - reaping stray process <SpawnProcess name='Dask Worker process (from Nanny)' pid=485311 parent=485214 started daemon>
distributed.process - INFO - reaping stray process <SpawnProcess name='Dask Worker process (from Nanny)' pid=485309 parent=485214 started daemon>
distributed.process - INFO - reaping stray process <SpawnProcess name='Dask Worker process (from Nanny)' pid=485307 parent=485214 started daemon>
distributed.process - INFO - reaping stray process <SpawnProcess name='Dask Worker process (from Nanny)' pid=485303 parent=485214 started daemon>
distributed.process - INFO - reaping stray process <SpawnProcess name='Dask Worker process (from Nanny)' pid=485300 parent=485214 started daemon>
distributed.process - INFO - reaping stray process <SpawnProcess name='Dask Worker process (from Nanny)' pid=485297 parent=485214 started daemon>
distributed.process - INFO - reaping stray process <SpawnProcess name='Dask Worker process (from Nanny)' pid=485293 parent=485214 started daemon>
distributed.process - INFO - reaping stray process <SpawnProcess name='Dask Worker process (from Nanny)' pid=485288 parent=485214 started daemon>
distributed.process - INFO - reaping stray process <SpawnProcess name='Dask Worker process (from Nanny)' pid=485285 parent=485214 started daemon>
distributed.process - INFO - reaping stray process <SpawnProcess name='Dask Worker process (from Nanny)' pid=485281 parent=485214 started daemon>
distributed.process - INFO - reaping stray process <SpawnProcess name='Dask Worker process (from Nanny)' pid=485275 parent=485214 started daemon>
distributed.process - INFO - reaping stray process <SpawnProcess name='Dask Worker process (from Nanny)' pid=485272 parent=485214 started daemon>
distributed.process - INFO - reaping stray process <SpawnProcess name='Dask Worker process (from Nanny)' pid=485266 parent=485214 started daemon>
Exception in thread AsyncProcess Dask Worker process (from Nanny) watch process join:
Traceback (most recent call last):
  File "/hpcscratch/user/ikabadzh/mambaforge/envs/myenv/lib/python3.9/threading.py", line 973, in _bootstrap_inner
    self.run()
  File "/hpcscratch/user/ikabadzh/mambaforge/envs/myenv/lib/python3.9/threading.py", line 910, in run
    self._target(*self._args, **self._kwargs)
  File "/hpcscratch/user/ikabadzh/mambaforge/envs/myenv/lib/python3.9/site-packages/distributed/process.py", line 234, in _watch_process
    assert exitcode is not None
AssertionError
Exception in thread AsyncProcess Dask Worker process (from Nanny) watch process join:
Traceback (most recent call last):
  File "/hpcscratch/user/ikabadzh/mambaforge/envs/myenv/lib/python3.9/threading.py", line 973, in _bootstrap_inner
    self.run()
  File "/hpcscratch/user/ikabadzh/mambaforge/envs/myenv/lib/python3.9/threading.py", line 910, in run
    self._target(*self._args, **self._kwargs)
  File "/hpcscratch/user/ikabadzh/mambaforge/envs/myenv/lib/python3.9/site-packages/distributed/process.py", line 234, in _watch_process
    assert exitcode is not None
Exception in thread AsyncProcess Dask Worker process (from Nanny) watch process join:
AssertionError
Traceback (most recent call last):
  File "/hpcscratch/user/ikabadzh/mambaforge/envs/myenv/lib/python3.9/threading.py", line 973, in _bootstrap_inner
    self.run()
  File "/hpcscratch/user/ikabadzh/mambaforge/envs/myenv/lib/python3.9/threading.py", line 910, in run
    self._target(*self._args, **self._kwargs)
  File "/hpcscratch/user/ikabadzh/mambaforge/envs/myenv/lib/python3.9/site-packages/distributed/process.py", line 234, in _watch_process
    assert exitcode is not None
AssertionError
Exception in thread AsyncProcess Dask Worker process (from Nanny) watch process join:
Traceback (most recent call last):
  File "/hpcscratch/user/ikabadzh/mambaforge/envs/myenv/lib/python3.9/threading.py", line 973, in _bootstrap_inner
    self.run()
  File "/hpcscratch/user/ikabadzh/mambaforge/envs/myenv/lib/python3.9/threading.py", line 910, in run
