Auks API request failed : krb5 cred : unable to read credential cache
distributed.nanny - INFO -         Start Nanny at: 'tcp://10.32.2.64:40607'
distributed.nanny - INFO -         Start Nanny at: 'tcp://10.32.2.64:38185'
distributed.nanny - INFO -         Start Nanny at: 'tcp://10.32.2.64:36795'
distributed.nanny - INFO -         Start Nanny at: 'tcp://10.32.2.64:39191'
distributed.nanny - INFO -         Start Nanny at: 'tcp://10.32.2.64:32899'
distributed.nanny - INFO -         Start Nanny at: 'tcp://10.32.2.64:42905'
distributed.nanny - INFO -         Start Nanny at: 'tcp://10.32.2.64:43139'
distributed.nanny - INFO -         Start Nanny at: 'tcp://10.32.2.64:36699'
distributed.nanny - INFO -         Start Nanny at: 'tcp://10.32.2.64:39155'
distributed.nanny - INFO -         Start Nanny at: 'tcp://10.32.2.64:38471'
distributed.nanny - INFO -         Start Nanny at: 'tcp://10.32.2.64:35717'
distributed.nanny - INFO -         Start Nanny at: 'tcp://10.32.2.64:40767'
distributed.nanny - INFO -         Start Nanny at: 'tcp://10.32.2.64:40827'
distributed.nanny - INFO -         Start Nanny at: 'tcp://10.32.2.64:33361'
distributed.nanny - INFO -         Start Nanny at: 'tcp://10.32.2.64:39639'
distributed.nanny - INFO -         Start Nanny at: 'tcp://10.32.2.64:37169'
distributed.nanny - INFO -         Start Nanny at: 'tcp://10.32.2.64:39187'
distributed.nanny - INFO -         Start Nanny at: 'tcp://10.32.2.64:43853'
distributed.nanny - INFO -         Start Nanny at: 'tcp://10.32.2.64:39009'
distributed.nanny - INFO -         Start Nanny at: 'tcp://10.32.2.64:42879'
distributed.nanny - INFO -         Start Nanny at: 'tcp://10.32.2.64:36639'
distributed.nanny - INFO -         Start Nanny at: 'tcp://10.32.2.64:37389'
distributed.nanny - INFO -         Start Nanny at: 'tcp://10.32.2.64:37771'
distributed.nanny - INFO -         Start Nanny at: 'tcp://10.32.2.64:41139'
distributed.nanny - INFO -         Start Nanny at: 'tcp://10.32.2.64:35945'
distributed.nanny - INFO -         Start Nanny at: 'tcp://10.32.2.64:44763'
distributed.nanny - INFO -         Start Nanny at: 'tcp://10.32.2.64:46789'
distributed.nanny - INFO -         Start Nanny at: 'tcp://10.32.2.64:40041'
distributed.nanny - INFO -         Start Nanny at: 'tcp://10.32.2.64:32823'
distributed.nanny - INFO -         Start Nanny at: 'tcp://10.32.2.64:34015'
distributed.nanny - INFO -         Start Nanny at: 'tcp://10.32.2.64:39209'
distributed.nanny - INFO -         Start Nanny at: 'tcp://10.32.2.64:36441'
distributed.diskutils - INFO - Found stale lock file and directory '/tmp/ikabadzh/dask-worker-space/worker-hr26atb9', purging
distributed.diskutils - INFO - Found stale lock file and directory '/tmp/ikabadzh/dask-worker-space/worker-xn72ufm1', purging
distributed.diskutils - INFO - Found stale lock file and directory '/tmp/ikabadzh/dask-worker-space/worker-pfp9pq7o', purging
distributed.diskutils - INFO - Found stale lock file and directory '/tmp/ikabadzh/dask-worker-space/worker-5blnjb7n', purging
distributed.diskutils - INFO - Found stale lock file and directory '/tmp/ikabadzh/dask-worker-space/worker-pz0s9zrv', purging
distributed.diskutils - INFO - Found stale lock file and directory '/tmp/ikabadzh/dask-worker-space/worker-fjdbxhov', purging
distributed.diskutils - INFO - Found stale lock file and directory '/tmp/ikabadzh/dask-worker-space/worker-1wz5rjhv', purging
distributed.diskutils - INFO - Found stale lock file and directory '/tmp/ikabadzh/dask-worker-space/worker-eisdf6_w', purging
distributed.diskutils - INFO - Found stale lock file and directory '/tmp/ikabadzh/dask-worker-space/worker-dgyzln5u', purging
distributed.diskutils - INFO - Found stale lock file and directory '/tmp/ikabadzh/dask-worker-space/worker-7p9hp8st', purging
distributed.diskutils - INFO - Found stale lock file and directory '/tmp/ikabadzh/dask-worker-space/worker-zh1lmd4g', purging
distributed.diskutils - INFO - Found stale lock file and directory '/tmp/ikabadzh/dask-worker-space/worker-waliv7x9', purging
distributed.diskutils - INFO - Found stale lock file and directory '/tmp/ikabadzh/dask-worker-space/worker-0nncf9e2', purging
distributed.diskutils - INFO - Found stale lock file and directory '/tmp/ikabadzh/dask-worker-space/worker-rf17xk_h', purging
distributed.diskutils - INFO - Found stale lock file and directory '/tmp/ikabadzh/dask-worker-space/worker-wc7g9lib', purging
distributed.diskutils - INFO - Found stale lock file and directory '/tmp/ikabadzh/dask-worker-space/worker-84avpxhb', purging
distributed.diskutils - INFO - Found stale lock file and directory '/tmp/ikabadzh/dask-worker-space/worker-gey2bges', purging
distributed.diskutils - INFO - Found stale lock file and directory '/tmp/ikabadzh/dask-worker-space/worker-imuh2ov9', purging
distributed.diskutils - INFO - Found stale lock file and directory '/tmp/ikabadzh/dask-worker-space/worker-qixcgs30', purging
distributed.diskutils - INFO - Found stale lock file and directory '/tmp/ikabadzh/dask-worker-space/worker-_lobd5a7', purging
distributed.diskutils - INFO - Found stale lock file and directory '/tmp/ikabadzh/dask-worker-space/worker-l_klpg5t', purging
distributed.diskutils - INFO - Found stale lock file and directory '/tmp/ikabadzh/dask-worker-space/worker-3mrslii3', purging
distributed.diskutils - INFO - Found stale lock file and directory '/tmp/ikabadzh/dask-worker-space/worker-u95342n7', purging
distributed.diskutils - INFO - Found stale lock file and directory '/tmp/ikabadzh/dask-worker-space/worker-yawx_3te', purging
distributed.diskutils - INFO - Found stale lock file and directory '/tmp/ikabadzh/dask-worker-space/worker-6hs7x_9c', purging
distributed.diskutils - INFO - Found stale lock file and directory '/tmp/ikabadzh/dask-worker-space/worker-8ddelamu', purging
distributed.diskutils - INFO - Found stale lock file and directory '/tmp/ikabadzh/dask-worker-space/worker-gb01bgip', purging
distributed.diskutils - INFO - Found stale lock file and directory '/tmp/ikabadzh/dask-worker-space/worker-55k_6rbz', purging
distributed.diskutils - INFO - Found stale lock file and directory '/tmp/ikabadzh/dask-worker-space/worker-412ep4vx', purging
distributed.diskutils - INFO - Found stale lock file and directory '/tmp/ikabadzh/dask-worker-space/worker-8kbe3fsq', purging
distributed.worker - INFO -       Start worker at:     tcp://10.32.2.64:41415
distributed.worker - INFO -          Listening to:     tcp://10.32.2.64:41415
distributed.worker - INFO -          dashboard at:           10.32.2.64:37005
distributed.worker - INFO - Waiting to connect to: tcp://188.185.68.194:46122
distributed.worker - INFO - -------------------------------------------------
distributed.worker - INFO -               Threads:                          1
distributed.worker - INFO -                Memory:                  14.90 GiB
distributed.worker - INFO -       Local Directory: /tmp/ikabadzh/dask-worker-space/worker-wwc895g8
distributed.worker - INFO - -------------------------------------------------
distributed.worker - INFO -       Start worker at:     tcp://10.32.2.64:40081
distributed.worker - INFO -          Listening to:     tcp://10.32.2.64:40081
distributed.worker - INFO -          dashboard at:           10.32.2.64:36719
distributed.worker - INFO - Waiting to connect to: tcp://188.185.68.194:46122
distributed.worker - INFO - -------------------------------------------------
distributed.worker - INFO -               Threads:                          1
distributed.worker - INFO -                Memory:                  14.90 GiB
distributed.worker - INFO -       Local Directory: /tmp/ikabadzh/dask-worker-space/worker-0f8k9xdt
distributed.worker - INFO - -------------------------------------------------
distributed.worker - INFO -       Start worker at:     tcp://10.32.2.64:45161
distributed.worker - INFO -          Listening to:     tcp://10.32.2.64:45161
distributed.worker - INFO -          dashboard at:           10.32.2.64:40285
distributed.worker - INFO - Waiting to connect to: tcp://188.185.68.194:46122
distributed.worker - INFO - -------------------------------------------------
distributed.worker - INFO -               Threads:                          1
distributed.worker - INFO -                Memory:                  14.90 GiB
distributed.worker - INFO -       Start worker at:     tcp://10.32.2.64:37411
distributed.worker - INFO -       Local Directory: /tmp/ikabadzh/dask-worker-space/worker-d68casyc
distributed.worker - INFO -          Listening to:     tcp://10.32.2.64:37411
distributed.worker - INFO -          dashboard at:           10.32.2.64:43397
distributed.worker - INFO - -------------------------------------------------
distributed.worker - INFO - Waiting to connect to: tcp://188.185.68.194:46122
distributed.worker - INFO - -------------------------------------------------
distributed.worker - INFO -               Threads:                          1
distributed.worker - INFO -                Memory:                  14.90 GiB
distributed.worker - INFO -       Local Directory: /tmp/ikabadzh/dask-worker-space/worker-tze_rtzj
distributed.worker - INFO - -------------------------------------------------
distributed.worker - INFO -       Start worker at:     tcp://10.32.2.64:34219
distributed.worker - INFO -          Listening to:     tcp://10.32.2.64:34219
distributed.worker - INFO -          dashboard at:           10.32.2.64:37751
distributed.worker - INFO - Waiting to connect to: tcp://188.185.68.194:46122
distributed.worker - INFO - -------------------------------------------------
distributed.worker - INFO -               Threads:                          1
distributed.worker - INFO -                Memory:                  14.90 GiB
distributed.worker - INFO -       Local Directory: /tmp/ikabadzh/dask-worker-space/worker-pw5m4u6k
distributed.worker - INFO - -------------------------------------------------
distributed.worker - INFO -       Start worker at:     tcp://10.32.2.64:45155
distributed.worker - INFO -          Listening to:     tcp://10.32.2.64:45155
distributed.worker - INFO -          dashboard at:           10.32.2.64:43795
distributed.worker - INFO - Waiting to connect to: tcp://188.185.68.194:46122
distributed.worker - INFO - -------------------------------------------------
distributed.worker - INFO -               Threads:                          1
distributed.worker - INFO -                Memory:                  14.90 GiB
distributed.worker - INFO -       Start worker at:     tcp://10.32.2.64:46519
distributed.worker - INFO -       Local Directory: /tmp/ikabadzh/dask-worker-space/worker-ae4jswo6
distributed.worker - INFO -          Listening to:     tcp://10.32.2.64:46519
distributed.worker - INFO - -------------------------------------------------
distributed.worker - INFO -          dashboard at:           10.32.2.64:46121
distributed.worker - INFO - Waiting to connect to: tcp://188.185.68.194:46122
distributed.worker - INFO - -------------------------------------------------
distributed.worker - INFO -               Threads:                          1
distributed.worker - INFO -                Memory:                  14.90 GiB
distributed.worker - INFO -       Local Directory: /tmp/ikabadzh/dask-worker-space/worker-np20tv6v
distributed.worker - INFO - -------------------------------------------------
distributed.worker - INFO -       Start worker at:     tcp://10.32.2.64:37857
distributed.worker - INFO -          Listening to:     tcp://10.32.2.64:37857
distributed.worker - INFO -          dashboard at:           10.32.2.64:41743
distributed.worker - INFO -       Start worker at:     tcp://10.32.2.64:39973
distributed.worker - INFO - Waiting to connect to: tcp://188.185.68.194:46122
distributed.worker - INFO -          Listening to:     tcp://10.32.2.64:39973
distributed.worker - INFO - -------------------------------------------------
distributed.worker - INFO -          dashboard at:           10.32.2.64:38227
distributed.worker - INFO -               Threads:                          1
distributed.worker - INFO - Waiting to connect to: tcp://188.185.68.194:46122
distributed.worker - INFO -                Memory:                  14.90 GiB
distributed.worker - INFO - -------------------------------------------------
distributed.worker - INFO -       Local Directory: /tmp/ikabadzh/dask-worker-space/worker-g58drakb
distributed.worker - INFO -               Threads:                          1
distributed.worker - INFO - -------------------------------------------------
distributed.worker - INFO -                Memory:                  14.90 GiB
distributed.worker - INFO -       Start worker at:     tcp://10.32.2.64:44809
distributed.worker - INFO -       Local Directory: /tmp/ikabadzh/dask-worker-space/worker-j9hqkq88
distributed.worker - INFO -          Listening to:     tcp://10.32.2.64:44809
distributed.worker - INFO - -------------------------------------------------
distributed.worker - INFO -          dashboard at:           10.32.2.64:35909
distributed.worker - INFO - Waiting to connect to: tcp://188.185.68.194:46122
distributed.worker - INFO - -------------------------------------------------
distributed.worker - INFO -               Threads:                          1
distributed.worker - INFO -                Memory:                  14.90 GiB
distributed.worker - INFO -       Local Directory: /tmp/ikabadzh/dask-worker-space/worker-u7nzoss3
distributed.worker - INFO - -------------------------------------------------
distributed.worker - INFO -       Start worker at:     tcp://10.32.2.64:35997
distributed.worker - INFO -          Listening to:     tcp://10.32.2.64:35997
distributed.worker - INFO -          dashboard at:           10.32.2.64:45491
distributed.worker - INFO - Waiting to connect to: tcp://188.185.68.194:46122
distributed.worker - INFO - -------------------------------------------------
distributed.worker - INFO -               Threads:                          1
distributed.worker - INFO -                Memory:                  14.90 GiB
distributed.worker - INFO -       Local Directory: /tmp/ikabadzh/dask-worker-space/worker-4r6igcbn
distributed.worker - INFO - -------------------------------------------------
distributed.worker - INFO -       Start worker at:     tcp://10.32.2.64:40209
distributed.worker - INFO -          Listening to:     tcp://10.32.2.64:40209
distributed.worker - INFO -       Start worker at:     tcp://10.32.2.64:44259
distributed.worker - INFO -          dashboard at:           10.32.2.64:35691
distributed.worker - INFO -          Listening to:     tcp://10.32.2.64:44259
distributed.worker - INFO - Waiting to connect to: tcp://188.185.68.194:46122
distributed.worker - INFO -          dashboard at:           10.32.2.64:41041
distributed.worker - INFO - -------------------------------------------------
distributed.worker - INFO - Waiting to connect to: tcp://188.185.68.194:46122
distributed.worker - INFO -               Threads:                          1
distributed.worker - INFO - -------------------------------------------------
distributed.worker - INFO -                Memory:                  14.90 GiB
distributed.worker - INFO -               Threads:                          1
distributed.worker - INFO -       Local Directory: /tmp/ikabadzh/dask-worker-space/worker-zd7_8nge
distributed.worker - INFO -                Memory:                  14.90 GiB
distributed.worker - INFO - -------------------------------------------------
distributed.worker - INFO -       Local Directory: /tmp/ikabadzh/dask-worker-space/worker-k0dvv1c5
distributed.worker - INFO - -------------------------------------------------
distributed.worker - INFO -       Start worker at:     tcp://10.32.2.64:46143
distributed.worker - INFO -          Listening to:     tcp://10.32.2.64:46143
distributed.worker - INFO -          dashboard at:           10.32.2.64:36461
distributed.worker - INFO - Waiting to connect to: tcp://188.185.68.194:46122
distributed.worker - INFO - -------------------------------------------------
distributed.worker - INFO -               Threads:                          1
distributed.worker - INFO -                Memory:                  14.90 GiB
distributed.worker - INFO -       Local Directory: /tmp/ikabadzh/dask-worker-space/worker-gp6t95r5
distributed.worker - INFO - -------------------------------------------------
distributed.worker - INFO -       Start worker at:     tcp://10.32.2.64:42165
distributed.worker - INFO -          Listening to:     tcp://10.32.2.64:42165
distributed.worker - INFO -          dashboard at:           10.32.2.64:43171
distributed.worker - INFO - Waiting to connect to: tcp://188.185.68.194:46122
distributed.worker - INFO - -------------------------------------------------
distributed.worker - INFO -               Threads:                          1
distributed.worker - INFO -                Memory:                  14.90 GiB
distributed.worker - INFO -       Local Directory: /tmp/ikabadzh/dask-worker-space/worker-3ggh4_53
distributed.worker - INFO - -------------------------------------------------
distributed.worker - INFO -       Start worker at:     tcp://10.32.2.64:46829
distributed.worker - INFO -          Listening to:     tcp://10.32.2.64:46829
distributed.worker - INFO -          dashboard at:           10.32.2.64:35259
distributed.worker - INFO - Waiting to connect to: tcp://188.185.68.194:46122
distributed.worker - INFO - -------------------------------------------------
distributed.worker - INFO -               Threads:                          1
distributed.worker - INFO -                Memory:                  14.90 GiB
distributed.worker - INFO -       Local Directory: /tmp/ikabadzh/dask-worker-space/worker-0642t5iw
distributed.worker - INFO - -------------------------------------------------
distributed.worker - INFO -       Start worker at:     tcp://10.32.2.64:33663
distributed.worker - INFO -          Listening to:     tcp://10.32.2.64:33663
distributed.worker - INFO -          dashboard at:           10.32.2.64:36315
distributed.worker - INFO - Waiting to connect to: tcp://188.185.68.194:46122
distributed.worker - INFO - -------------------------------------------------
distributed.worker - INFO -               Threads:                          1
distributed.worker - INFO -                Memory:                  14.90 GiB
distributed.worker - INFO -       Local Directory: /tmp/ikabadzh/dask-worker-space/worker-ykmk6sqv
distributed.worker - INFO - -------------------------------------------------
distributed.worker - INFO -       Start worker at:     tcp://10.32.2.64:37463
distributed.worker - INFO -          Listening to:     tcp://10.32.2.64:37463
distributed.worker - INFO -          dashboard at:           10.32.2.64:39381
distributed.worker - INFO - Waiting to connect to: tcp://188.185.68.194:46122
distributed.worker - INFO - -------------------------------------------------
distributed.worker - INFO -               Threads:                          1
distributed.worker - INFO -                Memory:                  14.90 GiB
distributed.worker - INFO -       Local Directory: /tmp/ikabadzh/dask-worker-space/worker-qx1fcetz
distributed.worker - INFO - -------------------------------------------------
distributed.worker - INFO -       Start worker at:     tcp://10.32.2.64:34735
distributed.worker - INFO -          Listening to:     tcp://10.32.2.64:34735
distributed.worker - INFO -          dashboard at:           10.32.2.64:37797
distributed.worker - INFO - Waiting to connect to: tcp://188.185.68.194:46122
distributed.worker - INFO - -------------------------------------------------
distributed.worker - INFO -               Threads:                          1
distributed.worker - INFO -                Memory:                  14.90 GiB
distributed.worker - INFO -       Local Directory: /tmp/ikabadzh/dask-worker-space/worker-ki6xlyqb
distributed.worker - INFO - -------------------------------------------------
distributed.worker - INFO -       Start worker at:     tcp://10.32.2.64:34295
distributed.worker - INFO -          Listening to:     tcp://10.32.2.64:34295
distributed.worker - INFO -          dashboard at:           10.32.2.64:40035
distributed.worker - INFO - Waiting to connect to: tcp://188.185.68.194:46122
distributed.worker - INFO - -------------------------------------------------
distributed.worker - INFO -               Threads:                          1
distributed.worker - INFO -                Memory:                  14.90 GiB
distributed.worker - INFO -       Local Directory: /tmp/ikabadzh/dask-worker-space/worker-0nen0ehh
distributed.worker - INFO - -------------------------------------------------
distributed.worker - INFO -       Start worker at:     tcp://10.32.2.64:39765
distributed.worker - INFO -          Listening to:     tcp://10.32.2.64:39765
distributed.worker - INFO -          dashboard at:           10.32.2.64:35049
distributed.worker - INFO - Waiting to connect to: tcp://188.185.68.194:46122
distributed.worker - INFO - -------------------------------------------------
distributed.worker - INFO -               Threads:                          1
distributed.worker - INFO -                Memory:                  14.90 GiB
distributed.worker - INFO -       Local Directory: /tmp/ikabadzh/dask-worker-space/worker-vjix2noe
distributed.worker - INFO - -------------------------------------------------
distributed.worker - INFO -       Start worker at:     tcp://10.32.2.64:40151
distributed.worker - INFO -          Listening to:     tcp://10.32.2.64:40151
distributed.worker - INFO -          dashboard at:           10.32.2.64:37833
distributed.worker - INFO - Waiting to connect to: tcp://188.185.68.194:46122
distributed.worker - INFO - -------------------------------------------------
distributed.worker - INFO -               Threads:                          1
distributed.worker - INFO -       Start worker at:     tcp://10.32.2.64:46229
distributed.worker - INFO -                Memory:                  14.90 GiB
distributed.worker - INFO -       Local Directory: /tmp/ikabadzh/dask-worker-space/worker-c_yxeaul
distributed.worker - INFO - -------------------------------------------------
distributed.worker - INFO -          Listening to:     tcp://10.32.2.64:46229
distributed.worker - INFO -          dashboard at:           10.32.2.64:34267
distributed.worker - INFO - Waiting to connect to: tcp://188.185.68.194:46122
distributed.worker - INFO - -------------------------------------------------
distributed.worker - INFO -               Threads:                          1
distributed.worker - INFO -                Memory:                  14.90 GiB
distributed.worker - INFO -       Local Directory: /tmp/ikabadzh/dask-worker-space/worker-s_b650eq
distributed.worker - INFO - -------------------------------------------------
distributed.worker - INFO -       Start worker at:     tcp://10.32.2.64:39493
distributed.worker - INFO -          Listening to:     tcp://10.32.2.64:39493
distributed.worker - INFO -          dashboard at:           10.32.2.64:32919
distributed.worker - INFO - Waiting to connect to: tcp://188.185.68.194:46122
distributed.worker - INFO - -------------------------------------------------
distributed.worker - INFO -               Threads:                          1
distributed.worker - INFO -                Memory:                  14.90 GiB
distributed.worker - INFO -       Local Directory: /tmp/ikabadzh/dask-worker-space/worker-9ib8fmoi
distributed.worker - INFO - -------------------------------------------------
distributed.worker - INFO -       Start worker at:     tcp://10.32.2.64:40317
distributed.worker - INFO -          Listening to:     tcp://10.32.2.64:40317
distributed.worker - INFO -          dashboard at:           10.32.2.64:33561
distributed.worker - INFO - Waiting to connect to: tcp://188.185.68.194:46122
distributed.worker - INFO - -------------------------------------------------
distributed.worker - INFO -               Threads:                          1
distributed.worker - INFO -                Memory:                  14.90 GiB
distributed.worker - INFO -       Local Directory: /tmp/ikabadzh/dask-worker-space/worker-4keg7gk1
distributed.worker - INFO - -------------------------------------------------
distributed.worker - INFO -       Start worker at:     tcp://10.32.2.64:36433
distributed.worker - INFO -          Listening to:     tcp://10.32.2.64:36433
distributed.worker - INFO -          dashboard at:           10.32.2.64:45323
distributed.worker - INFO - Waiting to connect to: tcp://188.185.68.194:46122
distributed.worker - INFO - -------------------------------------------------
distributed.worker - INFO -               Threads:                          1
distributed.worker - INFO -                Memory:                  14.90 GiB
distributed.worker - INFO -       Local Directory: /tmp/ikabadzh/dask-worker-space/worker-k_5oljr_
distributed.worker - INFO - -------------------------------------------------
distributed.worker - INFO -       Start worker at:     tcp://10.32.2.64:34771
distributed.worker - INFO -          Listening to:     tcp://10.32.2.64:34771
distributed.worker - INFO -          dashboard at:           10.32.2.64:37249
distributed.worker - INFO - Waiting to connect to: tcp://188.185.68.194:46122
distributed.worker - INFO - -------------------------------------------------
distributed.worker - INFO -               Threads:                          1
distributed.worker - INFO -                Memory:                  14.90 GiB
distributed.worker - INFO -       Local Directory: /tmp/ikabadzh/dask-worker-space/worker-y5q2unt8
distributed.worker - INFO - -------------------------------------------------
distributed.worker - INFO -       Start worker at:     tcp://10.32.2.64:40443
distributed.worker - INFO -          Listening to:     tcp://10.32.2.64:40443
distributed.worker - INFO -          dashboard at:           10.32.2.64:34333
distributed.worker - INFO - Waiting to connect to: tcp://188.185.68.194:46122
distributed.worker - INFO - -------------------------------------------------
distributed.worker - INFO -               Threads:                          1
distributed.worker - INFO -                Memory:                  14.90 GiB
distributed.worker - INFO -       Local Directory: /tmp/ikabadzh/dask-worker-space/worker-_9qj_fmk
distributed.worker - INFO - -------------------------------------------------
distributed.worker - INFO -       Start worker at:     tcp://10.32.2.64:37007
distributed.worker - INFO -          Listening to:     tcp://10.32.2.64:37007
distributed.worker - INFO -          dashboard at:           10.32.2.64:33987
distributed.worker - INFO - Waiting to connect to: tcp://188.185.68.194:46122
distributed.worker - INFO - -------------------------------------------------
distributed.worker - INFO -               Threads:                          1
distributed.worker - INFO -                Memory:                  14.90 GiB
distributed.worker - INFO -       Local Directory: /tmp/ikabadzh/dask-worker-space/worker-28m1hb82
distributed.worker - INFO - -------------------------------------------------
distributed.worker - INFO -       Start worker at:     tcp://10.32.2.64:39789
distributed.worker - INFO -          Listening to:     tcp://10.32.2.64:39789
distributed.worker - INFO -          dashboard at:           10.32.2.64:37085
distributed.worker - INFO - Waiting to connect to: tcp://188.185.68.194:46122
distributed.worker - INFO - -------------------------------------------------
distributed.worker - INFO -               Threads:                          1
distributed.worker - INFO -                Memory:                  14.90 GiB
distributed.worker - INFO -       Local Directory: /tmp/ikabadzh/dask-worker-space/worker-mqqk29pd
distributed.worker - INFO - -------------------------------------------------
distributed.worker - INFO -       Start worker at:     tcp://10.32.2.64:37827
distributed.worker - INFO -          Listening to:     tcp://10.32.2.64:37827
distributed.worker - INFO -          dashboard at:           10.32.2.64:39177
distributed.worker - INFO - Waiting to connect to: tcp://188.185.68.194:46122
distributed.worker - INFO - -------------------------------------------------
distributed.worker - INFO -               Threads:                          1
distributed.worker - INFO -                Memory:                  14.90 GiB
distributed.worker - INFO -       Local Directory: /tmp/ikabadzh/dask-worker-space/worker-l1jlgp6t
distributed.worker - INFO - -------------------------------------------------
distributed.worker - INFO -       Start worker at:     tcp://10.32.2.64:36875
distributed.worker - INFO -          Listening to:     tcp://10.32.2.64:36875
distributed.worker - INFO -          dashboard at:           10.32.2.64:34831
distributed.worker - INFO - Waiting to connect to: tcp://188.185.68.194:46122
distributed.worker - INFO - -------------------------------------------------
distributed.worker - INFO -               Threads:                          1
distributed.worker - INFO -                Memory:                  14.90 GiB
distributed.worker - INFO -       Local Directory: /tmp/ikabadzh/dask-worker-space/worker-_lmth359
distributed.worker - INFO - -------------------------------------------------
distributed.worker - INFO -         Registered to: tcp://188.185.68.194:46122
distributed.worker - INFO - -------------------------------------------------
distributed.core - INFO - Starting established connection
distributed.worker - INFO -         Registered to: tcp://188.185.68.194:46122
distributed.worker - INFO - -------------------------------------------------
distributed.core - INFO - Starting established connection
distributed.worker - INFO -         Registered to: tcp://188.185.68.194:46122
distributed.worker - INFO - -------------------------------------------------
distributed.core - INFO - Starting established connection
distributed.worker - INFO -         Registered to: tcp://188.185.68.194:46122
distributed.worker - INFO - -------------------------------------------------
distributed.core - INFO - Starting established connection
distributed.worker - INFO -         Registered to: tcp://188.185.68.194:46122
distributed.worker - INFO - -------------------------------------------------
distributed.core - INFO - Starting established connection
distributed.worker - INFO -         Registered to: tcp://188.185.68.194:46122
distributed.worker - INFO - -------------------------------------------------
distributed.core - INFO - Starting established connection
distributed.worker - INFO -         Registered to: tcp://188.185.68.194:46122
distributed.worker - INFO - -------------------------------------------------
distributed.core - INFO - Starting established connection
distributed.worker - INFO -         Registered to: tcp://188.185.68.194:46122
distributed.worker - INFO - -------------------------------------------------
distributed.core - INFO - Starting established connection
distributed.worker - INFO -         Registered to: tcp://188.185.68.194:46122
distributed.worker - INFO - -------------------------------------------------
distributed.core - INFO - Starting established connection
distributed.worker - INFO -         Registered to: tcp://188.185.68.194:46122
distributed.worker - INFO - -------------------------------------------------
distributed.core - INFO - Starting established connection
distributed.worker - INFO -         Registered to: tcp://188.185.68.194:46122
distributed.worker - INFO - -------------------------------------------------
distributed.core - INFO - Starting established connection
distributed.worker - INFO -         Registered to: tcp://188.185.68.194:46122
distributed.worker - INFO - -------------------------------------------------
distributed.core - INFO - Starting established connection
distributed.worker - INFO -         Registered to: tcp://188.185.68.194:46122
distributed.worker - INFO - -------------------------------------------------
distributed.core - INFO - Starting established connection
distributed.worker - INFO -         Registered to: tcp://188.185.68.194:46122
distributed.worker - INFO - -------------------------------------------------
distributed.core - INFO - Starting established connection
distributed.worker - INFO -         Registered to: tcp://188.185.68.194:46122
distributed.worker - INFO - -------------------------------------------------
distributed.core - INFO - Starting established connection
distributed.worker - INFO -         Registered to: tcp://188.185.68.194:46122
distributed.worker - INFO - -------------------------------------------------
distributed.core - INFO - Starting established connection
distributed.worker - INFO -         Registered to: tcp://188.185.68.194:46122
distributed.worker - INFO - -------------------------------------------------
distributed.core - INFO - Starting established connection
distributed.worker - INFO -         Registered to: tcp://188.185.68.194:46122
distributed.worker - INFO - -------------------------------------------------
distributed.core - INFO - Starting established connection
distributed.worker - INFO -         Registered to: tcp://188.185.68.194:46122
distributed.worker - INFO - -------------------------------------------------
distributed.core - INFO - Starting established connection
distributed.worker - INFO -         Registered to: tcp://188.185.68.194:46122
distributed.worker - INFO - -------------------------------------------------
distributed.core - INFO - Starting established connection
distributed.worker - INFO -         Registered to: tcp://188.185.68.194:46122
distributed.worker - INFO - -------------------------------------------------
distributed.core - INFO - Starting established connection
distributed.worker - INFO -         Registered to: tcp://188.185.68.194:46122
distributed.worker - INFO - -------------------------------------------------
distributed.core - INFO - Starting established connection
distributed.worker - INFO -         Registered to: tcp://188.185.68.194:46122
distributed.worker - INFO - -------------------------------------------------
distributed.core - INFO - Starting established connection
distributed.worker - INFO -         Registered to: tcp://188.185.68.194:46122
distributed.worker - INFO - -------------------------------------------------
distributed.core - INFO - Starting established connection
distributed.worker - INFO -         Registered to: tcp://188.185.68.194:46122
distributed.worker - INFO - -------------------------------------------------
distributed.core - INFO - Starting established connection
distributed.worker - INFO -         Registered to: tcp://188.185.68.194:46122
distributed.worker - INFO - -------------------------------------------------
distributed.core - INFO - Starting established connection
distributed.worker - INFO -         Registered to: tcp://188.185.68.194:46122
distributed.worker - INFO - -------------------------------------------------
distributed.core - INFO - Starting established connection
distributed.worker - INFO -         Registered to: tcp://188.185.68.194:46122
distributed.worker - INFO - -------------------------------------------------
distributed.core - INFO - Starting established connection
distributed.worker - INFO -         Registered to: tcp://188.185.68.194:46122
distributed.worker - INFO - -------------------------------------------------
distributed.core - INFO - Starting established connection
distributed.worker - INFO -         Registered to: tcp://188.185.68.194:46122
distributed.worker - INFO - -------------------------------------------------
distributed.core - INFO - Starting established connection
distributed.worker - INFO -         Registered to: tcp://188.185.68.194:46122
distributed.worker - INFO - -------------------------------------------------
distributed.core - INFO - Starting established connection
distributed.worker - INFO -         Registered to: tcp://188.185.68.194:46122
distributed.worker - INFO - -------------------------------------------------
distributed.core - INFO - Starting established connection
tornado.application - ERROR - Exception in callback functools.partial(<bound method IOLoop._discard_future_result of <tornado.platform.asyncio.AsyncIOLoop object at 0x7f26dac0dd00>>, <Task finished name='Task-11' coro=<Worker.heartbeat() done, defined at /hpcscratch/user/ikabadzh/mambaforge/envs/myenv/lib/python3.9/site-packages/distributed/worker.py:992> exception=OSError('Timed out during handshake while connecting to tcp://188.185.68.194:46122 after 30 s')>)
Traceback (most recent call last):
  File "/hpcscratch/user/ikabadzh/mambaforge/envs/myenv/lib/python3.9/site-packages/tornado/iostream.py", line 867, in _read_to_buffer
    bytes_read = self.read_from_fd(buf)
  File "/hpcscratch/user/ikabadzh/mambaforge/envs/myenv/lib/python3.9/site-packages/tornado/iostream.py", line 1140, in read_from_fd
    return self.socket.recv_into(buf, len(buf))
ConnectionResetError: [Errno 104] Connection reset by peer

The above exception was the direct cause of the following exception:

Traceback (most recent call last):
  File "/hpcscratch/user/ikabadzh/mambaforge/envs/myenv/lib/python3.9/site-packages/distributed/comm/core.py", line 318, in connect
    handshake = await asyncio.wait_for(comm.read(), time_left())
  File "/hpcscratch/user/ikabadzh/mambaforge/envs/myenv/lib/python3.9/asyncio/tasks.py", line 481, in wait_for
    return fut.result()
  File "/hpcscratch/user/ikabadzh/mambaforge/envs/myenv/lib/python3.9/site-packages/distributed/comm/tcp.py", line 214, in read
    convert_stream_closed_error(self, e)
  File "/hpcscratch/user/ikabadzh/mambaforge/envs/myenv/lib/python3.9/site-packages/distributed/comm/tcp.py", line 126, in convert_stream_closed_error
    raise CommClosedError(f"in {obj}: {exc.__class__.__name__}: {exc}") from exc
distributed.comm.core.CommClosedError: in <TCP (closed)  local=tcp://10.32.2.64:51332 remote=tcp://188.185.68.194:46122>: ConnectionResetError: [Errno 104] Connection reset by peer

The above exception was the direct cause of the following exception:

Traceback (most recent call last):
  File "/hpcscratch/user/ikabadzh/mambaforge/envs/myenv/lib/python3.9/site-packages/tornado/ioloop.py", line 741, in _run_callback
    ret = callback()
  File "/hpcscratch/user/ikabadzh/mambaforge/envs/myenv/lib/python3.9/site-packages/tornado/ioloop.py", line 765, in _discard_future_result
    future.result()
  File "/hpcscratch/user/ikabadzh/mambaforge/envs/myenv/lib/python3.9/site-packages/distributed/worker.py", line 1041, in heartbeat
    raise e
  File "/hpcscratch/user/ikabadzh/mambaforge/envs/myenv/lib/python3.9/site-packages/distributed/worker.py", line 1001, in heartbeat
    response = await retry_operation(
  File "/hpcscratch/user/ikabadzh/mambaforge/envs/myenv/lib/python3.9/site-packages/distributed/utils_comm.py", line 385, in retry_operation
    return await retry(
  File "/hpcscratch/user/ikabadzh/mambaforge/envs/myenv/lib/python3.9/site-packages/distributed/utils_comm.py", line 370, in retry
    return await coro()
  File "/hpcscratch/user/ikabadzh/mambaforge/envs/myenv/lib/python3.9/site-packages/distributed/core.py", line 871, in send_recv_from_rpc
    comm = await self.pool.connect(self.addr)
  File "/hpcscratch/user/ikabadzh/mambaforge/envs/myenv/lib/python3.9/site-packages/distributed/core.py", line 1059, in connect
    raise exc
  File "/hpcscratch/user/ikabadzh/mambaforge/envs/myenv/lib/python3.9/site-packages/distributed/core.py", line 1043, in connect
    comm = await fut
  File "/hpcscratch/user/ikabadzh/mambaforge/envs/myenv/lib/python3.9/site-packages/distributed/comm/core.py", line 323, in connect
    raise OSError(
OSError: Timed out during handshake while connecting to tcp://188.185.68.194:46122 after 30 s
tornado.application - ERROR - Exception in callback functools.partial(<bound method IOLoop._discard_future_result of <tornado.platform.asyncio.AsyncIOLoop object at 0x7fbbe9e58d00>>, <Task finished name='Task-11' coro=<Worker.heartbeat() done, defined at /hpcscratch/user/ikabadzh/mambaforge/envs/myenv/lib/python3.9/site-packages/distributed/worker.py:992> exception=OSError('Timed out during handshake while connecting to tcp://188.185.68.194:46122 after 30 s')>)
Traceback (most recent call last):
  File "/hpcscratch/user/ikabadzh/mambaforge/envs/myenv/lib/python3.9/site-packages/tornado/iostream.py", line 867, in _read_to_buffer
    bytes_read = self.read_from_fd(buf)
  File "/hpcscratch/user/ikabadzh/mambaforge/envs/myenv/lib/python3.9/site-packages/tornado/iostream.py", line 1140, in read_from_fd
    return self.socket.recv_into(buf, len(buf))
ConnectionResetError: [Errno 104] Connection reset by peer

The above exception was the direct cause of the following exception:

Traceback (most recent call last):
  File "/hpcscratch/user/ikabadzh/mambaforge/envs/myenv/lib/python3.9/site-packages/distributed/comm/core.py", line 318, in connect
    handshake = await asyncio.wait_for(comm.read(), time_left())
  File "/hpcscratch/user/ikabadzh/mambaforge/envs/myenv/lib/python3.9/asyncio/tasks.py", line 481, in wait_for
    return fut.result()
  File "/hpcscratch/user/ikabadzh/mambaforge/envs/myenv/lib/python3.9/site-packages/distributed/comm/tcp.py", line 214, in read
    convert_stream_closed_error(self, e)
  File "/hpcscratch/user/ikabadzh/mambaforge/envs/myenv/lib/python3.9/site-packages/distributed/comm/tcp.py", line 126, in convert_stream_closed_error
    raise CommClosedError(f"in {obj}: {exc.__class__.__name__}: {exc}") from exc
distributed.comm.core.CommClosedError: in <TCP (closed)  local=tcp://10.32.2.64:51370 remote=tcp://188.185.68.194:46122>: ConnectionResetError: [Errno 104] Connection reset by peer

The above exception was the direct cause of the following exception:

Traceback (most recent call last):
  File "/hpcscratch/user/ikabadzh/mambaforge/envs/myenv/lib/python3.9/site-packages/tornado/ioloop.py", line 741, in _run_callback
    ret = callback()
  File "/hpcscratch/user/ikabadzh/mambaforge/envs/myenv/lib/python3.9/site-packages/tornado/ioloop.py", line 765, in _discard_future_result
    future.result()
  File "/hpcscratch/user/ikabadzh/mambaforge/envs/myenv/lib/python3.9/site-packages/distributed/worker.py", line 1041, in heartbeat
    raise e
  File "/hpcscratch/user/ikabadzh/mambaforge/envs/myenv/lib/python3.9/site-packages/distributed/worker.py", line 1001, in heartbeat
    response = await retry_operation(
  File "/hpcscratch/user/ikabadzh/mambaforge/envs/myenv/lib/python3.9/site-packages/distributed/utils_comm.py", line 385, in retry_operation
    return await retry(
  File "/hpcscratch/user/ikabadzh/mambaforge/envs/myenv/lib/python3.9/site-packages/distributed/utils_comm.py", line 370, in retry
    return await coro()
  File "/hpcscratch/user/ikabadzh/mambaforge/envs/myenv/lib/python3.9/site-packages/distributed/core.py", line 871, in send_recv_from_rpc
    comm = await self.pool.connect(self.addr)
  File "/hpcscratch/user/ikabadzh/mambaforge/envs/myenv/lib/python3.9/site-packages/distributed/core.py", line 1059, in connect
    raise exc
  File "/hpcscratch/user/ikabadzh/mambaforge/envs/myenv/lib/python3.9/site-packages/distributed/core.py", line 1043, in connect
    comm = await fut
  File "/hpcscratch/user/ikabadzh/mambaforge/envs/myenv/lib/python3.9/site-packages/distributed/comm/core.py", line 323, in connect
    raise OSError(
OSError: Timed out during handshake while connecting to tcp://188.185.68.194:46122 after 30 s
distributed.worker - INFO - Connection to scheduler broken.  Reconnecting...
distributed.worker - INFO - Connection to scheduler broken.  Reconnecting...
distributed.worker - INFO - Connection to scheduler broken.  Reconnecting...
distributed.worker - INFO - Connection to scheduler broken.  Reconnecting...
distributed.worker - INFO - Connection to scheduler broken.  Reconnecting...
distributed.worker - INFO - Connection to scheduler broken.  Reconnecting...
distributed.worker - INFO - Connection to scheduler broken.  Reconnecting...
distributed.worker - INFO - Connection to scheduler broken.  Reconnecting...
distributed.worker - INFO - Connection to scheduler broken.  Reconnecting...
distributed.worker - INFO - Connection to scheduler broken.  Reconnecting...
distributed.worker - INFO - Connection to scheduler broken.  Reconnecting...
distributed.worker - INFO - Connection to scheduler broken.  Reconnecting...
distributed.worker - INFO - Connection to scheduler broken.  Reconnecting...
distributed.worker - INFO - Connection to scheduler broken.  Reconnecting...
distributed.worker - INFO - Connection to scheduler broken.  Reconnecting...
distributed.worker - INFO - Connection to scheduler broken.  Reconnecting...
distributed.worker - INFO - Connection to scheduler broken.  Reconnecting...
distributed.worker - INFO - Connection to scheduler broken.  Reconnecting...
distributed.worker - INFO - Connection to scheduler broken.  Reconnecting...
distributed.worker - INFO - Connection to scheduler broken.  Reconnecting...
distributed.worker - INFO - Connection to scheduler broken.  Reconnecting...
distributed.worker - INFO - Connection to scheduler broken.  Reconnecting...
distributed.worker - INFO - Connection to scheduler broken.  Reconnecting...
distributed.worker - INFO - Connection to scheduler broken.  Reconnecting...
distributed.worker - INFO - Connection to scheduler broken.  Reconnecting...
distributed.worker - INFO - Connection to scheduler broken.  Reconnecting...
distributed.worker - INFO - Connection to scheduler broken.  Reconnecting...
distributed.worker - INFO - Connection to scheduler broken.  Reconnecting...
distributed.worker - INFO - Connection to scheduler broken.  Reconnecting...
distributed.worker - INFO - Connection to scheduler broken.  Reconnecting...
distributed.worker - INFO - Connection to scheduler broken.  Reconnecting...
distributed.worker - INFO - Connection to scheduler broken.  Reconnecting...
distributed.worker - INFO - Stopping worker at tcp://10.32.2.64:40081
distributed.nanny - INFO - Worker closed
distributed.worker - INFO - Stopping worker at tcp://10.32.2.64:45161
distributed.nanny - INFO - Worker closed
distributed.worker - INFO - Stopping worker at tcp://10.32.2.64:37411
distributed.nanny - INFO - Worker closed
distributed.worker - INFO - Stopping worker at tcp://10.32.2.64:34219
distributed.nanny - INFO - Worker closed
distributed.worker - INFO - Stopping worker at tcp://10.32.2.64:45155
distributed.worker - INFO - Stopping worker at tcp://10.32.2.64:46519
distributed.nanny - INFO - Worker closed
distributed.nanny - INFO - Worker closed
distributed.worker - INFO - Stopping worker at tcp://10.32.2.64:37857
distributed.worker - INFO - Stopping worker at tcp://10.32.2.64:39973
distributed.nanny - INFO - Worker closed
distributed.nanny - INFO - Worker closed
distributed.worker - INFO - Stopping worker at tcp://10.32.2.64:44809
distributed.nanny - INFO - Worker closed
distributed.nanny - INFO - Closing Nanny at 'tcp://10.32.2.64:39187'
distributed.nanny - INFO - Closing Nanny at 'tcp://10.32.2.64:33361'
distributed.nanny - INFO - Closing Nanny at 'tcp://10.32.2.64:32899'
distributed.worker - INFO - Stopping worker at tcp://10.32.2.64:35997
distributed.nanny - INFO - Worker closed
distributed.worker - INFO - Stopping worker at tcp://10.32.2.64:40209
distributed.nanny - INFO - Worker closed
distributed.worker - INFO - Stopping worker at tcp://10.32.2.64:44259
distributed.nanny - INFO - Worker closed
distributed.nanny - INFO - Closing Nanny at 'tcp://10.32.2.64:42905'
distributed.nanny - INFO - Closing Nanny at 'tcp://10.32.2.64:43853'
distributed.nanny - INFO - Closing Nanny at 'tcp://10.32.2.64:43139'
distributed.worker - INFO - Stopping worker at tcp://10.32.2.64:46143
distributed.nanny - INFO - Worker closed
distributed.nanny - INFO - Closing Nanny at 'tcp://10.32.2.64:38185'
distributed.nanny - INFO - Closing Nanny at 'tcp://10.32.2.64:36639'
distributed.nanny - INFO - Closing Nanny at 'tcp://10.32.2.64:39639'
distributed.nanny - INFO - Closing Nanny at 'tcp://10.32.2.64:35717'
distributed.worker - INFO - Stopping worker at tcp://10.32.2.64:42165
distributed.nanny - INFO - Worker closed
distributed.worker - INFO - Stopping worker at tcp://10.32.2.64:46829
distributed.nanny - INFO - Worker closed
distributed.nanny - INFO - Closing Nanny at 'tcp://10.32.2.64:38471'
distributed.nanny - INFO - Closing Nanny at 'tcp://10.32.2.64:39009'
distributed.nanny - INFO - Closing Nanny at 'tcp://10.32.2.64:40041'
distributed.nanny - INFO - Closing Nanny at 'tcp://10.32.2.64:40827'
distributed.nanny - INFO - Closing Nanny at 'tcp://10.32.2.64:39155'
distributed.worker - INFO - Stopping worker at tcp://10.32.2.64:33663
distributed.nanny - INFO - Worker closed
distributed.worker - INFO - Stopping worker at tcp://10.32.2.64:37463
distributed.nanny - INFO - Worker closed
distributed.worker - INFO - Stopping worker at tcp://10.32.2.64:34735
distributed.nanny - INFO - Worker closed
distributed.worker - INFO - Stopping worker at tcp://10.32.2.64:39765
distributed.nanny - INFO - Worker closed
distributed.nanny - INFO - Closing Nanny at 'tcp://10.32.2.64:39209'
distributed.nanny - INFO - Closing Nanny at 'tcp://10.32.2.64:40767'
distributed.worker - INFO - Stopping worker at tcp://10.32.2.64:40151
distributed.nanny - INFO - Worker closed
distributed.nanny - INFO - Closing Nanny at 'tcp://10.32.2.64:40607'
distributed.worker - INFO - Stopping worker at tcp://10.32.2.64:46229
distributed.nanny - INFO - Worker closed
distributed.worker - INFO - Stopping worker at tcp://10.32.2.64:39493
distributed.nanny - INFO - Closing Nanny at 'tcp://10.32.2.64:36795'
distributed.nanny - INFO - Worker closed
distributed.worker - INFO - Stopping worker at tcp://10.32.2.64:40317
distributed.nanny - INFO - Worker closed
distributed.worker - INFO - Stopping worker at tcp://10.32.2.64:36433
distributed.nanny - INFO - Worker closed
distributed.worker - INFO - Stopping worker at tcp://10.32.2.64:34771
distributed.nanny - INFO - Worker closed
distributed.nanny - INFO - Closing Nanny at 'tcp://10.32.2.64:39191'
distributed.nanny - INFO - Closing Nanny at 'tcp://10.32.2.64:34015'
distributed.nanny - INFO - Closing Nanny at 'tcp://10.32.2.64:46789'
distributed.nanny - INFO - Closing Nanny at 'tcp://10.32.2.64:36699'
distributed.nanny - INFO - Closing Nanny at 'tcp://10.32.2.64:32823'
distributed.nanny - INFO - Closing Nanny at 'tcp://10.32.2.64:37169'
distributed.worker - INFO - Stopping worker at tcp://10.32.2.64:37007
distributed.nanny - INFO - Worker closed
distributed.worker - INFO - Stopping worker at tcp://10.32.2.64:40443
distributed.nanny - INFO - Worker closed
distributed.worker - INFO - Stopping worker at tcp://10.32.2.64:39789
distributed.nanny - INFO - Worker closed
distributed.nanny - INFO - Closing Nanny at 'tcp://10.32.2.64:42879'
distributed.nanny - INFO - Closing Nanny at 'tcp://10.32.2.64:41139'
distributed.worker - INFO - Stopping worker at tcp://10.32.2.64:37827
distributed.nanny - INFO - Worker closed
distributed.worker - INFO - Stopping worker at tcp://10.32.2.64:36875
distributed.nanny - INFO - Worker closed
distributed.nanny - INFO - Closing Nanny at 'tcp://10.32.2.64:35945'
distributed.nanny - INFO - Closing Nanny at 'tcp://10.32.2.64:37389'
distributed.nanny - INFO - Closing Nanny at 'tcp://10.32.2.64:37771'
distributed.worker - INFO - Stopping worker at tcp://10.32.2.64:34295
distributed.nanny - INFO - Worker closed
distributed.nanny - INFO - Closing Nanny at 'tcp://10.32.2.64:44763'
distributed.worker - INFO - Stopping worker at tcp://10.32.2.64:41415
distributed.nanny - INFO - Worker closed
distributed.nanny - INFO - Closing Nanny at 'tcp://10.32.2.64:36441'
distributed.dask_worker - INFO - End worker
