Auks API request failed : krb5 cred : unable to read credential cache
distributed.nanny - INFO -         Start Nanny at: 'tcp://10.32.2.18:41575'
distributed.nanny - INFO -         Start Nanny at: 'tcp://10.32.2.18:40121'
distributed.nanny - INFO -         Start Nanny at: 'tcp://10.32.2.18:35453'
distributed.nanny - INFO -         Start Nanny at: 'tcp://10.32.2.18:42155'
distributed.nanny - INFO -         Start Nanny at: 'tcp://10.32.2.18:36251'
distributed.nanny - INFO -         Start Nanny at: 'tcp://10.32.2.18:35893'
distributed.nanny - INFO -         Start Nanny at: 'tcp://10.32.2.18:44005'
distributed.nanny - INFO -         Start Nanny at: 'tcp://10.32.2.18:37341'
distributed.nanny - INFO -         Start Nanny at: 'tcp://10.32.2.18:45229'
distributed.nanny - INFO -         Start Nanny at: 'tcp://10.32.2.18:34765'
distributed.nanny - INFO -         Start Nanny at: 'tcp://10.32.2.18:41291'
distributed.nanny - INFO -         Start Nanny at: 'tcp://10.32.2.18:38517'
distributed.nanny - INFO -         Start Nanny at: 'tcp://10.32.2.18:33971'
distributed.nanny - INFO -         Start Nanny at: 'tcp://10.32.2.18:34043'
distributed.nanny - INFO -         Start Nanny at: 'tcp://10.32.2.18:35277'
distributed.nanny - INFO -         Start Nanny at: 'tcp://10.32.2.18:38371'
distributed.nanny - INFO -         Start Nanny at: 'tcp://10.32.2.18:36435'
distributed.nanny - INFO -         Start Nanny at: 'tcp://10.32.2.18:45143'
distributed.nanny - INFO -         Start Nanny at: 'tcp://10.32.2.18:42547'
distributed.nanny - INFO -         Start Nanny at: 'tcp://10.32.2.18:42907'
distributed.nanny - INFO -         Start Nanny at: 'tcp://10.32.2.18:40739'
distributed.nanny - INFO -         Start Nanny at: 'tcp://10.32.2.18:33443'
distributed.nanny - INFO -         Start Nanny at: 'tcp://10.32.2.18:41451'
distributed.nanny - INFO -         Start Nanny at: 'tcp://10.32.2.18:35871'
distributed.nanny - INFO -         Start Nanny at: 'tcp://10.32.2.18:46241'
distributed.nanny - INFO -         Start Nanny at: 'tcp://10.32.2.18:45585'
distributed.nanny - INFO -         Start Nanny at: 'tcp://10.32.2.18:33811'
distributed.nanny - INFO -         Start Nanny at: 'tcp://10.32.2.18:38977'
distributed.nanny - INFO -         Start Nanny at: 'tcp://10.32.2.18:32811'
distributed.nanny - INFO -         Start Nanny at: 'tcp://10.32.2.18:36209'
distributed.nanny - INFO -         Start Nanny at: 'tcp://10.32.2.18:37075'
distributed.nanny - INFO -         Start Nanny at: 'tcp://10.32.2.18:34353'
distributed.worker - INFO -       Start worker at:     tcp://10.32.2.18:34141
distributed.worker - INFO -          Listening to:     tcp://10.32.2.18:34141
distributed.worker - INFO -          dashboard at:           10.32.2.18:39639
distributed.worker - INFO - Waiting to connect to: tcp://188.185.68.194:46122
distributed.worker - INFO - -------------------------------------------------
distributed.worker - INFO -               Threads:                          1
distributed.worker - INFO -                Memory:                  14.90 GiB
distributed.worker - INFO -       Local Directory: /tmp/ikabadzh/dask-worker-space/worker-3j5_qfkj
distributed.worker - INFO - -------------------------------------------------
distributed.worker - INFO -       Start worker at:     tcp://10.32.2.18:38993
distributed.worker - INFO -          Listening to:     tcp://10.32.2.18:38993
distributed.worker - INFO -          dashboard at:           10.32.2.18:38627
distributed.worker - INFO - Waiting to connect to: tcp://188.185.68.194:46122
distributed.worker - INFO - -------------------------------------------------
distributed.worker - INFO -               Threads:                          1
distributed.worker - INFO -                Memory:                  14.90 GiB
distributed.worker - INFO -       Local Directory: /tmp/ikabadzh/dask-worker-space/worker-hm0z4kl3
distributed.worker - INFO - -------------------------------------------------
distributed.worker - INFO -       Start worker at:     tcp://10.32.2.18:45839
distributed.worker - INFO -          Listening to:     tcp://10.32.2.18:45839
distributed.worker - INFO -          dashboard at:           10.32.2.18:34923
distributed.worker - INFO - Waiting to connect to: tcp://188.185.68.194:46122
distributed.worker - INFO - -------------------------------------------------
distributed.worker - INFO -               Threads:                          1
distributed.worker - INFO -                Memory:                  14.90 GiB
distributed.worker - INFO -       Local Directory: /tmp/ikabadzh/dask-worker-space/worker-9haqmkdr
distributed.worker - INFO - -------------------------------------------------
distributed.worker - INFO -       Start worker at:     tcp://10.32.2.18:33105
distributed.worker - INFO -          Listening to:     tcp://10.32.2.18:33105
distributed.worker - INFO -          dashboard at:           10.32.2.18:41601
distributed.worker - INFO - Waiting to connect to: tcp://188.185.68.194:46122
distributed.worker - INFO - -------------------------------------------------
distributed.worker - INFO -               Threads:                          1
distributed.worker - INFO -                Memory:                  14.90 GiB
distributed.worker - INFO -       Local Directory: /tmp/ikabadzh/dask-worker-space/worker-zstchlgt
distributed.worker - INFO - -------------------------------------------------
distributed.worker - INFO -       Start worker at:     tcp://10.32.2.18:35707
distributed.worker - INFO -          Listening to:     tcp://10.32.2.18:35707
distributed.worker - INFO -          dashboard at:           10.32.2.18:46847
distributed.worker - INFO - Waiting to connect to: tcp://188.185.68.194:46122
distributed.worker - INFO - -------------------------------------------------
distributed.worker - INFO -               Threads:                          1
distributed.worker - INFO -                Memory:                  14.90 GiB
distributed.worker - INFO -       Local Directory: /tmp/ikabadzh/dask-worker-space/worker-sk0uo05v
distributed.worker - INFO - -------------------------------------------------
distributed.worker - INFO -       Start worker at:     tcp://10.32.2.18:37703
distributed.worker - INFO -          Listening to:     tcp://10.32.2.18:37703
distributed.worker - INFO -          dashboard at:           10.32.2.18:43555
distributed.worker - INFO - Waiting to connect to: tcp://188.185.68.194:46122
distributed.worker - INFO - -------------------------------------------------
distributed.worker - INFO -               Threads:                          1
distributed.worker - INFO -                Memory:                  14.90 GiB
distributed.worker - INFO -       Local Directory: /tmp/ikabadzh/dask-worker-space/worker-ajpcbvn5
distributed.worker - INFO - -------------------------------------------------
distributed.worker - INFO -       Start worker at:     tcp://10.32.2.18:36947
distributed.worker - INFO -          Listening to:     tcp://10.32.2.18:36947
distributed.worker - INFO -          dashboard at:           10.32.2.18:43221
distributed.worker - INFO - Waiting to connect to: tcp://188.185.68.194:46122
distributed.worker - INFO - -------------------------------------------------
distributed.worker - INFO -               Threads:                          1
distributed.worker - INFO -                Memory:                  14.90 GiB
distributed.worker - INFO -       Local Directory: /tmp/ikabadzh/dask-worker-space/worker-ofd_skd2
distributed.worker - INFO - -------------------------------------------------
distributed.worker - INFO -       Start worker at:     tcp://10.32.2.18:34331
distributed.worker - INFO -          Listening to:     tcp://10.32.2.18:34331
distributed.worker - INFO -          dashboard at:           10.32.2.18:42225
distributed.worker - INFO - Waiting to connect to: tcp://188.185.68.194:46122
distributed.worker - INFO - -------------------------------------------------
distributed.worker - INFO -               Threads:                          1
distributed.worker - INFO -                Memory:                  14.90 GiB
distributed.worker - INFO -       Local Directory: /tmp/ikabadzh/dask-worker-space/worker-pkke1u15
distributed.worker - INFO - -------------------------------------------------
distributed.worker - INFO -       Start worker at:     tcp://10.32.2.18:38877
distributed.worker - INFO -          Listening to:     tcp://10.32.2.18:38877
distributed.worker - INFO -          dashboard at:           10.32.2.18:36693
distributed.worker - INFO - Waiting to connect to: tcp://188.185.68.194:46122
distributed.worker - INFO - -------------------------------------------------
distributed.worker - INFO -               Threads:                          1
distributed.worker - INFO -                Memory:                  14.90 GiB
distributed.worker - INFO -       Local Directory: /tmp/ikabadzh/dask-worker-space/worker-vi5qrocd
distributed.worker - INFO - -------------------------------------------------
distributed.worker - INFO -       Start worker at:     tcp://10.32.2.18:41397
distributed.worker - INFO -          Listening to:     tcp://10.32.2.18:41397
distributed.worker - INFO -          dashboard at:           10.32.2.18:41085
distributed.worker - INFO - Waiting to connect to: tcp://188.185.68.194:46122
distributed.worker - INFO - -------------------------------------------------
distributed.worker - INFO -               Threads:                          1
distributed.worker - INFO -                Memory:                  14.90 GiB
distributed.worker - INFO -       Local Directory: /tmp/ikabadzh/dask-worker-space/worker-2gpdrtzt
distributed.worker - INFO - -------------------------------------------------
distributed.worker - INFO -       Start worker at:     tcp://10.32.2.18:35771
distributed.worker - INFO -          Listening to:     tcp://10.32.2.18:35771
distributed.worker - INFO -          dashboard at:           10.32.2.18:45703
distributed.worker - INFO - Waiting to connect to: tcp://188.185.68.194:46122
distributed.worker - INFO - -------------------------------------------------
distributed.worker - INFO -               Threads:                          1
distributed.worker - INFO -                Memory:                  14.90 GiB
distributed.worker - INFO -       Local Directory: /tmp/ikabadzh/dask-worker-space/worker-wmwzps8a
distributed.worker - INFO - -------------------------------------------------
distributed.worker - INFO -       Start worker at:     tcp://10.32.2.18:38863
distributed.worker - INFO -          Listening to:     tcp://10.32.2.18:38863
distributed.worker - INFO -          dashboard at:           10.32.2.18:39717
distributed.worker - INFO - Waiting to connect to: tcp://188.185.68.194:46122
distributed.worker - INFO - -------------------------------------------------
distributed.worker - INFO -               Threads:                          1
distributed.worker - INFO -                Memory:                  14.90 GiB
distributed.worker - INFO -       Local Directory: /tmp/ikabadzh/dask-worker-space/worker-5r1mfkag
distributed.worker - INFO -       Start worker at:     tcp://10.32.2.18:40469
distributed.worker - INFO - -------------------------------------------------
distributed.worker - INFO -          Listening to:     tcp://10.32.2.18:40469
distributed.worker - INFO -          dashboard at:           10.32.2.18:43967
distributed.worker - INFO - Waiting to connect to: tcp://188.185.68.194:46122
distributed.worker - INFO - -------------------------------------------------
distributed.worker - INFO -               Threads:                          1
distributed.worker - INFO -                Memory:                  14.90 GiB
distributed.worker - INFO -       Local Directory: /tmp/ikabadzh/dask-worker-space/worker-qhwety_8
distributed.worker - INFO - -------------------------------------------------
distributed.worker - INFO -       Start worker at:     tcp://10.32.2.18:40981
distributed.worker - INFO -          Listening to:     tcp://10.32.2.18:40981
distributed.worker - INFO -          dashboard at:           10.32.2.18:35199
distributed.worker - INFO - Waiting to connect to: tcp://188.185.68.194:46122
distributed.worker - INFO - -------------------------------------------------
distributed.worker - INFO -               Threads:                          1
distributed.worker - INFO -                Memory:                  14.90 GiB
distributed.worker - INFO -       Local Directory: /tmp/ikabadzh/dask-worker-space/worker-xjpii8h1
distributed.worker - INFO - -------------------------------------------------
distributed.worker - INFO -       Start worker at:     tcp://10.32.2.18:33519
distributed.worker - INFO -          Listening to:     tcp://10.32.2.18:33519
distributed.worker - INFO -          dashboard at:           10.32.2.18:33623
distributed.worker - INFO - Waiting to connect to: tcp://188.185.68.194:46122
distributed.worker - INFO - -------------------------------------------------
distributed.worker - INFO -               Threads:                          1
distributed.worker - INFO -                Memory:                  14.90 GiB
distributed.worker - INFO -       Local Directory: /tmp/ikabadzh/dask-worker-space/worker-hs3jva28
distributed.worker - INFO - -------------------------------------------------
distributed.worker - INFO -       Start worker at:     tcp://10.32.2.18:40099
distributed.worker - INFO -          Listening to:     tcp://10.32.2.18:40099
distributed.worker - INFO -          dashboard at:           10.32.2.18:40631
distributed.worker - INFO - Waiting to connect to: tcp://188.185.68.194:46122
distributed.worker - INFO - -------------------------------------------------
distributed.worker - INFO -               Threads:                          1
distributed.worker - INFO -                Memory:                  14.90 GiB
distributed.worker - INFO -       Local Directory: /tmp/ikabadzh/dask-worker-space/worker-nv2m2wm9
distributed.worker - INFO - -------------------------------------------------
distributed.worker - INFO -       Start worker at:     tcp://10.32.2.18:43701
distributed.worker - INFO -          Listening to:     tcp://10.32.2.18:43701
distributed.worker - INFO -          dashboard at:           10.32.2.18:41773
distributed.worker - INFO - Waiting to connect to: tcp://188.185.68.194:46122
distributed.worker - INFO - -------------------------------------------------
distributed.worker - INFO -               Threads:                          1
distributed.worker - INFO -                Memory:                  14.90 GiB
distributed.worker - INFO -       Local Directory: /tmp/ikabadzh/dask-worker-space/worker-wf6hmlbq
distributed.worker - INFO - -------------------------------------------------
distributed.worker - INFO -       Start worker at:     tcp://10.32.2.18:45167
distributed.worker - INFO -          Listening to:     tcp://10.32.2.18:45167
distributed.worker - INFO -          dashboard at:           10.32.2.18:45027
distributed.worker - INFO - Waiting to connect to: tcp://188.185.68.194:46122
distributed.worker - INFO - -------------------------------------------------
distributed.worker - INFO -               Threads:                          1
distributed.worker - INFO -                Memory:                  14.90 GiB
distributed.worker - INFO -       Local Directory: /tmp/ikabadzh/dask-worker-space/worker-m4awkjde
distributed.worker - INFO - -------------------------------------------------
distributed.worker - INFO -       Start worker at:     tcp://10.32.2.18:44825
distributed.worker - INFO -          Listening to:     tcp://10.32.2.18:44825
distributed.worker - INFO -          dashboard at:           10.32.2.18:41021
distributed.worker - INFO - Waiting to connect to: tcp://188.185.68.194:46122
distributed.worker - INFO - -------------------------------------------------
distributed.worker - INFO -               Threads:                          1
distributed.worker - INFO -                Memory:                  14.90 GiB
distributed.worker - INFO -       Local Directory: /tmp/ikabadzh/dask-worker-space/worker-akjk5fz0
distributed.worker - INFO - -------------------------------------------------
distributed.worker - INFO -       Start worker at:     tcp://10.32.2.18:45325
distributed.worker - INFO -          Listening to:     tcp://10.32.2.18:45325
distributed.worker - INFO -       Start worker at:     tcp://10.32.2.18:44743
distributed.worker - INFO -          dashboard at:           10.32.2.18:38909
distributed.worker - INFO -          Listening to:     tcp://10.32.2.18:44743
distributed.worker - INFO - Waiting to connect to: tcp://188.185.68.194:46122
distributed.worker - INFO -          dashboard at:           10.32.2.18:36629
distributed.worker - INFO - -------------------------------------------------
distributed.worker - INFO - Waiting to connect to: tcp://188.185.68.194:46122
distributed.worker - INFO -               Threads:                          1
distributed.worker - INFO - -------------------------------------------------
distributed.worker - INFO -                Memory:                  14.90 GiB
distributed.worker - INFO -               Threads:                          1
distributed.worker - INFO -       Local Directory: /tmp/ikabadzh/dask-worker-space/worker-wf5gqwgi
distributed.worker - INFO -                Memory:                  14.90 GiB
distributed.worker - INFO -       Local Directory: /tmp/ikabadzh/dask-worker-space/worker-_eedtm3e
distributed.worker - INFO - -------------------------------------------------
distributed.worker - INFO - -------------------------------------------------
distributed.worker - INFO -         Registered to: tcp://188.185.68.194:46122
distributed.worker - INFO - -------------------------------------------------
distributed.core - INFO - Starting established connection
distributed.worker - INFO -         Registered to: tcp://188.185.68.194:46122
distributed.worker - INFO - -------------------------------------------------
distributed.core - INFO - Starting established connection
distributed.worker - INFO -         Registered to: tcp://188.185.68.194:46122
distributed.worker - INFO - -------------------------------------------------
distributed.core - INFO - Starting established connection
distributed.worker - INFO -         Registered to: tcp://188.185.68.194:46122
distributed.worker - INFO - -------------------------------------------------
distributed.core - INFO - Starting established connection
distributed.worker - INFO -         Registered to: tcp://188.185.68.194:46122
distributed.worker - INFO - -------------------------------------------------
distributed.core - INFO - Starting established connection
distributed.worker - INFO -       Start worker at:     tcp://10.32.2.18:33515
distributed.worker - INFO -          Listening to:     tcp://10.32.2.18:33515
distributed.worker - INFO -          dashboard at:           10.32.2.18:36525
distributed.worker - INFO - Waiting to connect to: tcp://188.185.68.194:46122
distributed.worker - INFO - -------------------------------------------------
distributed.worker - INFO -               Threads:                          1
distributed.worker - INFO -                Memory:                  14.90 GiB
distributed.worker - INFO -       Local Directory: /tmp/ikabadzh/dask-worker-space/worker-6cfrqas3
distributed.worker - INFO - -------------------------------------------------
distributed.worker - INFO -         Registered to: tcp://188.185.68.194:46122
distributed.worker - INFO - -------------------------------------------------
distributed.core - INFO - Starting established connection
distributed.worker - INFO -         Registered to: tcp://188.185.68.194:46122
distributed.worker - INFO - -------------------------------------------------
distributed.core - INFO - Starting established connection
distributed.worker - INFO -       Start worker at:     tcp://10.32.2.18:46275
distributed.worker - INFO -          Listening to:     tcp://10.32.2.18:46275
distributed.worker - INFO -          dashboard at:           10.32.2.18:40095
distributed.worker - INFO - Waiting to connect to: tcp://188.185.68.194:46122
distributed.worker - INFO - -------------------------------------------------
distributed.worker - INFO -               Threads:                          1
distributed.worker - INFO -                Memory:                  14.90 GiB
distributed.worker - INFO -       Local Directory: /tmp/ikabadzh/dask-worker-space/worker-r96i099y
distributed.worker - INFO - -------------------------------------------------
distributed.worker - INFO -       Start worker at:     tcp://10.32.2.18:41303
distributed.worker - INFO -          Listening to:     tcp://10.32.2.18:41303
distributed.worker - INFO -          dashboard at:           10.32.2.18:34115
distributed.worker - INFO - Waiting to connect to: tcp://188.185.68.194:46122
distributed.worker - INFO - -------------------------------------------------
distributed.worker - INFO -               Threads:                          1
distributed.worker - INFO -                Memory:                  14.90 GiB
distributed.worker - INFO -       Local Directory: /tmp/ikabadzh/dask-worker-space/worker-4eonc8ga
distributed.worker - INFO - -------------------------------------------------
distributed.worker - INFO -         Registered to: tcp://188.185.68.194:46122
distributed.worker - INFO - -------------------------------------------------
distributed.core - INFO - Starting established connection
distributed.worker - INFO -       Start worker at:     tcp://10.32.2.18:36239
distributed.worker - INFO -          Listening to:     tcp://10.32.2.18:36239
distributed.worker - INFO -          dashboard at:           10.32.2.18:39057
distributed.worker - INFO - Waiting to connect to: tcp://188.185.68.194:46122
distributed.worker - INFO - -------------------------------------------------
distributed.worker - INFO -               Threads:                          1
distributed.worker - INFO -                Memory:                  14.90 GiB
distributed.worker - INFO -       Local Directory: /tmp/ikabadzh/dask-worker-space/worker-e7ylcemv
distributed.worker - INFO - -------------------------------------------------
distributed.worker - INFO -       Start worker at:     tcp://10.32.2.18:43649
distributed.worker - INFO -          Listening to:     tcp://10.32.2.18:43649
distributed.worker - INFO -          dashboard at:           10.32.2.18:43985
distributed.worker - INFO - Waiting to connect to: tcp://188.185.68.194:46122
distributed.worker - INFO - -------------------------------------------------
distributed.worker - INFO -               Threads:                          1
distributed.worker - INFO -                Memory:                  14.90 GiB
distributed.worker - INFO -       Local Directory: /tmp/ikabadzh/dask-worker-space/worker-4t4wf4ks
distributed.worker - INFO - -------------------------------------------------
distributed.worker - INFO -         Registered to: tcp://188.185.68.194:46122
distributed.worker - INFO - -------------------------------------------------
distributed.core - INFO - Starting established connection
distributed.worker - INFO -         Registered to: tcp://188.185.68.194:46122
distributed.worker - INFO - -------------------------------------------------
distributed.core - INFO - Starting established connection
distributed.worker - INFO -       Start worker at:     tcp://10.32.2.18:34467
distributed.worker - INFO -          Listening to:     tcp://10.32.2.18:34467
distributed.worker - INFO -          dashboard at:           10.32.2.18:34869
distributed.worker - INFO - Waiting to connect to: tcp://188.185.68.194:46122
distributed.worker - INFO - -------------------------------------------------
distributed.worker - INFO -               Threads:                          1
distributed.worker - INFO -                Memory:                  14.90 GiB
distributed.worker - INFO -       Local Directory: /tmp/ikabadzh/dask-worker-space/worker-x0bceats
distributed.worker - INFO - -------------------------------------------------
distributed.worker - INFO -       Start worker at:     tcp://10.32.2.18:40101
distributed.worker - INFO -          Listening to:     tcp://10.32.2.18:40101
distributed.worker - INFO -          dashboard at:           10.32.2.18:40211
distributed.worker - INFO - Waiting to connect to: tcp://188.185.68.194:46122
distributed.worker - INFO - -------------------------------------------------
distributed.worker - INFO -               Threads:                          1
distributed.worker - INFO -                Memory:                  14.90 GiB
distributed.worker - INFO -       Local Directory: /tmp/ikabadzh/dask-worker-space/worker-38ht9ere
distributed.worker - INFO - -------------------------------------------------
distributed.worker - INFO -       Start worker at:     tcp://10.32.2.18:46813
distributed.worker - INFO -          Listening to:     tcp://10.32.2.18:46813
distributed.worker - INFO -          dashboard at:           10.32.2.18:39895
distributed.worker - INFO - Waiting to connect to: tcp://188.185.68.194:46122
distributed.worker - INFO - -------------------------------------------------
distributed.worker - INFO -               Threads:                          1
distributed.worker - INFO -                Memory:                  14.90 GiB
distributed.worker - INFO -       Local Directory: /tmp/ikabadzh/dask-worker-space/worker-zl3_8ziv
distributed.worker - INFO - -------------------------------------------------
distributed.worker - INFO -       Start worker at:     tcp://10.32.2.18:35933
distributed.worker - INFO -          Listening to:     tcp://10.32.2.18:35933
distributed.worker - INFO -          dashboard at:           10.32.2.18:33249
distributed.worker - INFO - Waiting to connect to: tcp://188.185.68.194:46122
distributed.worker - INFO - -------------------------------------------------
distributed.worker - INFO -               Threads:                          1
distributed.worker - INFO -                Memory:                  14.90 GiB
distributed.worker - INFO -       Local Directory: /tmp/ikabadzh/dask-worker-space/worker-m3v5vpsi
distributed.worker - INFO - -------------------------------------------------
distributed.worker - INFO -       Start worker at:     tcp://10.32.2.18:37653
distributed.worker - INFO -          Listening to:     tcp://10.32.2.18:37653
distributed.worker - INFO -          dashboard at:           10.32.2.18:41777
distributed.worker - INFO - Waiting to connect to: tcp://188.185.68.194:46122
distributed.worker - INFO - -------------------------------------------------
distributed.worker - INFO -               Threads:                          1
distributed.worker - INFO -       Start worker at:     tcp://10.32.2.18:44299
distributed.worker - INFO -          Listening to:     tcp://10.32.2.18:44299
distributed.worker - INFO -          dashboard at:           10.32.2.18:34585
distributed.worker - INFO - Waiting to connect to: tcp://188.185.68.194:46122
distributed.worker - INFO - -------------------------------------------------
distributed.worker - INFO -               Threads:                          1
distributed.worker - INFO -                Memory:                  14.90 GiB
distributed.worker - INFO -       Local Directory: /tmp/ikabadzh/dask-worker-space/worker-36z_740j
distributed.worker - INFO - -------------------------------------------------
distributed.worker - INFO -                Memory:                  14.90 GiB
distributed.worker - INFO -       Local Directory: /tmp/ikabadzh/dask-worker-space/worker-o9sgtfvx
distributed.worker - INFO - -------------------------------------------------
distributed.worker - INFO -         Registered to: tcp://188.185.68.194:46122
distributed.worker - INFO - -------------------------------------------------
distributed.core - INFO - Starting established connection
distributed.worker - INFO -         Registered to: tcp://188.185.68.194:46122
distributed.worker - INFO - -------------------------------------------------
distributed.core - INFO - Starting established connection
distributed.worker - INFO -         Registered to: tcp://188.185.68.194:46122
distributed.worker - INFO - -------------------------------------------------
distributed.core - INFO - Starting established connection
distributed.worker - INFO -         Registered to: tcp://188.185.68.194:46122
distributed.worker - INFO - -------------------------------------------------
distributed.core - INFO - Starting established connection
distributed.worker - INFO -         Registered to: tcp://188.185.68.194:46122
distributed.worker - INFO - -------------------------------------------------
distributed.core - INFO - Starting established connection
distributed.worker - INFO -         Registered to: tcp://188.185.68.194:46122
distributed.worker - INFO - -------------------------------------------------
distributed.core - INFO - Starting established connection
distributed.worker - INFO -         Registered to: tcp://188.185.68.194:46122
distributed.worker - INFO - -------------------------------------------------
distributed.core - INFO - Starting established connection
distributed.worker - INFO -         Registered to: tcp://188.185.68.194:46122
distributed.worker - INFO - -------------------------------------------------
distributed.core - INFO - Starting established connection
distributed.worker - INFO -         Registered to: tcp://188.185.68.194:46122
distributed.worker - INFO - -------------------------------------------------
distributed.core - INFO - Starting established connection
distributed.worker - INFO -         Registered to: tcp://188.185.68.194:46122
distributed.worker - INFO - -------------------------------------------------
distributed.core - INFO - Starting established connection
distributed.worker - INFO -         Registered to: tcp://188.185.68.194:46122
distributed.worker - INFO - -------------------------------------------------
distributed.core - INFO - Starting established connection
distributed.worker - INFO -         Registered to: tcp://188.185.68.194:46122
distributed.worker - INFO - -------------------------------------------------
distributed.core - INFO - Starting established connection
distributed.worker - INFO -         Registered to: tcp://188.185.68.194:46122
distributed.worker - INFO - -------------------------------------------------
distributed.core - INFO - Starting established connection
distributed.worker - INFO -         Registered to: tcp://188.185.68.194:46122
distributed.worker - INFO - -------------------------------------------------
distributed.core - INFO - Starting established connection
distributed.worker - INFO -         Registered to: tcp://188.185.68.194:46122
distributed.worker - INFO - -------------------------------------------------
distributed.core - INFO - Starting established connection
distributed.worker - INFO -         Registered to: tcp://188.185.68.194:46122
distributed.worker - INFO - -------------------------------------------------
distributed.core - INFO - Starting established connection
distributed.worker - INFO -         Registered to: tcp://188.185.68.194:46122
distributed.worker - INFO - -------------------------------------------------
distributed.core - INFO - Starting established connection
distributed.worker - INFO - Waiting to connect to: tcp://188.185.68.194:46122
distributed.worker - INFO - Waiting to connect to: tcp://188.185.68.194:46122
distributed.worker - INFO - Waiting to connect to: tcp://188.185.68.194:46122
distributed.worker - INFO - Waiting to connect to: tcp://188.185.68.194:46122
distributed.worker - INFO - Connection to scheduler broken.  Reconnecting...
distributed.worker - INFO - Connection to scheduler broken.  Reconnecting...
distributed.worker - INFO - Connection to scheduler broken.  Reconnecting...
distributed.worker - INFO - Connection to scheduler broken.  Reconnecting...
distributed.worker - INFO - Connection to scheduler broken.  Reconnecting...
distributed.worker - INFO - Connection to scheduler broken.  Reconnecting...
distributed.worker - INFO - Connection to scheduler broken.  Reconnecting...
distributed.worker - INFO - Connection to scheduler broken.  Reconnecting...
distributed.worker - INFO - Connection to scheduler broken.  Reconnecting...
distributed.worker - INFO - Connection to scheduler broken.  Reconnecting...
distributed.worker - INFO - Connection to scheduler broken.  Reconnecting...
distributed.worker - INFO - Connection to scheduler broken.  Reconnecting...
distributed.worker - INFO - Connection to scheduler broken.  Reconnecting...
distributed.worker - INFO - Connection to scheduler broken.  Reconnecting...
distributed.worker - WARNING - Heartbeat to scheduler failed
Traceback (most recent call last):
  File "/hpcscratch/user/ikabadzh/mambaforge/envs/myenv/lib/python3.9/site-packages/distributed/comm/tcp.py", line 198, in read
    frames_nbytes = await stream.read_bytes(fmt_size)
tornado.iostream.StreamClosedError: Stream is closed

The above exception was the direct cause of the following exception:

Traceback (most recent call last):
  File "/hpcscratch/user/ikabadzh/mambaforge/envs/myenv/lib/python3.9/site-packages/distributed/worker.py", line 1001, in heartbeat
    response = await retry_operation(
  File "/hpcscratch/user/ikabadzh/mambaforge/envs/myenv/lib/python3.9/site-packages/distributed/utils_comm.py", line 385, in retry_operation
    return await retry(
  File "/hpcscratch/user/ikabadzh/mambaforge/envs/myenv/lib/python3.9/site-packages/distributed/utils_comm.py", line 370, in retry
    return await coro()
  File "/hpcscratch/user/ikabadzh/mambaforge/envs/myenv/lib/python3.9/site-packages/distributed/core.py", line 874, in send_recv_from_rpc
    result = await send_recv(comm=comm, op=key, **kwargs)
  File "/hpcscratch/user/ikabadzh/mambaforge/envs/myenv/lib/python3.9/site-packages/distributed/core.py", line 651, in send_recv
    response = await comm.read(deserializers=deserializers)
  File "/hpcscratch/user/ikabadzh/mambaforge/envs/myenv/lib/python3.9/site-packages/distributed/comm/tcp.py", line 214, in read
    convert_stream_closed_error(self, e)
  File "/hpcscratch/user/ikabadzh/mambaforge/envs/myenv/lib/python3.9/site-packages/distributed/comm/tcp.py", line 128, in convert_stream_closed_error
    raise CommClosedError(f"in {obj}: {exc}") from exc
distributed.comm.core.CommClosedError: in <TCP (closed) ConnectionPool.heartbeat_worker local=tcp://10.32.2.18:36042 remote=tcp://188.185.68.194:46122>: Stream is closed
distributed.worker - WARNING - Heartbeat to scheduler failed
Traceback (most recent call last):
  File "/hpcscratch/user/ikabadzh/mambaforge/envs/myenv/lib/python3.9/site-packages/distributed/comm/tcp.py", line 198, in read
    frames_nbytes = await stream.read_bytes(fmt_size)
tornado.iostream.StreamClosedError: Stream is closed

The above exception was the direct cause of the following exception:

Traceback (most recent call last):
  File "/hpcscratch/user/ikabadzh/mambaforge/envs/myenv/lib/python3.9/site-packages/distributed/worker.py", line 1001, in heartbeat
    response = await retry_operation(
  File "/hpcscratch/user/ikabadzh/mambaforge/envs/myenv/lib/python3.9/site-packages/distributed/utils_comm.py", line 385, in retry_operation
    return await retry(
  File "/hpcscratch/user/ikabadzh/mambaforge/envs/myenv/lib/python3.9/site-packages/distributed/utils_comm.py", line 370, in retry
    return await coro()
  File "/hpcscratch/user/ikabadzh/mambaforge/envs/myenv/lib/python3.9/site-packages/distributed/core.py", line 874, in send_recv_from_rpc
    result = await send_recv(comm=comm, op=key, **kwargs)
  File "/hpcscratch/user/ikabadzh/mambaforge/envs/myenv/lib/python3.9/site-packages/distributed/core.py", line 651, in send_recv
    response = await comm.read(deserializers=deserializers)
  File "/hpcscratch/user/ikabadzh/mambaforge/envs/myenv/lib/python3.9/site-packages/distributed/comm/tcp.py", line 214, in read
    convert_stream_closed_error(self, e)
  File "/hpcscratch/user/ikabadzh/mambaforge/envs/myenv/lib/python3.9/site-packages/distributed/comm/tcp.py", line 128, in convert_stream_closed_error
    raise CommClosedError(f"in {obj}: {exc}") from exc
distributed.comm.core.CommClosedError: in <TCP (closed) ConnectionPool.heartbeat_worker local=tcp://10.32.2.18:36044 remote=tcp://188.185.68.194:46122>: Stream is closed
distributed.worker - INFO - Connection to scheduler broken.  Reconnecting...
distributed.worker - INFO - Connection to scheduler broken.  Reconnecting...
distributed.worker - INFO - Connection to scheduler broken.  Reconnecting...
distributed.worker - INFO - Connection to scheduler broken.  Reconnecting...
distributed.worker - INFO - Connection to scheduler broken.  Reconnecting...
distributed.worker - INFO - Connection to scheduler broken.  Reconnecting...
distributed.worker - INFO - Connection to scheduler broken.  Reconnecting...
distributed.worker - INFO - Connection to scheduler broken.  Reconnecting...
distributed.worker - INFO - Connection to scheduler broken.  Reconnecting...
distributed.worker - INFO - Connection to scheduler broken.  Reconnecting...
distributed.worker - INFO - Connection to scheduler broken.  Reconnecting...
distributed.worker - INFO - Connection to scheduler broken.  Reconnecting...
distributed.worker - INFO - Connection to scheduler broken.  Reconnecting...
distributed.worker - INFO - Waiting to connect to: tcp://188.185.68.194:46122
distributed.worker - INFO - Stopping worker at tcp://10.32.2.18:37703
distributed.nanny - INFO - Worker closed
distributed.nanny - INFO - Closing Nanny at 'tcp://10.32.2.18:42155'
distributed.worker - INFO - Stopping worker at tcp://10.32.2.18:45167
distributed.nanny - INFO - Worker closed
distributed.worker - INFO - Stopping worker at tcp://10.32.2.18:44825
distributed.nanny - INFO - Worker closed
distributed.nanny - INFO - Closing Nanny at 'tcp://10.32.2.18:34353'
distributed.nanny - INFO - Closing Nanny at 'tcp://10.32.2.18:34043'
distributed.worker - INFO - Stopping worker at tcp://10.32.2.18:36947
distributed.nanny - INFO - Worker closed
distributed.nanny - INFO - Closing Nanny at 'tcp://10.32.2.18:40121'
distributed.worker - INFO - Stopping worker at tcp://10.32.2.18:38877
distributed.nanny - INFO - Worker closed
distributed.worker - INFO - Stopping worker at tcp://10.32.2.18:34331
distributed.nanny - INFO - Worker closed
distributed.nanny - INFO - Closing Nanny at 'tcp://10.32.2.18:46241'
distributed.nanny - INFO - Closing Nanny at 'tcp://10.32.2.18:36251'
distributed.worker - INFO - Stopping worker at tcp://10.32.2.18:45839
distributed.nanny - INFO - Worker closed
distributed.worker - INFO - Stopping worker at tcp://10.32.2.18:33105
distributed.nanny - INFO - Closing Nanny at 'tcp://10.32.2.18:35277'
distributed.nanny - INFO - Worker closed
distributed.nanny - INFO - Closing Nanny at 'tcp://10.32.2.18:33811'
distributed.worker - INFO - Stopping worker at tcp://10.32.2.18:40981
distributed.nanny - INFO - Worker closed
distributed.worker - INFO - Stopping worker at tcp://10.32.2.18:40099
distributed.nanny - INFO - Worker closed
distributed.worker - INFO - Stopping worker at tcp://10.32.2.18:43701
distributed.nanny - INFO - Worker closed
distributed.worker - INFO - Stopping worker at tcp://10.32.2.18:33519
distributed.nanny - INFO - Worker closed
distributed.nanny - INFO - Closing Nanny at 'tcp://10.32.2.18:35453'
distributed.nanny - INFO - Closing Nanny at 'tcp://10.32.2.18:41291'
distributed.nanny - INFO - Closing Nanny at 'tcp://10.32.2.18:45229'
distributed.nanny - INFO - Closing Nanny at 'tcp://10.32.2.18:38371'
distributed.worker - INFO - Stopping worker at tcp://10.32.2.18:46275
distributed.nanny - INFO - Worker closed
distributed.worker - INFO - Stopping worker at tcp://10.32.2.18:41303
distributed.nanny - INFO - Worker closed
distributed.nanny - INFO - Closing Nanny at 'tcp://10.32.2.18:37075'
distributed.nanny - INFO - Closing Nanny at 'tcp://10.32.2.18:38517'
distributed.worker - INFO - Stopping worker at tcp://10.32.2.18:33515
distributed.nanny - INFO - Worker closed
distributed.nanny - INFO - Closing Nanny at 'tcp://10.32.2.18:42547'
distributed.worker - INFO - Stopping worker at tcp://10.32.2.18:34467
distributed.nanny - INFO - Worker closed
distributed.worker - INFO - Stopping worker at tcp://10.32.2.18:40101
distributed.nanny - INFO - Worker closed
distributed.worker - INFO - Stopping worker at tcp://10.32.2.18:46813
distributed.nanny - INFO - Worker closed
distributed.worker - INFO - Stopping worker at tcp://10.32.2.18:35933
distributed.nanny - INFO - Worker closed
distributed.nanny - INFO - Closing Nanny at 'tcp://10.32.2.18:33971'
distributed.worker - INFO - Stopping worker at tcp://10.32.2.18:37653
distributed.nanny - INFO - Worker closed
distributed.worker - INFO - Stopping worker at tcp://10.32.2.18:44299
distributed.nanny - INFO - Worker closed
distributed.nanny - INFO - Closing Nanny at 'tcp://10.32.2.18:45585'
distributed.nanny - INFO - Closing Nanny at 'tcp://10.32.2.18:36435'
distributed.nanny - INFO - Closing Nanny at 'tcp://10.32.2.18:45143'
distributed.nanny - INFO - Closing Nanny at 'tcp://10.32.2.18:35871'
distributed.nanny - INFO - Closing Nanny at 'tcp://10.32.2.18:36209'
distributed.worker - INFO - Stopping worker at tcp://10.32.2.18:38863
distributed.nanny - INFO - Worker closed
distributed.worker - INFO - Stopping worker at tcp://10.32.2.18:40469
distributed.nanny - INFO - Worker closed
distributed.nanny - INFO - Closing Nanny at 'tcp://10.32.2.18:41451'
distributed.nanny - INFO - Closing Nanny at 'tcp://10.32.2.18:44005'
distributed.worker - INFO - Waiting to connect to: tcp://188.185.68.194:46122
distributed.worker - INFO - Waiting to connect to: tcp://188.185.68.194:46122
distributed.worker - INFO - Waiting to connect to: tcp://188.185.68.194:46122
distributed.worker - INFO - Waiting to connect to: tcp://188.185.68.194:46122
distributed.worker - INFO - Stopping worker at tcp://10.32.2.18:45325
distributed.worker - INFO - Stopping worker at tcp://10.32.2.18:44743
distributed.nanny - INFO - Worker closed
distributed.nanny - INFO - Worker closed
distributed.nanny - INFO - Closing Nanny at 'tcp://10.32.2.18:32811'
distributed.nanny - INFO - Closing Nanny at 'tcp://10.32.2.18:42907'
distributed.worker - INFO - Stopping worker at tcp://10.32.2.18:34141
distributed.nanny - INFO - Worker closed
distributed.worker - INFO - Stopping worker at tcp://10.32.2.18:38993
distributed.nanny - INFO - Worker closed
distributed.nanny - INFO - Closing Nanny at 'tcp://10.32.2.18:37341'
distributed.nanny - INFO - Closing Nanny at 'tcp://10.32.2.18:41575'
distributed.nanny - INFO - Closing Nanny at 'tcp://10.32.2.18:35893'
distributed.nanny - INFO - Closing Nanny at 'tcp://10.32.2.18:34765'
distributed.nanny - INFO - Closing Nanny at 'tcp://10.32.2.18:40739'
distributed.worker - INFO - Stopping worker at tcp://10.32.2.18:35707
distributed.worker - INFO - Closed worker has not yet started: Status.undefined
distributed.nanny - INFO - Closing Nanny at 'tcp://10.32.2.18:33443'
distributed.worker - INFO - Stopping worker at tcp://10.32.2.18:41397
distributed.nanny - INFO - Closing Nanny at 'tcp://10.32.2.18:38977'
distributed.worker - INFO - Closed worker has not yet started: Status.undefined
distributed.worker - INFO - Stopping worker at tcp://10.32.2.18:43649
distributed.worker - INFO - Closed worker has not yet started: Status.undefined
distributed.worker - INFO - Stopping worker at tcp://10.32.2.18:36239
distributed.worker - INFO - Closed worker has not yet started: Status.undefined
distributed.worker - INFO - Stopping worker at tcp://10.32.2.18:35771
distributed.worker - INFO - Closed worker has not yet started: Status.undefined
distributed.nanny - WARNING - Worker process still alive after 0 seconds, killing
distributed.dask_worker - INFO - End worker
Traceback (most recent call last):
  File "/hpcscratch/user/ikabadzh/mambaforge/envs/myenv/lib/python3.9/site-packages/distributed/nanny.py", line 335, in start
    response = await self.instantiate()
  File "/hpcscratch/user/ikabadzh/mambaforge/envs/myenv/lib/python3.9/site-packages/distributed/nanny.py", line 404, in instantiate
    result = await asyncio.wait_for(
  File "/hpcscratch/user/ikabadzh/mambaforge/envs/myenv/lib/python3.9/asyncio/tasks.py", line 468, in wait_for
    await waiter
asyncio.exceptions.CancelledError

During handling of the above exception, another exception occurred:

Traceback (most recent call last):
  File "/hpcscratch/user/ikabadzh/mambaforge/envs/myenv/lib/python3.9/asyncio/tasks.py", line 492, in wait_for
    fut.result()
asyncio.exceptions.CancelledError

The above exception was the direct cause of the following exception:

Traceback (most recent call last):
  File "/hpcscratch/user/ikabadzh/mambaforge/envs/myenv/lib/python3.9/site-packages/distributed/core.py", line 273, in _
    await asyncio.wait_for(self.start(), timeout=timeout)
  File "/hpcscratch/user/ikabadzh/mambaforge/envs/myenv/lib/python3.9/asyncio/tasks.py", line 494, in wait_for
    raise exceptions.TimeoutError() from exc
asyncio.exceptions.TimeoutError

During handling of the above exception, another exception occurred:

Traceback (most recent call last):
  File "/hpcscratch/user/ikabadzh/mambaforge/envs/myenv/lib/python3.9/runpy.py", line 197, in _run_module_as_main
    return _run_code(code, main_globals, None,
  File "/hpcscratch/user/ikabadzh/mambaforge/envs/myenv/lib/python3.9/runpy.py", line 87, in _run_code
    exec(code, run_globals)
  File "/hpcscratch/user/ikabadzh/mambaforge/envs/myenv/lib/python3.9/site-packages/distributed/cli/dask_worker.py", line 469, in <module>
    go()
  File "/hpcscratch/user/ikabadzh/mambaforge/envs/myenv/lib/python3.9/site-packages/distributed/cli/dask_worker.py", line 465, in go
    main()
  File "/hpcscratch/user/ikabadzh/mambaforge/envs/myenv/lib/python3.9/site-packages/click/core.py", line 1128, in __call__
    return self.main(*args, **kwargs)
  File "/hpcscratch/user/ikabadzh/mambaforge/envs/myenv/lib/python3.9/site-packages/click/core.py", line 1053, in main
    rv = self.invoke(ctx)
  File "/hpcscratch/user/ikabadzh/mambaforge/envs/myenv/lib/python3.9/site-packages/click/core.py", line 1395, in invoke
    return ctx.invoke(self.callback, **ctx.params)
  File "/hpcscratch/user/ikabadzh/mambaforge/envs/myenv/lib/python3.9/site-packages/click/core.py", line 754, in invoke
    return __callback(*args, **kwargs)
  File "/hpcscratch/user/ikabadzh/mambaforge/envs/myenv/lib/python3.9/site-packages/distributed/cli/dask_worker.py", line 451, in main
    loop.run_sync(run)
  File "/hpcscratch/user/ikabadzh/mambaforge/envs/myenv/lib/python3.9/site-packages/tornado/ioloop.py", line 530, in run_sync
    return future_cell[0].result()
  File "/hpcscratch/user/ikabadzh/mambaforge/envs/myenv/lib/python3.9/site-packages/distributed/cli/dask_worker.py", line 445, in run
    await asyncio.gather(*nannies)
  File "/hpcscratch/user/ikabadzh/mambaforge/envs/myenv/lib/python3.9/asyncio/tasks.py", line 691, in _wrap_awaitable
    return (yield from awaitable.__await__())
  File "/hpcscratch/user/ikabadzh/mambaforge/envs/myenv/lib/python3.9/site-packages/distributed/core.py", line 277, in _
    raise TimeoutError(
asyncio.exceptions.TimeoutError: Nanny failed to start in 60 seconds
