Auks API request failed : krb5 cred : unable to read credential cache
distributed.nanny - INFO -         Start Nanny at: 'tcp://10.32.2.25:32901'
distributed.nanny - INFO -         Start Nanny at: 'tcp://10.32.2.25:44463'
distributed.nanny - INFO -         Start Nanny at: 'tcp://10.32.2.25:46475'
distributed.nanny - INFO -         Start Nanny at: 'tcp://10.32.2.25:39245'
distributed.nanny - INFO -         Start Nanny at: 'tcp://10.32.2.25:41083'
distributed.nanny - INFO -         Start Nanny at: 'tcp://10.32.2.25:37015'
distributed.nanny - INFO -         Start Nanny at: 'tcp://10.32.2.25:42591'
distributed.nanny - INFO -         Start Nanny at: 'tcp://10.32.2.25:44661'
distributed.nanny - INFO -         Start Nanny at: 'tcp://10.32.2.25:42399'
distributed.nanny - INFO -         Start Nanny at: 'tcp://10.32.2.25:33857'
distributed.nanny - INFO -         Start Nanny at: 'tcp://10.32.2.25:38877'
distributed.nanny - INFO -         Start Nanny at: 'tcp://10.32.2.25:39355'
distributed.nanny - INFO -         Start Nanny at: 'tcp://10.32.2.25:42789'
distributed.nanny - INFO -         Start Nanny at: 'tcp://10.32.2.25:39677'
distributed.nanny - INFO -         Start Nanny at: 'tcp://10.32.2.25:37707'
distributed.nanny - INFO -         Start Nanny at: 'tcp://10.32.2.25:37655'
distributed.nanny - INFO -         Start Nanny at: 'tcp://10.32.2.25:38243'
distributed.nanny - INFO -         Start Nanny at: 'tcp://10.32.2.25:39053'
distributed.nanny - INFO -         Start Nanny at: 'tcp://10.32.2.25:45013'
distributed.nanny - INFO -         Start Nanny at: 'tcp://10.32.2.25:35361'
distributed.nanny - INFO -         Start Nanny at: 'tcp://10.32.2.25:36025'
distributed.nanny - INFO -         Start Nanny at: 'tcp://10.32.2.25:35655'
distributed.nanny - INFO -         Start Nanny at: 'tcp://10.32.2.25:46375'
distributed.nanny - INFO -         Start Nanny at: 'tcp://10.32.2.25:39743'
distributed.nanny - INFO -         Start Nanny at: 'tcp://10.32.2.25:35117'
distributed.nanny - INFO -         Start Nanny at: 'tcp://10.32.2.25:42827'
distributed.nanny - INFO -         Start Nanny at: 'tcp://10.32.2.25:34553'
distributed.nanny - INFO -         Start Nanny at: 'tcp://10.32.2.25:35937'
distributed.nanny - INFO -         Start Nanny at: 'tcp://10.32.2.25:40585'
distributed.nanny - INFO -         Start Nanny at: 'tcp://10.32.2.25:40857'
distributed.nanny - INFO -         Start Nanny at: 'tcp://10.32.2.25:36643'
distributed.nanny - INFO -         Start Nanny at: 'tcp://10.32.2.25:45585'
distributed.diskutils - INFO - Found stale lock file and directory '/tmp/ikabadzh/dask-worker-space/worker-0_3t3yld', purging
distributed.diskutils - INFO - Found stale lock file and directory '/tmp/ikabadzh/dask-worker-space/worker-2t1sk3zi', purging
distributed.diskutils - INFO - Found stale lock file and directory '/tmp/ikabadzh/dask-worker-space/worker-866v04d2', purging
distributed.diskutils - INFO - Found stale lock file and directory '/tmp/ikabadzh/dask-worker-space/worker-9m6jk8se', purging
distributed.diskutils - INFO - Found stale lock file and directory '/tmp/ikabadzh/dask-worker-space/worker-3h065804', purging
distributed.diskutils - INFO - Found stale lock file and directory '/tmp/ikabadzh/dask-worker-space/worker-23diccbr', purging
distributed.diskutils - INFO - Found stale lock file and directory '/tmp/ikabadzh/dask-worker-space/worker-yezqng8l', purging
distributed.diskutils - INFO - Found stale lock file and directory '/tmp/ikabadzh/dask-worker-space/worker-5wryb_3i', purging
distributed.diskutils - INFO - Found stale lock file and directory '/tmp/ikabadzh/dask-worker-space/worker-rdu3do18', purging
distributed.diskutils - INFO - Found stale lock file and directory '/tmp/ikabadzh/dask-worker-space/worker-ujpms14s', purging
distributed.worker - INFO -       Start worker at:     tcp://10.32.2.25:35227
distributed.worker - INFO -          Listening to:     tcp://10.32.2.25:35227
distributed.worker - INFO -          dashboard at:           10.32.2.25:44767
distributed.worker - INFO - Waiting to connect to: tcp://188.185.68.194:34877
distributed.worker - INFO - -------------------------------------------------
distributed.worker - INFO -               Threads:                          1
distributed.worker - INFO -                Memory:                  14.90 GiB
distributed.worker - INFO -       Local Directory: /tmp/ikabadzh/dask-worker-space/worker-npx3a4ez
distributed.worker - INFO - -------------------------------------------------
distributed.worker - INFO -       Start worker at:     tcp://10.32.2.25:39297
distributed.worker - INFO -          Listening to:     tcp://10.32.2.25:39297
distributed.worker - INFO -          dashboard at:           10.32.2.25:36309
distributed.worker - INFO - Waiting to connect to: tcp://188.185.68.194:34877
distributed.worker - INFO - -------------------------------------------------
distributed.worker - INFO -               Threads:                          1
distributed.worker - INFO -                Memory:                  14.90 GiB
distributed.worker - INFO -       Local Directory: /tmp/ikabadzh/dask-worker-space/worker-mw_sxf9b
distributed.worker - INFO - -------------------------------------------------
distributed.worker - INFO -       Start worker at:     tcp://10.32.2.25:36707
distributed.worker - INFO -          Listening to:     tcp://10.32.2.25:36707
distributed.worker - INFO -          dashboard at:           10.32.2.25:35397
distributed.worker - INFO - Waiting to connect to: tcp://188.185.68.194:34877
distributed.worker - INFO - -------------------------------------------------
distributed.worker - INFO -               Threads:                          1
distributed.worker - INFO -                Memory:                  14.90 GiB
distributed.worker - INFO -       Local Directory: /tmp/ikabadzh/dask-worker-space/worker-e8gjviov
distributed.worker - INFO - -------------------------------------------------
distributed.worker - INFO -       Start worker at:     tcp://10.32.2.25:36971
distributed.worker - INFO -          Listening to:     tcp://10.32.2.25:36971
distributed.worker - INFO -          dashboard at:           10.32.2.25:38089
distributed.worker - INFO - Waiting to connect to: tcp://188.185.68.194:34877
distributed.worker - INFO - -------------------------------------------------
distributed.worker - INFO -               Threads:                          1
distributed.worker - INFO -                Memory:                  14.90 GiB
distributed.worker - INFO -       Local Directory: /tmp/ikabadzh/dask-worker-space/worker-3y2r4edt
distributed.worker - INFO - -------------------------------------------------
distributed.worker - INFO -       Start worker at:     tcp://10.32.2.25:35637
distributed.worker - INFO -          Listening to:     tcp://10.32.2.25:35637
distributed.worker - INFO -          dashboard at:           10.32.2.25:33805
distributed.worker - INFO - Waiting to connect to: tcp://188.185.68.194:34877
distributed.worker - INFO - -------------------------------------------------
distributed.worker - INFO -               Threads:                          1
distributed.worker - INFO -                Memory:                  14.90 GiB
distributed.worker - INFO -       Local Directory: /tmp/ikabadzh/dask-worker-space/worker-f2agkw10
distributed.worker - INFO - -------------------------------------------------
distributed.worker - INFO -       Start worker at:     tcp://10.32.2.25:37025
distributed.worker - INFO -          Listening to:     tcp://10.32.2.25:37025
distributed.worker - INFO -          dashboard at:           10.32.2.25:46573
distributed.worker - INFO - Waiting to connect to: tcp://188.185.68.194:34877
distributed.worker - INFO - -------------------------------------------------
distributed.worker - INFO -               Threads:                          1
distributed.worker - INFO -                Memory:                  14.90 GiB
distributed.worker - INFO -       Local Directory: /tmp/ikabadzh/dask-worker-space/worker-0nxvalkd
distributed.worker - INFO - -------------------------------------------------
distributed.worker - INFO -       Start worker at:     tcp://10.32.2.25:45769
distributed.worker - INFO -       Start worker at:     tcp://10.32.2.25:45355
distributed.worker - INFO -          Listening to:     tcp://10.32.2.25:45769
distributed.worker - INFO -          dashboard at:           10.32.2.25:45573
distributed.worker - INFO - Waiting to connect to: tcp://188.185.68.194:34877
distributed.worker - INFO - -------------------------------------------------
distributed.worker - INFO -               Threads:                          1
distributed.worker - INFO -          Listening to:     tcp://10.32.2.25:45355
distributed.worker - INFO -                Memory:                  14.90 GiB
distributed.worker - INFO -          dashboard at:           10.32.2.25:45075
distributed.worker - INFO - Waiting to connect to: tcp://188.185.68.194:34877
distributed.worker - INFO -       Local Directory: /tmp/ikabadzh/dask-worker-space/worker-wv4cw025
distributed.worker - INFO - -------------------------------------------------
distributed.worker - INFO -               Threads:                          1
distributed.worker - INFO - -------------------------------------------------
distributed.worker - INFO -                Memory:                  14.90 GiB
distributed.worker - INFO -       Local Directory: /tmp/ikabadzh/dask-worker-space/worker-q1gy53jl
distributed.worker - INFO - -------------------------------------------------
distributed.worker - INFO -       Start worker at:     tcp://10.32.2.25:41755
distributed.worker - INFO -          Listening to:     tcp://10.32.2.25:41755
distributed.worker - INFO -          dashboard at:           10.32.2.25:43501
distributed.worker - INFO - Waiting to connect to: tcp://188.185.68.194:34877
distributed.worker - INFO - -------------------------------------------------
distributed.worker - INFO -               Threads:                          1
distributed.worker - INFO -                Memory:                  14.90 GiB
distributed.worker - INFO -       Local Directory: /tmp/ikabadzh/dask-worker-space/worker-p42x7k0g
distributed.worker - INFO - -------------------------------------------------
distributed.worker - INFO -       Start worker at:     tcp://10.32.2.25:42785
distributed.worker - INFO -          Listening to:     tcp://10.32.2.25:42785
distributed.worker - INFO -          dashboard at:           10.32.2.25:39029
distributed.worker - INFO - Waiting to connect to: tcp://188.185.68.194:34877
distributed.worker - INFO - -------------------------------------------------
distributed.worker - INFO -               Threads:                          1
distributed.worker - INFO -                Memory:                  14.90 GiB
distributed.worker - INFO -       Local Directory: /tmp/ikabadzh/dask-worker-space/worker-amh20b58
distributed.worker - INFO - -------------------------------------------------
distributed.worker - INFO -       Start worker at:     tcp://10.32.2.25:42791
distributed.worker - INFO -          Listening to:     tcp://10.32.2.25:42791
distributed.worker - INFO -          dashboard at:           10.32.2.25:43801
distributed.worker - INFO - Waiting to connect to: tcp://188.185.68.194:34877
distributed.worker - INFO - -------------------------------------------------
distributed.worker - INFO -               Threads:                          1
distributed.worker - INFO -                Memory:                  14.90 GiB
distributed.worker - INFO -       Local Directory: /tmp/ikabadzh/dask-worker-space/worker-mwgre9xl
distributed.worker - INFO - -------------------------------------------------
distributed.worker - INFO -       Start worker at:     tcp://10.32.2.25:35483
distributed.worker - INFO -          Listening to:     tcp://10.32.2.25:35483
distributed.worker - INFO -          dashboard at:           10.32.2.25:43205
distributed.worker - INFO - Waiting to connect to: tcp://188.185.68.194:34877
distributed.worker - INFO - -------------------------------------------------
distributed.worker - INFO -               Threads:                          1
distributed.worker - INFO -                Memory:                  14.90 GiB
distributed.worker - INFO -       Local Directory: /tmp/ikabadzh/dask-worker-space/worker-wuhrmdn8
distributed.worker - INFO - -------------------------------------------------
distributed.worker - INFO -       Start worker at:     tcp://10.32.2.25:38669
distributed.worker - INFO -          Listening to:     tcp://10.32.2.25:38669
distributed.worker - INFO -          dashboard at:           10.32.2.25:36817
distributed.worker - INFO - Waiting to connect to: tcp://188.185.68.194:34877
distributed.worker - INFO - -------------------------------------------------
distributed.worker - INFO -               Threads:                          1
distributed.worker - INFO -                Memory:                  14.90 GiB
distributed.worker - INFO -       Local Directory: /tmp/ikabadzh/dask-worker-space/worker-8owwl0tq
distributed.worker - INFO - -------------------------------------------------
distributed.worker - INFO -       Start worker at:     tcp://10.32.2.25:40699
distributed.worker - INFO -          Listening to:     tcp://10.32.2.25:40699
distributed.worker - INFO -          dashboard at:           10.32.2.25:37437
distributed.worker - INFO - Waiting to connect to: tcp://188.185.68.194:34877
distributed.worker - INFO - -------------------------------------------------
distributed.worker - INFO -               Threads:                          1
distributed.worker - INFO -                Memory:                  14.90 GiB
distributed.worker - INFO -       Local Directory: /tmp/ikabadzh/dask-worker-space/worker-jhl0pe77
distributed.worker - INFO - -------------------------------------------------
distributed.worker - INFO -       Start worker at:     tcp://10.32.2.25:45701
distributed.worker - INFO -          Listening to:     tcp://10.32.2.25:45701
distributed.worker - INFO -          dashboard at:           10.32.2.25:36165
distributed.worker - INFO - Waiting to connect to: tcp://188.185.68.194:34877
distributed.worker - INFO - -------------------------------------------------
distributed.worker - INFO -               Threads:                          1
distributed.worker - INFO -                Memory:                  14.90 GiB
distributed.worker - INFO -       Local Directory: /tmp/ikabadzh/dask-worker-space/worker-57l4rv92
distributed.worker - INFO - -------------------------------------------------
distributed.worker - INFO -       Start worker at:     tcp://10.32.2.25:37099
distributed.worker - INFO -          Listening to:     tcp://10.32.2.25:37099
distributed.worker - INFO -          dashboard at:           10.32.2.25:44865
distributed.worker - INFO - Waiting to connect to: tcp://188.185.68.194:34877
distributed.worker - INFO - -------------------------------------------------
distributed.worker - INFO -               Threads:                          1
distributed.worker - INFO -                Memory:                  14.90 GiB
distributed.worker - INFO -       Local Directory: /tmp/ikabadzh/dask-worker-space/worker-bvuurwam
distributed.worker - INFO - -------------------------------------------------
distributed.worker - INFO -       Start worker at:     tcp://10.32.2.25:43439
distributed.worker - INFO -          Listening to:     tcp://10.32.2.25:43439
distributed.worker - INFO -          dashboard at:           10.32.2.25:42845
distributed.worker - INFO - Waiting to connect to: tcp://188.185.68.194:34877
distributed.worker - INFO - -------------------------------------------------
distributed.worker - INFO -               Threads:                          1
distributed.worker - INFO -                Memory:                  14.90 GiB
distributed.worker - INFO -       Local Directory: /tmp/ikabadzh/dask-worker-space/worker-ggjnbg0l
distributed.worker - INFO - -------------------------------------------------
distributed.worker - INFO -       Start worker at:     tcp://10.32.2.25:40911
distributed.worker - INFO -          Listening to:     tcp://10.32.2.25:40911
distributed.worker - INFO -          dashboard at:           10.32.2.25:36277
distributed.worker - INFO - Waiting to connect to: tcp://188.185.68.194:34877
distributed.worker - INFO - -------------------------------------------------
distributed.worker - INFO -               Threads:                          1
distributed.worker - INFO -                Memory:                  14.90 GiB
distributed.worker - INFO -       Local Directory: /tmp/ikabadzh/dask-worker-space/worker-ianbbepv
distributed.worker - INFO - -------------------------------------------------
distributed.worker - INFO -       Start worker at:     tcp://10.32.2.25:35497
distributed.worker - INFO -          Listening to:     tcp://10.32.2.25:35497
distributed.worker - INFO -          dashboard at:           10.32.2.25:34815
distributed.worker - INFO - Waiting to connect to: tcp://188.185.68.194:34877
distributed.worker - INFO - -------------------------------------------------
distributed.worker - INFO -               Threads:                          1
distributed.worker - INFO -                Memory:                  14.90 GiB
distributed.worker - INFO -       Local Directory: /tmp/ikabadzh/dask-worker-space/worker-o_dib7qn
distributed.worker - INFO - -------------------------------------------------
distributed.worker - INFO -         Registered to: tcp://188.185.68.194:34877
distributed.worker - INFO - -------------------------------------------------
distributed.core - INFO - Starting established connection
distributed.worker - INFO -         Registered to: tcp://188.185.68.194:34877
distributed.worker - INFO - -------------------------------------------------
distributed.core - INFO - Starting established connection
distributed.worker - INFO -         Registered to: tcp://188.185.68.194:34877
distributed.worker - INFO - -------------------------------------------------
distributed.core - INFO - Starting established connection
distributed.worker - INFO -         Registered to: tcp://188.185.68.194:34877
distributed.worker - INFO - -------------------------------------------------
distributed.core - INFO - Starting established connection
distributed.worker - INFO -         Registered to: tcp://188.185.68.194:34877
distributed.worker - INFO - -------------------------------------------------
distributed.core - INFO - Starting established connection
distributed.worker - INFO -       Start worker at:     tcp://10.32.2.25:39819
distributed.worker - INFO -          Listening to:     tcp://10.32.2.25:39819
distributed.worker - INFO -          dashboard at:           10.32.2.25:43443
distributed.worker - INFO - Waiting to connect to: tcp://188.185.68.194:34877
distributed.worker - INFO - -------------------------------------------------
distributed.worker - INFO -               Threads:                          1
distributed.worker - INFO -                Memory:                  14.90 GiB
distributed.worker - INFO -       Local Directory: /tmp/ikabadzh/dask-worker-space/worker-h77xmtmv
distributed.worker - INFO - -------------------------------------------------
distributed.worker - INFO -         Registered to: tcp://188.185.68.194:34877
distributed.worker - INFO - -------------------------------------------------
distributed.core - INFO - Starting established connection
distributed.worker - INFO -         Registered to: tcp://188.185.68.194:34877
distributed.worker - INFO - -------------------------------------------------
distributed.core - INFO - Starting established connection
distributed.worker - INFO -         Registered to: tcp://188.185.68.194:34877
distributed.worker - INFO - -------------------------------------------------
distributed.core - INFO - Starting established connection
distributed.worker - INFO -         Registered to: tcp://188.185.68.194:34877
distributed.worker - INFO - -------------------------------------------------
distributed.core - INFO - Starting established connection
distributed.worker - INFO -         Registered to: tcp://188.185.68.194:34877
distributed.worker - INFO - -------------------------------------------------
distributed.core - INFO - Starting established connection
distributed.worker - INFO -       Start worker at:     tcp://10.32.2.25:44997
distributed.worker - INFO -          Listening to:     tcp://10.32.2.25:44997
distributed.worker - INFO -          dashboard at:           10.32.2.25:33261
distributed.worker - INFO - Waiting to connect to: tcp://188.185.68.194:34877
distributed.worker - INFO - -------------------------------------------------
distributed.worker - INFO -               Threads:                          1
distributed.worker - INFO -                Memory:                  14.90 GiB
distributed.worker - INFO -       Local Directory: /tmp/ikabadzh/dask-worker-space/worker-iwj801x1
distributed.worker - INFO - -------------------------------------------------
distributed.worker - INFO -       Start worker at:     tcp://10.32.2.25:33757
distributed.worker - INFO -          Listening to:     tcp://10.32.2.25:33757
distributed.worker - INFO -          dashboard at:           10.32.2.25:37845
distributed.worker - INFO - Waiting to connect to: tcp://188.185.68.194:34877
distributed.worker - INFO - -------------------------------------------------
distributed.worker - INFO -               Threads:                          1
distributed.worker - INFO -                Memory:                  14.90 GiB
distributed.worker - INFO -       Local Directory: /tmp/ikabadzh/dask-worker-space/worker-5blwne0u
distributed.worker - INFO - -------------------------------------------------
distributed.worker - INFO -       Start worker at:     tcp://10.32.2.25:41933
distributed.worker - INFO -          Listening to:     tcp://10.32.2.25:41933
distributed.worker - INFO -          dashboard at:           10.32.2.25:46465
distributed.worker - INFO - Waiting to connect to: tcp://188.185.68.194:34877
distributed.worker - INFO - -------------------------------------------------
distributed.worker - INFO -               Threads:                          1
distributed.worker - INFO -                Memory:                  14.90 GiB
distributed.worker - INFO -       Local Directory: /tmp/ikabadzh/dask-worker-space/worker-p_gri8w0
distributed.worker - INFO - -------------------------------------------------
distributed.worker - INFO -       Start worker at:     tcp://10.32.2.25:39405
distributed.worker - INFO -          Listening to:     tcp://10.32.2.25:39405
distributed.worker - INFO -          dashboard at:           10.32.2.25:40875
distributed.worker - INFO - Waiting to connect to: tcp://188.185.68.194:34877
distributed.worker - INFO - -------------------------------------------------
distributed.worker - INFO -               Threads:                          1
distributed.worker - INFO -                Memory:                  14.90 GiB
distributed.worker - INFO -       Local Directory: /tmp/ikabadzh/dask-worker-space/worker-caolox1q
distributed.worker - INFO - -------------------------------------------------
distributed.worker - INFO -       Start worker at:     tcp://10.32.2.25:37353
distributed.worker - INFO -          Listening to:     tcp://10.32.2.25:37353
distributed.worker - INFO -          dashboard at:           10.32.2.25:41241
distributed.worker - INFO - Waiting to connect to: tcp://188.185.68.194:34877
distributed.worker - INFO - -------------------------------------------------
distributed.worker - INFO -               Threads:                          1
distributed.worker - INFO -                Memory:                  14.90 GiB
distributed.worker - INFO -       Local Directory: /tmp/ikabadzh/dask-worker-space/worker-fq2xy73u
distributed.worker - INFO - -------------------------------------------------
distributed.worker - INFO -         Registered to: tcp://188.185.68.194:34877
distributed.worker - INFO - -------------------------------------------------
distributed.core - INFO - Starting established connection
distributed.worker - INFO -         Registered to: tcp://188.185.68.194:34877
distributed.worker - INFO - -------------------------------------------------
distributed.core - INFO - Starting established connection
distributed.worker - INFO -       Start worker at:     tcp://10.32.2.25:42419
distributed.worker - INFO -          Listening to:     tcp://10.32.2.25:42419
distributed.worker - INFO -          dashboard at:           10.32.2.25:34449
distributed.worker - INFO - Waiting to connect to: tcp://188.185.68.194:34877
distributed.worker - INFO - -------------------------------------------------
distributed.worker - INFO -               Threads:                          1
distributed.worker - INFO -                Memory:                  14.90 GiB
distributed.worker - INFO -       Local Directory: /tmp/ikabadzh/dask-worker-space/worker-oyd65m7j
distributed.worker - INFO - -------------------------------------------------
distributed.worker - INFO -       Start worker at:     tcp://10.32.2.25:44691
distributed.worker - INFO -          Listening to:     tcp://10.32.2.25:44691
distributed.worker - INFO -          dashboard at:           10.32.2.25:37839
distributed.worker - INFO - Waiting to connect to: tcp://188.185.68.194:34877
distributed.worker - INFO - -------------------------------------------------
distributed.worker - INFO -               Threads:                          1
distributed.worker - INFO -                Memory:                  14.90 GiB
distributed.worker - INFO -       Local Directory: /tmp/ikabadzh/dask-worker-space/worker-7pabb8le
distributed.worker - INFO - -------------------------------------------------
distributed.worker - INFO -       Start worker at:     tcp://10.32.2.25:37047
distributed.worker - INFO -          Listening to:     tcp://10.32.2.25:37047
distributed.worker - INFO -          dashboard at:           10.32.2.25:36963
distributed.worker - INFO - Waiting to connect to: tcp://188.185.68.194:34877
distributed.worker - INFO - -------------------------------------------------
distributed.worker - INFO -               Threads:                          1
distributed.worker - INFO -                Memory:                  14.90 GiB
distributed.worker - INFO -       Local Directory: /tmp/ikabadzh/dask-worker-space/worker-zmu6p2yj
distributed.worker - INFO - -------------------------------------------------
distributed.worker - INFO -       Start worker at:     tcp://10.32.2.25:43867
distributed.worker - INFO -          Listening to:     tcp://10.32.2.25:43867
distributed.worker - INFO -          dashboard at:           10.32.2.25:46351
distributed.worker - INFO - Waiting to connect to: tcp://188.185.68.194:34877
distributed.worker - INFO - -------------------------------------------------
distributed.worker - INFO -               Threads:                          1
distributed.worker - INFO -                Memory:                  14.90 GiB
distributed.worker - INFO -       Local Directory: /tmp/ikabadzh/dask-worker-space/worker-f0jf9xx7
distributed.worker - INFO - -------------------------------------------------
distributed.worker - INFO -       Start worker at:     tcp://10.32.2.25:38677
distributed.worker - INFO -          Listening to:     tcp://10.32.2.25:38677
distributed.worker - INFO -          dashboard at:           10.32.2.25:36559
distributed.worker - INFO - Waiting to connect to: tcp://188.185.68.194:34877
distributed.worker - INFO - -------------------------------------------------
distributed.worker - INFO -               Threads:                          1
distributed.worker - INFO -                Memory:                  14.90 GiB
distributed.worker - INFO -       Local Directory: /tmp/ikabadzh/dask-worker-space/worker-n99eb81m
distributed.worker - INFO - -------------------------------------------------
distributed.worker - INFO -       Start worker at:     tcp://10.32.2.25:36069
distributed.worker - INFO -          Listening to:     tcp://10.32.2.25:36069
distributed.worker - INFO -          dashboard at:           10.32.2.25:39551
distributed.worker - INFO - Waiting to connect to: tcp://188.185.68.194:34877
distributed.worker - INFO - -------------------------------------------------
distributed.worker - INFO -               Threads:                          1
distributed.worker - INFO -                Memory:                  14.90 GiB
distributed.worker - INFO -       Local Directory: /tmp/ikabadzh/dask-worker-space/worker-js7uuojd
distributed.worker - INFO - -------------------------------------------------
distributed.worker - INFO -       Start worker at:     tcp://10.32.2.25:41725
distributed.worker - INFO -          Listening to:     tcp://10.32.2.25:41725
distributed.worker - INFO -          dashboard at:           10.32.2.25:34721
distributed.worker - INFO - Waiting to connect to: tcp://188.185.68.194:34877
distributed.worker - INFO - -------------------------------------------------
distributed.worker - INFO -               Threads:                          1
distributed.worker - INFO -                Memory:                  14.90 GiB
distributed.worker - INFO -       Local Directory: /tmp/ikabadzh/dask-worker-space/worker-3ldv3_ef
distributed.worker - INFO - -------------------------------------------------
distributed.worker - INFO -         Registered to: tcp://188.185.68.194:34877
distributed.worker - INFO - -------------------------------------------------
distributed.core - INFO - Starting established connection
distributed.worker - INFO -         Registered to: tcp://188.185.68.194:34877
distributed.worker - INFO - -------------------------------------------------
distributed.core - INFO - Starting established connection
distributed.worker - INFO -         Registered to: tcp://188.185.68.194:34877
distributed.worker - INFO - -------------------------------------------------
distributed.core - INFO - Starting established connection
distributed.worker - INFO -         Registered to: tcp://188.185.68.194:34877
distributed.worker - INFO - -------------------------------------------------
distributed.core - INFO - Starting established connection
distributed.worker - INFO -         Registered to: tcp://188.185.68.194:34877
distributed.worker - INFO - -------------------------------------------------
distributed.core - INFO - Starting established connection
distributed.worker - INFO -         Registered to: tcp://188.185.68.194:34877
distributed.worker - INFO - -------------------------------------------------
distributed.core - INFO - Starting established connection
distributed.worker - INFO -         Registered to: tcp://188.185.68.194:34877
distributed.worker - INFO - -------------------------------------------------
distributed.core - INFO - Starting established connection
distributed.worker - INFO -         Registered to: tcp://188.185.68.194:34877
distributed.worker - INFO - -------------------------------------------------
distributed.core - INFO - Starting established connection
distributed.worker - INFO -         Registered to: tcp://188.185.68.194:34877
distributed.worker - INFO - -------------------------------------------------
distributed.core - INFO - Starting established connection
distributed.worker - INFO -         Registered to: tcp://188.185.68.194:34877
distributed.worker - INFO - -------------------------------------------------
distributed.core - INFO - Starting established connection
distributed.worker - INFO -         Registered to: tcp://188.185.68.194:34877
distributed.worker - INFO - -------------------------------------------------
distributed.core - INFO - Starting established connection
distributed.worker - INFO -         Registered to: tcp://188.185.68.194:34877
distributed.worker - INFO - -------------------------------------------------
distributed.core - INFO - Starting established connection
distributed.worker - INFO -         Registered to: tcp://188.185.68.194:34877
distributed.worker - INFO - -------------------------------------------------
distributed.core - INFO - Starting established connection
distributed.worker - INFO -         Registered to: tcp://188.185.68.194:34877
distributed.worker - INFO - -------------------------------------------------
distributed.core - INFO - Starting established connection
distributed.worker - INFO -         Registered to: tcp://188.185.68.194:34877
distributed.worker - INFO - -------------------------------------------------
distributed.core - INFO - Starting established connection
distributed.core - INFO - Event loop was unresponsive in Worker for 4.10s.  This is often caused by long-running GIL-holding functions or moving large chunks of data. This can cause timeouts and instability.
distributed.worker - INFO - Waiting to connect to: tcp://188.185.68.194:34877
distributed.core - INFO - Event loop was unresponsive in Worker for 4.51s.  This is often caused by long-running GIL-holding functions or moving large chunks of data. This can cause timeouts and instability.
distributed.core - INFO - Event loop was unresponsive in Worker for 4.61s.  This is often caused by long-running GIL-holding functions or moving large chunks of data. This can cause timeouts and instability.
distributed.core - INFO - Event loop was unresponsive in Worker for 4.64s.  This is often caused by long-running GIL-holding functions or moving large chunks of data. This can cause timeouts and instability.
distributed.worker - INFO - Stopping worker at tcp://10.32.2.25:35637
distributed.core - INFO - Event loop was unresponsive in Worker for 4.65s.  This is often caused by long-running GIL-holding functions or moving large chunks of data. This can cause timeouts and instability.
distributed.core - INFO - Event loop was unresponsive in Worker for 4.67s.  This is often caused by long-running GIL-holding functions or moving large chunks of data. This can cause timeouts and instability.
distributed.core - INFO - Event loop was unresponsive in Worker for 4.69s.  This is often caused by long-running GIL-holding functions or moving large chunks of data. This can cause timeouts and instability.
distributed.core - INFO - Event loop was unresponsive in Worker for 4.68s.  This is often caused by long-running GIL-holding functions or moving large chunks of data. This can cause timeouts and instability.
distributed.core - INFO - Event loop was unresponsive in Worker for 4.70s.  This is often caused by long-running GIL-holding functions or moving large chunks of data. This can cause timeouts and instability.
distributed.core - INFO - Event loop was unresponsive in Worker for 4.69s.  This is often caused by long-running GIL-holding functions or moving large chunks of data. This can cause timeouts and instability.
distributed.core - INFO - Event loop was unresponsive in Worker for 4.69s.  This is often caused by long-running GIL-holding functions or moving large chunks of data. This can cause timeouts and instability.
tornado.application - ERROR - Exception in callback functools.partial(<bound method IOLoop._discard_future_result of <tornado.platform.asyncio.AsyncIOLoop object at 0x7fd94fdbacd0>>, <Task finished name='Task-11' coro=<Worker.heartbeat() done, defined at /hpcscratch/user/ikabadzh/mambaforge/envs/myenv/lib/python3.9/site-packages/distributed/worker.py:992> exception=OSError('Timed out during handshake while connecting to tcp://188.185.68.194:34877 after 30 s')>)
Traceback (most recent call last):
  File "/hpcscratch/user/ikabadzh/mambaforge/envs/myenv/lib/python3.9/site-packages/distributed/comm/tcp.py", line 198, in read
    frames_nbytes = await stream.read_bytes(fmt_size)
asyncio.exceptions.CancelledError

During handling of the above exception, another exception occurred:

Traceback (most recent call last):
  File "/hpcscratch/user/ikabadzh/mambaforge/envs/myenv/lib/python3.9/asyncio/tasks.py", line 492, in wait_for
    fut.result()
asyncio.exceptions.CancelledError

The above exception was the direct cause of the following exception:

Traceback (most recent call last):
  File "/hpcscratch/user/ikabadzh/mambaforge/envs/myenv/lib/python3.9/site-packages/distributed/comm/core.py", line 318, in connect
    handshake = await asyncio.wait_for(comm.read(), time_left())
  File "/hpcscratch/user/ikabadzh/mambaforge/envs/myenv/lib/python3.9/asyncio/tasks.py", line 494, in wait_for
    raise exceptions.TimeoutError() from exc
asyncio.exceptions.TimeoutError

The above exception was the direct cause of the following exception:

Traceback (most recent call last):
  File "/hpcscratch/user/ikabadzh/mambaforge/envs/myenv/lib/python3.9/site-packages/tornado/ioloop.py", line 741, in _run_callback
    ret = callback()
  File "/hpcscratch/user/ikabadzh/mambaforge/envs/myenv/lib/python3.9/site-packages/tornado/ioloop.py", line 765, in _discard_future_result
    future.result()
  File "/hpcscratch/user/ikabadzh/mambaforge/envs/myenv/lib/python3.9/site-packages/distributed/worker.py", line 1041, in heartbeat
    raise e
  File "/hpcscratch/user/ikabadzh/mambaforge/envs/myenv/lib/python3.9/site-packages/distributed/worker.py", line 1001, in heartbeat
    response = await retry_operation(
  File "/hpcscratch/user/ikabadzh/mambaforge/envs/myenv/lib/python3.9/site-packages/distributed/utils_comm.py", line 385, in retry_operation
    return await retry(
  File "/hpcscratch/user/ikabadzh/mambaforge/envs/myenv/lib/python3.9/site-packages/distributed/utils_comm.py", line 370, in retry
    return await coro()
  File "/hpcscratch/user/ikabadzh/mambaforge/envs/myenv/lib/python3.9/site-packages/distributed/core.py", line 871, in send_recv_from_rpc
    comm = await self.pool.connect(self.addr)
  File "/hpcscratch/user/ikabadzh/mambaforge/envs/myenv/lib/python3.9/site-packages/distributed/core.py", line 1059, in connect
    raise exc
  File "/hpcscratch/user/ikabadzh/mambaforge/envs/myenv/lib/python3.9/site-packages/distributed/core.py", line 1043, in connect
    comm = await fut
  File "/hpcscratch/user/ikabadzh/mambaforge/envs/myenv/lib/python3.9/site-packages/distributed/comm/core.py", line 323, in connect
    raise OSError(
OSError: Timed out during handshake while connecting to tcp://188.185.68.194:34877 after 30 s
distributed.core - INFO - Event loop was unresponsive in Worker for 4.90s.  This is often caused by long-running GIL-holding functions or moving large chunks of data. This can cause timeouts and instability.
distributed.core - INFO - Event loop was unresponsive in Worker for 4.92s.  This is often caused by long-running GIL-holding functions or moving large chunks of data. This can cause timeouts and instability.
distributed.core - INFO - Event loop was unresponsive in Worker for 5.29s.  This is often caused by long-running GIL-holding functions or moving large chunks of data. This can cause timeouts and instability.
distributed.core - INFO - Event loop was unresponsive in Worker for 5.28s.  This is often caused by long-running GIL-holding functions or moving large chunks of data. This can cause timeouts and instability.
distributed.core - INFO - Event loop was unresponsive in Worker for 5.36s.  This is often caused by long-running GIL-holding functions or moving large chunks of data. This can cause timeouts and instability.
tornado.application - ERROR - Exception in callback functools.partial(<bound method IOLoop._discard_future_result of <tornado.platform.asyncio.AsyncIOLoop object at 0x7f57499afd00>>, <Task finished name='Task-11' coro=<Worker.heartbeat() done, defined at /hpcscratch/user/ikabadzh/mambaforge/envs/myenv/lib/python3.9/site-packages/distributed/worker.py:992> exception=OSError('Timed out during handshake while connecting to tcp://188.185.68.194:34877 after 30 s')>)
Traceback (most recent call last):
  File "/hpcscratch/user/ikabadzh/mambaforge/envs/myenv/lib/python3.9/site-packages/distributed/comm/tcp.py", line 198, in read
    frames_nbytes = await stream.read_bytes(fmt_size)
asyncio.exceptions.CancelledError

During handling of the above exception, another exception occurred:

Traceback (most recent call last):
  File "/hpcscratch/user/ikabadzh/mambaforge/envs/myenv/lib/python3.9/asyncio/tasks.py", line 492, in wait_for
    fut.result()
asyncio.exceptions.CancelledError

The above exception was the direct cause of the following exception:

Traceback (most recent call last):
  File "/hpcscratch/user/ikabadzh/mambaforge/envs/myenv/lib/python3.9/site-packages/distributed/comm/core.py", line 318, in connect
    handshake = await asyncio.wait_for(comm.read(), time_left())
  File "/hpcscratch/user/ikabadzh/mambaforge/envs/myenv/lib/python3.9/asyncio/tasks.py", line 494, in wait_for
    raise exceptions.TimeoutError() from exc
asyncio.exceptions.TimeoutError

The above exception was the direct cause of the following exception:

Traceback (most recent call last):
  File "/hpcscratch/user/ikabadzh/mambaforge/envs/myenv/lib/python3.9/site-packages/tornado/ioloop.py", line 741, in _run_callback
    ret = callback()
  File "/hpcscratch/user/ikabadzh/mambaforge/envs/myenv/lib/python3.9/site-packages/tornado/ioloop.py", line 765, in _discard_future_result
    future.result()
  File "/hpcscratch/user/ikabadzh/mambaforge/envs/myenv/lib/python3.9/site-packages/distributed/worker.py", line 1041, in heartbeat
    raise e
  File "/hpcscratch/user/ikabadzh/mambaforge/envs/myenv/lib/python3.9/site-packages/distributed/worker.py", line 1001, in heartbeat
    response = await retry_operation(
  File "/hpcscratch/user/ikabadzh/mambaforge/envs/myenv/lib/python3.9/site-packages/distributed/utils_comm.py", line 385, in retry_operation
    return await retry(
  File "/hpcscratch/user/ikabadzh/mambaforge/envs/myenv/lib/python3.9/site-packages/distributed/utils_comm.py", line 370, in retry
    return await coro()
  File "/hpcscratch/user/ikabadzh/mambaforge/envs/myenv/lib/python3.9/site-packages/distributed/core.py", line 871, in send_recv_from_rpc
    comm = await self.pool.connect(self.addr)
  File "/hpcscratch/user/ikabadzh/mambaforge/envs/myenv/lib/python3.9/site-packages/distributed/core.py", line 1059, in connect
    raise exc
  File "/hpcscratch/user/ikabadzh/mambaforge/envs/myenv/lib/python3.9/site-packages/distributed/core.py", line 1043, in connect
    comm = await fut
  File "/hpcscratch/user/ikabadzh/mambaforge/envs/myenv/lib/python3.9/site-packages/distributed/comm/core.py", line 323, in connect
    raise OSError(
OSError: Timed out during handshake while connecting to tcp://188.185.68.194:34877 after 30 s
distributed.core - INFO - Event loop was unresponsive in Worker for 5.49s.  This is often caused by long-running GIL-holding functions or moving large chunks of data. This can cause timeouts and instability.
distributed.core - INFO - Event loop was unresponsive in Worker for 5.54s.  This is often caused by long-running GIL-holding functions or moving large chunks of data. This can cause timeouts and instability.
distributed.core - INFO - Event loop was unresponsive in Worker for 5.53s.  This is often caused by long-running GIL-holding functions or moving large chunks of data. This can cause timeouts and instability.
tornado.application - ERROR - Exception in callback functools.partial(<bound method IOLoop._discard_future_result of <tornado.platform.asyncio.AsyncIOLoop object at 0x7f3496414cd0>>, <Task finished name='Task-11' coro=<Worker.heartbeat() done, defined at /hpcscratch/user/ikabadzh/mambaforge/envs/myenv/lib/python3.9/site-packages/distributed/worker.py:992> exception=OSError('Timed out during handshake while connecting to tcp://188.185.68.194:34877 after 30 s')>)
Traceback (most recent call last):
  File "/hpcscratch/user/ikabadzh/mambaforge/envs/myenv/lib/python3.9/site-packages/distributed/comm/tcp.py", line 198, in read
    frames_nbytes = await stream.read_bytes(fmt_size)
asyncio.exceptions.CancelledError

During handling of the above exception, another exception occurred:

Traceback (most recent call last):
  File "/hpcscratch/user/ikabadzh/mambaforge/envs/myenv/lib/python3.9/asyncio/tasks.py", line 492, in wait_for
    fut.result()
asyncio.exceptions.CancelledError

The above exception was the direct cause of the following exception:

Traceback (most recent call last):
  File "/hpcscratch/user/ikabadzh/mambaforge/envs/myenv/lib/python3.9/site-packages/distributed/comm/core.py", line 318, in connect
    handshake = await asyncio.wait_for(comm.read(), time_left())
  File "/hpcscratch/user/ikabadzh/mambaforge/envs/myenv/lib/python3.9/asyncio/tasks.py", line 494, in wait_for
    raise exceptions.TimeoutError() from exc
asyncio.exceptions.TimeoutError

The above exception was the direct cause of the following exception:

Traceback (most recent call last):
  File "/hpcscratch/user/ikabadzh/mambaforge/envs/myenv/lib/python3.9/site-packages/tornado/ioloop.py", line 741, in _run_callback
    ret = callback()
  File "/hpcscratch/user/ikabadzh/mambaforge/envs/myenv/lib/python3.9/site-packages/tornado/ioloop.py", line 765, in _discard_future_result
    future.result()
  File "/hpcscratch/user/ikabadzh/mambaforge/envs/myenv/lib/python3.9/site-packages/distributed/worker.py", line 1041, in heartbeat
    raise e
  File "/hpcscratch/user/ikabadzh/mambaforge/envs/myenv/lib/python3.9/site-packages/distributed/worker.py", line 1001, in heartbeat
    response = await retry_operation(
  File "/hpcscratch/user/ikabadzh/mambaforge/envs/myenv/lib/python3.9/site-packages/distributed/utils_comm.py", line 385, in retry_operation
    return await retry(
  File "/hpcscratch/user/ikabadzh/mambaforge/envs/myenv/lib/python3.9/site-packages/distributed/utils_comm.py", line 370, in retry
    return await coro()
  File "/hpcscratch/user/ikabadzh/mambaforge/envs/myenv/lib/python3.9/site-packages/distributed/core.py", line 871, in send_recv_from_rpc
    comm = await self.pool.connect(self.addr)
  File "/hpcscratch/user/ikabadzh/mambaforge/envs/myenv/lib/python3.9/site-packages/distributed/core.py", line 1059, in connect
    raise exc
  File "/hpcscratch/user/ikabadzh/mambaforge/envs/myenv/lib/python3.9/site-packages/distributed/core.py", line 1043, in connect
    comm = await fut
  File "/hpcscratch/user/ikabadzh/mambaforge/envs/myenv/lib/python3.9/site-packages/distributed/comm/core.py", line 323, in connect
    raise OSError(
OSError: Timed out during handshake while connecting to tcp://188.185.68.194:34877 after 30 s
distributed.core - INFO - Event loop was unresponsive in Worker for 5.52s.  This is often caused by long-running GIL-holding functions or moving large chunks of data. This can cause timeouts and instability.
distributed.core - INFO - Event loop was unresponsive in Worker for 5.57s.  This is often caused by long-running GIL-holding functions or moving large chunks of data. This can cause timeouts and instability.
distributed.core - INFO - Event loop was unresponsive in Worker for 5.56s.  This is often caused by long-running GIL-holding functions or moving large chunks of data. This can cause timeouts and instability.
distributed.core - INFO - Event loop was unresponsive in Worker for 5.58s.  This is often caused by long-running GIL-holding functions or moving large chunks of data. This can cause timeouts and instability.
distributed.core - INFO - Event loop was unresponsive in Worker for 5.61s.  This is often caused by long-running GIL-holding functions or moving large chunks of data. This can cause timeouts and instability.
distributed.core - INFO - Event loop was unresponsive in Worker for 5.61s.  This is often caused by long-running GIL-holding functions or moving large chunks of data. This can cause timeouts and instability.
distributed.core - INFO - Event loop was unresponsive in Worker for 5.60s.  This is often caused by long-running GIL-holding functions or moving large chunks of data. This can cause timeouts and instability.
distributed.core - INFO - Event loop was unresponsive in Worker for 5.61s.  This is often caused by long-running GIL-holding functions or moving large chunks of data. This can cause timeouts and instability.
Info in <[ROOT.RDF] Info /hpcscratch/user/ikabadzh/root/tree/dataframe/src/RLoopManager.cxx:738 in void ROOT::Detail::RDF::RLoopManager::Run()>: Starting event loop number 0.
Info in <[ROOT.RDF] Info /hpcscratch/user/ikabadzh/root/tree/dataframe/src/RLoopManager.cxx:738 in void ROOT::Detail::RDF::RLoopManager::Run()>: Starting event loop number 0.
Info in <[ROOT.RDF] Info /hpcscratch/user/ikabadzh/root/tree/dataframe/src/RLoopManager.cxx:738 in void ROOT::Detail::RDF::RLoopManager::Run()>: Starting event loop number 0.
Info in <[ROOT.RDF] Info /hpcscratch/user/ikabadzh/root/tree/dataframe/src/RLoopManager.cxx:738 in void ROOT::Detail::RDF::RLoopManager::Run()>: Starting event loop number 0.
Info in <[ROOT.RDF] Info /hpcscratch/user/ikabadzh/root/tree/dataframe/src/RLoopManager.cxx:738 in void ROOT::Detail::RDF::RLoopManager::Run()>: Starting event loop number 0.
Info in <[ROOT.RDF] Info /hpcscratch/user/ikabadzh/root/tree/dataframe/src/RLoopManager.cxx:738 in void ROOT::Detail::RDF::RLoopManager::Run()>: Starting event loop number 0.
Info in <[ROOT.RDF] Info /hpcscratch/user/ikabadzh/root/tree/dataframe/src/RLoopManager.cxx:738 in void ROOT::Detail::RDF::RLoopManager::Run()>: Starting event loop number 0.
Info in <[ROOT.RDF] Info /hpcscratch/user/ikabadzh/root/tree/dataframe/src/RLoopManager.cxx:738 in void ROOT::Detail::RDF::RLoopManager::Run()>: Starting event loop number 0.
Info in <[ROOT.RDF] Info /hpcscratch/user/ikabadzh/root/tree/dataframe/src/RLoopManager.cxx:738 in void ROOT::Detail::RDF::RLoopManager::Run()>: Starting event loop number 0.
Info in <[ROOT.RDF] Info /hpcscratch/user/ikabadzh/root/tree/dataframe/src/RLoopManager.cxx:738 in void ROOT::Detail::RDF::RLoopManager::Run()>: Starting event loop number 0.
Info in <[ROOT.RDF] Info /hpcscratch/user/ikabadzh/root/tree/dataframe/src/RLoopManager.cxx:738 in void ROOT::Detail::RDF::RLoopManager::Run()>: Starting event loop number 0.
distributed.worker - INFO - Stopping worker at tcp://10.32.2.25:45769
Info in <[ROOT.RDF] Info /hpcscratch/user/ikabadzh/root/tree/dataframe/src/RLoopManager.cxx:738 in void ROOT::Detail::RDF::RLoopManager::Run()>: Starting event loop number 0.
Info in <[ROOT.RDF] Info /hpcscratch/user/ikabadzh/root/tree/dataframe/src/RLoopManager.cxx:738 in void ROOT::Detail::RDF::RLoopManager::Run()>: Starting event loop number 0.
Info in <[ROOT.RDF] Info /hpcscratch/user/ikabadzh/root/tree/dataframe/src/RLoopManager.cxx:738 in void ROOT::Detail::RDF::RLoopManager::Run()>: Starting event loop number 0.
Info in <[ROOT.RDF] Info /hpcscratch/user/ikabadzh/root/tree/dataframe/src/RLoopManager.cxx:738 in void ROOT::Detail::RDF::RLoopManager::Run()>: Starting event loop number 0.
Info in <[ROOT.RDF] Info /hpcscratch/user/ikabadzh/root/tree/dataframe/src/RLoopManager.cxx:738 in void ROOT::Detail::RDF::RLoopManager::Run()>: Starting event loop number 0.
Info in <[ROOT.RDF] Info /hpcscratch/user/ikabadzh/root/tree/dataframe/src/RLoopManager.cxx:738 in void ROOT::Detail::RDF::RLoopManager::Run()>: Starting event loop number 0.
distributed.worker - INFO - Stopping worker at tcp://10.32.2.25:35483
Info in <[ROOT.RDF] Info /hpcscratch/user/ikabadzh/root/tree/dataframe/src/RLoopManager.cxx:738 in void ROOT::Detail::RDF::RLoopManager::Run()>: Starting event loop number 0.
Info in <[ROOT.RDF] Info /hpcscratch/user/ikabadzh/root/tree/dataframe/src/RLoopManager.cxx:738 in void ROOT::Detail::RDF::RLoopManager::Run()>: Starting event loop number 0.
Info in <[ROOT.RDF] Info /hpcscratch/user/ikabadzh/root/tree/dataframe/src/RLoopManager.cxx:738 in void ROOT::Detail::RDF::RLoopManager::Run()>: Starting event loop number 0.
Info in <[ROOT.RDF] Info /hpcscratch/user/ikabadzh/root/tree/dataframe/src/RLoopManager.cxx:738 in void ROOT::Detail::RDF::RLoopManager::Run()>: Starting event loop number 0.
Info in <[ROOT.RDF] Info /hpcscratch/user/ikabadzh/root/tree/dataframe/src/RLoopManager.cxx:738 in void ROOT::Detail::RDF::RLoopManager::Run()>: Starting event loop number 0.
Info in <[ROOT.RDF] Info /hpcscratch/user/ikabadzh/root/tree/dataframe/src/RLoopManager.cxx:738 in void ROOT::Detail::RDF::RLoopManager::Run()>: Starting event loop number 0.
Info in <[ROOT.RDF] Info /hpcscratch/user/ikabadzh/root/tree/dataframe/src/RLoopManager.cxx:738 in void ROOT::Detail::RDF::RLoopManager::Run()>: Starting event loop number 0.
Info in <[ROOT.RDF] Info /hpcscratch/user/ikabadzh/root/tree/dataframe/src/RLoopManager.cxx:738 in void ROOT::Detail::RDF::RLoopManager::Run()>: Starting event loop number 0.
Info in <[ROOT.RDF] Info /hpcscratch/user/ikabadzh/root/tree/dataframe/src/RLoopManager.cxx:738 in void ROOT::Detail::RDF::RLoopManager::Run()>: Starting event loop number 0.
Info in <[ROOT.RDF] Info /hpcscratch/user/ikabadzh/root/tree/dataframe/src/RLoopManager.cxx:738 in void ROOT::Detail::RDF::RLoopManager::Run()>: Starting event loop number 0.
distributed.worker - INFO - Waiting to connect to: tcp://188.185.68.194:34877
tornado.application - ERROR - Exception in callback functools.partial(<bound method IOLoop._discard_future_result of <tornado.platform.asyncio.AsyncIOLoop object at 0x7f05cb43fcd0>>, <Task finished name='Task-11' coro=<Worker.heartbeat() done, defined at /hpcscratch/user/ikabadzh/mambaforge/envs/myenv/lib/python3.9/site-packages/distributed/worker.py:992> exception=OSError('Timed out during handshake while connecting to tcp://188.185.68.194:34877 after 30 s')>)
Traceback (most recent call last):
  File "/hpcscratch/user/ikabadzh/mambaforge/envs/myenv/lib/python3.9/site-packages/distributed/comm/tcp.py", line 198, in read
    frames_nbytes = await stream.read_bytes(fmt_size)
asyncio.exceptions.CancelledError

During handling of the above exception, another exception occurred:

Traceback (most recent call last):
  File "/hpcscratch/user/ikabadzh/mambaforge/envs/myenv/lib/python3.9/asyncio/tasks.py", line 492, in wait_for
    fut.result()
asyncio.exceptions.CancelledError

The above exception was the direct cause of the following exception:

Traceback (most recent call last):
  File "/hpcscratch/user/ikabadzh/mambaforge/envs/myenv/lib/python3.9/site-packages/distributed/comm/core.py", line 318, in connect
    handshake = await asyncio.wait_for(comm.read(), time_left())
  File "/hpcscratch/user/ikabadzh/mambaforge/envs/myenv/lib/python3.9/asyncio/tasks.py", line 494, in wait_for
    raise exceptions.TimeoutError() from exc
asyncio.exceptions.TimeoutError

The above exception was the direct cause of the following exception:

Traceback (most recent call last):
  File "/hpcscratch/user/ikabadzh/mambaforge/envs/myenv/lib/python3.9/site-packages/tornado/ioloop.py", line 741, in _run_callback
    ret = callback()
  File "/hpcscratch/user/ikabadzh/mambaforge/envs/myenv/lib/python3.9/site-packages/tornado/ioloop.py", line 765, in _discard_future_result
    future.result()
  File "/hpcscratch/user/ikabadzh/mambaforge/envs/myenv/lib/python3.9/site-packages/distributed/worker.py", line 1041, in heartbeat
    raise e
  File "/hpcscratch/user/ikabadzh/mambaforge/envs/myenv/lib/python3.9/site-packages/distributed/worker.py", line 1001, in heartbeat
    response = await retry_operation(
  File "/hpcscratch/user/ikabadzh/mambaforge/envs/myenv/lib/python3.9/site-packages/distributed/utils_comm.py", line 385, in retry_operation
    return await retry(
  File "/hpcscratch/user/ikabadzh/mambaforge/envs/myenv/lib/python3.9/site-packages/distributed/utils_comm.py", line 370, in retry
    return await coro()
  File "/hpcscratch/user/ikabadzh/mambaforge/envs/myenv/lib/python3.9/site-packages/distributed/core.py", line 871, in send_recv_from_rpc
    comm = await self.pool.connect(self.addr)
  File "/hpcscratch/user/ikabadzh/mambaforge/envs/myenv/lib/python3.9/site-packages/distributed/core.py", line 1059, in connect
    raise exc
  File "/hpcscratch/user/ikabadzh/mambaforge/envs/myenv/lib/python3.9/site-packages/distributed/core.py", line 1043, in connect
    comm = await fut
  File "/hpcscratch/user/ikabadzh/mambaforge/envs/myenv/lib/python3.9/site-packages/distributed/comm/core.py", line 323, in connect
    raise OSError(
OSError: Timed out during handshake while connecting to tcp://188.185.68.194:34877 after 30 s
distributed.worker - INFO - Waiting to connect to: tcp://188.185.68.194:34877
distributed.worker - INFO - Waiting to connect to: tcp://188.185.68.194:34877
distributed.worker - INFO - Waiting to connect to: tcp://188.185.68.194:34877
Info in <[ROOT.RDF] Info /hpcscratch/user/ikabadzh/root/tree/dataframe/src/RLoopManager.cxx:713 in void ROOT::Detail::RDF::RLoopManager::Jit()>: Just-in-time compilation phase completed in 2.411771 seconds.
Info in <[ROOT.RDF] Info /hpcscratch/user/ikabadzh/root/tree/dataframe/src/RLoopManager.cxx:480 in void ROOT::Detail::RDF::RLoopManager::RunTreeReader()>: Processing trees {Events} in files {input_files/dimuon/f304.root}: entry range [0,61540412], using slot 0 in thread 140545024079616.
Info in <[ROOT.RDF] Info /hpcscratch/user/ikabadzh/root/tree/dataframe/src/RLoopManager.cxx:713 in void ROOT::Detail::RDF::RLoopManager::Jit()>: Just-in-time compilation phase completed in 2.448404 seconds.
Info in <[ROOT.RDF] Info /hpcscratch/user/ikabadzh/root/tree/dataframe/src/RLoopManager.cxx:480 in void ROOT::Detail::RDF::RLoopManager::RunTreeReader()>: Processing trees {Events} in files {input_files/dimuon/f253.root}: entry range [0,61540412], using slot 0 in thread 139856521107200.
Info in <[ROOT.RDF] Info /hpcscratch/user/ikabadzh/root/tree/dataframe/src/RLoopManager.cxx:713 in void ROOT::Detail::RDF::RLoopManager::Jit()>: Just-in-time compilation phase completed in 2.408094 seconds.
Info in <[ROOT.RDF] Info /hpcscratch/user/ikabadzh/root/tree/dataframe/src/RLoopManager.cxx:480 in void ROOT::Detail::RDF::RLoopManager::RunTreeReader()>: Processing trees {Events} in files {input_files/dimuon/f263.root}: entry range [0,61540412], using slot 0 in thread 140097025980160.
Info in <[ROOT.RDF] Info /hpcscratch/user/ikabadzh/root/tree/dataframe/src/RLoopManager.cxx:713 in void ROOT::Detail::RDF::RLoopManager::Jit()>: Just-in-time compilation phase completed in 2.449489 seconds.
Info in <[ROOT.RDF] Info /hpcscratch/user/ikabadzh/root/tree/dataframe/src/RLoopManager.cxx:480 in void ROOT::Detail::RDF::RLoopManager::RunTreeReader()>: Processing trees {Events} in files {input_files/dimuon/f302.root}: entry range [0,61540412], using slot 0 in thread 140302871373568.
Info in <[ROOT.RDF] Info /hpcscratch/user/ikabadzh/root/tree/dataframe/src/RLoopManager.cxx:713 in void ROOT::Detail::RDF::RLoopManager::Jit()>: Just-in-time compilation phase completed in 2.462056 seconds.
Info in <[ROOT.RDF] Info /hpcscratch/user/ikabadzh/root/tree/dataframe/src/RLoopManager.cxx:480 in void ROOT::Detail::RDF::RLoopManager::RunTreeReader()>: Processing trees {Events} in files {input_files/dimuon/f252.root}: entry range [0,61540412], using slot 0 in thread 139837383038720.
Info in <[ROOT.RDF] Info /hpcscratch/user/ikabadzh/root/tree/dataframe/src/RLoopManager.cxx:713 in void ROOT::Detail::RDF::RLoopManager::Jit()>: Just-in-time compilation phase completed in 2.429822 seconds.
Info in <[ROOT.RDF] Info /hpcscratch/user/ikabadzh/root/tree/dataframe/src/RLoopManager.cxx:480 in void ROOT::Detail::RDF::RLoopManager::RunTreeReader()>: Processing trees {Events} in files {input_files/dimuon/f252.root}: entry range [0,61540412], using slot 0 in thread 140408324544256.
Info in <[ROOT.RDF] Info /hpcscratch/user/ikabadzh/root/tree/dataframe/src/RLoopManager.cxx:713 in void ROOT::Detail::RDF::RLoopManager::Jit()>: Just-in-time compilation phase completed in 2.436962 seconds.
Info in <[ROOT.RDF] Info /hpcscratch/user/ikabadzh/root/tree/dataframe/src/RLoopManager.cxx:480 in void ROOT::Detail::RDF::RLoopManager::RunTreeReader()>: Processing trees {Events} in files {input_files/dimuon/f256.root}: entry range [0,61540412], using slot 0 in thread 139861483681536.
Info in <[ROOT.RDF] Info /hpcscratch/user/ikabadzh/root/tree/dataframe/src/RLoopManager.cxx:713 in void ROOT::Detail::RDF::RLoopManager::Jit()>: Just-in-time compilation phase completed in 2.506406 seconds.
Info in <[ROOT.RDF] Info /hpcscratch/user/ikabadzh/root/tree/dataframe/src/RLoopManager.cxx:480 in void ROOT::Detail::RDF::RLoopManager::RunTreeReader()>: Processing trees {Events} in files {input_files/dimuon/f255.root}: entry range [0,61540412], using slot 0 in thread 140098319722240.
Info in <[ROOT.RDF] Info /hpcscratch/user/ikabadzh/root/tree/dataframe/src/RLoopManager.cxx:713 in void ROOT::Detail::RDF::RLoopManager::Jit()>: Just-in-time compilation phase completed in 2.425247 seconds.
Info in <[ROOT.RDF] Info /hpcscratch/user/ikabadzh/root/tree/dataframe/src/RLoopManager.cxx:480 in void ROOT::Detail::RDF::RLoopManager::RunTreeReader()>: Processing trees {Events} in files {input_files/dimuon/f264.root}: entry range [0,61540412], using slot 0 in thread 140571747124992.
Info in <[ROOT.RDF] Info /hpcscratch/user/ikabadzh/root/tree/dataframe/src/RLoopManager.cxx:713 in void ROOT::Detail::RDF::RLoopManager::Jit()>: Just-in-time compilation phase completed in 2.451327 seconds.
Info in <[ROOT.RDF] Info /hpcscratch/user/ikabadzh/root/tree/dataframe/src/RLoopManager.cxx:480 in void ROOT::Detail::RDF::RLoopManager::RunTreeReader()>: Processing trees {Events} in files {input_files/dimuon/f260.root}: entry range [0,61540412], using slot 0 in thread 139761313650432.
Info in <[ROOT.RDF] Info /hpcscratch/user/ikabadzh/root/tree/dataframe/src/RLoopManager.cxx:713 in void ROOT::Detail::RDF::RLoopManager::Jit()>: Just-in-time compilation phase completed in 2.521752 seconds.
Info in <[ROOT.RDF] Info /hpcscratch/user/ikabadzh/root/tree/dataframe/src/RLoopManager.cxx:480 in void ROOT::Detail::RDF::RLoopManager::RunTreeReader()>: Processing trees {Events} in files {input_files/dimuon/f258.root}: entry range [0,61540412], using slot 0 in thread 140629959223040.
Info in <[ROOT.RDF] Info /hpcscratch/user/ikabadzh/root/tree/dataframe/src/RLoopManager.cxx:713 in void ROOT::Detail::RDF::RLoopManager::Jit()>: Just-in-time compilation phase completed in 2.408457 seconds.
Info in <[ROOT.RDF] Info /hpcscratch/user/ikabadzh/root/tree/dataframe/src/RLoopManager.cxx:480 in void ROOT::Detail::RDF::RLoopManager::RunTreeReader()>: Processing trees {Events} in files {input_files/dimuon/f251.root}: entry range [0,61540412], using slot 0 in thread 140221508261632.
Info in <[ROOT.RDF] Info /hpcscratch/user/ikabadzh/root/tree/dataframe/src/RLoopManager.cxx:713 in void ROOT::Detail::RDF::RLoopManager::Jit()>: Just-in-time compilation phase completed in 2.449725 seconds.
Info in <[ROOT.RDF] Info /hpcscratch/user/ikabadzh/root/tree/dataframe/src/RLoopManager.cxx:480 in void ROOT::Detail::RDF::RLoopManager::RunTreeReader()>: Processing trees {Events} in files {input_files/dimuon/f305.root}: entry range [0,61540412], using slot 0 in thread 140012699182848.
Info in <[ROOT.RDF] Info /hpcscratch/user/ikabadzh/root/tree/dataframe/src/RLoopManager.cxx:762 in void ROOT::Detail::RDF::RLoopManager::Run()>: Finished event loop number 0 (1.01s CPU, 1.00081s elapsed).
Info in <[ROOT.RDF] Info /hpcscratch/user/ikabadzh/root/tree/dataframe/src/RLoopManager.cxx:713 in void ROOT::Detail::RDF::RLoopManager::Jit()>: Just-in-time compilation phase completed in 2.435323 seconds.
Info in <[ROOT.RDF] Info /hpcscratch/user/ikabadzh/root/tree/dataframe/src/RLoopManager.cxx:480 in void ROOT::Detail::RDF::RLoopManager::RunTreeReader()>: Processing trees {Events} in files {input_files/dimuon/f256.root}: entry range [0,61540412], using slot 0 in thread 139730446100224.
Info in <[ROOT.RDF] Info /hpcscratch/user/ikabadzh/root/tree/dataframe/src/RLoopManager.cxx:713 in void ROOT::Detail::RDF::RLoopManager::Jit()>: Just-in-time compilation phase completed in 2.439828 seconds.
Info in <[ROOT.RDF] Info /hpcscratch/user/ikabadzh/root/tree/dataframe/src/RLoopManager.cxx:480 in void ROOT::Detail::RDF::RLoopManager::RunTreeReader()>: Processing trees {Events} in files {input_files/dimuon/f266.root}: entry range [0,61540412], using slot 0 in thread 140185324717824.
Info in <[ROOT.RDF] Info /hpcscratch/user/ikabadzh/root/tree/dataframe/src/RLoopManager.cxx:713 in void ROOT::Detail::RDF::RLoopManager::Jit()>: Just-in-time compilation phase completed in 2.448330 seconds.
Info in <[ROOT.RDF] Info /hpcscratch/user/ikabadzh/root/tree/dataframe/src/RLoopManager.cxx:480 in void ROOT::Detail::RDF::RLoopManager::RunTreeReader()>: Processing trees {Events} in files {input_files/dimuon/f259.root}: entry range [0,61540412], using slot 0 in thread 140013296473856.
Info in <[ROOT.RDF] Info /hpcscratch/user/ikabadzh/root/tree/dataframe/src/RLoopManager.cxx:713 in void ROOT::Detail::RDF::RLoopManager::Jit()>: Just-in-time compilation phase completed in 2.429982 seconds.
Info in <[ROOT.RDF] Info /hpcscratch/user/ikabadzh/root/tree/dataframe/src/RLoopManager.cxx:480 in void ROOT::Detail::RDF::RLoopManager::RunTreeReader()>: Processing trees {Events} in files {input_files/dimuon/f257.root}: entry range [0,61540412], using slot 0 in thread 139772397479680.
Info in <[ROOT.RDF] Info /hpcscratch/user/ikabadzh/root/tree/dataframe/src/RLoopManager.cxx:713 in void ROOT::Detail::RDF::RLoopManager::Jit()>: Just-in-time compilation phase completed in 2.438086 seconds.
Info in <[ROOT.RDF] Info /hpcscratch/user/ikabadzh/root/tree/dataframe/src/RLoopManager.cxx:480 in void ROOT::Detail::RDF::RLoopManager::RunTreeReader()>: Processing trees {Events} in files {input_files/dimuon/f260.root}: entry range [0,61540412], using slot 0 in thread 140260657854208.
Info in <[ROOT.RDF] Info /hpcscratch/user/ikabadzh/root/tree/dataframe/src/RLoopManager.cxx:713 in void ROOT::Detail::RDF::RLoopManager::Jit()>: Just-in-time compilation phase completed in 2.408343 seconds.
Info in <[ROOT.RDF] Info /hpcscratch/user/ikabadzh/root/tree/dataframe/src/RLoopManager.cxx:480 in void ROOT::Detail::RDF::RLoopManager::RunTreeReader()>: Processing trees {Events} in files {input_files/dimuon/f265.root}: entry range [0,61540412], using slot 0 in thread 140338971494144.
Info in <[ROOT.RDF] Info /hpcscratch/user/ikabadzh/root/tree/dataframe/src/RLoopManager.cxx:713 in void ROOT::Detail::RDF::RLoopManager::Jit()>: Just-in-time compilation phase completed in 2.441561 seconds.
Info in <[ROOT.RDF] Info /hpcscratch/user/ikabadzh/root/tree/dataframe/src/RLoopManager.cxx:480 in void ROOT::Detail::RDF::RLoopManager::RunTreeReader()>: Processing trees {Events} in files {input_files/dimuon/f263.root}: entry range [0,61540412], using slot 0 in thread 139864258582272.
Info in <[ROOT.RDF] Info /hpcscratch/user/ikabadzh/root/tree/dataframe/src/RLoopManager.cxx:713 in void ROOT::Detail::RDF::RLoopManager::Jit()>: Just-in-time compilation phase completed in 2.432380 seconds.
Info in <[ROOT.RDF] Info /hpcscratch/user/ikabadzh/root/tree/dataframe/src/RLoopManager.cxx:480 in void ROOT::Detail::RDF::RLoopManager::RunTreeReader()>: Processing trees {Events} in files {input_files/dimuon/f254.root}: entry range [0,61540412], using slot 0 in thread 140015734941440.
Info in <[ROOT.RDF] Info /hpcscratch/user/ikabadzh/root/tree/dataframe/src/RLoopManager.cxx:713 in void ROOT::Detail::RDF::RLoopManager::Jit()>: Just-in-time compilation phase completed in 2.440378 seconds.
Info in <[ROOT.RDF] Info /hpcscratch/user/ikabadzh/root/tree/dataframe/src/RLoopManager.cxx:480 in void ROOT::Detail::RDF::RLoopManager::RunTreeReader()>: Processing trees {Events} in files {input_files/dimuon/f264.root}: entry range [0,61540412], using slot 0 in thread 140046964737792.
Info in <[ROOT.RDF] Info /hpcscratch/user/ikabadzh/root/tree/dataframe/src/RLoopManager.cxx:713 in void ROOT::Detail::RDF::RLoopManager::Jit()>: Just-in-time compilation phase completed in 2.451196 seconds.
Info in <[ROOT.RDF] Info /hpcscratch/user/ikabadzh/root/tree/dataframe/src/RLoopManager.cxx:480 in void ROOT::Detail::RDF::RLoopManager::RunTreeReader()>: Processing trees {Events} in files {input_files/dimuon/f303.root}: entry range [0,61540412], using slot 0 in thread 140435550349056.
Info in <[ROOT.RDF] Info /hpcscratch/user/ikabadzh/root/tree/dataframe/src/RLoopManager.cxx:738 in void ROOT::Detail::RDF::RLoopManager::Run()>: Starting event loop number 0.
Info in <[ROOT.RDF] Info /hpcscratch/user/ikabadzh/root/tree/dataframe/src/RLoopManager.cxx:713 in void ROOT::Detail::RDF::RLoopManager::Jit()>: Just-in-time compilation phase completed in 2.439918 seconds.
Info in <[ROOT.RDF] Info /hpcscratch/user/ikabadzh/root/tree/dataframe/src/RLoopManager.cxx:480 in void ROOT::Detail::RDF::RLoopManager::RunTreeReader()>: Processing trees {Events} in files {input_files/dimuon/f304.root}: entry range [0,61540412], using slot 0 in thread 139663284492032.
Info in <[ROOT.RDF] Info /hpcscratch/user/ikabadzh/root/tree/dataframe/src/RLoopManager.cxx:713 in void ROOT::Detail::RDF::RLoopManager::Jit()>: Just-in-time compilation phase completed in 2.433336 seconds.
Info in <[ROOT.RDF] Info /hpcscratch/user/ikabadzh/root/tree/dataframe/src/RLoopManager.cxx:480 in void ROOT::Detail::RDF::RLoopManager::RunTreeReader()>: Processing trees {Events} in files {input_files/dimuon/f257.root}: entry range [0,61540412], using slot 0 in thread 140604162529024.
Info in <[ROOT.RDF] Info /hpcscratch/user/ikabadzh/root/tree/dataframe/src/RLoopManager.cxx:762 in void ROOT::Detail::RDF::RLoopManager::Run()>: Finished event loop number 0 (1.01s CPU, 0.99927s elapsed).
Info in <[ROOT.RDF] Info /hpcscratch/user/ikabadzh/root/tree/dataframe/src/RLoopManager.cxx:713 in void ROOT::Detail::RDF::RLoopManager::Jit()>: Just-in-time compilation phase completed in 2.500031 seconds.
Info in <[ROOT.RDF] Info /hpcscratch/user/ikabadzh/root/tree/dataframe/src/RLoopManager.cxx:480 in void ROOT::Detail::RDF::RLoopManager::RunTreeReader()>: Processing trees {Events} in files {input_files/dimuon/f301.root}: entry range [0,61540412], using slot 0 in thread 140531591993088.
Info in <[ROOT.RDF] Info /hpcscratch/user/ikabadzh/root/tree/dataframe/src/RLoopManager.cxx:713 in void ROOT::Detail::RDF::RLoopManager::Jit()>: Just-in-time compilation phase completed in 2.534892 seconds.
Info in <[ROOT.RDF] Info /hpcscratch/user/ikabadzh/root/tree/dataframe/src/RLoopManager.cxx:480 in void ROOT::Detail::RDF::RLoopManager::RunTreeReader()>: Processing trees {Events} in files {input_files/dimuon/f260.root}: entry range [0,61540412], using slot 0 in thread 140089172289280.
Info in <[ROOT.RDF] Info /hpcscratch/user/ikabadzh/root/tree/dataframe/src/RLoopManager.cxx:762 in void ROOT::Detail::RDF::RLoopManager::Run()>: Finished event loop number 0 (1s CPU, 1.00258s elapsed).
Info in <[ROOT.RDF] Info /hpcscratch/user/ikabadzh/root/tree/dataframe/src/RLoopManager.cxx:762 in void ROOT::Detail::RDF::RLoopManager::Run()>: Finished event loop number 0 (1.01s CPU, 0.990343s elapsed).
Info in <[ROOT.RDF] Info /hpcscratch/user/ikabadzh/root/tree/dataframe/src/RLoopManager.cxx:762 in void ROOT::Detail::RDF::RLoopManager::Run()>: Finished event loop number 0 (1.05s CPU, 1.03214s elapsed).
Info in <[ROOT.RDF] Info /hpcscratch/user/ikabadzh/root/tree/dataframe/src/RLoopManager.cxx:762 in void ROOT::Detail::RDF::RLoopManager::Run()>: Finished event loop number 0 (0.99s CPU, 0.988738s elapsed).
Info in <[ROOT.RDF] Info /hpcscratch/user/ikabadzh/root/tree/dataframe/src/RLoopManager.cxx:762 in void ROOT::Detail::RDF::RLoopManager::Run()>: Finished event loop number 0 (1s CPU, 0.999975s elapsed).
Info in <[ROOT.RDF] Info /hpcscratch/user/ikabadzh/root/tree/dataframe/src/RLoopManager.cxx:762 in void ROOT::Detail::RDF::RLoopManager::Run()>: Finished event loop number 0 (1s CPU, 0.997671s elapsed).
distributed.worker - INFO - Comm closed
distributed.nanny - INFO - Worker closed
Info in <[ROOT.RDF] Info /hpcscratch/user/ikabadzh/root/tree/dataframe/src/RLoopManager.cxx:738 in void ROOT::Detail::RDF::RLoopManager::Run()>: Starting event loop number 0.
Info in <[ROOT.RDF] Info /hpcscratch/user/ikabadzh/root/tree/dataframe/src/RLoopManager.cxx:762 in void ROOT::Detail::RDF::RLoopManager::Run()>: Finished event loop number 0 (1.04s CPU, 1.0352s elapsed).
Info in <[ROOT.RDF] Info /hpcscratch/user/ikabadzh/root/tree/dataframe/src/RLoopManager.cxx:762 in void ROOT::Detail::RDF::RLoopManager::Run()>: Finished event loop number 0 (1.03s CPU, 1.03129s elapsed).
distributed.nanny - INFO - Closing Nanny at 'tcp://10.32.2.25:32901'
Info in <[ROOT.RDF] Info /hpcscratch/user/ikabadzh/root/tree/dataframe/src/RLoopManager.cxx:762 in void ROOT::Detail::RDF::RLoopManager::Run()>: Finished event loop number 0 (1.56s CPU, 1.53511s elapsed).
Info in <[ROOT.RDF] Info /hpcscratch/user/ikabadzh/root/tree/dataframe/src/RLoopManager.cxx:762 in void ROOT::Detail::RDF::RLoopManager::Run()>: Finished event loop number 0 (1.04s CPU, 1.01998s elapsed).
Info in <[ROOT.RDF] Info /hpcscratch/user/ikabadzh/root/tree/dataframe/src/RLoopManager.cxx:738 in void ROOT::Detail::RDF::RLoopManager::Run()>: Starting event loop number 0.
Info in <[ROOT.RDF] Info /hpcscratch/user/ikabadzh/root/tree/dataframe/src/RLoopManager.cxx:762 in void ROOT::Detail::RDF::RLoopManager::Run()>: Finished event loop number 0 (1.05s CPU, 1.03475s elapsed).
Info in <[ROOT.RDF] Info /hpcscratch/user/ikabadzh/root/tree/dataframe/src/RLoopManager.cxx:762 in void ROOT::Detail::RDF::RLoopManager::Run()>: Finished event loop number 0 (1.5s CPU, 1.49157s elapsed).
Info in <[ROOT.RDF] Info /hpcscratch/user/ikabadzh/root/tree/dataframe/src/RLoopManager.cxx:762 in void ROOT::Detail::RDF::RLoopManager::Run()>: Finished event loop number 0 (1s CPU, 1.00016s elapsed).
Info in <[ROOT.RDF] Info /hpcscratch/user/ikabadzh/root/tree/dataframe/src/RLoopManager.cxx:738 in void ROOT::Detail::RDF::RLoopManager::Run()>: Starting event loop number 0.
Info in <[ROOT.RDF] Info /hpcscratch/user/ikabadzh/root/tree/dataframe/src/RLoopManager.cxx:762 in void ROOT::Detail::RDF::RLoopManager::Run()>: Finished event loop number 0 (1s CPU, 0.993312s elapsed).
Info in <[ROOT.RDF] Info /hpcscratch/user/ikabadzh/root/tree/dataframe/src/RLoopManager.cxx:713 in void ROOT::Detail::RDF::RLoopManager::Jit()>: Just-in-time compilation phase completed in 0.902826 seconds.
Info in <[ROOT.RDF] Info /hpcscratch/user/ikabadzh/root/tree/dataframe/src/RLoopManager.cxx:480 in void ROOT::Detail::RDF::RLoopManager::RunTreeReader()>: Processing trees {Events} in files {input_files/dimuon/f375.root}: entry range [0,61540412], using slot 0 in thread 140545024079616.
Info in <[ROOT.RDF] Info /hpcscratch/user/ikabadzh/root/tree/dataframe/src/RLoopManager.cxx:762 in void ROOT::Detail::RDF::RLoopManager::Run()>: Finished event loop number 0 (0.99s CPU, 0.993674s elapsed).
Info in <[ROOT.RDF] Info /hpcscratch/user/ikabadzh/root/tree/dataframe/src/RLoopManager.cxx:762 in void ROOT::Detail::RDF::RLoopManager::Run()>: Finished event loop number 0 (1.01s CPU, 1.00108s elapsed).
Info in <[ROOT.RDF] Info /hpcscratch/user/ikabadzh/root/tree/dataframe/src/RLoopManager.cxx:762 in void ROOT::Detail::RDF::RLoopManager::Run()>: Finished event loop number 0 (1.01s CPU, 1.00646s elapsed).
Info in <[ROOT.RDF] Info /hpcscratch/user/ikabadzh/root/tree/dataframe/src/RLoopManager.cxx:762 in void ROOT::Detail::RDF::RLoopManager::Run()>: Finished event loop number 0 (1.05s CPU, 1.04361s elapsed).
Info in <[ROOT.RDF] Info /hpcscratch/user/ikabadzh/root/tree/dataframe/src/RLoopManager.cxx:762 in void ROOT::Detail::RDF::RLoopManager::Run()>: Finished event loop number 0 (1.02s CPU, 1.01149s elapsed).
Info in <[ROOT.RDF] Info /hpcscratch/user/ikabadzh/root/tree/dataframe/src/RLoopManager.cxx:762 in void ROOT::Detail::RDF::RLoopManager::Run()>: Finished event loop number 0 (1.53s CPU, 1.53713s elapsed).
Info in <[ROOT.RDF] Info /hpcscratch/user/ikabadzh/root/tree/dataframe/src/RLoopManager.cxx:762 in void ROOT::Detail::RDF::RLoopManager::Run()>: Finished event loop number 0 (1.05s CPU, 1.02916s elapsed).
Info in <[ROOT.RDF] Info /hpcscratch/user/ikabadzh/root/tree/dataframe/src/RLoopManager.cxx:738 in void ROOT::Detail::RDF::RLoopManager::Run()>: Starting event loop number 0.
Info in <[ROOT.RDF] Info /hpcscratch/user/ikabadzh/root/tree/dataframe/src/RLoopManager.cxx:738 in void ROOT::Detail::RDF::RLoopManager::Run()>: Starting event loop number 0.
Info in <[ROOT.RDF] Info /hpcscratch/user/ikabadzh/root/tree/dataframe/src/RLoopManager.cxx:762 in void ROOT::Detail::RDF::RLoopManager::Run()>: Finished event loop number 0 (1.02s CPU, 1.01643s elapsed).
Info in <[ROOT.RDF] Info /hpcscratch/user/ikabadzh/root/tree/dataframe/src/RLoopManager.cxx:738 in void ROOT::Detail::RDF::RLoopManager::Run()>: Starting event loop number 0.
Info in <[ROOT.RDF] Info /hpcscratch/user/ikabadzh/root/tree/dataframe/src/RLoopManager.cxx:713 in void ROOT::Detail::RDF::RLoopManager::Jit()>: Just-in-time compilation phase completed in 0.901433 seconds.
Info in <[ROOT.RDF] Info /hpcscratch/user/ikabadzh/root/tree/dataframe/src/RLoopManager.cxx:480 in void ROOT::Detail::RDF::RLoopManager::RunTreeReader()>: Processing trees {Events} in files {input_files/dimuon/f360.root}: entry range [0,61540412], using slot 0 in thread 139856521107200.
Info in <[ROOT.RDF] Info /hpcscratch/user/ikabadzh/root/tree/dataframe/src/RLoopManager.cxx:738 in void ROOT::Detail::RDF::RLoopManager::Run()>: Starting event loop number 0.
Info in <[ROOT.RDF] Info /hpcscratch/user/ikabadzh/root/tree/dataframe/src/RLoopManager.cxx:762 in void ROOT::Detail::RDF::RLoopManager::Run()>: Finished event loop number 0 (1.48s CPU, 1.4677s elapsed).
Info in <[ROOT.RDF] Info /hpcscratch/user/ikabadzh/root/tree/dataframe/src/RLoopManager.cxx:762 in void ROOT::Detail::RDF::RLoopManager::Run()>: Finished event loop number 0 (1.52s CPU, 1.50482s elapsed).
Info in <[ROOT.RDF] Info /hpcscratch/user/ikabadzh/root/tree/dataframe/src/RLoopManager.cxx:762 in void ROOT::Detail::RDF::RLoopManager::Run()>: Finished event loop number 0 (1.57s CPU, 1.56447s elapsed).
Info in <[ROOT.RDF] Info /hpcscratch/user/ikabadzh/root/tree/dataframe/src/RLoopManager.cxx:713 in void ROOT::Detail::RDF::RLoopManager::Jit()>: Just-in-time compilation phase completed in 0.899595 seconds.
Info in <[ROOT.RDF] Info /hpcscratch/user/ikabadzh/root/tree/dataframe/src/RLoopManager.cxx:480 in void ROOT::Detail::RDF::RLoopManager::RunTreeReader()>: Processing trees {Events} in files {input_files/dimuon/f360.root}: entry range [0,61540412], using slot 0 in thread 140408324544256.
Info in <[ROOT.RDF] Info /hpcscratch/user/ikabadzh/root/tree/dataframe/src/RLoopManager.cxx:713 in void ROOT::Detail::RDF::RLoopManager::Jit()>: Just-in-time compilation phase completed in 0.891820 seconds.
Info in <[ROOT.RDF] Info /hpcscratch/user/ikabadzh/root/tree/dataframe/src/RLoopManager.cxx:480 in void ROOT::Detail::RDF::RLoopManager::RunTreeReader()>: Processing trees {Events} in files {input_files/dimuon/f361.root}: entry range [0,61540412], using slot 0 in thread 139837383038720.
distributed.worker - INFO - Comm closed
distributed.nanny - INFO - Worker closed
Info in <[ROOT.RDF] Info /hpcscratch/user/ikabadzh/root/tree/dataframe/src/RLoopManager.cxx:738 in void ROOT::Detail::RDF::RLoopManager::Run()>: Starting event loop number 0.
Info in <[ROOT.RDF] Info /hpcscratch/user/ikabadzh/root/tree/dataframe/src/RLoopManager.cxx:762 in void ROOT::Detail::RDF::RLoopManager::Run()>: Finished event loop number 0 (1.01s CPU, 0.992017s elapsed).
Info in <[ROOT.RDF] Info /hpcscratch/user/ikabadzh/root/tree/dataframe/src/RLoopManager.cxx:738 in void ROOT::Detail::RDF::RLoopManager::Run()>: Starting event loop number 0.
Info in <[ROOT.RDF] Info /hpcscratch/user/ikabadzh/root/tree/dataframe/src/RLoopManager.cxx:738 in void ROOT::Detail::RDF::RLoopManager::Run()>: Starting event loop number 0.
Info in <[ROOT.RDF] Info /hpcscratch/user/ikabadzh/root/tree/dataframe/src/RLoopManager.cxx:738 in void ROOT::Detail::RDF::RLoopManager::Run()>: Starting event loop number 0.
Info in <[ROOT.RDF] Info /hpcscratch/user/ikabadzh/root/tree/dataframe/src/RLoopManager.cxx:713 in void ROOT::Detail::RDF::RLoopManager::Jit()>: Just-in-time compilation phase completed in 0.909127 seconds.
Info in <[ROOT.RDF] Info /hpcscratch/user/ikabadzh/root/tree/dataframe/src/RLoopManager.cxx:480 in void ROOT::Detail::RDF::RLoopManager::RunTreeReader()>: Processing trees {Events} in files {input_files/dimuon/f375.root}: entry range [0,61540412], using slot 0 in thread 140098319722240.
distributed.nanny - INFO - Closing Nanny at 'tcp://10.32.2.25:39355'
Info in <[ROOT.RDF] Info /hpcscratch/user/ikabadzh/root/tree/dataframe/src/RLoopManager.cxx:713 in void ROOT::Detail::RDF::RLoopManager::Jit()>: Just-in-time compilation phase completed in 0.919860 seconds.
Info in <[ROOT.RDF] Info /hpcscratch/user/ikabadzh/root/tree/dataframe/src/RLoopManager.cxx:480 in void ROOT::Detail::RDF::RLoopManager::RunTreeReader()>: Processing trees {Events} in files {input_files/dimuon/f375.root}: entry range [0,61540412], using slot 0 in thread 140629959223040.
Info in <[ROOT.RDF] Info /hpcscratch/user/ikabadzh/root/tree/dataframe/src/RLoopManager.cxx:713 in void ROOT::Detail::RDF::RLoopManager::Jit()>: Just-in-time compilation phase completed in 0.894824 seconds.
Info in <[ROOT.RDF] Info /hpcscratch/user/ikabadzh/root/tree/dataframe/src/RLoopManager.cxx:480 in void ROOT::Detail::RDF::RLoopManager::RunTreeReader()>: Processing trees {Events} in files {input_files/dimuon/f361.root}: entry range [0,61540412], using slot 0 in thread 139761313650432.
distributed.worker - INFO - Comm closed
distributed.nanny - INFO - Worker closed
Info in <[ROOT.RDF] Info /hpcscratch/user/ikabadzh/root/tree/dataframe/src/RLoopManager.cxx:738 in void ROOT::Detail::RDF::RLoopManager::Run()>: Starting event loop number 0.
distributed.worker - INFO - Stopping worker at tcp://10.32.2.25:40699
distributed.worker - INFO - Comm closed
distributed.nanny - INFO - Worker closed
Info in <[ROOT.RDF] Info /hpcscratch/user/ikabadzh/root/tree/dataframe/src/RLoopManager.cxx:738 in void ROOT::Detail::RDF::RLoopManager::Run()>: Starting event loop number 0.
Info in <[ROOT.RDF] Info /hpcscratch/user/ikabadzh/root/tree/dataframe/src/RLoopManager.cxx:713 in void ROOT::Detail::RDF::RLoopManager::Jit()>: Just-in-time compilation phase completed in 0.918710 seconds.
Info in <[ROOT.RDF] Info /hpcscratch/user/ikabadzh/root/tree/dataframe/src/RLoopManager.cxx:480 in void ROOT::Detail::RDF::RLoopManager::RunTreeReader()>: Processing trees {Events} in files {input_files/dimuon/f361.root}: entry range [0,61540412], using slot 0 in thread 140571747124992.
distributed.nanny - INFO - Closing Nanny at 'tcp://10.32.2.25:44661'
Info in <[ROOT.RDF] Info /hpcscratch/user/ikabadzh/root/tree/dataframe/src/RLoopManager.cxx:738 in void ROOT::Detail::RDF::RLoopManager::Run()>: Starting event loop number 0.
Info in <[ROOT.RDF] Info /hpcscratch/user/ikabadzh/root/tree/dataframe/src/RLoopManager.cxx:738 in void ROOT::Detail::RDF::RLoopManager::Run()>: Starting event loop number 0.
Info in <[ROOT.RDF] Info /hpcscratch/user/ikabadzh/root/tree/dataframe/src/RLoopManager.cxx:738 in void ROOT::Detail::RDF::RLoopManager::Run()>: Starting event loop number 0.
distributed.nanny - INFO - Closing Nanny at 'tcp://10.32.2.25:45585'
Info in <[ROOT.RDF] Info /hpcscratch/user/ikabadzh/root/tree/dataframe/src/RLoopManager.cxx:738 in void ROOT::Detail::RDF::RLoopManager::Run()>: Starting event loop number 0.
Info in <[ROOT.RDF] Info /hpcscratch/user/ikabadzh/root/tree/dataframe/src/RLoopManager.cxx:738 in void ROOT::Detail::RDF::RLoopManager::Run()>: Starting event loop number 0.
Info in <[ROOT.RDF] Info /hpcscratch/user/ikabadzh/root/tree/dataframe/src/RLoopManager.cxx:738 in void ROOT::Detail::RDF::RLoopManager::Run()>: Starting event loop number 0.
Info in <[ROOT.RDF] Info /hpcscratch/user/ikabadzh/root/tree/dataframe/src/RLoopManager.cxx:738 in void ROOT::Detail::RDF::RLoopManager::Run()>: Starting event loop number 0.
Info in <[ROOT.RDF] Info /hpcscratch/user/ikabadzh/root/tree/dataframe/src/RLoopManager.cxx:738 in void ROOT::Detail::RDF::RLoopManager::Run()>: Starting event loop number 0.
Info in <[ROOT.RDF] Info /hpcscratch/user/ikabadzh/root/tree/dataframe/src/RLoopManager.cxx:762 in void ROOT::Detail::RDF::RLoopManager::Run()>: Finished event loop number 0 (1.04s CPU, 1.03146s elapsed).
Info in <[ROOT.RDF] Info /hpcscratch/user/ikabadzh/root/tree/dataframe/src/RLoopManager.cxx:738 in void ROOT::Detail::RDF::RLoopManager::Run()>: Starting event loop number 0.
Info in <[ROOT.RDF] Info /hpcscratch/user/ikabadzh/root/tree/dataframe/src/RLoopManager.cxx:738 in void ROOT::Detail::RDF::RLoopManager::Run()>: Starting event loop number 0.
Info in <[ROOT.RDF] Info /hpcscratch/user/ikabadzh/root/tree/dataframe/src/RLoopManager.cxx:762 in void ROOT::Detail::RDF::RLoopManager::Run()>: Finished event loop number 0 (1.04s CPU, 1.03246s elapsed).
Info in <[ROOT.RDF] Info /hpcscratch/user/ikabadzh/root/tree/dataframe/src/RLoopManager.cxx:713 in void ROOT::Detail::RDF::RLoopManager::Jit()>: Just-in-time compilation phase completed in 0.896096 seconds.
Info in <[ROOT.RDF] Info /hpcscratch/user/ikabadzh/root/tree/dataframe/src/RLoopManager.cxx:480 in void ROOT::Detail::RDF::RLoopManager::RunTreeReader()>: Processing trees {Events} in files {input_files/dimuon/f361.root}: entry range [0,61540412], using slot 0 in thread 140221508261632.
Info in <[ROOT.RDF] Info /hpcscratch/user/ikabadzh/root/tree/dataframe/src/RLoopManager.cxx:713 in void ROOT::Detail::RDF::RLoopManager::Jit()>: Just-in-time compilation phase completed in 0.898897 seconds.
Info in <[ROOT.RDF] Info /hpcscratch/user/ikabadzh/root/tree/dataframe/src/RLoopManager.cxx:480 in void ROOT::Detail::RDF::RLoopManager::RunTreeReader()>: Processing trees {Events} in files {input_files/dimuon/f361.root}: entry range [0,61540412], using slot 0 in thread 140013296473856.
Info in <[ROOT.RDF] Info /hpcscratch/user/ikabadzh/root/tree/dataframe/src/RLoopManager.cxx:762 in void ROOT::Detail::RDF::RLoopManager::Run()>: Finished event loop number 0 (1.54s CPU, 1.51827s elapsed).
Info in <[ROOT.RDF] Info /hpcscratch/user/ikabadzh/root/tree/dataframe/src/RLoopManager.cxx:713 in void ROOT::Detail::RDF::RLoopManager::Jit()>: Just-in-time compilation phase completed in 0.894740 seconds.
Info in <[ROOT.RDF] Info /hpcscratch/user/ikabadzh/root/tree/dataframe/src/RLoopManager.cxx:480 in void ROOT::Detail::RDF::RLoopManager::RunTreeReader()>: Processing trees {Events} in files {input_files/dimuon/f375.root}: entry range [0,61540412], using slot 0 in thread 140302871373568.
Info in <[ROOT.RDF] Info /hpcscratch/user/ikabadzh/root/tree/dataframe/src/RLoopManager.cxx:713 in void ROOT::Detail::RDF::RLoopManager::Jit()>: Just-in-time compilation phase completed in 0.899600 seconds.
Info in <[ROOT.RDF] Info /hpcscratch/user/ikabadzh/root/tree/dataframe/src/RLoopManager.cxx:480 in void ROOT::Detail::RDF::RLoopManager::RunTreeReader()>: Processing trees {Events} in files {input_files/dimuon/f375.root}: entry range [0,61540412], using slot 0 in thread 139772397479680.
Info in <[ROOT.RDF] Info /hpcscratch/user/ikabadzh/root/tree/dataframe/src/RLoopManager.cxx:738 in void ROOT::Detail::RDF::RLoopManager::Run()>: Starting event loop number 0.
Info in <[ROOT.RDF] Info /hpcscratch/user/ikabadzh/root/tree/dataframe/src/RLoopManager.cxx:762 in void ROOT::Detail::RDF::RLoopManager::Run()>: Finished event loop number 0 (1.04s CPU, 1.03535s elapsed).
Info in <[ROOT.RDF] Info /hpcscratch/user/ikabadzh/root/tree/dataframe/src/RLoopManager.cxx:713 in void ROOT::Detail::RDF::RLoopManager::Jit()>: Just-in-time compilation phase completed in 0.909903 seconds.
Info in <[ROOT.RDF] Info /hpcscratch/user/ikabadzh/root/tree/dataframe/src/RLoopManager.cxx:480 in void ROOT::Detail::RDF::RLoopManager::RunTreeReader()>: Processing trees {Events} in files {input_files/dimuon/f361.root}: entry range [0,61540412], using slot 0 in thread 140185324717824.
Info in <[ROOT.RDF] Info /hpcscratch/user/ikabadzh/root/tree/dataframe/src/RLoopManager.cxx:762 in void ROOT::Detail::RDF::RLoopManager::Run()>: Finished event loop number 0 (1.11s CPU, 1.10307s elapsed).
Info in <[ROOT.RDF] Info /hpcscratch/user/ikabadzh/root/tree/dataframe/src/RLoopManager.cxx:713 in void ROOT::Detail::RDF::RLoopManager::Jit()>: Just-in-time compilation phase completed in 0.909363 seconds.
Info in <[ROOT.RDF] Info /hpcscratch/user/ikabadzh/root/tree/dataframe/src/RLoopManager.cxx:480 in void ROOT::Detail::RDF::RLoopManager::RunTreeReader()>: Processing trees {Events} in files {input_files/dimuon/f375.root}: entry range [0,61540412], using slot 0 in thread 139730446100224.
Info in <[ROOT.RDF] Info /hpcscratch/user/ikabadzh/root/tree/dataframe/src/RLoopManager.cxx:738 in void ROOT::Detail::RDF::RLoopManager::Run()>: Starting event loop number 0.
Info in <[ROOT.RDF] Info /hpcscratch/user/ikabadzh/root/tree/dataframe/src/RLoopManager.cxx:713 in void ROOT::Detail::RDF::RLoopManager::Jit()>: Just-in-time compilation phase completed in 0.891224 seconds.
Info in <[ROOT.RDF] Info /hpcscratch/user/ikabadzh/root/tree/dataframe/src/RLoopManager.cxx:480 in void ROOT::Detail::RDF::RLoopManager::RunTreeReader()>: Processing trees {Events} in files {input_files/dimuon/f375.root}: entry range [0,61540412], using slot 0 in thread 139861483681536.
Info in <[ROOT.RDF] Info /hpcscratch/user/ikabadzh/root/tree/dataframe/src/RLoopManager.cxx:713 in void ROOT::Detail::RDF::RLoopManager::Jit()>: Just-in-time compilation phase completed in 0.898974 seconds.
Info in <[ROOT.RDF] Info /hpcscratch/user/ikabadzh/root/tree/dataframe/src/RLoopManager.cxx:480 in void ROOT::Detail::RDF::RLoopManager::RunTreeReader()>: Processing trees {Events} in files {input_files/dimuon/f361.root}: entry range [0,61540412], using slot 0 in thread 140338971494144.
Info in <[ROOT.RDF] Info /hpcscratch/user/ikabadzh/root/tree/dataframe/src/RLoopManager.cxx:762 in void ROOT::Detail::RDF::RLoopManager::Run()>: Finished event loop number 0 (1.05s CPU, 1.04292s elapsed).
Info in <[ROOT.RDF] Info /hpcscratch/user/ikabadzh/root/tree/dataframe/src/RLoopManager.cxx:738 in void ROOT::Detail::RDF::RLoopManager::Run()>: Starting event loop number 0.
Info in <[ROOT.RDF] Info /hpcscratch/user/ikabadzh/root/tree/dataframe/src/RLoopManager.cxx:713 in void ROOT::Detail::RDF::RLoopManager::Jit()>: Just-in-time compilation phase completed in 0.896685 seconds.
Info in <[ROOT.RDF] Info /hpcscratch/user/ikabadzh/root/tree/dataframe/src/RLoopManager.cxx:480 in void ROOT::Detail::RDF::RLoopManager::RunTreeReader()>: Processing trees {Events} in files {input_files/dimuon/f375.root}: entry range [0,61540412], using slot 0 in thread 139663284492032.
Info in <[ROOT.RDF] Info /hpcscratch/user/ikabadzh/root/tree/dataframe/src/RLoopManager.cxx:713 in void ROOT::Detail::RDF::RLoopManager::Jit()>: Just-in-time compilation phase completed in 0.904457 seconds.
Info in <[ROOT.RDF] Info /hpcscratch/user/ikabadzh/root/tree/dataframe/src/RLoopManager.cxx:480 in void ROOT::Detail::RDF::RLoopManager::RunTreeReader()>: Processing trees {Events} in files {input_files/dimuon/f361.root}: entry range [0,61540412], using slot 0 in thread 140046964737792.
Info in <[ROOT.RDF] Info /hpcscratch/user/ikabadzh/root/tree/dataframe/src/RLoopManager.cxx:713 in void ROOT::Detail::RDF::RLoopManager::Jit()>: Just-in-time compilation phase completed in 0.914160 seconds.
Info in <[ROOT.RDF] Info /hpcscratch/user/ikabadzh/root/tree/dataframe/src/RLoopManager.cxx:480 in void ROOT::Detail::RDF::RLoopManager::RunTreeReader()>: Processing trees {Events} in files {input_files/dimuon/f361.root}: entry range [0,61540412], using slot 0 in thread 140089172289280.
Info in <[ROOT.RDF] Info /hpcscratch/user/ikabadzh/root/tree/dataframe/src/RLoopManager.cxx:713 in void ROOT::Detail::RDF::RLoopManager::Jit()>: Just-in-time compilation phase completed in 0.901593 seconds.
Info in <[ROOT.RDF] Info /hpcscratch/user/ikabadzh/root/tree/dataframe/src/RLoopManager.cxx:480 in void ROOT::Detail::RDF::RLoopManager::RunTreeReader()>: Processing trees {Events} in files {input_files/dimuon/f375.root}: entry range [0,61540412], using slot 0 in thread 140435550349056.
Info in <[ROOT.RDF] Info /hpcscratch/user/ikabadzh/root/tree/dataframe/src/RLoopManager.cxx:713 in void ROOT::Detail::RDF::RLoopManager::Jit()>: Just-in-time compilation phase completed in 0.907215 seconds.
Info in <[ROOT.RDF] Info /hpcscratch/user/ikabadzh/root/tree/dataframe/src/RLoopManager.cxx:480 in void ROOT::Detail::RDF::RLoopManager::RunTreeReader()>: Processing trees {Events} in files {input_files/dimuon/f375.root}: entry range [0,61540412], using slot 0 in thread 140531591993088.
Info in <[ROOT.RDF] Info /hpcscratch/user/ikabadzh/root/tree/dataframe/src/RLoopManager.cxx:713 in void ROOT::Detail::RDF::RLoopManager::Jit()>: Just-in-time compilation phase completed in 0.945671 seconds.
Info in <[ROOT.RDF] Info /hpcscratch/user/ikabadzh/root/tree/dataframe/src/RLoopManager.cxx:480 in void ROOT::Detail::RDF::RLoopManager::RunTreeReader()>: Processing trees {Events,Events} in files {input_files/dimuon/f303.root,input_files/dimuon/f304.root}: entry range [0,123080825], using slot 0 in thread 140545024079616.
Info in <[ROOT.RDF] Info /hpcscratch/user/ikabadzh/root/tree/dataframe/src/RLoopManager.cxx:713 in void ROOT::Detail::RDF::RLoopManager::Jit()>: Just-in-time compilation phase completed in 0.898213 seconds.
Info in <[ROOT.RDF] Info /hpcscratch/user/ikabadzh/root/tree/dataframe/src/RLoopManager.cxx:480 in void ROOT::Detail::RDF::RLoopManager::RunTreeReader()>: Processing trees {Events} in files {input_files/dimuon/f361.root}: entry range [0,61540412], using slot 0 in thread 139864258582272.
Info in <[ROOT.RDF] Info /hpcscratch/user/ikabadzh/root/tree/dataframe/src/RLoopManager.cxx:713 in void ROOT::Detail::RDF::RLoopManager::Jit()>: Just-in-time compilation phase completed in 0.905593 seconds.
Info in <[ROOT.RDF] Info /hpcscratch/user/ikabadzh/root/tree/dataframe/src/RLoopManager.cxx:480 in void ROOT::Detail::RDF::RLoopManager::RunTreeReader()>: Processing trees {Events} in files {input_files/dimuon/f360.root}: entry range [0,61540412], using slot 0 in thread 140604162529024.
Info in <[ROOT.RDF] Info /hpcscratch/user/ikabadzh/root/tree/dataframe/src/RLoopManager.cxx:762 in void ROOT::Detail::RDF::RLoopManager::Run()>: Finished event loop number 0 (1.56s CPU, 1.55374s elapsed).
Info in <[ROOT.RDF] Info /hpcscratch/user/ikabadzh/root/tree/dataframe/src/RLoopManager.cxx:713 in void ROOT::Detail::RDF::RLoopManager::Jit()>: Just-in-time compilation phase completed in 0.915561 seconds.
Info in <[ROOT.RDF] Info /hpcscratch/user/ikabadzh/root/tree/dataframe/src/RLoopManager.cxx:480 in void ROOT::Detail::RDF::RLoopManager::RunTreeReader()>: Processing trees {Events,Events} in files {input_files/dimuon/f251.root,input_files/dimuon/f252.root}: entry range [0,123080825], using slot 0 in thread 140408324544256.
Info in <[ROOT.RDF] Info /hpcscratch/user/ikabadzh/root/tree/dataframe/src/RLoopManager.cxx:762 in void ROOT::Detail::RDF::RLoopManager::Run()>: Finished event loop number 0 (1.04s CPU, 1.03326s elapsed).
Info in <[ROOT.RDF] Info /hpcscratch/user/ikabadzh/root/tree/dataframe/src/RLoopManager.cxx:762 in void ROOT::Detail::RDF::RLoopManager::Run()>: Finished event loop number 0 (1.03s CPU, 1.0202s elapsed).
Info in <[ROOT.RDF] Info /hpcscratch/user/ikabadzh/root/tree/dataframe/src/RLoopManager.cxx:762 in void ROOT::Detail::RDF::RLoopManager::Run()>: Finished event loop number 0 (0.99s CPU, 0.987016s elapsed).
Info in <[ROOT.RDF] Info /hpcscratch/user/ikabadzh/root/tree/dataframe/src/RLoopManager.cxx:738 in void ROOT::Detail::RDF::RLoopManager::Run()>: Starting event loop number 0.
Info in <[ROOT.RDF] Info /hpcscratch/user/ikabadzh/root/tree/dataframe/src/RLoopManager.cxx:762 in void ROOT::Detail::RDF::RLoopManager::Run()>: Finished event loop number 0 (1.03s CPU, 1.04409s elapsed).
Info in <[ROOT.RDF] Info /hpcscratch/user/ikabadzh/root/tree/dataframe/src/RLoopManager.cxx:738 in void ROOT::Detail::RDF::RLoopManager::Run()>: Starting event loop number 0.
Info in <[ROOT.RDF] Info /hpcscratch/user/ikabadzh/root/tree/dataframe/src/RLoopManager.cxx:738 in void ROOT::Detail::RDF::RLoopManager::Run()>: Starting event loop number 0.
Info in <[ROOT.RDF] Info /hpcscratch/user/ikabadzh/root/tree/dataframe/src/RLoopManager.cxx:762 in void ROOT::Detail::RDF::RLoopManager::Run()>: Finished event loop number 0 (1s CPU, 0.99439s elapsed).
Info in <[ROOT.RDF] Info /hpcscratch/user/ikabadzh/root/tree/dataframe/src/RLoopManager.cxx:713 in void ROOT::Detail::RDF::RLoopManager::Jit()>: Just-in-time compilation phase completed in 0.910274 seconds.
Info in <[ROOT.RDF] Info /hpcscratch/user/ikabadzh/root/tree/dataframe/src/RLoopManager.cxx:480 in void ROOT::Detail::RDF::RLoopManager::RunTreeReader()>: Processing trees {Events} in files {input_files/dimuon/f252.root}: entry range [0,61540412], using slot 0 in thread 139837383038720.
distributed.worker - INFO -         Registered to: tcp://188.185.68.194:34877
distributed.worker - INFO - -------------------------------------------------
distributed.core - INFO - Starting established connection
Info in <[ROOT.RDF] Info /hpcscratch/user/ikabadzh/root/tree/dataframe/src/RLoopManager.cxx:713 in void ROOT::Detail::RDF::RLoopManager::Jit()>: Just-in-time compilation phase completed in 0.920957 seconds.
Info in <[ROOT.RDF] Info /hpcscratch/user/ikabadzh/root/tree/dataframe/src/RLoopManager.cxx:480 in void ROOT::Detail::RDF::RLoopManager::RunTreeReader()>: Processing trees {Events} in files {input_files/dimuon/f253.root}: entry range [0,61540412], using slot 0 in thread 139856521107200.
Info in <[ROOT.RDF] Info /hpcscratch/user/ikabadzh/root/tree/dataframe/src/RLoopManager.cxx:738 in void ROOT::Detail::RDF::RLoopManager::Run()>: Starting event loop number 0.
Info in <[ROOT.RDF] Info /hpcscratch/user/ikabadzh/root/tree/dataframe/src/RLoopManager.cxx:738 in void ROOT::Detail::RDF::RLoopManager::Run()>: Starting event loop number 0.
Info in <[ROOT.RDF] Info /hpcscratch/user/ikabadzh/root/tree/dataframe/src/RLoopManager.cxx:738 in void ROOT::Detail::RDF::RLoopManager::Run()>: Starting event loop number 0.
Info in <[ROOT.RDF] Info /hpcscratch/user/ikabadzh/root/tree/dataframe/src/RLoopManager.cxx:762 in void ROOT::Detail::RDF::RLoopManager::Run()>: Finished event loop number 0 (1s CPU, 0.988146s elapsed).
Info in <[ROOT.RDF] Info /hpcscratch/user/ikabadzh/root/tree/dataframe/src/RLoopManager.cxx:738 in void ROOT::Detail::RDF::RLoopManager::Run()>: Starting event loop number 0.
Info in <[ROOT.RDF] Info /hpcscratch/user/ikabadzh/root/tree/dataframe/src/RLoopManager.cxx:738 in void ROOT::Detail::RDF::RLoopManager::Run()>: Starting event loop number 0.
Info in <[ROOT.RDF] Info /hpcscratch/user/ikabadzh/root/tree/dataframe/src/RLoopManager.cxx:762 in void ROOT::Detail::RDF::RLoopManager::Run()>: Finished event loop number 0 (1.03s CPU, 1.01765s elapsed).
Info in <[ROOT.RDF] Info /hpcscratch/user/ikabadzh/root/tree/dataframe/src/RLoopManager.cxx:762 in void ROOT::Detail::RDF::RLoopManager::Run()>: Finished event loop number 0 (1.04s CPU, 1.02979s elapsed).
Info in <[ROOT.RDF] Info /hpcscratch/user/ikabadzh/root/tree/dataframe/src/RLoopManager.cxx:762 in void ROOT::Detail::RDF::RLoopManager::Run()>: Finished event loop number 0 (1.03s CPU, 1.01314s elapsed).
Info in <[ROOT.RDF] Info /hpcscratch/user/ikabadzh/root/tree/dataframe/src/RLoopManager.cxx:762 in void ROOT::Detail::RDF::RLoopManager::Run()>: Finished event loop number 0 (1.5s CPU, 1.48599s elapsed).
Info in <[ROOT.RDF] Info /hpcscratch/user/ikabadzh/root/tree/dataframe/src/RLoopManager.cxx:738 in void ROOT::Detail::RDF::RLoopManager::Run()>: Starting event loop number 0.
Info in <[ROOT.RDF] Info /hpcscratch/user/ikabadzh/root/tree/dataframe/src/RLoopManager.cxx:762 in void ROOT::Detail::RDF::RLoopManager::Run()>: Finished event loop number 0 (1s CPU, 0.984058s elapsed).
Info in <[ROOT.RDF] Info /hpcscratch/user/ikabadzh/root/tree/dataframe/src/RLoopManager.cxx:762 in void ROOT::Detail::RDF::RLoopManager::Run()>: Finished event loop number 0 (1.02s CPU, 1.01153s elapsed).
Info in <[ROOT.RDF] Info /hpcscratch/user/ikabadzh/root/tree/dataframe/src/RLoopManager.cxx:738 in void ROOT::Detail::RDF::RLoopManager::Run()>: Starting event loop number 0.
Info in <[ROOT.RDF] Info /hpcscratch/user/ikabadzh/root/tree/dataframe/src/RLoopManager.cxx:762 in void ROOT::Detail::RDF::RLoopManager::Run()>: Finished event loop number 0 (1.55s CPU, 1.52819s elapsed).
Info in <[ROOT.RDF] Info /hpcscratch/user/ikabadzh/root/tree/dataframe/src/RLoopManager.cxx:762 in void ROOT::Detail::RDF::RLoopManager::Run()>: Finished event loop number 0 (1.58s CPU, 1.5596s elapsed).
Info in <[ROOT.RDF] Info /hpcscratch/user/ikabadzh/root/tree/dataframe/src/RLoopManager.cxx:713 in void ROOT::Detail::RDF::RLoopManager::Jit()>: Just-in-time compilation phase completed in 0.949176 seconds.
Info in <[ROOT.RDF] Info /hpcscratch/user/ikabadzh/root/tree/dataframe/src/RLoopManager.cxx:480 in void ROOT::Detail::RDF::RLoopManager::RunTreeReader()>: Processing trees {Events} in files {input_files/dimuon/f255.root}: entry range [0,61540412], using slot 0 in thread 140098319722240.
Info in <[ROOT.RDF] Info /hpcscratch/user/ikabadzh/root/tree/dataframe/src/RLoopManager.cxx:713 in void ROOT::Detail::RDF::RLoopManager::Jit()>: Just-in-time compilation phase completed in 0.927939 seconds.
Info in <[ROOT.RDF] Info /hpcscratch/user/ikabadzh/root/tree/dataframe/src/RLoopManager.cxx:480 in void ROOT::Detail::RDF::RLoopManager::RunTreeReader()>: Processing trees {Events} in files {input_files/dimuon/f258.root}: entry range [0,61540412], using slot 0 in thread 140629959223040.
Info in <[ROOT.RDF] Info /hpcscratch/user/ikabadzh/root/tree/dataframe/src/RLoopManager.cxx:762 in void ROOT::Detail::RDF::RLoopManager::Run()>: Finished event loop number 0 (1.5s CPU, 1.48602s elapsed).
Info in <[ROOT.RDF] Info /hpcscratch/user/ikabadzh/root/tree/dataframe/src/RLoopManager.cxx:713 in void ROOT::Detail::RDF::RLoopManager::Jit()>: Just-in-time compilation phase completed in 0.904580 seconds.
Info in <[ROOT.RDF] Info /hpcscratch/user/ikabadzh/root/tree/dataframe/src/RLoopManager.cxx:480 in void ROOT::Detail::RDF::RLoopManager::RunTreeReader()>: Processing trees {Events} in files {input_files/dimuon/f264.root}: entry range [0,61540412], using slot 0 in thread 140571747124992.
Info in <[ROOT.RDF] Info /hpcscratch/user/ikabadzh/root/tree/dataframe/src/RLoopManager.cxx:738 in void ROOT::Detail::RDF::RLoopManager::Run()>: Starting event loop number 0.
Info in <[ROOT.RDF] Info /hpcscratch/user/ikabadzh/root/tree/dataframe/src/RLoopManager.cxx:762 in void ROOT::Detail::RDF::RLoopManager::Run()>: Finished event loop number 0 (1.52s CPU, 1.49465s elapsed).
Info in <[ROOT.RDF] Info /hpcscratch/user/ikabadzh/root/tree/dataframe/src/RLoopManager.cxx:713 in void ROOT::Detail::RDF::RLoopManager::Jit()>: Just-in-time compilation phase completed in 0.902640 seconds.
Info in <[ROOT.RDF] Info /hpcscratch/user/ikabadzh/root/tree/dataframe/src/RLoopManager.cxx:480 in void ROOT::Detail::RDF::RLoopManager::RunTreeReader()>: Processing trees {Events} in files {input_files/dimuon/f259.root}: entry range [0,61540412], using slot 0 in thread 140013296473856.
Info in <[ROOT.RDF] Info /hpcscratch/user/ikabadzh/root/tree/dataframe/src/RLoopManager.cxx:713 in void ROOT::Detail::RDF::RLoopManager::Jit()>: Just-in-time compilation phase completed in 0.908797 seconds.
Info in <[ROOT.RDF] Info /hpcscratch/user/ikabadzh/root/tree/dataframe/src/RLoopManager.cxx:480 in void ROOT::Detail::RDF::RLoopManager::RunTreeReader()>: Processing trees {Events} in files {input_files/dimuon/f302.root}: entry range [0,61540412], using slot 0 in thread 140302871373568.
Info in <[ROOT.RDF] Info /hpcscratch/user/ikabadzh/root/tree/dataframe/src/RLoopManager.cxx:713 in void ROOT::Detail::RDF::RLoopManager::Jit()>: Just-in-time compilation phase completed in 0.899166 seconds.
Info in <[ROOT.RDF] Info /hpcscratch/user/ikabadzh/root/tree/dataframe/src/RLoopManager.cxx:480 in void ROOT::Detail::RDF::RLoopManager::RunTreeReader()>: Processing trees {Events} in files {input_files/dimuon/f257.root}: entry range [0,61540412], using slot 0 in thread 139772397479680.
Info in <[ROOT.RDF] Info /hpcscratch/user/ikabadzh/root/tree/dataframe/src/RLoopManager.cxx:738 in void ROOT::Detail::RDF::RLoopManager::Run()>: Starting event loop number 0.
Info in <[ROOT.RDF] Info /hpcscratch/user/ikabadzh/root/tree/dataframe/src/RLoopManager.cxx:738 in void ROOT::Detail::RDF::RLoopManager::Run()>: Starting event loop number 0.
Info in <[ROOT.RDF] Info /hpcscratch/user/ikabadzh/root/tree/dataframe/src/RLoopManager.cxx:738 in void ROOT::Detail::RDF::RLoopManager::Run()>: Starting event loop number 0.
Info in <[ROOT.RDF] Info /hpcscratch/user/ikabadzh/root/tree/dataframe/src/RLoopManager.cxx:738 in void ROOT::Detail::RDF::RLoopManager::Run()>: Starting event loop number 0.
Info in <[ROOT.RDF] Info /hpcscratch/user/ikabadzh/root/tree/dataframe/src/RLoopManager.cxx:762 in void ROOT::Detail::RDF::RLoopManager::Run()>: Finished event loop number 0 (1.49s CPU, 1.48926s elapsed).
Info in <[ROOT.RDF] Info /hpcscratch/user/ikabadzh/root/tree/dataframe/src/RLoopManager.cxx:713 in void ROOT::Detail::RDF::RLoopManager::Jit()>: Just-in-time compilation phase completed in 0.918870 seconds.
Info in <[ROOT.RDF] Info /hpcscratch/user/ikabadzh/root/tree/dataframe/src/RLoopManager.cxx:480 in void ROOT::Detail::RDF::RLoopManager::RunTreeReader()>: Processing trees {Events} in files {input_files/dimuon/f260.root}: entry range [0,61540412], using slot 0 in thread 139761313650432.
Info in <[ROOT.RDF] Info /hpcscratch/user/ikabadzh/root/tree/dataframe/src/RLoopManager.cxx:713 in void ROOT::Detail::RDF::RLoopManager::Jit()>: Just-in-time compilation phase completed in 0.916268 seconds.
Info in <[ROOT.RDF] Info /hpcscratch/user/ikabadzh/root/tree/dataframe/src/RLoopManager.cxx:480 in void ROOT::Detail::RDF::RLoopManager::RunTreeReader()>: Processing trees {Events} in files {input_files/dimuon/f251.root}: entry range [0,61540412], using slot 0 in thread 140221508261632.
Info in <[ROOT.RDF] Info /hpcscratch/user/ikabadzh/root/tree/dataframe/src/RLoopManager.cxx:713 in void ROOT::Detail::RDF::RLoopManager::Jit()>: Just-in-time compilation phase completed in 0.900783 seconds.
Info in <[ROOT.RDF] Info /hpcscratch/user/ikabadzh/root/tree/dataframe/src/RLoopManager.cxx:480 in void ROOT::Detail::RDF::RLoopManager::RunTreeReader()>: Processing trees {Events} in files {input_files/dimuon/f256.root}: entry range [0,61540412], using slot 0 in thread 139730446100224.
Info in <[ROOT.RDF] Info /hpcscratch/user/ikabadzh/root/tree/dataframe/src/RLoopManager.cxx:738 in void ROOT::Detail::RDF::RLoopManager::Run()>: Starting event loop number 0.
Info in <[ROOT.RDF] Info /hpcscratch/user/ikabadzh/root/tree/dataframe/src/RLoopManager.cxx:738 in void ROOT::Detail::RDF::RLoopManager::Run()>: Starting event loop number 0.
Info in <[ROOT.RDF] Info /hpcscratch/user/ikabadzh/root/tree/dataframe/src/RLoopManager.cxx:738 in void ROOT::Detail::RDF::RLoopManager::Run()>: Starting event loop number 0.
Info in <[ROOT.RDF] Info /hpcscratch/user/ikabadzh/root/tree/dataframe/src/RLoopManager.cxx:713 in void ROOT::Detail::RDF::RLoopManager::Jit()>: Just-in-time compilation phase completed in 0.898250 seconds.
Info in <[ROOT.RDF] Info /hpcscratch/user/ikabadzh/root/tree/dataframe/src/RLoopManager.cxx:480 in void ROOT::Detail::RDF::RLoopManager::RunTreeReader()>: Processing trees {Events} in files {input_files/dimuon/f345.root}: entry range [0,61540412], using slot 0 in thread 139663284492032.
Info in <[ROOT.RDF] Info /hpcscratch/user/ikabadzh/root/tree/dataframe/src/RLoopManager.cxx:738 in void ROOT::Detail::RDF::RLoopManager::Run()>: Starting event loop number 0.
Info in <[ROOT.RDF] Info /hpcscratch/user/ikabadzh/root/tree/dataframe/src/RLoopManager.cxx:738 in void ROOT::Detail::RDF::RLoopManager::Run()>: Starting event loop number 0.
Info in <[ROOT.RDF] Info /hpcscratch/user/ikabadzh/root/tree/dataframe/src/RLoopManager.cxx:762 in void ROOT::Detail::RDF::RLoopManager::Run()>: Finished event loop number 0 (1.62s CPU, 1.53935s elapsed).
Info in <[ROOT.RDF] Info /hpcscratch/user/ikabadzh/root/tree/dataframe/src/RLoopManager.cxx:762 in void ROOT::Detail::RDF::RLoopManager::Run()>: Finished event loop number 0 (1.52s CPU, 1.47749s elapsed).
Info in <[ROOT.RDF] Info /hpcscratch/user/ikabadzh/root/tree/dataframe/src/RLoopManager.cxx:738 in void ROOT::Detail::RDF::RLoopManager::Run()>: Starting event loop number 0.
distributed.worker - INFO - Stopping worker at tcp://10.32.2.25:41933
Info in <[ROOT.RDF] Info /hpcscratch/user/ikabadzh/root/tree/dataframe/src/RLoopManager.cxx:762 in void ROOT::Detail::RDF::RLoopManager::Run()>: Finished event loop number 0 (1.04s CPU, 1.01921s elapsed).
distributed.worker - INFO - Stopping worker at tcp://10.32.2.25:37353
Info in <[ROOT.RDF] Info /hpcscratch/user/ikabadzh/root/tree/dataframe/src/RLoopManager.cxx:713 in void ROOT::Detail::RDF::RLoopManager::Jit()>: Just-in-time compilation phase completed in 0.911959 seconds.
Info in <[ROOT.RDF] Info /hpcscratch/user/ikabadzh/root/tree/dataframe/src/RLoopManager.cxx:480 in void ROOT::Detail::RDF::RLoopManager::RunTreeReader()>: Processing trees {Events} in files {input_files/dimuon/f351.root}: entry range [0,61540412], using slot 0 in thread 140089172289280.
distributed.worker - INFO - Stopping worker at tcp://10.32.2.25:33757
Info in <[ROOT.RDF] Info /hpcscratch/user/ikabadzh/root/tree/dataframe/src/RLoopManager.cxx:762 in void ROOT::Detail::RDF::RLoopManager::Run()>: Finished event loop number 0 (1.01s CPU, 0.986146s elapsed).
Info in <[ROOT.RDF] Info /hpcscratch/user/ikabadzh/root/tree/dataframe/src/RLoopManager.cxx:738 in void ROOT::Detail::RDF::RLoopManager::Run()>: Starting event loop number 0.
Info in <[ROOT.RDF] Info /hpcscratch/user/ikabadzh/root/tree/dataframe/src/RLoopManager.cxx:738 in void ROOT::Detail::RDF::RLoopManager::Run()>: Starting event loop number 0.
Info in <[ROOT.RDF] Info /hpcscratch/user/ikabadzh/root/tree/dataframe/src/RLoopManager.cxx:713 in void ROOT::Detail::RDF::RLoopManager::Jit()>: Just-in-time compilation phase completed in 0.908881 seconds.
Info in <[ROOT.RDF] Info /hpcscratch/user/ikabadzh/root/tree/dataframe/src/RLoopManager.cxx:480 in void ROOT::Detail::RDF::RLoopManager::RunTreeReader()>: Processing trees {Events} in files {input_files/dimuon/f351.root}: entry range [0,61540412], using slot 0 in thread 140185324717824.
Info in <[ROOT.RDF] Info /hpcscratch/user/ikabadzh/root/tree/dataframe/src/RLoopManager.cxx:713 in void ROOT::Detail::RDF::RLoopManager::Jit()>: Just-in-time compilation phase completed in 0.908317 seconds.
Info in <[ROOT.RDF] Info /hpcscratch/user/ikabadzh/root/tree/dataframe/src/RLoopManager.cxx:480 in void ROOT::Detail::RDF::RLoopManager::RunTreeReader()>: Processing trees {Events} in files {input_files/dimuon/f351.root}: entry range [0,61540412], using slot 0 in thread 140435550349056.
Info in <[ROOT.RDF] Info /hpcscratch/user/ikabadzh/root/tree/dataframe/src/RLoopManager.cxx:713 in void ROOT::Detail::RDF::RLoopManager::Jit()>: Just-in-time compilation phase completed in 0.921405 seconds.
Info in <[ROOT.RDF] Info /hpcscratch/user/ikabadzh/root/tree/dataframe/src/RLoopManager.cxx:480 in void ROOT::Detail::RDF::RLoopManager::RunTreeReader()>: Processing trees {Events} in files {input_files/dimuon/f351.root}: entry range [0,61540412], using slot 0 in thread 140046964737792.
Info in <[ROOT.RDF] Info /hpcscratch/user/ikabadzh/root/tree/dataframe/src/RLoopManager.cxx:713 in void ROOT::Detail::RDF::RLoopManager::Jit()>: Just-in-time compilation phase completed in 0.906754 seconds.
Info in <[ROOT.RDF] Info /hpcscratch/user/ikabadzh/root/tree/dataframe/src/RLoopManager.cxx:480 in void ROOT::Detail::RDF::RLoopManager::RunTreeReader()>: Processing trees {Events} in files {input_files/dimuon/f263.root}: entry range [0,61540412], using slot 0 in thread 139864258582272.
Info in <[ROOT.RDF] Info /hpcscratch/user/ikabadzh/root/tree/dataframe/src/RLoopManager.cxx:738 in void ROOT::Detail::RDF::RLoopManager::Run()>: Starting event loop number 0.
Info in <[ROOT.RDF] Info /hpcscratch/user/ikabadzh/root/tree/dataframe/src/RLoopManager.cxx:738 in void ROOT::Detail::RDF::RLoopManager::Run()>: Starting event loop number 0.
Info in <[ROOT.RDF] Info /hpcscratch/user/ikabadzh/root/tree/dataframe/src/RLoopManager.cxx:762 in void ROOT::Detail::RDF::RLoopManager::Run()>: Finished event loop number 0 (1.03s CPU, 1.02147s elapsed).
Info in <[ROOT.RDF] Info /hpcscratch/user/ikabadzh/root/tree/dataframe/src/RLoopManager.cxx:738 in void ROOT::Detail::RDF::RLoopManager::Run()>: Starting event loop number 0.
Info in <[ROOT.RDF] Info /hpcscratch/user/ikabadzh/root/tree/dataframe/src/RLoopManager.cxx:762 in void ROOT::Detail::RDF::RLoopManager::Run()>: Finished event loop number 0 (1.07s CPU, 1.02814s elapsed).
Info in <[ROOT.RDF] Info /hpcscratch/user/ikabadzh/root/tree/dataframe/src/RLoopManager.cxx:762 in void ROOT::Detail::RDF::RLoopManager::Run()>: Finished event loop number 0 (1.61s CPU, 1.5407s elapsed).
Info in <[ROOT.RDF] Info /hpcscratch/user/ikabadzh/root/tree/dataframe/src/RLoopManager.cxx:713 in void ROOT::Detail::RDF::RLoopManager::Jit()>: Just-in-time compilation phase completed in 0.897292 seconds.
Info in <[ROOT.RDF] Info /hpcscratch/user/ikabadzh/root/tree/dataframe/src/RLoopManager.cxx:480 in void ROOT::Detail::RDF::RLoopManager::RunTreeReader()>: Processing trees {Events} in files {input_files/dimuon/f265.root}: entry range [0,61540412], using slot 0 in thread 140338971494144.
Info in <[ROOT.RDF] Info /hpcscratch/user/ikabadzh/root/tree/dataframe/src/RLoopManager.cxx:713 in void ROOT::Detail::RDF::RLoopManager::Jit()>: Just-in-time compilation phase completed in 0.942130 seconds.
Info in <[ROOT.RDF] Info /hpcscratch/user/ikabadzh/root/tree/dataframe/src/RLoopManager.cxx:480 in void ROOT::Detail::RDF::RLoopManager::RunTreeReader()>: Processing trees {Events} in files {input_files/dimuon/f257.root}: entry range [0,61540412], using slot 0 in thread 140604162529024.
Info in <[ROOT.RDF] Info /hpcscratch/user/ikabadzh/root/tree/dataframe/src/RLoopManager.cxx:762 in void ROOT::Detail::RDF::RLoopManager::Run()>: Finished event loop number 0 (1.05s CPU, 1.043s elapsed).
tornado.application - ERROR - Exception in callback functools.partial(<bound method IOLoop._discard_future_result of <tornado.platform.asyncio.AsyncIOLoop object at 0x7fcfee6cfd30>>, <Task finished name='Task-11' coro=<Worker.heartbeat() done, defined at /hpcscratch/user/ikabadzh/mambaforge/envs/myenv/lib/python3.9/site-packages/distributed/worker.py:992> exception=OSError('Timed out during handshake while connecting to tcp://188.185.68.194:34877 after 30 s')>)
Traceback (most recent call last):
  File "/hpcscratch/user/ikabadzh/mambaforge/envs/myenv/lib/python3.9/site-packages/distributed/comm/tcp.py", line 198, in read
    frames_nbytes = await stream.read_bytes(fmt_size)
asyncio.exceptions.CancelledError

During handling of the above exception, another exception occurred:

Traceback (most recent call last):
  File "/hpcscratch/user/ikabadzh/mambaforge/envs/myenv/lib/python3.9/asyncio/tasks.py", line 492, in wait_for
    fut.result()
asyncio.exceptions.CancelledError

The above exception was the direct cause of the following exception:

Traceback (most recent call last):
  File "/hpcscratch/user/ikabadzh/mambaforge/envs/myenv/lib/python3.9/site-packages/distributed/comm/core.py", line 318, in connect
    handshake = await asyncio.wait_for(comm.read(), time_left())
  File "/hpcscratch/user/ikabadzh/mambaforge/envs/myenv/lib/python3.9/asyncio/tasks.py", line 494, in wait_for
    raise exceptions.TimeoutError() from exc
asyncio.exceptions.TimeoutError

The above exception was the direct cause of the following exception:

Traceback (most recent call last):
  File "/hpcscratch/user/ikabadzh/mambaforge/envs/myenv/lib/python3.9/site-packages/tornado/ioloop.py", line 741, in _run_callback
    ret = callback()
  File "/hpcscratch/user/ikabadzh/mambaforge/envs/myenv/lib/python3.9/site-packages/tornado/ioloop.py", line 765, in _discard_future_result
    future.result()
  File "/hpcscratch/user/ikabadzh/mambaforge/envs/myenv/lib/python3.9/site-packages/distributed/worker.py", line 1041, in heartbeat
    raise e
  File "/hpcscratch/user/ikabadzh/mambaforge/envs/myenv/lib/python3.9/site-packages/distributed/worker.py", line 1001, in heartbeat
    response = await retry_operation(
  File "/hpcscratch/user/ikabadzh/mambaforge/envs/myenv/lib/python3.9/site-packages/distributed/utils_comm.py", line 385, in retry_operation
    return await retry(
  File "/hpcscratch/user/ikabadzh/mambaforge/envs/myenv/lib/python3.9/site-packages/distributed/utils_comm.py", line 370, in retry
    return await coro()
  File "/hpcscratch/user/ikabadzh/mambaforge/envs/myenv/lib/python3.9/site-packages/distributed/core.py", line 871, in send_recv_from_rpc
    comm = await self.pool.connect(self.addr)
  File "/hpcscratch/user/ikabadzh/mambaforge/envs/myenv/lib/python3.9/site-packages/distributed/core.py", line 1059, in connect
    raise exc
  File "/hpcscratch/user/ikabadzh/mambaforge/envs/myenv/lib/python3.9/site-packages/distributed/core.py", line 1043, in connect
    comm = await fut
  File "/hpcscratch/user/ikabadzh/mambaforge/envs/myenv/lib/python3.9/site-packages/distributed/comm/core.py", line 323, in connect
    raise OSError(
OSError: Timed out during handshake while connecting to tcp://188.185.68.194:34877 after 30 s
Info in <[ROOT.RDF] Info /hpcscratch/user/ikabadzh/root/tree/dataframe/src/RLoopManager.cxx:713 in void ROOT::Detail::RDF::RLoopManager::Jit()>: Just-in-time compilation phase completed in 0.915788 seconds.
Info in <[ROOT.RDF] Info /hpcscratch/user/ikabadzh/root/tree/dataframe/src/RLoopManager.cxx:480 in void ROOT::Detail::RDF::RLoopManager::RunTreeReader()>: Processing trees {Events} in files {input_files/dimuon/f345.root}: entry range [0,61540412], using slot 0 in thread 140531591993088.
distributed.worker - INFO - Comm closed
distributed.nanny - INFO - Worker closed
Info in <[ROOT.RDF] Info /hpcscratch/user/ikabadzh/root/tree/dataframe/src/RLoopManager.cxx:713 in void ROOT::Detail::RDF::RLoopManager::Jit()>: Just-in-time compilation phase completed in 0.921848 seconds.
Info in <[ROOT.RDF] Info /hpcscratch/user/ikabadzh/root/tree/dataframe/src/RLoopManager.cxx:480 in void ROOT::Detail::RDF::RLoopManager::RunTreeReader()>: Processing trees {Events} in files {input_files/dimuon/f304.root}: entry range [0,61540412], using slot 0 in thread 140545024079616.
Info in <[ROOT.RDF] Info /hpcscratch/user/ikabadzh/root/tree/dataframe/src/RLoopManager.cxx:713 in void ROOT::Detail::RDF::RLoopManager::Jit()>: Just-in-time compilation phase completed in 0.917468 seconds.
Info in <[ROOT.RDF] Info /hpcscratch/user/ikabadzh/root/tree/dataframe/src/RLoopManager.cxx:480 in void ROOT::Detail::RDF::RLoopManager::RunTreeReader()>: Processing trees {Events} in files {input_files/dimuon/f351.root}: entry range [0,61540412], using slot 0 in thread 139861483681536.
Info in <[ROOT.RDF] Info /hpcscratch/user/ikabadzh/root/tree/dataframe/src/RLoopManager.cxx:762 in void ROOT::Detail::RDF::RLoopManager::Run()>: Finished event loop number 0 (1.5s CPU, 1.47235s elapsed).
Info in <[ROOT.RDF] Info /hpcscratch/user/ikabadzh/root/tree/dataframe/src/RLoopManager.cxx:713 in void ROOT::Detail::RDF::RLoopManager::Jit()>: Just-in-time compilation phase completed in 0.920009 seconds.
Info in <[ROOT.RDF] Info /hpcscratch/user/ikabadzh/root/tree/dataframe/src/RLoopManager.cxx:480 in void ROOT::Detail::RDF::RLoopManager::RunTreeReader()>: Processing trees {Events} in files {input_files/dimuon/f351.root}: entry range [0,61540412], using slot 0 in thread 140408324544256.
Info in <[ROOT.RDF] Info /hpcscratch/user/ikabadzh/root/tree/dataframe/src/RLoopManager.cxx:762 in void ROOT::Detail::RDF::RLoopManager::Run()>: Finished event loop number 0 (1.53s CPU, 1.49795s elapsed).
Info in <[ROOT.RDF] Info /hpcscratch/user/ikabadzh/root/tree/dataframe/src/RLoopManager.cxx:762 in void ROOT::Detail::RDF::RLoopManager::Run()>: Finished event loop number 0 (1.04s CPU, 1.02555s elapsed).
Info in <[ROOT.RDF] Info /hpcscratch/user/ikabadzh/root/tree/dataframe/src/RLoopManager.cxx:762 in void ROOT::Detail::RDF::RLoopManager::Run()>: Finished event loop number 0 (1.61s CPU, 1.52447s elapsed).
Info in <[ROOT.RDF] Info /hpcscratch/user/ikabadzh/root/tree/dataframe/src/RLoopManager.cxx:738 in void ROOT::Detail::RDF::RLoopManager::Run()>: Starting event loop number 0.
Info in <[ROOT.RDF] Info /hpcscratch/user/ikabadzh/root/tree/dataframe/src/RLoopManager.cxx:738 in void ROOT::Detail::RDF::RLoopManager::Run()>: Starting event loop number 0.
distributed.nanny - INFO - Closing Nanny at 'tcp://10.32.2.25:40585'
Info in <[ROOT.RDF] Info /hpcscratch/user/ikabadzh/root/tree/dataframe/src/RLoopManager.cxx:713 in void ROOT::Detail::RDF::RLoopManager::Jit()>: Just-in-time compilation phase completed in 0.921382 seconds.
Info in <[ROOT.RDF] Info /hpcscratch/user/ikabadzh/root/tree/dataframe/src/RLoopManager.cxx:480 in void ROOT::Detail::RDF::RLoopManager::RunTreeReader()>: Processing trees {Events} in files {input_files/dimuon/f351.root}: entry range [0,61540412], using slot 0 in thread 139856521107200.
Info in <[ROOT.RDF] Info /hpcscratch/user/ikabadzh/root/tree/dataframe/src/RLoopManager.cxx:762 in void ROOT::Detail::RDF::RLoopManager::Run()>: Finished event loop number 0 (1.03s CPU, 1.00959s elapsed).
Info in <[ROOT.RDF] Info /hpcscratch/user/ikabadzh/root/tree/dataframe/src/RLoopManager.cxx:713 in void ROOT::Detail::RDF::RLoopManager::Jit()>: Just-in-time compilation phase completed in 0.926546 seconds.
Info in <[ROOT.RDF] Info /hpcscratch/user/ikabadzh/root/tree/dataframe/src/RLoopManager.cxx:480 in void ROOT::Detail::RDF::RLoopManager::RunTreeReader()>: Processing trees {Events} in files {input_files/dimuon/f351.root}: entry range [0,61540412], using slot 0 in thread 139837383038720.
distributed.worker - INFO - Comm closed
distributed.nanny - INFO - Worker closed
Info in <[ROOT.RDF] Info /hpcscratch/user/ikabadzh/root/tree/dataframe/src/RLoopManager.cxx:738 in void ROOT::Detail::RDF::RLoopManager::Run()>: Starting event loop number 0.
Info in <[ROOT.RDF] Info /hpcscratch/user/ikabadzh/root/tree/dataframe/src/RLoopManager.cxx:713 in void ROOT::Detail::RDF::RLoopManager::Jit()>: Just-in-time compilation phase completed in 0.943200 seconds.
Info in <[ROOT.RDF] Info /hpcscratch/user/ikabadzh/root/tree/dataframe/src/RLoopManager.cxx:480 in void ROOT::Detail::RDF::RLoopManager::RunTreeReader()>: Processing trees {Events} in files {input_files/dimuon/f351.root}: entry range [0,61540412], using slot 0 in thread 140098319722240.
Info in <[ROOT.RDF] Info /hpcscratch/user/ikabadzh/root/tree/dataframe/src/RLoopManager.cxx:713 in void ROOT::Detail::RDF::RLoopManager::Jit()>: Just-in-time compilation phase completed in 0.918464 seconds.
Info in <[ROOT.RDF] Info /hpcscratch/user/ikabadzh/root/tree/dataframe/src/RLoopManager.cxx:480 in void ROOT::Detail::RDF::RLoopManager::RunTreeReader()>: Processing trees {Events} in files {input_files/dimuon/f351.root}: entry range [0,61540412], using slot 0 in thread 140571747124992.
Info in <[ROOT.RDF] Info /hpcscratch/user/ikabadzh/root/tree/dataframe/src/RLoopManager.cxx:762 in void ROOT::Detail::RDF::RLoopManager::Run()>: Finished event loop number 0 (1.06s CPU, 0.993308s elapsed).
Info in <[ROOT.RDF] Info /hpcscratch/user/ikabadzh/root/tree/dataframe/src/RLoopManager.cxx:762 in void ROOT::Detail::RDF::RLoopManager::Run()>: Finished event loop number 0 (1.03s CPU, 1.00324s elapsed).
Info in <[ROOT.RDF] Info /hpcscratch/user/ikabadzh/root/tree/dataframe/src/RLoopManager.cxx:762 in void ROOT::Detail::RDF::RLoopManager::Run()>: Finished event loop number 0 (1.07s CPU, 1.00173s elapsed).
Info in <[ROOT.RDF] Info /hpcscratch/user/ikabadzh/root/tree/dataframe/src/RLoopManager.cxx:738 in void ROOT::Detail::RDF::RLoopManager::Run()>: Starting event loop number 0.
distributed.worker - INFO - Comm closed
distributed.nanny - INFO - Closing Nanny at 'tcp://10.32.2.25:35655'
Info in <[ROOT.RDF] Info /hpcscratch/user/ikabadzh/root/tree/dataframe/src/RLoopManager.cxx:738 in void ROOT::Detail::RDF::RLoopManager::Run()>: Starting event loop number 0.
Info in <[ROOT.RDF] Info /hpcscratch/user/ikabadzh/root/tree/dataframe/src/RLoopManager.cxx:713 in void ROOT::Detail::RDF::RLoopManager::Jit()>: Just-in-time compilation phase completed in 0.912718 seconds.
Info in <[ROOT.RDF] Info /hpcscratch/user/ikabadzh/root/tree/dataframe/src/RLoopManager.cxx:480 in void ROOT::Detail::RDF::RLoopManager::RunTreeReader()>: Processing trees {Events} in files {input_files/dimuon/f345.root}: entry range [0,61540412], using slot 0 in thread 140302871373568.
distributed.nanny - INFO - Worker closed
Info in <[ROOT.RDF] Info /hpcscratch/user/ikabadzh/root/tree/dataframe/src/RLoopManager.cxx:738 in void ROOT::Detail::RDF::RLoopManager::Run()>: Starting event loop number 0.
Info in <[ROOT.RDF] Info /hpcscratch/user/ikabadzh/root/tree/dataframe/src/RLoopManager.cxx:762 in void ROOT::Detail::RDF::RLoopManager::Run()>: Finished event loop number 0 (1.01s CPU, 0.983191s elapsed).
Info in <[ROOT.RDF] Info /hpcscratch/user/ikabadzh/root/tree/dataframe/src/RLoopManager.cxx:738 in void ROOT::Detail::RDF::RLoopManager::Run()>: Starting event loop number 0.
Info in <[ROOT.RDF] Info /hpcscratch/user/ikabadzh/root/tree/dataframe/src/RLoopManager.cxx:762 in void ROOT::Detail::RDF::RLoopManager::Run()>: Finished event loop number 0 (1.06s CPU, 1.0479s elapsed).
Info in <[ROOT.RDF] Info /hpcscratch/user/ikabadzh/root/tree/dataframe/src/RLoopManager.cxx:738 in void ROOT::Detail::RDF::RLoopManager::Run()>: Starting event loop number 0.
Info in <[ROOT.RDF] Info /hpcscratch/user/ikabadzh/root/tree/dataframe/src/RLoopManager.cxx:762 in void ROOT::Detail::RDF::RLoopManager::Run()>: Finished event loop number 0 (1.08s CPU, 1.00231s elapsed).
distributed.nanny - INFO - Closing Nanny at 'tcp://10.32.2.25:39743'
Info in <[ROOT.RDF] Info /hpcscratch/user/ikabadzh/root/tree/dataframe/src/RLoopManager.cxx:762 in void ROOT::Detail::RDF::RLoopManager::Run()>: Finished event loop number 0 (1.06s CPU, 1.00426s elapsed).
Info in <[ROOT.RDF] Info /hpcscratch/user/ikabadzh/root/tree/dataframe/src/RLoopManager.cxx:762 in void ROOT::Detail::RDF::RLoopManager::Run()>: Finished event loop number 0 (1.55s CPU, 1.48708s elapsed).
Info in <[ROOT.RDF] Info /hpcscratch/user/ikabadzh/root/tree/dataframe/src/RLoopManager.cxx:738 in void ROOT::Detail::RDF::RLoopManager::Run()>: Starting event loop number 0.
Info in <[ROOT.RDF] Info /hpcscratch/user/ikabadzh/root/tree/dataframe/src/RLoopManager.cxx:738 in void ROOT::Detail::RDF::RLoopManager::Run()>: Starting event loop number 0.
Info in <[ROOT.RDF] Info /hpcscratch/user/ikabadzh/root/tree/dataframe/src/RLoopManager.cxx:713 in void ROOT::Detail::RDF::RLoopManager::Jit()>: Just-in-time compilation phase completed in 0.939676 seconds.
Info in <[ROOT.RDF] Info /hpcscratch/user/ikabadzh/root/tree/dataframe/src/RLoopManager.cxx:480 in void ROOT::Detail::RDF::RLoopManager::RunTreeReader()>: Processing trees {Events} in files {input_files/dimuon/f351.root}: entry range [0,61540412], using slot 0 in thread 140629959223040.
Info in <[ROOT.RDF] Info /hpcscratch/user/ikabadzh/root/tree/dataframe/src/RLoopManager.cxx:713 in void ROOT::Detail::RDF::RLoopManager::Jit()>: Just-in-time compilation phase completed in 0.930683 seconds.
Info in <[ROOT.RDF] Info /hpcscratch/user/ikabadzh/root/tree/dataframe/src/RLoopManager.cxx:480 in void ROOT::Detail::RDF::RLoopManager::RunTreeReader()>: Processing trees {Events} in files {input_files/dimuon/f351.root}: entry range [0,61540412], using slot 0 in thread 139730446100224.
Info in <[ROOT.RDF] Info /hpcscratch/user/ikabadzh/root/tree/dataframe/src/RLoopManager.cxx:738 in void ROOT::Detail::RDF::RLoopManager::Run()>: Starting event loop number 0.
Info in <[ROOT.RDF] Info /hpcscratch/user/ikabadzh/root/tree/dataframe/src/RLoopManager.cxx:738 in void ROOT::Detail::RDF::RLoopManager::Run()>: Starting event loop number 0.
Info in <[ROOT.RDF] Info /hpcscratch/user/ikabadzh/root/tree/dataframe/src/RLoopManager.cxx:738 in void ROOT::Detail::RDF::RLoopManager::Run()>: Starting event loop number 0.
Info in <[ROOT.RDF] Info /hpcscratch/user/ikabadzh/root/tree/dataframe/src/RLoopManager.cxx:713 in void ROOT::Detail::RDF::RLoopManager::Jit()>: Just-in-time compilation phase completed in 0.909485 seconds.
Info in <[ROOT.RDF] Info /hpcscratch/user/ikabadzh/root/tree/dataframe/src/RLoopManager.cxx:480 in void ROOT::Detail::RDF::RLoopManager::RunTreeReader()>: Processing trees {Events} in files {input_files/dimuon/f351.root}: entry range [0,61540412], using slot 0 in thread 140013296473856.
Info in <[ROOT.RDF] Info /hpcscratch/user/ikabadzh/root/tree/dataframe/src/RLoopManager.cxx:762 in void ROOT::Detail::RDF::RLoopManager::Run()>: Finished event loop number 0 (1.02s CPU, 1.03687s elapsed).
Info in <[ROOT.RDF] Info /hpcscratch/user/ikabadzh/root/tree/dataframe/src/RLoopManager.cxx:762 in void ROOT::Detail::RDF::RLoopManager::Run()>: Finished event loop number 0 (1.03s CPU, 1.021s elapsed).
Info in <[ROOT.RDF] Info /hpcscratch/user/ikabadzh/root/tree/dataframe/src/RLoopManager.cxx:762 in void ROOT::Detail::RDF::RLoopManager::Run()>: Finished event loop number 0 (1s CPU, 0.98608s elapsed).
Info in <[ROOT.RDF] Info /hpcscratch/user/ikabadzh/root/tree/dataframe/src/RLoopManager.cxx:762 in void ROOT::Detail::RDF::RLoopManager::Run()>: Finished event loop number 0 (1.02s CPU, 1.00914s elapsed).
Info in <[ROOT.RDF] Info /hpcscratch/user/ikabadzh/root/tree/dataframe/src/RLoopManager.cxx:713 in void ROOT::Detail::RDF::RLoopManager::Jit()>: Just-in-time compilation phase completed in 0.903912 seconds.
Info in <[ROOT.RDF] Info /hpcscratch/user/ikabadzh/root/tree/dataframe/src/RLoopManager.cxx:480 in void ROOT::Detail::RDF::RLoopManager::RunTreeReader()>: Processing trees {Events} in files {input_files/dimuon/f304.root}: entry range [0,61540412], using slot 0 in thread 139663284492032.
Info in <[ROOT.RDF] Info /hpcscratch/user/ikabadzh/root/tree/dataframe/src/RLoopManager.cxx:762 in void ROOT::Detail::RDF::RLoopManager::Run()>: Finished event loop number 0 (1.57s CPU, 1.48918s elapsed).
Info in <[ROOT.RDF] Info /hpcscratch/user/ikabadzh/root/tree/dataframe/src/RLoopManager.cxx:738 in void ROOT::Detail::RDF::RLoopManager::Run()>: Starting event loop number 0.
Info in <[ROOT.RDF] Info /hpcscratch/user/ikabadzh/root/tree/dataframe/src/RLoopManager.cxx:738 in void ROOT::Detail::RDF::RLoopManager::Run()>: Starting event loop number 0.
Info in <[ROOT.RDF] Info /hpcscratch/user/ikabadzh/root/tree/dataframe/src/RLoopManager.cxx:713 in void ROOT::Detail::RDF::RLoopManager::Jit()>: Just-in-time compilation phase completed in 0.911359 seconds.
Info in <[ROOT.RDF] Info /hpcscratch/user/ikabadzh/root/tree/dataframe/src/RLoopManager.cxx:480 in void ROOT::Detail::RDF::RLoopManager::RunTreeReader()>: Processing trees {Events} in files {input_files/dimuon/f351.root}: entry range [0,61540412], using slot 0 in thread 139761313650432.
Info in <[ROOT.RDF] Info /hpcscratch/user/ikabadzh/root/tree/dataframe/src/RLoopManager.cxx:762 in void ROOT::Detail::RDF::RLoopManager::Run()>: Finished event loop number 0 (1.53s CPU, 1.52006s elapsed).
Info in <[ROOT.RDF] Info /hpcscratch/user/ikabadzh/root/tree/dataframe/src/RLoopManager.cxx:713 in void ROOT::Detail::RDF::RLoopManager::Jit()>: Just-in-time compilation phase completed in 0.908198 seconds.
Info in <[ROOT.RDF] Info /hpcscratch/user/ikabadzh/root/tree/dataframe/src/RLoopManager.cxx:480 in void ROOT::Detail::RDF::RLoopManager::RunTreeReader()>: Processing trees {Events} in files {input_files/dimuon/f303.root}: entry range [0,61540412], using slot 0 in thread 140435550349056.
Info in <[ROOT.RDF] Info /hpcscratch/user/ikabadzh/root/tree/dataframe/src/RLoopManager.cxx:762 in void ROOT::Detail::RDF::RLoopManager::Run()>: Finished event loop number 0 (1.04s CPU, 1.02838s elapsed).
Info in <[ROOT.RDF] Info /hpcscratch/user/ikabadzh/root/tree/dataframe/src/RLoopManager.cxx:713 in void ROOT::Detail::RDF::RLoopManager::Jit()>: Just-in-time compilation phase completed in 0.922422 seconds.
Info in <[ROOT.RDF] Info /hpcscratch/user/ikabadzh/root/tree/dataframe/src/RLoopManager.cxx:480 in void ROOT::Detail::RDF::RLoopManager::RunTreeReader()>: Processing trees {Events} in files {input_files/dimuon/f264.root}: entry range [0,61540412], using slot 0 in thread 139864258582272.
Info in <[ROOT.RDF] Info /hpcscratch/user/ikabadzh/root/tree/dataframe/src/RLoopManager.cxx:713 in void ROOT::Detail::RDF::RLoopManager::Jit()>: Just-in-time compilation phase completed in 0.906767 seconds.
Info in <[ROOT.RDF] Info /hpcscratch/user/ikabadzh/root/tree/dataframe/src/RLoopManager.cxx:480 in void ROOT::Detail::RDF::RLoopManager::RunTreeReader()>: Processing trees {Events} in files {input_files/dimuon/f266.root}: entry range [0,61540412], using slot 0 in thread 140185324717824.
Info in <[ROOT.RDF] Info /hpcscratch/user/ikabadzh/root/tree/dataframe/src/RLoopManager.cxx:713 in void ROOT::Detail::RDF::RLoopManager::Jit()>: Just-in-time compilation phase completed in 0.898116 seconds.
Info in <[ROOT.RDF] Info /hpcscratch/user/ikabadzh/root/tree/dataframe/src/RLoopManager.cxx:480 in void ROOT::Detail::RDF::RLoopManager::RunTreeReader()>: Processing trees {Events} in files {input_files/dimuon/f265.root}: entry range [0,61540412], using slot 0 in thread 140338971494144.
Info in <[ROOT.RDF] Info /hpcscratch/user/ikabadzh/root/tree/dataframe/src/RLoopManager.cxx:738 in void ROOT::Detail::RDF::RLoopManager::Run()>: Starting event loop number 0.
Info in <[ROOT.RDF] Info /hpcscratch/user/ikabadzh/root/tree/dataframe/src/RLoopManager.cxx:713 in void ROOT::Detail::RDF::RLoopManager::Jit()>: Just-in-time compilation phase completed in 0.908311 seconds.
Info in <[ROOT.RDF] Info /hpcscratch/user/ikabadzh/root/tree/dataframe/src/RLoopManager.cxx:480 in void ROOT::Detail::RDF::RLoopManager::RunTreeReader()>: Processing trees {Events} in files {input_files/dimuon/f257.root}: entry range [0,61540412], using slot 0 in thread 140604162529024.
Info in <[ROOT.RDF] Info /hpcscratch/user/ikabadzh/root/tree/dataframe/src/RLoopManager.cxx:738 in void ROOT::Detail::RDF::RLoopManager::Run()>: Starting event loop number 0.
Info in <[ROOT.RDF] Info /hpcscratch/user/ikabadzh/root/tree/dataframe/src/RLoopManager.cxx:738 in void ROOT::Detail::RDF::RLoopManager::Run()>: Starting event loop number 0.
Info in <[ROOT.RDF] Info /hpcscratch/user/ikabadzh/root/tree/dataframe/src/RLoopManager.cxx:713 in void ROOT::Detail::RDF::RLoopManager::Jit()>: Just-in-time compilation phase completed in 0.901398 seconds.
Info in <[ROOT.RDF] Info /hpcscratch/user/ikabadzh/root/tree/dataframe/src/RLoopManager.cxx:480 in void ROOT::Detail::RDF::RLoopManager::RunTreeReader()>: Processing trees {Events} in files {input_files/dimuon/f301.root}: entry range [0,61540412], using slot 0 in thread 140531591993088.
Info in <[ROOT.RDF] Info /hpcscratch/user/ikabadzh/root/tree/dataframe/src/RLoopManager.cxx:738 in void ROOT::Detail::RDF::RLoopManager::Run()>: Starting event loop number 0.
Info in <[ROOT.RDF] Info /hpcscratch/user/ikabadzh/root/tree/dataframe/src/RLoopManager.cxx:762 in void ROOT::Detail::RDF::RLoopManager::Run()>: Finished event loop number 0 (1.05s CPU, 1.03343s elapsed).
Info in <[ROOT.RDF] Info /hpcscratch/user/ikabadzh/root/tree/dataframe/src/RLoopManager.cxx:713 in void ROOT::Detail::RDF::RLoopManager::Jit()>: Just-in-time compilation phase completed in 0.909652 seconds.
Info in <[ROOT.RDF] Info /hpcscratch/user/ikabadzh/root/tree/dataframe/src/RLoopManager.cxx:480 in void ROOT::Detail::RDF::RLoopManager::RunTreeReader()>: Processing trees {Events} in files {input_files/dimuon/f264.root}: entry range [0,61540412], using slot 0 in thread 140046964737792.
Info in <[ROOT.RDF] Info /hpcscratch/user/ikabadzh/root/tree/dataframe/src/RLoopManager.cxx:713 in void ROOT::Detail::RDF::RLoopManager::Jit()>: Just-in-time compilation phase completed in 0.920923 seconds.
Info in <[ROOT.RDF] Info /hpcscratch/user/ikabadzh/root/tree/dataframe/src/RLoopManager.cxx:480 in void ROOT::Detail::RDF::RLoopManager::RunTreeReader()>: Processing trees {Events} in files {input_files/dimuon/f304.root}: entry range [0,61540412], using slot 0 in thread 140545024079616.
Info in <[ROOT.RDF] Info /hpcscratch/user/ikabadzh/root/tree/dataframe/src/RLoopManager.cxx:762 in void ROOT::Detail::RDF::RLoopManager::Run()>: Finished event loop number 0 (1.11s CPU, 1.09164s elapsed).
Info in <[ROOT.RDF] Info /hpcscratch/user/ikabadzh/root/tree/dataframe/src/RLoopManager.cxx:738 in void ROOT::Detail::RDF::RLoopManager::Run()>: Starting event loop number 0.
Info in <[ROOT.RDF] Info /hpcscratch/user/ikabadzh/root/tree/dataframe/src/RLoopManager.cxx:738 in void ROOT::Detail::RDF::RLoopManager::Run()>: Starting event loop number 0.
Info in <[ROOT.RDF] Info /hpcscratch/user/ikabadzh/root/tree/dataframe/src/RLoopManager.cxx:713 in void ROOT::Detail::RDF::RLoopManager::Jit()>: Just-in-time compilation phase completed in 0.902300 seconds.
Info in <[ROOT.RDF] Info /hpcscratch/user/ikabadzh/root/tree/dataframe/src/RLoopManager.cxx:480 in void ROOT::Detail::RDF::RLoopManager::RunTreeReader()>: Processing trees {Events} in files {input_files/dimuon/f253.root}: entry range [0,61540412], using slot 0 in thread 139856521107200.
Info in <[ROOT.RDF] Info /hpcscratch/user/ikabadzh/root/tree/dataframe/src/RLoopManager.cxx:738 in void ROOT::Detail::RDF::RLoopManager::Run()>: Starting event loop number 0.
Info in <[ROOT.RDF] Info /hpcscratch/user/ikabadzh/root/tree/dataframe/src/RLoopManager.cxx:738 in void ROOT::Detail::RDF::RLoopManager::Run()>: Starting event loop number 0.
Info in <[ROOT.RDF] Info /hpcscratch/user/ikabadzh/root/tree/dataframe/src/RLoopManager.cxx:762 in void ROOT::Detail::RDF::RLoopManager::Run()>: Finished event loop number 0 (0.99s CPU, 0.98283s elapsed).
Info in <[ROOT.RDF] Info /hpcscratch/user/ikabadzh/root/tree/dataframe/src/RLoopManager.cxx:762 in void ROOT::Detail::RDF::RLoopManager::Run()>: Finished event loop number 0 (1s CPU, 0.985794s elapsed).
Info in <[ROOT.RDF] Info /hpcscratch/user/ikabadzh/root/tree/dataframe/src/RLoopManager.cxx:762 in void ROOT::Detail::RDF::RLoopManager::Run()>: Finished event loop number 0 (1.48s CPU, 1.46257s elapsed).
tornado.application - ERROR - Exception in callback functools.partial(<bound method IOLoop._discard_future_result of <tornado.platform.asyncio.AsyncIOLoop object at 0x7f1566e8ed00>>, <Task finished name='Task-12' coro=<Worker.heartbeat() done, defined at /hpcscratch/user/ikabadzh/mambaforge/envs/myenv/lib/python3.9/site-packages/distributed/worker.py:992> exception=OSError('Timed out during handshake while connecting to tcp://188.185.68.194:34877 after 30 s')>)
Traceback (most recent call last):
  File "/hpcscratch/user/ikabadzh/mambaforge/envs/myenv/lib/python3.9/site-packages/distributed/comm/tcp.py", line 198, in read
    frames_nbytes = await stream.read_bytes(fmt_size)
asyncio.exceptions.CancelledError

During handling of the above exception, another exception occurred:

Traceback (most recent call last):
  File "/hpcscratch/user/ikabadzh/mambaforge/envs/myenv/lib/python3.9/asyncio/tasks.py", line 492, in wait_for
    fut.result()
asyncio.exceptions.CancelledError

The above exception was the direct cause of the following exception:

Traceback (most recent call last):
  File "/hpcscratch/user/ikabadzh/mambaforge/envs/myenv/lib/python3.9/site-packages/distributed/comm/core.py", line 318, in connect
    handshake = await asyncio.wait_for(comm.read(), time_left())
  File "/hpcscratch/user/ikabadzh/mambaforge/envs/myenv/lib/python3.9/asyncio/tasks.py", line 494, in wait_for
    raise exceptions.TimeoutError() from exc
asyncio.exceptions.TimeoutError

The above exception was the direct cause of the following exception:

Traceback (most recent call last):
  File "/hpcscratch/user/ikabadzh/mambaforge/envs/myenv/lib/python3.9/site-packages/tornado/ioloop.py", line 741, in _run_callback
    ret = callback()
  File "/hpcscratch/user/ikabadzh/mambaforge/envs/myenv/lib/python3.9/site-packages/tornado/ioloop.py", line 765, in _discard_future_result
    future.result()
  File "/hpcscratch/user/ikabadzh/mambaforge/envs/myenv/lib/python3.9/site-packages/distributed/worker.py", line 1041, in heartbeat
    raise e
  File "/hpcscratch/user/ikabadzh/mambaforge/envs/myenv/lib/python3.9/site-packages/distributed/worker.py", line 1001, in heartbeat
    response = await retry_operation(
  File "/hpcscratch/user/ikabadzh/mambaforge/envs/myenv/lib/python3.9/site-packages/distributed/utils_comm.py", line 385, in retry_operation
    return await retry(
  File "/hpcscratch/user/ikabadzh/mambaforge/envs/myenv/lib/python3.9/site-packages/distributed/utils_comm.py", line 370, in retry
    return await coro()
  File "/hpcscratch/user/ikabadzh/mambaforge/envs/myenv/lib/python3.9/site-packages/distributed/core.py", line 871, in send_recv_from_rpc
    comm = await self.pool.connect(self.addr)
  File "/hpcscratch/user/ikabadzh/mambaforge/envs/myenv/lib/python3.9/site-packages/distributed/core.py", line 1059, in connect
    raise exc
  File "/hpcscratch/user/ikabadzh/mambaforge/envs/myenv/lib/python3.9/site-packages/distributed/core.py", line 1043, in connect
    comm = await fut
  File "/hpcscratch/user/ikabadzh/mambaforge/envs/myenv/lib/python3.9/site-packages/distributed/comm/core.py", line 323, in connect
    raise OSError(
OSError: Timed out during handshake while connecting to tcp://188.185.68.194:34877 after 30 s
Info in <[ROOT.RDF] Info /hpcscratch/user/ikabadzh/root/tree/dataframe/src/RLoopManager.cxx:738 in void ROOT::Detail::RDF::RLoopManager::Run()>: Starting event loop number 0.
distributed.worker - INFO - Stopping worker at tcp://10.32.2.25:39405
Info in <[ROOT.RDF] Info /hpcscratch/user/ikabadzh/root/tree/dataframe/src/RLoopManager.cxx:713 in void ROOT::Detail::RDF::RLoopManager::Jit()>: Just-in-time compilation phase completed in 0.902656 seconds.
Info in <[ROOT.RDF] Info /hpcscratch/user/ikabadzh/root/tree/dataframe/src/RLoopManager.cxx:480 in void ROOT::Detail::RDF::RLoopManager::RunTreeReader()>: Processing trees {Events} in files {input_files/dimuon/f264.root}: entry range [0,61540412], using slot 0 in thread 140571747124992.
distributed.worker - INFO - Stopping worker at tcp://10.32.2.25:44691
Info in <[ROOT.RDF] Info /hpcscratch/user/ikabadzh/root/tree/dataframe/src/RLoopManager.cxx:713 in void ROOT::Detail::RDF::RLoopManager::Jit()>: Just-in-time compilation phase completed in 0.917006 seconds.
Info in <[ROOT.RDF] Info /hpcscratch/user/ikabadzh/root/tree/dataframe/src/RLoopManager.cxx:480 in void ROOT::Detail::RDF::RLoopManager::RunTreeReader()>: Processing trees {Events} in files {input_files/dimuon/f252.root}: entry range [0,61540412], using slot 0 in thread 139837383038720.
Info in <[ROOT.RDF] Info /hpcscratch/user/ikabadzh/root/tree/dataframe/src/RLoopManager.cxx:762 in void ROOT::Detail::RDF::RLoopManager::Run()>: Finished event loop number 0 (1.45s CPU, 1.44363s elapsed).
distributed.worker - INFO - Stopping worker at tcp://10.32.2.25:37047
Info in <[ROOT.RDF] Info /hpcscratch/user/ikabadzh/root/tree/dataframe/src/RLoopManager.cxx:738 in void ROOT::Detail::RDF::RLoopManager::Run()>: Starting event loop number 0.
Info in <[ROOT.RDF] Info /hpcscratch/user/ikabadzh/root/tree/dataframe/src/RLoopManager.cxx:762 in void ROOT::Detail::RDF::RLoopManager::Run()>: Finished event loop number 0 (1.02s CPU, 1.01356s elapsed).
Info in <[ROOT.RDF] Info /hpcscratch/user/ikabadzh/root/tree/dataframe/src/RLoopManager.cxx:762 in void ROOT::Detail::RDF::RLoopManager::Run()>: Finished event loop number 0 (1.49s CPU, 1.47309s elapsed).
Info in <[ROOT.RDF] Info /hpcscratch/user/ikabadzh/root/tree/dataframe/src/RLoopManager.cxx:713 in void ROOT::Detail::RDF::RLoopManager::Jit()>: Just-in-time compilation phase completed in 0.928939 seconds.
Info in <[ROOT.RDF] Info /hpcscratch/user/ikabadzh/root/tree/dataframe/src/RLoopManager.cxx:480 in void ROOT::Detail::RDF::RLoopManager::RunTreeReader()>: Processing trees {Events} in files {input_files/dimuon/f256.root}: entry range [0,61540412], using slot 0 in thread 139861483681536.
Info in <[ROOT.RDF] Info /hpcscratch/user/ikabadzh/root/tree/dataframe/src/RLoopManager.cxx:713 in void ROOT::Detail::RDF::RLoopManager::Jit()>: Just-in-time compilation phase completed in 0.928627 seconds.
Info in <[ROOT.RDF] Info /hpcscratch/user/ikabadzh/root/tree/dataframe/src/RLoopManager.cxx:480 in void ROOT::Detail::RDF::RLoopManager::RunTreeReader()>: Processing trees {Events} in files {input_files/dimuon/f255.root}: entry range [0,61540412], using slot 0 in thread 140098319722240.
Info in <[ROOT.RDF] Info /hpcscratch/user/ikabadzh/root/tree/dataframe/src/RLoopManager.cxx:738 in void ROOT::Detail::RDF::RLoopManager::Run()>: Starting event loop number 0.
Info in <[ROOT.RDF] Info /hpcscratch/user/ikabadzh/root/tree/dataframe/src/RLoopManager.cxx:762 in void ROOT::Detail::RDF::RLoopManager::Run()>: Finished event loop number 0 (1.02s CPU, 1.00771s elapsed).
Info in <[ROOT.RDF] Info /hpcscratch/user/ikabadzh/root/tree/dataframe/src/RLoopManager.cxx:713 in void ROOT::Detail::RDF::RLoopManager::Jit()>: Just-in-time compilation phase completed in 0.927379 seconds.
Info in <[ROOT.RDF] Info /hpcscratch/user/ikabadzh/root/tree/dataframe/src/RLoopManager.cxx:480 in void ROOT::Detail::RDF::RLoopManager::RunTreeReader()>: Processing trees {Events} in files {input_files/dimuon/f302.root}: entry range [0,61540412], using slot 0 in thread 140302871373568.
Info in <[ROOT.RDF] Info /hpcscratch/user/ikabadzh/root/tree/dataframe/src/RLoopManager.cxx:713 in void ROOT::Detail::RDF::RLoopManager::Jit()>: Just-in-time compilation phase completed in 0.905898 seconds.
Info in <[ROOT.RDF] Info /hpcscratch/user/ikabadzh/root/tree/dataframe/src/RLoopManager.cxx:480 in void ROOT::Detail::RDF::RLoopManager::RunTreeReader()>: Processing trees {Events} in files {input_files/dimuon/f253.root}: entry range [0,61540412], using slot 0 in thread 140408324544256.
Info in <[ROOT.RDF] Info /hpcscratch/user/ikabadzh/root/tree/dataframe/src/RLoopManager.cxx:738 in void ROOT::Detail::RDF::RLoopManager::Run()>: Starting event loop number 0.
Info in <[ROOT.RDF] Info /hpcscratch/user/ikabadzh/root/tree/dataframe/src/RLoopManager.cxx:738 in void ROOT::Detail::RDF::RLoopManager::Run()>: Starting event loop number 0.
Info in <[ROOT.RDF] Info /hpcscratch/user/ikabadzh/root/tree/dataframe/src/RLoopManager.cxx:762 in void ROOT::Detail::RDF::RLoopManager::Run()>: Finished event loop number 0 (1.54s CPU, 1.52621s elapsed).
Info in <[ROOT.RDF] Info /hpcscratch/user/ikabadzh/root/tree/dataframe/src/RLoopManager.cxx:713 in void ROOT::Detail::RDF::RLoopManager::Jit()>: Just-in-time compilation phase completed in 0.926961 seconds.
Info in <[ROOT.RDF] Info /hpcscratch/user/ikabadzh/root/tree/dataframe/src/RLoopManager.cxx:762 in void ROOT::Detail::RDF::RLoopManager::Run()>: Finished event loop number 0 (1.48s CPU, 1.46003s elapsed).
Info in <[ROOT.RDF] Info /hpcscratch/user/ikabadzh/root/tree/dataframe/src/RLoopManager.cxx:480 in void ROOT::Detail::RDF::RLoopManager::RunTreeReader()>: Processing trees {Events} in files {input_files/dimuon/f258.root}: entry range [0,61540412], using slot 0 in thread 140629959223040.
Info in <[ROOT.RDF] Info /hpcscratch/user/ikabadzh/root/tree/dataframe/src/RLoopManager.cxx:762 in void ROOT::Detail::RDF::RLoopManager::Run()>: Finished event loop number 0 (0.99s CPU, 0.988553s elapsed).
Info in <[ROOT.RDF] Info /hpcscratch/user/ikabadzh/root/tree/dataframe/src/RLoopManager.cxx:738 in void ROOT::Detail::RDF::RLoopManager::Run()>: Starting event loop number 0.
Info in <[ROOT.RDF] Info /hpcscratch/user/ikabadzh/root/tree/dataframe/src/RLoopManager.cxx:713 in void ROOT::Detail::RDF::RLoopManager::Jit()>: Just-in-time compilation phase completed in 0.911551 seconds.
Info in <[ROOT.RDF] Info /hpcscratch/user/ikabadzh/root/tree/dataframe/src/RLoopManager.cxx:480 in void ROOT::Detail::RDF::RLoopManager::RunTreeReader()>: Processing trees {Events} in files {input_files/dimuon/f256.root}: entry range [0,61540412], using slot 0 in thread 139730446100224.
Info in <[ROOT.RDF] Info /hpcscratch/user/ikabadzh/root/tree/dataframe/src/RLoopManager.cxx:738 in void ROOT::Detail::RDF::RLoopManager::Run()>: Starting event loop number 0.
Info in <[ROOT.RDF] Info /hpcscratch/user/ikabadzh/root/tree/dataframe/src/RLoopManager.cxx:738 in void ROOT::Detail::RDF::RLoopManager::Run()>: Starting event loop number 0.
distributed.worker - INFO - Comm closed
distributed.nanny - INFO - Worker closed
Info in <[ROOT.RDF] Info /hpcscratch/user/ikabadzh/root/tree/dataframe/src/RLoopManager.cxx:738 in void ROOT::Detail::RDF::RLoopManager::Run()>: Starting event loop number 0.
Info in <[ROOT.RDF] Info /hpcscratch/user/ikabadzh/root/tree/dataframe/src/RLoopManager.cxx:762 in void ROOT::Detail::RDF::RLoopManager::Run()>: Finished event loop number 0 (1.48s CPU, 1.47968s elapsed).
Info in <[ROOT.RDF] Info /hpcscratch/user/ikabadzh/root/tree/dataframe/src/RLoopManager.cxx:762 in void ROOT::Detail::RDF::RLoopManager::Run()>: Finished event loop number 0 (1.55s CPU, 1.54135s elapsed).
Info in <[ROOT.RDF] Info /hpcscratch/user/ikabadzh/root/tree/dataframe/src/RLoopManager.cxx:713 in void ROOT::Detail::RDF::RLoopManager::Jit()>: Just-in-time compilation phase completed in 0.909629 seconds.
Info in <[ROOT.RDF] Info /hpcscratch/user/ikabadzh/root/tree/dataframe/src/RLoopManager.cxx:480 in void ROOT::Detail::RDF::RLoopManager::RunTreeReader()>: Processing trees {Events} in files {input_files/dimuon/f303.root}: entry range [0,61540412], using slot 0 in thread 140435550349056.
distributed.worker - INFO -         Registered to: tcp://188.185.68.194:34877
distributed.worker - INFO - -------------------------------------------------
distributed.core - INFO - Starting established connection
distributed.worker - INFO -         Registered to: tcp://188.185.68.194:34877
distributed.worker - INFO - -------------------------------------------------
distributed.core - INFO - Starting established connection
Info in <[ROOT.RDF] Info /hpcscratch/user/ikabadzh/root/tree/dataframe/src/RLoopManager.cxx:738 in void ROOT::Detail::RDF::RLoopManager::Run()>: Starting event loop number 0.
distributed.worker - INFO - Comm closed
distributed.nanny - INFO - Worker closed
distributed.nanny - INFO - Closing Nanny at 'tcp://10.32.2.25:35937'
Info in <[ROOT.RDF] Info /hpcscratch/user/ikabadzh/root/tree/dataframe/src/RLoopManager.cxx:713 in void ROOT::Detail::RDF::RLoopManager::Jit()>: Just-in-time compilation phase completed in 0.924854 seconds.
Info in <[ROOT.RDF] Info /hpcscratch/user/ikabadzh/root/tree/dataframe/src/RLoopManager.cxx:480 in void ROOT::Detail::RDF::RLoopManager::RunTreeReader()>: Processing trees {Events} in files {input_files/dimuon/f264.root}: entry range [0,61540412], using slot 0 in thread 139864258582272.
Info in <[ROOT.RDF] Info /hpcscratch/user/ikabadzh/root/tree/dataframe/src/RLoopManager.cxx:762 in void ROOT::Detail::RDF::RLoopManager::Run()>: Finished event loop number 0 (1.03s CPU, 1.02026s elapsed).
Info in <[ROOT.RDF] Info /hpcscratch/user/ikabadzh/root/tree/dataframe/src/RLoopManager.cxx:738 in void ROOT::Detail::RDF::RLoopManager::Run()>: Starting event loop number 0.
Info in <[ROOT.RDF] Info /hpcscratch/user/ikabadzh/root/tree/dataframe/src/RLoopManager.cxx:713 in void ROOT::Detail::RDF::RLoopManager::Jit()>: Just-in-time compilation phase completed in 2.537220 seconds.
Info in <[ROOT.RDF] Info /hpcscratch/user/ikabadzh/root/tree/dataframe/src/RLoopManager.cxx:480 in void ROOT::Detail::RDF::RLoopManager::RunTreeReader()>: Processing trees {Events} in files {input_files/dimuon/f268.root}: entry range [0,61540412], using slot 0 in thread 140120397260544.
Info in <[ROOT.RDF] Info /hpcscratch/user/ikabadzh/root/tree/dataframe/src/RLoopManager.cxx:713 in void ROOT::Detail::RDF::RLoopManager::Jit()>: Just-in-time compilation phase completed in 0.908103 seconds.
Info in <[ROOT.RDF] Info /hpcscratch/user/ikabadzh/root/tree/dataframe/src/RLoopManager.cxx:480 in void ROOT::Detail::RDF::RLoopManager::RunTreeReader()>: Processing trees {Events} in files {input_files/dimuon/f259.root}: entry range [0,61540412], using slot 0 in thread 140013296473856.
distributed.nanny - INFO - Closing Nanny at 'tcp://10.32.2.25:35117'
Info in <[ROOT.RDF] Info /hpcscratch/user/ikabadzh/root/tree/dataframe/src/RLoopManager.cxx:762 in void ROOT::Detail::RDF::RLoopManager::Run()>: Finished event loop number 0 (1.01s CPU, 0.997568s elapsed).
Info in <[ROOT.RDF] Info /hpcscratch/user/ikabadzh/root/tree/dataframe/src/RLoopManager.cxx:762 in void ROOT::Detail::RDF::RLoopManager::Run()>: Finished event loop number 0 (1.04s CPU, 1.01544s elapsed).
distributed.nanny - INFO - Closing Nanny at 'tcp://10.32.2.25:38243'
distributed.nanny - INFO - Closing Nanny at 'tcp://10.32.2.25:36025'
distributed.worker - INFO - Stopping worker at tcp://10.32.2.25:36069
distributed.worker - INFO - Closed worker has not yet started: Status.undefined
distributed.worker - INFO - Stopping worker at tcp://10.32.2.25:41725
distributed.worker - INFO - Closed worker has not yet started: Status.undefined
Info in <[ROOT.RDF] Info /hpcscratch/user/ikabadzh/root/tree/dataframe/src/RLoopManager.cxx:713 in void ROOT::Detail::RDF::RLoopManager::Jit()>: Just-in-time compilation phase completed in 0.926599 seconds.
Info in <[ROOT.RDF] Info /hpcscratch/user/ikabadzh/root/tree/dataframe/src/RLoopManager.cxx:480 in void ROOT::Detail::RDF::RLoopManager::RunTreeReader()>: Processing trees {Events} in files {input_files/dimuon/f304.root}: entry range [0,61540412], using slot 0 in thread 139663284492032.
Info in <[ROOT.RDF] Info /hpcscratch/user/ikabadzh/root/tree/dataframe/src/RLoopManager.cxx:738 in void ROOT::Detail::RDF::RLoopManager::Run()>: Starting event loop number 0.
Info in <[ROOT.RDF] Info /hpcscratch/user/ikabadzh/root/tree/dataframe/src/RLoopManager.cxx:713 in void ROOT::Detail::RDF::RLoopManager::Jit()>: Just-in-time compilation phase completed in 0.927140 seconds.
Info in <[ROOT.RDF] Info /hpcscratch/user/ikabadzh/root/tree/dataframe/src/RLoopManager.cxx:480 in void ROOT::Detail::RDF::RLoopManager::RunTreeReader()>: Processing trees {Events} in files {input_files/dimuon/f257.root}: entry range [0,61540412], using slot 0 in thread 140604162529024.
Info in <[ROOT.RDF] Info /hpcscratch/user/ikabadzh/root/tree/dataframe/src/RLoopManager.cxx:762 in void ROOT::Detail::RDF::RLoopManager::Run()>: Finished event loop number 0 (1.03s CPU, 1.0361s elapsed).
Info in <[ROOT.RDF] Info /hpcscratch/user/ikabadzh/root/tree/dataframe/src/RLoopManager.cxx:762 in void ROOT::Detail::RDF::RLoopManager::Run()>: Finished event loop number 0 (1.03s CPU, 1.02666s elapsed).
distributed.worker - INFO -         Registered to: tcp://188.185.68.194:34877
distributed.worker - INFO - -------------------------------------------------
distributed.core - INFO - Starting established connection
distributed.worker - INFO -         Registered to: tcp://188.185.68.194:34877
distributed.worker - INFO - -------------------------------------------------
distributed.core - INFO - Starting established connection
Info in <[ROOT.RDF] Info /hpcscratch/user/ikabadzh/root/tree/dataframe/src/RLoopManager.cxx:713 in void ROOT::Detail::RDF::RLoopManager::Jit()>: Just-in-time compilation phase completed in 0.900872 seconds.
Info in <[ROOT.RDF] Info /hpcscratch/user/ikabadzh/root/tree/dataframe/src/RLoopManager.cxx:480 in void ROOT::Detail::RDF::RLoopManager::RunTreeReader()>: Processing trees {Events} in files {input_files/dimuon/f301.root}: entry range [0,61540412], using slot 0 in thread 140531591993088.
distributed.worker - INFO - Comm closed
distributed.nanny - INFO - Worker closed
Info in <[ROOT.RDF] Info /hpcscratch/user/ikabadzh/root/tree/dataframe/src/RLoopManager.cxx:762 in void ROOT::Detail::RDF::RLoopManager::Run()>: Finished event loop number 0 (1.01s CPU, 0.977267s elapsed).
Info in <[ROOT.RDF] Info /hpcscratch/user/ikabadzh/root/tree/dataframe/src/RLoopManager.cxx:762 in void ROOT::Detail::RDF::RLoopManager::Run()>: Finished event loop number 0 (1.5s CPU, 1.46601s elapsed).
Info in <[ROOT.RDF] Info /hpcscratch/user/ikabadzh/root/tree/dataframe/src/RLoopManager.cxx:713 in void ROOT::Detail::RDF::RLoopManager::Jit()>: Just-in-time compilation phase completed in 0.957756 seconds.
Info in <[ROOT.RDF] Info /hpcscratch/user/ikabadzh/root/tree/dataframe/src/RLoopManager.cxx:480 in void ROOT::Detail::RDF::RLoopManager::RunTreeReader()>: Processing trees {Events} in files {input_files/dimuon/f260.root}: entry range [0,61540412], using slot 0 in thread 139761313650432.
Info in <[ROOT.RDF] Info /hpcscratch/user/ikabadzh/root/tree/dataframe/src/RLoopManager.cxx:738 in void ROOT::Detail::RDF::RLoopManager::Run()>: Starting event loop number 0.
Info in <[ROOT.RDF] Info /hpcscratch/user/ikabadzh/root/tree/dataframe/src/RLoopManager.cxx:713 in void ROOT::Detail::RDF::RLoopManager::Jit()>: Just-in-time compilation phase completed in 0.913350 seconds.
Info in <[ROOT.RDF] Info /hpcscratch/user/ikabadzh/root/tree/dataframe/src/RLoopManager.cxx:480 in void ROOT::Detail::RDF::RLoopManager::RunTreeReader()>: Processing trees {Events} in files {input_files/dimuon/f266.root}: entry range [0,61540412], using slot 0 in thread 140185324717824.
Info in <[ROOT.RDF] Info /hpcscratch/user/ikabadzh/root/tree/dataframe/src/RLoopManager.cxx:713 in void ROOT::Detail::RDF::RLoopManager::Jit()>: Just-in-time compilation phase completed in 0.901528 seconds.
Info in <[ROOT.RDF] Info /hpcscratch/user/ikabadzh/root/tree/dataframe/src/RLoopManager.cxx:480 in void ROOT::Detail::RDF::RLoopManager::RunTreeReader()>: Processing trees {Events} in files {input_files/dimuon/f265.root}: entry range [0,61540412], using slot 0 in thread 140338971494144.
distributed.nanny - INFO - Closing Nanny at 'tcp://10.32.2.25:40857'
Info in <[ROOT.RDF] Info /hpcscratch/user/ikabadzh/root/tree/dataframe/src/RLoopManager.cxx:713 in void ROOT::Detail::RDF::RLoopManager::Jit()>: Just-in-time compilation phase completed in 0.917606 seconds.
Info in <[ROOT.RDF] Info /hpcscratch/user/ikabadzh/root/tree/dataframe/src/RLoopManager.cxx:480 in void ROOT::Detail::RDF::RLoopManager::RunTreeReader()>: Processing trees {Events,Events} in files {input_files/dimuon/f304.root,input_files/dimuon/f305.root}: entry range [0,123080825], using slot 0 in thread 140545024079616.
Info in <[ROOT.RDF] Info /hpcscratch/user/ikabadzh/root/tree/dataframe/src/RLoopManager.cxx:762 in void ROOT::Detail::RDF::RLoopManager::Run()>: Finished event loop number 0 (1.03s CPU, 0.989795s elapsed).
distributed.worker - INFO - Stopping worker at tcp://10.32.2.25:41725
distributed.worker - INFO - Stopping worker at tcp://10.32.2.25:36069
tornado.application - ERROR - Exception in callback functools.partial(<bound method IOLoop._discard_future_result of <tornado.platform.asyncio.AsyncIOLoop object at 0x7f9426a76d00>>, <Task finished name='Task-15' coro=<Worker.handle_scheduler() done, defined at /hpcscratch/user/ikabadzh/mambaforge/envs/myenv/lib/python3.9/site-packages/distributed/worker.py:1045> exception=CommClosedError('ConnectionPool not running. Status: Status.closed')>)
Traceback (most recent call last):
  File "/hpcscratch/user/ikabadzh/mambaforge/envs/myenv/lib/python3.9/site-packages/distributed/comm/core.py", line 250, in connect
    async def connect(
asyncio.exceptions.CancelledError

During handling of the above exception, another exception occurred:

Traceback (most recent call last):
  File "/hpcscratch/user/ikabadzh/mambaforge/envs/myenv/lib/python3.9/site-packages/distributed/core.py", line 1043, in connect
    comm = await fut
asyncio.exceptions.CancelledError

The above exception was the direct cause of the following exception:

Traceback (most recent call last):
  File "/hpcscratch/user/ikabadzh/mambaforge/envs/myenv/lib/python3.9/site-packages/tornado/ioloop.py", line 741, in _run_callback
    ret = callback()
  File "/hpcscratch/user/ikabadzh/mambaforge/envs/myenv/lib/python3.9/site-packages/tornado/ioloop.py", line 765, in _discard_future_result
    future.result()
  File "/hpcscratch/user/ikabadzh/mambaforge/envs/myenv/lib/python3.9/site-packages/distributed/worker.py", line 1058, in handle_scheduler
    await self.close(report=False)
  File "/hpcscratch/user/ikabadzh/mambaforge/envs/myenv/lib/python3.9/site-packages/distributed/worker.py", line 1275, in close
    await r.close_gracefully()
  File "/hpcscratch/user/ikabadzh/mambaforge/envs/myenv/lib/python3.9/site-packages/distributed/core.py", line 871, in send_recv_from_rpc
    comm = await self.pool.connect(self.addr)
  File "/hpcscratch/user/ikabadzh/mambaforge/envs/myenv/lib/python3.9/site-packages/distributed/core.py", line 1054, in connect
    raise CommClosedError(
distributed.comm.core.CommClosedError: ConnectionPool not running. Status: Status.closed
tornado.application - ERROR - Exception in callback functools.partial(<bound method IOLoop._discard_future_result of <tornado.platform.asyncio.AsyncIOLoop object at 0x7f0f4fd3ed30>>, <Task finished name='Task-15' coro=<Worker.handle_scheduler() done, defined at /hpcscratch/user/ikabadzh/mambaforge/envs/myenv/lib/python3.9/site-packages/distributed/worker.py:1045> exception=CommClosedError('ConnectionPool not running. Status: Status.closed')>)
Traceback (most recent call last):
  File "/hpcscratch/user/ikabadzh/mambaforge/envs/myenv/lib/python3.9/site-packages/distributed/comm/core.py", line 250, in connect
    async def connect(
asyncio.exceptions.CancelledError

During handling of the above exception, another exception occurred:

Traceback (most recent call last):
  File "/hpcscratch/user/ikabadzh/mambaforge/envs/myenv/lib/python3.9/site-packages/distributed/core.py", line 1043, in connect
    comm = await fut
asyncio.exceptions.CancelledError

The above exception was the direct cause of the following exception:

Traceback (most recent call last):
  File "/hpcscratch/user/ikabadzh/mambaforge/envs/myenv/lib/python3.9/site-packages/tornado/ioloop.py", line 741, in _run_callback
    ret = callback()
  File "/hpcscratch/user/ikabadzh/mambaforge/envs/myenv/lib/python3.9/site-packages/tornado/ioloop.py", line 765, in _discard_future_result
    future.result()
  File "/hpcscratch/user/ikabadzh/mambaforge/envs/myenv/lib/python3.9/site-packages/distributed/worker.py", line 1058, in handle_scheduler
    await self.close(report=False)
  File "/hpcscratch/user/ikabadzh/mambaforge/envs/myenv/lib/python3.9/site-packages/distributed/worker.py", line 1275, in close
    await r.close_gracefully()
  File "/hpcscratch/user/ikabadzh/mambaforge/envs/myenv/lib/python3.9/site-packages/distributed/core.py", line 871, in send_recv_from_rpc
    comm = await self.pool.connect(self.addr)
  File "/hpcscratch/user/ikabadzh/mambaforge/envs/myenv/lib/python3.9/site-packages/distributed/core.py", line 1054, in connect
    raise CommClosedError(
distributed.comm.core.CommClosedError: ConnectionPool not running. Status: Status.closed
Info in <[ROOT.RDF] Info /hpcscratch/user/ikabadzh/root/tree/dataframe/src/RLoopManager.cxx:762 in void ROOT::Detail::RDF::RLoopManager::Run()>: Finished event loop number 0 (1.03s CPU, 0.995592s elapsed).
Info in <[ROOT.RDF] Info /hpcscratch/user/ikabadzh/root/tree/dataframe/src/RLoopManager.cxx:762 in void ROOT::Detail::RDF::RLoopManager::Run()>: Finished event loop number 0 (1.61s CPU, 1.5517s elapsed).
Info in <[ROOT.RDF] Info /hpcscratch/user/ikabadzh/root/tree/dataframe/src/RLoopManager.cxx:713 in void ROOT::Detail::RDF::RLoopManager::Jit()>: Just-in-time compilation phase completed in 0.913682 seconds.
Info in <[ROOT.RDF] Info /hpcscratch/user/ikabadzh/root/tree/dataframe/src/RLoopManager.cxx:480 in void ROOT::Detail::RDF::RLoopManager::RunTreeReader()>: Processing trees {Events} in files {input_files/dimuon/f252.root}: entry range [0,61540412], using slot 0 in thread 139837383038720.
distributed.nanny - WARNING - Worker process still alive after 0 seconds, killing
distributed.nanny - WARNING - Worker process still alive after 0 seconds, killing
distributed.dask_worker - INFO - End worker
Traceback (most recent call last):
  File "/hpcscratch/user/ikabadzh/mambaforge/envs/myenv/lib/python3.9/site-packages/distributed/nanny.py", line 335, in start
    response = await self.instantiate()
  File "/hpcscratch/user/ikabadzh/mambaforge/envs/myenv/lib/python3.9/site-packages/distributed/nanny.py", line 404, in instantiate
    result = await asyncio.wait_for(
  File "/hpcscratch/user/ikabadzh/mambaforge/envs/myenv/lib/python3.9/asyncio/tasks.py", line 468, in wait_for
    await waiter
asyncio.exceptions.CancelledError

During handling of the above exception, another exception occurred:

Traceback (most recent call last):
  File "/hpcscratch/user/ikabadzh/mambaforge/envs/myenv/lib/python3.9/asyncio/tasks.py", line 492, in wait_for
    fut.result()
asyncio.exceptions.CancelledError

The above exception was the direct cause of the following exception:

Traceback (most recent call last):
  File "/hpcscratch/user/ikabadzh/mambaforge/envs/myenv/lib/python3.9/site-packages/distributed/core.py", line 273, in _
    await asyncio.wait_for(self.start(), timeout=timeout)
  File "/hpcscratch/user/ikabadzh/mambaforge/envs/myenv/lib/python3.9/asyncio/tasks.py", line 494, in wait_for
    raise exceptions.TimeoutError() from exc
asyncio.exceptions.TimeoutError

During handling of the above exception, another exception occurred:

Traceback (most recent call last):
  File "/hpcscratch/user/ikabadzh/mambaforge/envs/myenv/lib/python3.9/runpy.py", line 197, in _run_module_as_main
    return _run_code(code, main_globals, None,
  File "/hpcscratch/user/ikabadzh/mambaforge/envs/myenv/lib/python3.9/runpy.py", line 87, in _run_code
    exec(code, run_globals)
  File "/hpcscratch/user/ikabadzh/mambaforge/envs/myenv/lib/python3.9/site-packages/distributed/cli/dask_worker.py", line 469, in <module>
    go()
  File "/hpcscratch/user/ikabadzh/mambaforge/envs/myenv/lib/python3.9/site-packages/distributed/cli/dask_worker.py", line 465, in go
    main()
  File "/hpcscratch/user/ikabadzh/mambaforge/envs/myenv/lib/python3.9/site-packages/click/core.py", line 1128, in __call__
    return self.main(*args, **kwargs)
  File "/hpcscratch/user/ikabadzh/mambaforge/envs/myenv/lib/python3.9/site-packages/click/core.py", line 1053, in main
    rv = self.invoke(ctx)
  File "/hpcscratch/user/ikabadzh/mambaforge/envs/myenv/lib/python3.9/site-packages/click/core.py", line 1395, in invoke
    return ctx.invoke(self.callback, **ctx.params)
  File "/hpcscratch/user/ikabadzh/mambaforge/envs/myenv/lib/python3.9/site-packages/click/core.py", line 754, in invoke
    return __callback(*args, **kwargs)
  File "/hpcscratch/user/ikabadzh/mambaforge/envs/myenv/lib/python3.9/site-packages/distributed/cli/dask_worker.py", line 451, in main
    loop.run_sync(run)
  File "/hpcscratch/user/ikabadzh/mambaforge/envs/myenv/lib/python3.9/site-packages/tornado/ioloop.py", line 530, in run_sync
    return future_cell[0].result()
  File "/hpcscratch/user/ikabadzh/mambaforge/envs/myenv/lib/python3.9/site-packages/distributed/cli/dask_worker.py", line 445, in run
    await asyncio.gather(*nannies)
  File "/hpcscratch/user/ikabadzh/mambaforge/envs/myenv/lib/python3.9/asyncio/tasks.py", line 691, in _wrap_awaitable
    return (yield from awaitable.__await__())
  File "/hpcscratch/user/ikabadzh/mambaforge/envs/myenv/lib/python3.9/site-packages/distributed/core.py", line 277, in _
    raise TimeoutError(
asyncio.exceptions.TimeoutError: Nanny failed to start in 60 seconds
distributed.process - INFO - reaping stray process <SpawnProcess name='Dask Worker process (from Nanny)' pid=354527 parent=354398 started daemon>
distributed.process - INFO - reaping stray process <SpawnProcess name='Dask Worker process (from Nanny)' pid=354514 parent=354398 started daemon>
distributed.process - INFO - reaping stray process <SpawnProcess name='Dask Worker process (from Nanny)' pid=354511 parent=354398 started daemon>
distributed.process - INFO - reaping stray process <SpawnProcess name='Dask Worker process (from Nanny)' pid=354503 parent=354398 started daemon>
distributed.process - INFO - reaping stray process <SpawnProcess name='Dask Worker process (from Nanny)' pid=354493 parent=354398 started daemon>
distributed.process - INFO - reaping stray process <SpawnProcess name='Dask Worker process (from Nanny)' pid=354490 parent=354398 started daemon>
distributed.process - INFO - reaping stray process <SpawnProcess name='Dask Worker process (from Nanny)' pid=354487 parent=354398 started daemon>
distributed.process - INFO - reaping stray process <SpawnProcess name='Dask Worker process (from Nanny)' pid=354481 parent=354398 started daemon>
distributed.process - INFO - reaping stray process <SpawnProcess name='Dask Worker process (from Nanny)' pid=354478 parent=354398 started daemon>
distributed.process - INFO - reaping stray process <SpawnProcess name='Dask Worker process (from Nanny)' pid=354475 parent=354398 started daemon>
distributed.process - INFO - reaping stray process <SpawnProcess name='Dask Worker process (from Nanny)' pid=354472 parent=354398 started daemon>
distributed.process - INFO - reaping stray process <SpawnProcess name='Dask Worker process (from Nanny)' pid=354466 parent=354398 started daemon>
distributed.process - INFO - reaping stray process <SpawnProcess name='Dask Worker process (from Nanny)' pid=354463 parent=354398 started daemon>
distributed.process - INFO - reaping stray process <SpawnProcess name='Dask Worker process (from Nanny)' pid=354460 parent=354398 started daemon>
distributed.process - INFO - reaping stray process <SpawnProcess name='Dask Worker process (from Nanny)' pid=354454 parent=354398 started daemon>
distributed.process - INFO - reaping stray process <SpawnProcess name='Dask Worker process (from Nanny)' pid=354451 parent=354398 started daemon>
distributed.process - INFO - reaping stray process <SpawnProcess name='Dask Worker process (from Nanny)' pid=354449 parent=354398 started daemon>
distributed.process - INFO - reaping stray process <SpawnProcess name='Dask Worker process (from Nanny)' pid=354445 parent=354398 started daemon>
distributed.process - INFO - reaping stray process <SpawnProcess name='Dask Worker process (from Nanny)' pid=354442 parent=354398 started daemon>
distributed.process - INFO - reaping stray process <SpawnProcess name='Dask Worker process (from Nanny)' pid=354439 parent=354398 started daemon>
Exception in thread AsyncProcess Dask Worker process (from Nanny) watch process join:
Traceback (most recent call last):
  File "/hpcscratch/user/ikabadzh/mambaforge/envs/myenv/lib/python3.9/threading.py", line 973, in _bootstrap_inner
    self.run()
  File "/hpcscratch/user/ikabadzh/mambaforge/envs/myenv/lib/python3.9/threading.py", line 910, in run
    self._target(*self._args, **self._kwargs)
  File "/hpcscratch/user/ikabadzh/mambaforge/envs/myenv/lib/python3.9/site-packages/distributed/process.py", line 234, in _watch_process
    assert exitcode is not None
AssertionError
Exception in thread AsyncProcess Dask Worker process (from Nanny) watch process join:
Traceback (most recent call last):
  File "/hpcscratch/user/ikabadzh/mambaforge/envs/myenv/lib/python3.9/threading.py", line 973, in _bootstrap_inner
    self.run()
  File "/hpcscratch/user/ikabadzh/mambaforge/envs/myenv/lib/python3.9/threading.py", line 910, in run
    self._target(*self._args, **self._kwargs)
  File "/hpcscratch/user/ikabadzh/mambaforge/envs/myenv/lib/python3.9/site-packages/distributed/process.py", line 234, in _watch_process
    assert exitcode is not None
AssertionError
