Auks API request failed : krb5 cred : unable to read credential cache
distributed.nanny - INFO -         Start Nanny at: 'tcp://10.32.2.18:45399'
distributed.nanny - INFO -         Start Nanny at: 'tcp://10.32.2.18:33353'
distributed.nanny - INFO -         Start Nanny at: 'tcp://10.32.2.18:36621'
distributed.nanny - INFO -         Start Nanny at: 'tcp://10.32.2.18:36989'
distributed.nanny - INFO -         Start Nanny at: 'tcp://10.32.2.18:42237'
distributed.nanny - INFO -         Start Nanny at: 'tcp://10.32.2.18:40737'
distributed.nanny - INFO -         Start Nanny at: 'tcp://10.32.2.18:33147'
distributed.nanny - INFO -         Start Nanny at: 'tcp://10.32.2.18:37501'
distributed.nanny - INFO -         Start Nanny at: 'tcp://10.32.2.18:41327'
distributed.nanny - INFO -         Start Nanny at: 'tcp://10.32.2.18:44847'
distributed.nanny - INFO -         Start Nanny at: 'tcp://10.32.2.18:40265'
distributed.nanny - INFO -         Start Nanny at: 'tcp://10.32.2.18:35531'
distributed.nanny - INFO -         Start Nanny at: 'tcp://10.32.2.18:38857'
distributed.nanny - INFO -         Start Nanny at: 'tcp://10.32.2.18:43345'
distributed.nanny - INFO -         Start Nanny at: 'tcp://10.32.2.18:45363'
distributed.nanny - INFO -         Start Nanny at: 'tcp://10.32.2.18:34201'
distributed.nanny - INFO -         Start Nanny at: 'tcp://10.32.2.18:39453'
distributed.nanny - INFO -         Start Nanny at: 'tcp://10.32.2.18:38005'
distributed.nanny - INFO -         Start Nanny at: 'tcp://10.32.2.18:45199'
distributed.nanny - INFO -         Start Nanny at: 'tcp://10.32.2.18:46029'
distributed.nanny - INFO -         Start Nanny at: 'tcp://10.32.2.18:35915'
distributed.nanny - INFO -         Start Nanny at: 'tcp://10.32.2.18:42713'
distributed.nanny - INFO -         Start Nanny at: 'tcp://10.32.2.18:36777'
distributed.nanny - INFO -         Start Nanny at: 'tcp://10.32.2.18:44093'
distributed.nanny - INFO -         Start Nanny at: 'tcp://10.32.2.18:36459'
distributed.nanny - INFO -         Start Nanny at: 'tcp://10.32.2.18:35567'
distributed.nanny - INFO -         Start Nanny at: 'tcp://10.32.2.18:37113'
distributed.nanny - INFO -         Start Nanny at: 'tcp://10.32.2.18:36009'
distributed.nanny - INFO -         Start Nanny at: 'tcp://10.32.2.18:34109'
distributed.nanny - INFO -         Start Nanny at: 'tcp://10.32.2.18:36249'
distributed.nanny - INFO -         Start Nanny at: 'tcp://10.32.2.18:35677'
distributed.nanny - INFO -         Start Nanny at: 'tcp://10.32.2.18:39305'
distributed.diskutils - INFO - Found stale lock file and directory '/tmp/ikabadzh/dask-worker-space/worker-fn774_db', purging
distributed.diskutils - INFO - Found stale lock file and directory '/tmp/ikabadzh/dask-worker-space/worker-ne2q023c', purging
distributed.diskutils - INFO - Found stale lock file and directory '/tmp/ikabadzh/dask-worker-space/worker-up4n12w_', purging
distributed.diskutils - INFO - Found stale lock file and directory '/tmp/ikabadzh/dask-worker-space/worker-q765cxl0', purging
distributed.diskutils - INFO - Found stale lock file and directory '/tmp/ikabadzh/dask-worker-space/worker-i9flb2ac', purging
distributed.diskutils - INFO - Found stale lock file and directory '/tmp/ikabadzh/dask-worker-space/worker-_a7jskgo', purging
distributed.diskutils - INFO - Found stale lock file and directory '/tmp/ikabadzh/dask-worker-space/worker-tngec1a9', purging
distributed.diskutils - INFO - Found stale lock file and directory '/tmp/ikabadzh/dask-worker-space/worker-l8bqtksf', purging
distributed.diskutils - INFO - Found stale lock file and directory '/tmp/ikabadzh/dask-worker-space/worker-k7f6874k', purging
distributed.diskutils - INFO - Found stale lock file and directory '/tmp/ikabadzh/dask-worker-space/worker-fjeyxymn', purging
distributed.diskutils - INFO - Found stale lock file and directory '/tmp/ikabadzh/dask-worker-space/worker-vse8gvwc', purging
distributed.diskutils - INFO - Found stale lock file and directory '/tmp/ikabadzh/dask-worker-space/worker-98zq582b', purging
distributed.diskutils - INFO - Found stale lock file and directory '/tmp/ikabadzh/dask-worker-space/worker-_uzpjnb9', purging
distributed.diskutils - INFO - Found stale lock file and directory '/tmp/ikabadzh/dask-worker-space/worker-j52rdw4r', purging
distributed.diskutils - INFO - Found stale lock file and directory '/tmp/ikabadzh/dask-worker-space/worker-pb4w2tdw', purging
distributed.diskutils - INFO - Found stale lock file and directory '/tmp/ikabadzh/dask-worker-space/worker-2f9rtmap', purging
distributed.diskutils - INFO - Found stale lock file and directory '/tmp/ikabadzh/dask-worker-space/worker-48sa888i', purging
distributed.diskutils - INFO - Found stale lock file and directory '/tmp/ikabadzh/dask-worker-space/worker-v2nxf9ag', purging
distributed.diskutils - INFO - Found stale lock file and directory '/tmp/ikabadzh/dask-worker-space/worker-hb708fkd', purging
distributed.diskutils - INFO - Found stale lock file and directory '/tmp/ikabadzh/dask-worker-space/worker-g30fjoky', purging
distributed.diskutils - INFO - Found stale lock file and directory '/tmp/ikabadzh/dask-worker-space/worker-iksyqm3k', purging
distributed.diskutils - INFO - Found stale lock file and directory '/tmp/ikabadzh/dask-worker-space/worker-a3wjcak0', purging
distributed.worker - INFO -       Start worker at:     tcp://10.32.2.18:45971
distributed.worker - INFO -          Listening to:     tcp://10.32.2.18:45971
distributed.worker - INFO -          dashboard at:           10.32.2.18:37631
distributed.worker - INFO - Waiting to connect to: tcp://188.185.68.194:34877
distributed.worker - INFO - -------------------------------------------------
distributed.worker - INFO -               Threads:                          1
distributed.worker - INFO -                Memory:                  14.90 GiB
distributed.worker - INFO -       Local Directory: /tmp/ikabadzh/dask-worker-space/worker-fxbhw9zs
distributed.worker - INFO - -------------------------------------------------
distributed.worker - INFO -       Start worker at:     tcp://10.32.2.18:39805
distributed.worker - INFO -          Listening to:     tcp://10.32.2.18:39805
distributed.worker - INFO -          dashboard at:           10.32.2.18:35841
distributed.worker - INFO - Waiting to connect to: tcp://188.185.68.194:34877
distributed.worker - INFO - -------------------------------------------------
distributed.worker - INFO -               Threads:                          1
distributed.worker - INFO -                Memory:                  14.90 GiB
distributed.worker - INFO -       Local Directory: /tmp/ikabadzh/dask-worker-space/worker-24vj9ouu
distributed.worker - INFO - -------------------------------------------------
distributed.worker - INFO -       Start worker at:     tcp://10.32.2.18:41389
distributed.worker - INFO -          Listening to:     tcp://10.32.2.18:41389
distributed.worker - INFO -          dashboard at:           10.32.2.18:39023
distributed.worker - INFO - Waiting to connect to: tcp://188.185.68.194:34877
distributed.worker - INFO - -------------------------------------------------
distributed.worker - INFO -               Threads:                          1
distributed.worker - INFO -       Start worker at:     tcp://10.32.2.18:37429
distributed.worker - INFO -                Memory:                  14.90 GiB
distributed.worker - INFO -       Start worker at:     tcp://10.32.2.18:42905
distributed.worker - INFO -       Local Directory: /tmp/ikabadzh/dask-worker-space/worker-wbdsw_nq
distributed.worker - INFO -          Listening to:     tcp://10.32.2.18:42905
distributed.worker - INFO - -------------------------------------------------
distributed.worker - INFO -          Listening to:     tcp://10.32.2.18:37429
distributed.worker - INFO -          dashboard at:           10.32.2.18:43989
distributed.worker - INFO -          dashboard at:           10.32.2.18:44709
distributed.worker - INFO - Waiting to connect to: tcp://188.185.68.194:34877
distributed.worker - INFO - Waiting to connect to: tcp://188.185.68.194:34877
distributed.worker - INFO - -------------------------------------------------
distributed.worker - INFO - -------------------------------------------------
distributed.worker - INFO -               Threads:                          1
distributed.worker - INFO -                Memory:                  14.90 GiB
distributed.worker - INFO -               Threads:                          1
distributed.worker - INFO -       Local Directory: /tmp/ikabadzh/dask-worker-space/worker-2iu8f0am
distributed.worker - INFO - -------------------------------------------------
distributed.worker - INFO -                Memory:                  14.90 GiB
distributed.worker - INFO -       Local Directory: /tmp/ikabadzh/dask-worker-space/worker-92neish_
distributed.worker - INFO - -------------------------------------------------
distributed.worker - INFO -       Start worker at:     tcp://10.32.2.18:35869
distributed.worker - INFO -          Listening to:     tcp://10.32.2.18:35869
distributed.worker - INFO -          dashboard at:           10.32.2.18:43337
distributed.worker - INFO - Waiting to connect to: tcp://188.185.68.194:34877
distributed.worker - INFO - -------------------------------------------------
distributed.worker - INFO -               Threads:                          1
distributed.worker - INFO -                Memory:                  14.90 GiB
distributed.worker - INFO -       Local Directory: /tmp/ikabadzh/dask-worker-space/worker-ppxbn3tw
distributed.worker - INFO - -------------------------------------------------
distributed.worker - INFO -       Start worker at:     tcp://10.32.2.18:33715
distributed.worker - INFO -          Listening to:     tcp://10.32.2.18:33715
distributed.worker - INFO -          dashboard at:           10.32.2.18:33691
distributed.worker - INFO - Waiting to connect to: tcp://188.185.68.194:34877
distributed.worker - INFO - -------------------------------------------------
distributed.worker - INFO -               Threads:                          1
distributed.worker - INFO -                Memory:                  14.90 GiB
distributed.worker - INFO -       Local Directory: /tmp/ikabadzh/dask-worker-space/worker-pfoh0utd
distributed.worker - INFO - -------------------------------------------------
distributed.worker - INFO -       Start worker at:     tcp://10.32.2.18:34363
distributed.worker - INFO -          Listening to:     tcp://10.32.2.18:34363
distributed.worker - INFO -          dashboard at:           10.32.2.18:41113
distributed.worker - INFO - Waiting to connect to: tcp://188.185.68.194:34877
distributed.worker - INFO - -------------------------------------------------
distributed.worker - INFO -               Threads:                          1
distributed.worker - INFO -                Memory:                  14.90 GiB
distributed.worker - INFO -       Local Directory: /tmp/ikabadzh/dask-worker-space/worker-7w31oc1c
distributed.worker - INFO - -------------------------------------------------
distributed.worker - INFO -       Start worker at:     tcp://10.32.2.18:46607
distributed.worker - INFO -          Listening to:     tcp://10.32.2.18:46607
distributed.worker - INFO -          dashboard at:           10.32.2.18:37497
distributed.worker - INFO - Waiting to connect to: tcp://188.185.68.194:34877
distributed.worker - INFO - -------------------------------------------------
distributed.worker - INFO -               Threads:                          1
distributed.worker - INFO -                Memory:                  14.90 GiB
distributed.worker - INFO -       Local Directory: /tmp/ikabadzh/dask-worker-space/worker-4wbsne45
distributed.worker - INFO - -------------------------------------------------
distributed.worker - INFO -       Start worker at:     tcp://10.32.2.18:43179
distributed.worker - INFO -          Listening to:     tcp://10.32.2.18:43179
distributed.worker - INFO -          dashboard at:           10.32.2.18:38609
distributed.worker - INFO - Waiting to connect to: tcp://188.185.68.194:34877
distributed.worker - INFO - -------------------------------------------------
distributed.worker - INFO -               Threads:                          1
distributed.worker - INFO -                Memory:                  14.90 GiB
distributed.worker - INFO -       Local Directory: /tmp/ikabadzh/dask-worker-space/worker-b9cmjfhx
distributed.worker - INFO - -------------------------------------------------
distributed.worker - INFO -       Start worker at:     tcp://10.32.2.18:41799
distributed.worker - INFO -          Listening to:     tcp://10.32.2.18:41799
distributed.worker - INFO -          dashboard at:           10.32.2.18:33145
distributed.worker - INFO - Waiting to connect to: tcp://188.185.68.194:34877
distributed.worker - INFO - -------------------------------------------------
distributed.worker - INFO -               Threads:                          1
distributed.worker - INFO -                Memory:                  14.90 GiB
distributed.worker - INFO -       Local Directory: /tmp/ikabadzh/dask-worker-space/worker-zazk53yf
distributed.worker - INFO - -------------------------------------------------
distributed.worker - INFO -       Start worker at:     tcp://10.32.2.18:38599
distributed.worker - INFO -          Listening to:     tcp://10.32.2.18:38599
distributed.worker - INFO -          dashboard at:           10.32.2.18:36837
distributed.worker - INFO - Waiting to connect to: tcp://188.185.68.194:34877
distributed.worker - INFO - -------------------------------------------------
distributed.worker - INFO -               Threads:                          1
distributed.worker - INFO -                Memory:                  14.90 GiB
distributed.worker - INFO -       Local Directory: /tmp/ikabadzh/dask-worker-space/worker-le1titwg
distributed.worker - INFO - -------------------------------------------------
distributed.worker - INFO -       Start worker at:     tcp://10.32.2.18:40835
distributed.worker - INFO -          Listening to:     tcp://10.32.2.18:40835
distributed.worker - INFO -          dashboard at:           10.32.2.18:45777
distributed.worker - INFO - Waiting to connect to: tcp://188.185.68.194:34877
distributed.worker - INFO - -------------------------------------------------
distributed.worker - INFO -               Threads:                          1
distributed.worker - INFO -                Memory:                  14.90 GiB
distributed.worker - INFO -       Local Directory: /tmp/ikabadzh/dask-worker-space/worker-5fwszhaw
distributed.worker - INFO - -------------------------------------------------
distributed.worker - INFO -       Start worker at:     tcp://10.32.2.18:41205
distributed.worker - INFO -          Listening to:     tcp://10.32.2.18:41205
distributed.worker - INFO -          dashboard at:           10.32.2.18:36563
distributed.worker - INFO - Waiting to connect to: tcp://188.185.68.194:34877
distributed.worker - INFO - -------------------------------------------------
distributed.worker - INFO -               Threads:                          1
distributed.worker - INFO -                Memory:                  14.90 GiB
distributed.worker - INFO -       Local Directory: /tmp/ikabadzh/dask-worker-space/worker-35hpdf8q
distributed.worker - INFO - -------------------------------------------------
distributed.worker - INFO -       Start worker at:     tcp://10.32.2.18:46809
distributed.worker - INFO -          Listening to:     tcp://10.32.2.18:46809
distributed.worker - INFO -          dashboard at:           10.32.2.18:40809
distributed.worker - INFO - Waiting to connect to: tcp://188.185.68.194:34877
distributed.worker - INFO - -------------------------------------------------
distributed.worker - INFO -               Threads:                          1
distributed.worker - INFO -                Memory:                  14.90 GiB
distributed.worker - INFO -       Local Directory: /tmp/ikabadzh/dask-worker-space/worker-ph_e67l0
distributed.worker - INFO - -------------------------------------------------
distributed.worker - INFO -       Start worker at:     tcp://10.32.2.18:35613
distributed.worker - INFO -          Listening to:     tcp://10.32.2.18:35613
distributed.worker - INFO -          dashboard at:           10.32.2.18:41845
distributed.worker - INFO - Waiting to connect to: tcp://188.185.68.194:34877
distributed.worker - INFO - -------------------------------------------------
distributed.worker - INFO -               Threads:                          1
distributed.worker - INFO -                Memory:                  14.90 GiB
distributed.worker - INFO -       Local Directory: /tmp/ikabadzh/dask-worker-space/worker-z1387hud
distributed.worker - INFO - -------------------------------------------------
distributed.worker - INFO -       Start worker at:     tcp://10.32.2.18:35331
distributed.worker - INFO -          Listening to:     tcp://10.32.2.18:35331
distributed.worker - INFO -          dashboard at:           10.32.2.18:40451
distributed.worker - INFO - Waiting to connect to: tcp://188.185.68.194:34877
distributed.worker - INFO - -------------------------------------------------
distributed.worker - INFO -               Threads:                          1
distributed.worker - INFO -                Memory:                  14.90 GiB
distributed.worker - INFO -       Local Directory: /tmp/ikabadzh/dask-worker-space/worker-3herload
distributed.worker - INFO - -------------------------------------------------
distributed.worker - INFO -       Start worker at:     tcp://10.32.2.18:45953
distributed.worker - INFO -          Listening to:     tcp://10.32.2.18:45953
distributed.worker - INFO -          dashboard at:           10.32.2.18:34213
distributed.worker - INFO - Waiting to connect to: tcp://188.185.68.194:34877
distributed.worker - INFO - -------------------------------------------------
distributed.worker - INFO -               Threads:                          1
distributed.worker - INFO -                Memory:                  14.90 GiB
distributed.worker - INFO -       Local Directory: /tmp/ikabadzh/dask-worker-space/worker-zqqkeffi
distributed.worker - INFO - -------------------------------------------------
distributed.worker - INFO -       Start worker at:     tcp://10.32.2.18:40403
distributed.worker - INFO -          Listening to:     tcp://10.32.2.18:40403
distributed.worker - INFO -          dashboard at:           10.32.2.18:45137
distributed.worker - INFO - Waiting to connect to: tcp://188.185.68.194:34877
distributed.worker - INFO - -------------------------------------------------
distributed.worker - INFO -               Threads:                          1
distributed.worker - INFO -                Memory:                  14.90 GiB
distributed.worker - INFO -       Local Directory: /tmp/ikabadzh/dask-worker-space/worker-udiizj30
distributed.worker - INFO - -------------------------------------------------
distributed.worker - INFO -       Start worker at:     tcp://10.32.2.18:45093
distributed.worker - INFO -          Listening to:     tcp://10.32.2.18:45093
distributed.worker - INFO -          dashboard at:           10.32.2.18:34777
distributed.worker - INFO - Waiting to connect to: tcp://188.185.68.194:34877
distributed.worker - INFO - -------------------------------------------------
distributed.worker - INFO -               Threads:                          1
distributed.worker - INFO -                Memory:                  14.90 GiB
distributed.worker - INFO -       Local Directory: /tmp/ikabadzh/dask-worker-space/worker-ys5e0teg
distributed.worker - INFO - -------------------------------------------------
distributed.worker - INFO -       Start worker at:     tcp://10.32.2.18:46593
distributed.worker - INFO -          Listening to:     tcp://10.32.2.18:46593
distributed.worker - INFO -          dashboard at:           10.32.2.18:33245
distributed.worker - INFO - Waiting to connect to: tcp://188.185.68.194:34877
distributed.worker - INFO - -------------------------------------------------
distributed.worker - INFO -               Threads:                          1
distributed.worker - INFO -                Memory:                  14.90 GiB
distributed.worker - INFO -       Local Directory: /tmp/ikabadzh/dask-worker-space/worker-05fs19xy
distributed.worker - INFO - -------------------------------------------------
distributed.worker - INFO -       Start worker at:     tcp://10.32.2.18:43245
distributed.worker - INFO -          Listening to:     tcp://10.32.2.18:43245
distributed.worker - INFO -          dashboard at:           10.32.2.18:35079
distributed.worker - INFO - Waiting to connect to: tcp://188.185.68.194:34877
distributed.worker - INFO - -------------------------------------------------
distributed.worker - INFO -               Threads:                          1
distributed.worker - INFO -                Memory:                  14.90 GiB
distributed.worker - INFO -       Local Directory: /tmp/ikabadzh/dask-worker-space/worker-deohye1x
distributed.worker - INFO - -------------------------------------------------
distributed.worker - INFO -       Start worker at:     tcp://10.32.2.18:36077
distributed.worker - INFO -          Listening to:     tcp://10.32.2.18:36077
distributed.worker - INFO -          dashboard at:           10.32.2.18:46871
distributed.worker - INFO - Waiting to connect to: tcp://188.185.68.194:34877
distributed.worker - INFO - -------------------------------------------------
distributed.worker - INFO -               Threads:                          1
distributed.worker - INFO -                Memory:                  14.90 GiB
distributed.worker - INFO -       Local Directory: /tmp/ikabadzh/dask-worker-space/worker-iz9lery2
distributed.worker - INFO - -------------------------------------------------
distributed.worker - INFO -       Start worker at:     tcp://10.32.2.18:46749
distributed.worker - INFO -          Listening to:     tcp://10.32.2.18:46749
distributed.worker - INFO -          dashboard at:           10.32.2.18:45703
distributed.worker - INFO - Waiting to connect to: tcp://188.185.68.194:34877
distributed.worker - INFO - -------------------------------------------------
distributed.worker - INFO -               Threads:                          1
distributed.worker - INFO -                Memory:                  14.90 GiB
distributed.worker - INFO -       Local Directory: /tmp/ikabadzh/dask-worker-space/worker-0ct69cat
distributed.worker - INFO - -------------------------------------------------
distributed.worker - INFO -       Start worker at:     tcp://10.32.2.18:44279
distributed.worker - INFO -          Listening to:     tcp://10.32.2.18:44279
distributed.worker - INFO -          dashboard at:           10.32.2.18:45527
distributed.worker - INFO - Waiting to connect to: tcp://188.185.68.194:34877
distributed.worker - INFO - -------------------------------------------------
distributed.worker - INFO -               Threads:                          1
distributed.worker - INFO -                Memory:                  14.90 GiB
distributed.worker - INFO -       Local Directory: /tmp/ikabadzh/dask-worker-space/worker-uzeuh6vi
distributed.worker - INFO - -------------------------------------------------
distributed.worker - INFO -       Start worker at:     tcp://10.32.2.18:40609
distributed.worker - INFO -          Listening to:     tcp://10.32.2.18:40609
distributed.worker - INFO -          dashboard at:           10.32.2.18:34195
distributed.worker - INFO - Waiting to connect to: tcp://188.185.68.194:34877
distributed.worker - INFO - -------------------------------------------------
distributed.worker - INFO -               Threads:                          1
distributed.worker - INFO -                Memory:                  14.90 GiB
distributed.worker - INFO -       Local Directory: /tmp/ikabadzh/dask-worker-space/worker-3wlxr76g
distributed.worker - INFO - -------------------------------------------------
distributed.worker - INFO -       Start worker at:     tcp://10.32.2.18:41739
distributed.worker - INFO -          Listening to:     tcp://10.32.2.18:41739
distributed.worker - INFO -          dashboard at:           10.32.2.18:38769
distributed.worker - INFO - Waiting to connect to: tcp://188.185.68.194:34877
distributed.worker - INFO - -------------------------------------------------
distributed.worker - INFO -               Threads:                          1
distributed.worker - INFO -                Memory:                  14.90 GiB
distributed.worker - INFO -       Local Directory: /tmp/ikabadzh/dask-worker-space/worker-uf3fpj_a
distributed.worker - INFO - -------------------------------------------------
distributed.worker - INFO -       Start worker at:     tcp://10.32.2.18:38315
distributed.worker - INFO -          Listening to:     tcp://10.32.2.18:38315
distributed.worker - INFO -          dashboard at:           10.32.2.18:44659
distributed.worker - INFO - Waiting to connect to: tcp://188.185.68.194:34877
distributed.worker - INFO - -------------------------------------------------
distributed.worker - INFO -               Threads:                          1
distributed.worker - INFO -                Memory:                  14.90 GiB
distributed.worker - INFO -       Local Directory: /tmp/ikabadzh/dask-worker-space/worker-v6vq9gpl
distributed.worker - INFO - -------------------------------------------------
distributed.worker - INFO -       Start worker at:     tcp://10.32.2.18:42923
distributed.worker - INFO -          Listening to:     tcp://10.32.2.18:42923
distributed.worker - INFO -          dashboard at:           10.32.2.18:40137
distributed.worker - INFO - Waiting to connect to: tcp://188.185.68.194:34877
distributed.worker - INFO - -------------------------------------------------
distributed.worker - INFO -               Threads:                          1
distributed.worker - INFO -                Memory:                  14.90 GiB
distributed.worker - INFO -       Local Directory: /tmp/ikabadzh/dask-worker-space/worker-0z_rz971
distributed.worker - INFO - -------------------------------------------------
distributed.worker - INFO -       Start worker at:     tcp://10.32.2.18:45655
distributed.worker - INFO -          Listening to:     tcp://10.32.2.18:45655
distributed.worker - INFO -          dashboard at:           10.32.2.18:36025
distributed.worker - INFO - Waiting to connect to: tcp://188.185.68.194:34877
distributed.worker - INFO - -------------------------------------------------
distributed.worker - INFO -               Threads:                          1
distributed.worker - INFO -                Memory:                  14.90 GiB
distributed.worker - INFO -       Local Directory: /tmp/ikabadzh/dask-worker-space/worker-k4uukw7l
distributed.worker - INFO - -------------------------------------------------
distributed.worker - INFO -       Start worker at:     tcp://10.32.2.18:35557
distributed.worker - INFO -          Listening to:     tcp://10.32.2.18:35557
distributed.worker - INFO -          dashboard at:           10.32.2.18:44959
distributed.worker - INFO - Waiting to connect to: tcp://188.185.68.194:34877
distributed.worker - INFO - -------------------------------------------------
distributed.worker - INFO -               Threads:                          1
distributed.worker - INFO -                Memory:                  14.90 GiB
distributed.worker - INFO -       Local Directory: /tmp/ikabadzh/dask-worker-space/worker-hfvcke7y
distributed.worker - INFO - -------------------------------------------------
distributed.worker - INFO -       Start worker at:     tcp://10.32.2.18:37067
distributed.worker - INFO -          Listening to:     tcp://10.32.2.18:37067
distributed.worker - INFO -          dashboard at:           10.32.2.18:37211
distributed.worker - INFO - Waiting to connect to: tcp://188.185.68.194:34877
distributed.worker - INFO - -------------------------------------------------
distributed.worker - INFO -               Threads:                          1
distributed.worker - INFO -                Memory:                  14.90 GiB
distributed.worker - INFO -       Local Directory: /tmp/ikabadzh/dask-worker-space/worker-ljx_34ml
distributed.worker - INFO - -------------------------------------------------
distributed.worker - INFO -         Registered to: tcp://188.185.68.194:34877
distributed.worker - INFO - -------------------------------------------------
distributed.core - INFO - Starting established connection
distributed.worker - INFO -         Registered to: tcp://188.185.68.194:34877
distributed.worker - INFO - -------------------------------------------------
distributed.core - INFO - Starting established connection
distributed.worker - INFO -         Registered to: tcp://188.185.68.194:34877
distributed.worker - INFO - -------------------------------------------------
distributed.core - INFO - Starting established connection
distributed.worker - INFO -         Registered to: tcp://188.185.68.194:34877
distributed.worker - INFO - -------------------------------------------------
distributed.core - INFO - Starting established connection
distributed.worker - INFO -         Registered to: tcp://188.185.68.194:34877
distributed.worker - INFO - -------------------------------------------------
distributed.core - INFO - Starting established connection
distributed.worker - INFO -         Registered to: tcp://188.185.68.194:34877
distributed.worker - INFO - -------------------------------------------------
distributed.core - INFO - Starting established connection
distributed.worker - INFO -         Registered to: tcp://188.185.68.194:34877
distributed.worker - INFO - -------------------------------------------------
distributed.core - INFO - Starting established connection
distributed.worker - INFO -         Registered to: tcp://188.185.68.194:34877
distributed.worker - INFO - -------------------------------------------------
distributed.core - INFO - Starting established connection
distributed.worker - INFO -         Registered to: tcp://188.185.68.194:34877
distributed.worker - INFO - -------------------------------------------------
distributed.core - INFO - Starting established connection
distributed.worker - INFO -         Registered to: tcp://188.185.68.194:34877
distributed.worker - INFO - -------------------------------------------------
distributed.core - INFO - Starting established connection
distributed.worker - INFO -         Registered to: tcp://188.185.68.194:34877
distributed.worker - INFO - -------------------------------------------------
distributed.core - INFO - Starting established connection
distributed.worker - INFO -         Registered to: tcp://188.185.68.194:34877
distributed.worker - INFO - -------------------------------------------------
distributed.core - INFO - Starting established connection
distributed.worker - INFO -         Registered to: tcp://188.185.68.194:34877
distributed.worker - INFO - -------------------------------------------------
distributed.core - INFO - Starting established connection
distributed.worker - INFO -         Registered to: tcp://188.185.68.194:34877
distributed.worker - INFO - -------------------------------------------------
distributed.core - INFO - Starting established connection
distributed.worker - INFO -         Registered to: tcp://188.185.68.194:34877
distributed.worker - INFO - -------------------------------------------------
distributed.core - INFO - Starting established connection
distributed.worker - INFO -         Registered to: tcp://188.185.68.194:34877
distributed.worker - INFO - -------------------------------------------------
distributed.core - INFO - Starting established connection
distributed.worker - INFO -         Registered to: tcp://188.185.68.194:34877
distributed.worker - INFO - -------------------------------------------------
distributed.core - INFO - Starting established connection
distributed.worker - INFO -         Registered to: tcp://188.185.68.194:34877
distributed.worker - INFO - -------------------------------------------------
distributed.core - INFO - Starting established connection
distributed.worker - INFO -         Registered to: tcp://188.185.68.194:34877
distributed.worker - INFO - -------------------------------------------------
distributed.core - INFO - Starting established connection
distributed.worker - INFO -         Registered to: tcp://188.185.68.194:34877
distributed.worker - INFO - -------------------------------------------------
distributed.core - INFO - Starting established connection
distributed.worker - INFO -         Registered to: tcp://188.185.68.194:34877
distributed.worker - INFO - -------------------------------------------------
distributed.core - INFO - Starting established connection
distributed.worker - INFO -         Registered to: tcp://188.185.68.194:34877
distributed.worker - INFO - -------------------------------------------------
distributed.core - INFO - Starting established connection
distributed.worker - INFO -         Registered to: tcp://188.185.68.194:34877
distributed.worker - INFO - -------------------------------------------------
distributed.core - INFO - Starting established connection
distributed.worker - INFO -         Registered to: tcp://188.185.68.194:34877
distributed.worker - INFO - -------------------------------------------------
distributed.core - INFO - Starting established connection
distributed.core - INFO - Event loop was unresponsive in Worker for 3.89s.  This is often caused by long-running GIL-holding functions or moving large chunks of data. This can cause timeouts and instability.
distributed.core - INFO - Event loop was unresponsive in Worker for 3.93s.  This is often caused by long-running GIL-holding functions or moving large chunks of data. This can cause timeouts and instability.
distributed.core - INFO - Event loop was unresponsive in Worker for 4.05s.  This is often caused by long-running GIL-holding functions or moving large chunks of data. This can cause timeouts and instability.
distributed.core - INFO - Event loop was unresponsive in Worker for 4.05s.  This is often caused by long-running GIL-holding functions or moving large chunks of data. This can cause timeouts and instability.
distributed.core - INFO - Event loop was unresponsive in Worker for 4.06s.  This is often caused by long-running GIL-holding functions or moving large chunks of data. This can cause timeouts and instability.
distributed.core - INFO - Event loop was unresponsive in Worker for 4.07s.  This is often caused by long-running GIL-holding functions or moving large chunks of data. This can cause timeouts and instability.
distributed.core - INFO - Event loop was unresponsive in Worker for 4.08s.  This is often caused by long-running GIL-holding functions or moving large chunks of data. This can cause timeouts and instability.
distributed.core - INFO - Event loop was unresponsive in Worker for 4.10s.  This is often caused by long-running GIL-holding functions or moving large chunks of data. This can cause timeouts and instability.
distributed.core - INFO - Event loop was unresponsive in Worker for 4.11s.  This is often caused by long-running GIL-holding functions or moving large chunks of data. This can cause timeouts and instability.
distributed.core - INFO - Event loop was unresponsive in Worker for 4.13s.  This is often caused by long-running GIL-holding functions or moving large chunks of data. This can cause timeouts and instability.
distributed.core - INFO - Event loop was unresponsive in Worker for 4.30s.  This is often caused by long-running GIL-holding functions or moving large chunks of data. This can cause timeouts and instability.
distributed.core - INFO - Event loop was unresponsive in Worker for 4.33s.  This is often caused by long-running GIL-holding functions or moving large chunks of data. This can cause timeouts and instability.
distributed.core - INFO - Event loop was unresponsive in Worker for 4.38s.  This is often caused by long-running GIL-holding functions or moving large chunks of data. This can cause timeouts and instability.
distributed.core - INFO - Event loop was unresponsive in Worker for 4.61s.  This is often caused by long-running GIL-holding functions or moving large chunks of data. This can cause timeouts and instability.
distributed.core - INFO - Event loop was unresponsive in Worker for 4.79s.  This is often caused by long-running GIL-holding functions or moving large chunks of data. This can cause timeouts and instability.
distributed.core - INFO - Event loop was unresponsive in Worker for 4.79s.  This is often caused by long-running GIL-holding functions or moving large chunks of data. This can cause timeouts and instability.
distributed.core - INFO - Event loop was unresponsive in Worker for 4.85s.  This is often caused by long-running GIL-holding functions or moving large chunks of data. This can cause timeouts and instability.
distributed.core - INFO - Event loop was unresponsive in Worker for 4.86s.  This is often caused by long-running GIL-holding functions or moving large chunks of data. This can cause timeouts and instability.
distributed.core - INFO - Event loop was unresponsive in Worker for 4.88s.  This is often caused by long-running GIL-holding functions or moving large chunks of data. This can cause timeouts and instability.
distributed.core - INFO - Event loop was unresponsive in Worker for 4.91s.  This is often caused by long-running GIL-holding functions or moving large chunks of data. This can cause timeouts and instability.
distributed.core - INFO - Event loop was unresponsive in Worker for 4.90s.  This is often caused by long-running GIL-holding functions or moving large chunks of data. This can cause timeouts and instability.
distributed.core - INFO - Event loop was unresponsive in Worker for 4.91s.  This is often caused by long-running GIL-holding functions or moving large chunks of data. This can cause timeouts and instability.
distributed.core - INFO - Event loop was unresponsive in Worker for 4.90s.  This is often caused by long-running GIL-holding functions or moving large chunks of data. This can cause timeouts and instability.
distributed.core - INFO - Event loop was unresponsive in Worker for 4.91s.  This is often caused by long-running GIL-holding functions or moving large chunks of data. This can cause timeouts and instability.
Info in <[ROOT.RDF] Info /hpcscratch/user/ikabadzh/root/tree/dataframe/src/RLoopManager.cxx:738 in void ROOT::Detail::RDF::RLoopManager::Run()>: Starting event loop number 0.
Info in <[ROOT.RDF] Info /hpcscratch/user/ikabadzh/root/tree/dataframe/src/RLoopManager.cxx:738 in void ROOT::Detail::RDF::RLoopManager::Run()>: Starting event loop number 0.
Info in <[ROOT.RDF] Info /hpcscratch/user/ikabadzh/root/tree/dataframe/src/RLoopManager.cxx:738 in void ROOT::Detail::RDF::RLoopManager::Run()>: Starting event loop number 0.
Info in <[ROOT.RDF] Info /hpcscratch/user/ikabadzh/root/tree/dataframe/src/RLoopManager.cxx:738 in void ROOT::Detail::RDF::RLoopManager::Run()>: Starting event loop number 0.
Info in <[ROOT.RDF] Info /hpcscratch/user/ikabadzh/root/tree/dataframe/src/RLoopManager.cxx:738 in void ROOT::Detail::RDF::RLoopManager::Run()>: Starting event loop number 0.
Info in <[ROOT.RDF] Info /hpcscratch/user/ikabadzh/root/tree/dataframe/src/RLoopManager.cxx:738 in void ROOT::Detail::RDF::RLoopManager::Run()>: Starting event loop number 0.
Info in <[ROOT.RDF] Info /hpcscratch/user/ikabadzh/root/tree/dataframe/src/RLoopManager.cxx:738 in void ROOT::Detail::RDF::RLoopManager::Run()>: Starting event loop number 0.
Info in <[ROOT.RDF] Info /hpcscratch/user/ikabadzh/root/tree/dataframe/src/RLoopManager.cxx:738 in void ROOT::Detail::RDF::RLoopManager::Run()>: Starting event loop number 0.
Info in <[ROOT.RDF] Info /hpcscratch/user/ikabadzh/root/tree/dataframe/src/RLoopManager.cxx:738 in void ROOT::Detail::RDF::RLoopManager::Run()>: Starting event loop number 0.
Info in <[ROOT.RDF] Info /hpcscratch/user/ikabadzh/root/tree/dataframe/src/RLoopManager.cxx:738 in void ROOT::Detail::RDF::RLoopManager::Run()>: Starting event loop number 0.
Info in <[ROOT.RDF] Info /hpcscratch/user/ikabadzh/root/tree/dataframe/src/RLoopManager.cxx:738 in void ROOT::Detail::RDF::RLoopManager::Run()>: Starting event loop number 0.
Info in <[ROOT.RDF] Info /hpcscratch/user/ikabadzh/root/tree/dataframe/src/RLoopManager.cxx:738 in void ROOT::Detail::RDF::RLoopManager::Run()>: Starting event loop number 0.
Info in <[ROOT.RDF] Info /hpcscratch/user/ikabadzh/root/tree/dataframe/src/RLoopManager.cxx:738 in void ROOT::Detail::RDF::RLoopManager::Run()>: Starting event loop number 0.
Info in <[ROOT.RDF] Info /hpcscratch/user/ikabadzh/root/tree/dataframe/src/RLoopManager.cxx:738 in void ROOT::Detail::RDF::RLoopManager::Run()>: Starting event loop number 0.
Info in <[ROOT.RDF] Info /hpcscratch/user/ikabadzh/root/tree/dataframe/src/RLoopManager.cxx:738 in void ROOT::Detail::RDF::RLoopManager::Run()>: Starting event loop number 0.
Info in <[ROOT.RDF] Info /hpcscratch/user/ikabadzh/root/tree/dataframe/src/RLoopManager.cxx:738 in void ROOT::Detail::RDF::RLoopManager::Run()>: Starting event loop number 0.
Info in <[ROOT.RDF] Info /hpcscratch/user/ikabadzh/root/tree/dataframe/src/RLoopManager.cxx:738 in void ROOT::Detail::RDF::RLoopManager::Run()>: Starting event loop number 0.
Info in <[ROOT.RDF] Info /hpcscratch/user/ikabadzh/root/tree/dataframe/src/RLoopManager.cxx:738 in void ROOT::Detail::RDF::RLoopManager::Run()>: Starting event loop number 0.
Info in <[ROOT.RDF] Info /hpcscratch/user/ikabadzh/root/tree/dataframe/src/RLoopManager.cxx:738 in void ROOT::Detail::RDF::RLoopManager::Run()>: Starting event loop number 0.
Info in <[ROOT.RDF] Info /hpcscratch/user/ikabadzh/root/tree/dataframe/src/RLoopManager.cxx:738 in void ROOT::Detail::RDF::RLoopManager::Run()>: Starting event loop number 0.
Info in <[ROOT.RDF] Info /hpcscratch/user/ikabadzh/root/tree/dataframe/src/RLoopManager.cxx:738 in void ROOT::Detail::RDF::RLoopManager::Run()>: Starting event loop number 0.
Info in <[ROOT.RDF] Info /hpcscratch/user/ikabadzh/root/tree/dataframe/src/RLoopManager.cxx:738 in void ROOT::Detail::RDF::RLoopManager::Run()>: Starting event loop number 0.
Info in <[ROOT.RDF] Info /hpcscratch/user/ikabadzh/root/tree/dataframe/src/RLoopManager.cxx:738 in void ROOT::Detail::RDF::RLoopManager::Run()>: Starting event loop number 0.
Info in <[ROOT.RDF] Info /hpcscratch/user/ikabadzh/root/tree/dataframe/src/RLoopManager.cxx:738 in void ROOT::Detail::RDF::RLoopManager::Run()>: Starting event loop number 0.
Info in <[ROOT.RDF] Info /hpcscratch/user/ikabadzh/root/tree/dataframe/src/RLoopManager.cxx:713 in void ROOT::Detail::RDF::RLoopManager::Jit()>: Just-in-time compilation phase completed in 2.413644 seconds.
Info in <[ROOT.RDF] Info /hpcscratch/user/ikabadzh/root/tree/dataframe/src/RLoopManager.cxx:480 in void ROOT::Detail::RDF::RLoopManager::RunTreeReader()>: Processing trees {Events} in files {input_files/dimuon/f314.root}: entry range [0,61540412], using slot 0 in thread 139955639457536.
Info in <[ROOT.RDF] Info /hpcscratch/user/ikabadzh/root/tree/dataframe/src/RLoopManager.cxx:713 in void ROOT::Detail::RDF::RLoopManager::Jit()>: Just-in-time compilation phase completed in 2.424623 seconds.
Info in <[ROOT.RDF] Info /hpcscratch/user/ikabadzh/root/tree/dataframe/src/RLoopManager.cxx:480 in void ROOT::Detail::RDF::RLoopManager::RunTreeReader()>: Processing trees {Events} in files {input_files/dimuon/f405.root}: entry range [0,61540412], using slot 0 in thread 140521086265088.
Info in <[ROOT.RDF] Info /hpcscratch/user/ikabadzh/root/tree/dataframe/src/RLoopManager.cxx:713 in void ROOT::Detail::RDF::RLoopManager::Jit()>: Just-in-time compilation phase completed in 2.421912 seconds.
Info in <[ROOT.RDF] Info /hpcscratch/user/ikabadzh/root/tree/dataframe/src/RLoopManager.cxx:480 in void ROOT::Detail::RDF::RLoopManager::RunTreeReader()>: Processing trees {Events} in files {input_files/dimuon/f320.root}: entry range [0,61540412], using slot 0 in thread 140122470147840.
Info in <[ROOT.RDF] Info /hpcscratch/user/ikabadzh/root/tree/dataframe/src/RLoopManager.cxx:713 in void ROOT::Detail::RDF::RLoopManager::Jit()>: Just-in-time compilation phase completed in 2.398191 seconds.
Info in <[ROOT.RDF] Info /hpcscratch/user/ikabadzh/root/tree/dataframe/src/RLoopManager.cxx:480 in void ROOT::Detail::RDF::RLoopManager::RunTreeReader()>: Processing trees {Events} in files {input_files/dimuon/f406.root}: entry range [0,61540412], using slot 0 in thread 139722610079488.
Info in <[ROOT.RDF] Info /hpcscratch/user/ikabadzh/root/tree/dataframe/src/RLoopManager.cxx:713 in void ROOT::Detail::RDF::RLoopManager::Jit()>: Just-in-time compilation phase completed in 2.425178 seconds.
Info in <[ROOT.RDF] Info /hpcscratch/user/ikabadzh/root/tree/dataframe/src/RLoopManager.cxx:480 in void ROOT::Detail::RDF::RLoopManager::RunTreeReader()>: Processing trees {Events} in files {input_files/dimuon/f316.root}: entry range [0,61540412], using slot 0 in thread 139619143366400.
Info in <[ROOT.RDF] Info /hpcscratch/user/ikabadzh/root/tree/dataframe/src/RLoopManager.cxx:713 in void ROOT::Detail::RDF::RLoopManager::Jit()>: Just-in-time compilation phase completed in 2.441594 seconds.
Info in <[ROOT.RDF] Info /hpcscratch/user/ikabadzh/root/tree/dataframe/src/RLoopManager.cxx:480 in void ROOT::Detail::RDF::RLoopManager::RunTreeReader()>: Processing trees {Events} in files {input_files/dimuon/f406.root}: entry range [0,61540412], using slot 0 in thread 140406057789184.
Info in <[ROOT.RDF] Info /hpcscratch/user/ikabadzh/root/tree/dataframe/src/RLoopManager.cxx:713 in void ROOT::Detail::RDF::RLoopManager::Jit()>: Just-in-time compilation phase completed in 2.424382 seconds.
Info in <[ROOT.RDF] Info /hpcscratch/user/ikabadzh/root/tree/dataframe/src/RLoopManager.cxx:480 in void ROOT::Detail::RDF::RLoopManager::RunTreeReader()>: Processing trees {Events} in files {input_files/dimuon/f401.root}: entry range [0,61540412], using slot 0 in thread 140463545628416.
Info in <[ROOT.RDF] Info /hpcscratch/user/ikabadzh/root/tree/dataframe/src/RLoopManager.cxx:713 in void ROOT::Detail::RDF::RLoopManager::Jit()>: Just-in-time compilation phase completed in 2.434563 seconds.
Info in <[ROOT.RDF] Info /hpcscratch/user/ikabadzh/root/tree/dataframe/src/RLoopManager.cxx:480 in void ROOT::Detail::RDF::RLoopManager::RunTreeReader()>: Processing trees {Events} in files {input_files/dimuon/f316.root}: entry range [0,61540412], using slot 0 in thread 139724221368064.
Info in <[ROOT.RDF] Info /hpcscratch/user/ikabadzh/root/tree/dataframe/src/RLoopManager.cxx:713 in void ROOT::Detail::RDF::RLoopManager::Jit()>: Just-in-time compilation phase completed in 2.435659 seconds.
Info in <[ROOT.RDF] Info /hpcscratch/user/ikabadzh/root/tree/dataframe/src/RLoopManager.cxx:480 in void ROOT::Detail::RDF::RLoopManager::RunTreeReader()>: Processing trees {Events} in files {input_files/dimuon/f324.root}: entry range [0,61540412], using slot 0 in thread 139918684346112.
Info in <[ROOT.RDF] Info /hpcscratch/user/ikabadzh/root/tree/dataframe/src/RLoopManager.cxx:713 in void ROOT::Detail::RDF::RLoopManager::Jit()>: Just-in-time compilation phase completed in 2.516601 seconds.
Info in <[ROOT.RDF] Info /hpcscratch/user/ikabadzh/root/tree/dataframe/src/RLoopManager.cxx:480 in void ROOT::Detail::RDF::RLoopManager::RunTreeReader()>: Processing trees {Events} in files {input_files/dimuon/f324.root}: entry range [0,61540412], using slot 0 in thread 140102977513216.
Info in <[ROOT.RDF] Info /hpcscratch/user/ikabadzh/root/tree/dataframe/src/RLoopManager.cxx:713 in void ROOT::Detail::RDF::RLoopManager::Jit()>: Just-in-time compilation phase completed in 2.389077 seconds.
Info in <[ROOT.RDF] Info /hpcscratch/user/ikabadzh/root/tree/dataframe/src/RLoopManager.cxx:480 in void ROOT::Detail::RDF::RLoopManager::RunTreeReader()>: Processing trees {Events} in files {input_files/dimuon/f317.root}: entry range [0,61540412], using slot 0 in thread 139991744009984.
Info in <[ROOT.RDF] Info /hpcscratch/user/ikabadzh/root/tree/dataframe/src/RLoopManager.cxx:713 in void ROOT::Detail::RDF::RLoopManager::Jit()>: Just-in-time compilation phase completed in 2.445003 seconds.
Info in <[ROOT.RDF] Info /hpcscratch/user/ikabadzh/root/tree/dataframe/src/RLoopManager.cxx:480 in void ROOT::Detail::RDF::RLoopManager::RunTreeReader()>: Processing trees {Events} in files {input_files/dimuon/f319.root}: entry range [0,61540412], using slot 0 in thread 140590820734720.
Info in <[ROOT.RDF] Info /hpcscratch/user/ikabadzh/root/tree/dataframe/src/RLoopManager.cxx:713 in void ROOT::Detail::RDF::RLoopManager::Jit()>: Just-in-time compilation phase completed in 2.405429 seconds.
Info in <[ROOT.RDF] Info /hpcscratch/user/ikabadzh/root/tree/dataframe/src/RLoopManager.cxx:480 in void ROOT::Detail::RDF::RLoopManager::RunTreeReader()>: Processing trees {Events} in files {input_files/dimuon/f313.root}: entry range [0,61540412], using slot 0 in thread 139913266312960.
Info in <[ROOT.RDF] Info /hpcscratch/user/ikabadzh/root/tree/dataframe/src/RLoopManager.cxx:713 in void ROOT::Detail::RDF::RLoopManager::Jit()>: Just-in-time compilation phase completed in 2.385904 seconds.
Info in <[ROOT.RDF] Info /hpcscratch/user/ikabadzh/root/tree/dataframe/src/RLoopManager.cxx:480 in void ROOT::Detail::RDF::RLoopManager::RunTreeReader()>: Processing trees {Events} in files {input_files/dimuon/f322.root}: entry range [0,61540412], using slot 0 in thread 140056386619136.
distributed.worker - INFO - Waiting to connect to: tcp://188.185.68.194:34877
Info in <[ROOT.RDF] Info /hpcscratch/user/ikabadzh/root/tree/dataframe/src/RLoopManager.cxx:713 in void ROOT::Detail::RDF::RLoopManager::Jit()>: Just-in-time compilation phase completed in 2.410878 seconds.
Info in <[ROOT.RDF] Info /hpcscratch/user/ikabadzh/root/tree/dataframe/src/RLoopManager.cxx:480 in void ROOT::Detail::RDF::RLoopManager::RunTreeReader()>: Processing trees {Events} in files {input_files/dimuon/f400.root}: entry range [0,61540412], using slot 0 in thread 139809095055104.
Info in <[ROOT.RDF] Info /hpcscratch/user/ikabadzh/root/tree/dataframe/src/RLoopManager.cxx:713 in void ROOT::Detail::RDF::RLoopManager::Jit()>: Just-in-time compilation phase completed in 2.391850 seconds.
Info in <[ROOT.RDF] Info /hpcscratch/user/ikabadzh/root/tree/dataframe/src/RLoopManager.cxx:480 in void ROOT::Detail::RDF::RLoopManager::RunTreeReader()>: Processing trees {Events} in files {input_files/dimuon/f401.root}: entry range [0,61540412], using slot 0 in thread 140459722094336.
Info in <[ROOT.RDF] Info /hpcscratch/user/ikabadzh/root/tree/dataframe/src/RLoopManager.cxx:713 in void ROOT::Detail::RDF::RLoopManager::Jit()>: Just-in-time compilation phase completed in 2.436264 seconds.
Info in <[ROOT.RDF] Info /hpcscratch/user/ikabadzh/root/tree/dataframe/src/RLoopManager.cxx:480 in void ROOT::Detail::RDF::RLoopManager::RunTreeReader()>: Processing trees {Events} in files {input_files/dimuon/f402.root}: entry range [0,61540412], using slot 0 in thread 140512234116864.
Info in <[ROOT.RDF] Info /hpcscratch/user/ikabadzh/root/tree/dataframe/src/RLoopManager.cxx:713 in void ROOT::Detail::RDF::RLoopManager::Jit()>: Just-in-time compilation phase completed in 2.442165 seconds.
Info in <[ROOT.RDF] Info /hpcscratch/user/ikabadzh/root/tree/dataframe/src/RLoopManager.cxx:480 in void ROOT::Detail::RDF::RLoopManager::RunTreeReader()>: Processing trees {Events} in files {input_files/dimuon/f403.root}: entry range [0,61540412], using slot 0 in thread 140112243070720.
Info in <[ROOT.RDF] Info /hpcscratch/user/ikabadzh/root/tree/dataframe/src/RLoopManager.cxx:713 in void ROOT::Detail::RDF::RLoopManager::Jit()>: Just-in-time compilation phase completed in 2.385650 seconds.
Info in <[ROOT.RDF] Info /hpcscratch/user/ikabadzh/root/tree/dataframe/src/RLoopManager.cxx:480 in void ROOT::Detail::RDF::RLoopManager::RunTreeReader()>: Processing trees {Events} in files {input_files/dimuon/f323.root}: entry range [0,61540412], using slot 0 in thread 140433834899200.
Info in <[ROOT.RDF] Info /hpcscratch/user/ikabadzh/root/tree/dataframe/src/RLoopManager.cxx:713 in void ROOT::Detail::RDF::RLoopManager::Jit()>: Just-in-time compilation phase completed in 2.419521 seconds.
Info in <[ROOT.RDF] Info /hpcscratch/user/ikabadzh/root/tree/dataframe/src/RLoopManager.cxx:480 in void ROOT::Detail::RDF::RLoopManager::RunTreeReader()>: Processing trees {Events} in files {input_files/dimuon/f319.root}: entry range [0,61540412], using slot 0 in thread 140527489447680.
Info in <[ROOT.RDF] Info /hpcscratch/user/ikabadzh/root/tree/dataframe/src/RLoopManager.cxx:713 in void ROOT::Detail::RDF::RLoopManager::Jit()>: Just-in-time compilation phase completed in 2.413086 seconds.
Info in <[ROOT.RDF] Info /hpcscratch/user/ikabadzh/root/tree/dataframe/src/RLoopManager.cxx:480 in void ROOT::Detail::RDF::RLoopManager::RunTreeReader()>: Processing trees {Events} in files {input_files/dimuon/f400.root}: entry range [0,61540412], using slot 0 in thread 140665902778112.
Info in <[ROOT.RDF] Info /hpcscratch/user/ikabadzh/root/tree/dataframe/src/RLoopManager.cxx:713 in void ROOT::Detail::RDF::RLoopManager::Jit()>: Just-in-time compilation phase completed in 2.440385 seconds.
Info in <[ROOT.RDF] Info /hpcscratch/user/ikabadzh/root/tree/dataframe/src/RLoopManager.cxx:480 in void ROOT::Detail::RDF::RLoopManager::RunTreeReader()>: Processing trees {Events} in files {input_files/dimuon/f318.root}: entry range [0,61540412], using slot 0 in thread 140409377539840.
Info in <[ROOT.RDF] Info /hpcscratch/user/ikabadzh/root/tree/dataframe/src/RLoopManager.cxx:713 in void ROOT::Detail::RDF::RLoopManager::Jit()>: Just-in-time compilation phase completed in 2.453902 seconds.
Info in <[ROOT.RDF] Info /hpcscratch/user/ikabadzh/root/tree/dataframe/src/RLoopManager.cxx:480 in void ROOT::Detail::RDF::RLoopManager::RunTreeReader()>: Processing trees {Events} in files {input_files/dimuon/f317.root}: entry range [0,61540412], using slot 0 in thread 140645078161152.
Info in <[ROOT.RDF] Info /hpcscratch/user/ikabadzh/root/tree/dataframe/src/RLoopManager.cxx:762 in void ROOT::Detail::RDF::RLoopManager::Run()>: Finished event loop number 0 (1.05s CPU, 1.0383s elapsed).
Info in <[ROOT.RDF] Info /hpcscratch/user/ikabadzh/root/tree/dataframe/src/RLoopManager.cxx:713 in void ROOT::Detail::RDF::RLoopManager::Jit()>: Just-in-time compilation phase completed in 2.503432 seconds.
Info in <[ROOT.RDF] Info /hpcscratch/user/ikabadzh/root/tree/dataframe/src/RLoopManager.cxx:480 in void ROOT::Detail::RDF::RLoopManager::RunTreeReader()>: Processing trees {Events} in files {input_files/dimuon/f320.root}: entry range [0,61540412], using slot 0 in thread 140409514903296.
Info in <[ROOT.RDF] Info /hpcscratch/user/ikabadzh/root/tree/dataframe/src/RLoopManager.cxx:762 in void ROOT::Detail::RDF::RLoopManager::Run()>: Finished event loop number 0 (1.04s CPU, 1.03222s elapsed).
distributed.worker - INFO - Waiting to connect to: tcp://188.185.68.194:34877
distributed.worker - INFO - Waiting to connect to: tcp://188.185.68.194:34877
distributed.worker - INFO - Waiting to connect to: tcp://188.185.68.194:34877
distributed.worker - INFO - Waiting to connect to: tcp://188.185.68.194:34877
Info in <[ROOT.RDF] Info /hpcscratch/user/ikabadzh/root/tree/dataframe/src/RLoopManager.cxx:762 in void ROOT::Detail::RDF::RLoopManager::Run()>: Finished event loop number 0 (1.04s CPU, 1.03663s elapsed).
distributed.worker - INFO - Waiting to connect to: tcp://188.185.68.194:34877
Info in <[ROOT.RDF] Info /hpcscratch/user/ikabadzh/root/tree/dataframe/src/RLoopManager.cxx:762 in void ROOT::Detail::RDF::RLoopManager::Run()>: Finished event loop number 0 (1.06s CPU, 1.04042s elapsed).
distributed.worker - INFO - Waiting to connect to: tcp://188.185.68.194:34877
distributed.worker - INFO - Waiting to connect to: tcp://188.185.68.194:34877
Info in <[ROOT.RDF] Info /hpcscratch/user/ikabadzh/root/tree/dataframe/src/RLoopManager.cxx:762 in void ROOT::Detail::RDF::RLoopManager::Run()>: Finished event loop number 0 (1.06s CPU, 1.04472s elapsed).
Info in <[ROOT.RDF] Info /hpcscratch/user/ikabadzh/root/tree/dataframe/src/RLoopManager.cxx:738 in void ROOT::Detail::RDF::RLoopManager::Run()>: Starting event loop number 0.
Info in <[ROOT.RDF] Info /hpcscratch/user/ikabadzh/root/tree/dataframe/src/RLoopManager.cxx:762 in void ROOT::Detail::RDF::RLoopManager::Run()>: Finished event loop number 0 (1.03s CPU, 1.01792s elapsed).
Info in <[ROOT.RDF] Info /hpcscratch/user/ikabadzh/root/tree/dataframe/src/RLoopManager.cxx:762 in void ROOT::Detail::RDF::RLoopManager::Run()>: Finished event loop number 0 (1.04s CPU, 1.03317s elapsed).
Info in <[ROOT.RDF] Info /hpcscratch/user/ikabadzh/root/tree/dataframe/src/RLoopManager.cxx:738 in void ROOT::Detail::RDF::RLoopManager::Run()>: Starting event loop number 0.
Info in <[ROOT.RDF] Info /hpcscratch/user/ikabadzh/root/tree/dataframe/src/RLoopManager.cxx:762 in void ROOT::Detail::RDF::RLoopManager::Run()>: Finished event loop number 0 (1.04s CPU, 1.03389s elapsed).
Info in <[ROOT.RDF] Info /hpcscratch/user/ikabadzh/root/tree/dataframe/src/RLoopManager.cxx:762 in void ROOT::Detail::RDF::RLoopManager::Run()>: Finished event loop number 0 (1.05s CPU, 1.03348s elapsed).
Info in <[ROOT.RDF] Info /hpcscratch/user/ikabadzh/root/tree/dataframe/src/RLoopManager.cxx:762 in void ROOT::Detail::RDF::RLoopManager::Run()>: Finished event loop number 0 (1.5s CPU, 1.47406s elapsed).
Info in <[ROOT.RDF] Info /hpcscratch/user/ikabadzh/root/tree/dataframe/src/RLoopManager.cxx:762 in void ROOT::Detail::RDF::RLoopManager::Run()>: Finished event loop number 0 (1.54s CPU, 1.52663s elapsed).
Info in <[ROOT.RDF] Info /hpcscratch/user/ikabadzh/root/tree/dataframe/src/RLoopManager.cxx:762 in void ROOT::Detail::RDF::RLoopManager::Run()>: Finished event loop number 0 (1.5s CPU, 1.48322s elapsed).
Info in <[ROOT.RDF] Info /hpcscratch/user/ikabadzh/root/tree/dataframe/src/RLoopManager.cxx:762 in void ROOT::Detail::RDF::RLoopManager::Run()>: Finished event loop number 0 (1.55s CPU, 1.54186s elapsed).
Info in <[ROOT.RDF] Info /hpcscratch/user/ikabadzh/root/tree/dataframe/src/RLoopManager.cxx:762 in void ROOT::Detail::RDF::RLoopManager::Run()>: Finished event loop number 0 (1s CPU, 0.993566s elapsed).
Info in <[ROOT.RDF] Info /hpcscratch/user/ikabadzh/root/tree/dataframe/src/RLoopManager.cxx:762 in void ROOT::Detail::RDF::RLoopManager::Run()>: Finished event loop number 0 (1s CPU, 0.990407s elapsed).
Info in <[ROOT.RDF] Info /hpcscratch/user/ikabadzh/root/tree/dataframe/src/RLoopManager.cxx:762 in void ROOT::Detail::RDF::RLoopManager::Run()>: Finished event loop number 0 (1.06s CPU, 1.04775s elapsed).
Info in <[ROOT.RDF] Info /hpcscratch/user/ikabadzh/root/tree/dataframe/src/RLoopManager.cxx:738 in void ROOT::Detail::RDF::RLoopManager::Run()>: Starting event loop number 0.
Info in <[ROOT.RDF] Info /hpcscratch/user/ikabadzh/root/tree/dataframe/src/RLoopManager.cxx:762 in void ROOT::Detail::RDF::RLoopManager::Run()>: Finished event loop number 0 (1.05s CPU, 1.04757s elapsed).
Info in <[ROOT.RDF] Info /hpcscratch/user/ikabadzh/root/tree/dataframe/src/RLoopManager.cxx:762 in void ROOT::Detail::RDF::RLoopManager::Run()>: Finished event loop number 0 (0.99s CPU, 0.978363s elapsed).
Info in <[ROOT.RDF] Info /hpcscratch/user/ikabadzh/root/tree/dataframe/src/RLoopManager.cxx:762 in void ROOT::Detail::RDF::RLoopManager::Run()>: Finished event loop number 0 (0.98s CPU, 0.982744s elapsed).
Info in <[ROOT.RDF] Info /hpcscratch/user/ikabadzh/root/tree/dataframe/src/RLoopManager.cxx:762 in void ROOT::Detail::RDF::RLoopManager::Run()>: Finished event loop number 0 (1.48s CPU, 1.46223s elapsed).
Info in <[ROOT.RDF] Info /hpcscratch/user/ikabadzh/root/tree/dataframe/src/RLoopManager.cxx:762 in void ROOT::Detail::RDF::RLoopManager::Run()>: Finished event loop number 0 (1.04s CPU, 1.02303s elapsed).
Info in <[ROOT.RDF] Info /hpcscratch/user/ikabadzh/root/tree/dataframe/src/RLoopManager.cxx:713 in void ROOT::Detail::RDF::RLoopManager::Jit()>: Just-in-time compilation phase completed in 0.893887 seconds.
Info in <[ROOT.RDF] Info /hpcscratch/user/ikabadzh/root/tree/dataframe/src/RLoopManager.cxx:480 in void ROOT::Detail::RDF::RLoopManager::RunTreeReader()>: Processing trees {Events} in files {input_files/dimuon/f314.root}: entry range [0,61540412], using slot 0 in thread 139955639457536.
Info in <[ROOT.RDF] Info /hpcscratch/user/ikabadzh/root/tree/dataframe/src/RLoopManager.cxx:738 in void ROOT::Detail::RDF::RLoopManager::Run()>: Starting event loop number 0.
Info in <[ROOT.RDF] Info /hpcscratch/user/ikabadzh/root/tree/dataframe/src/RLoopManager.cxx:713 in void ROOT::Detail::RDF::RLoopManager::Jit()>: Just-in-time compilation phase completed in 0.893330 seconds.
Info in <[ROOT.RDF] Info /hpcscratch/user/ikabadzh/root/tree/dataframe/src/RLoopManager.cxx:480 in void ROOT::Detail::RDF::RLoopManager::RunTreeReader()>: Processing trees {Events,Events} in files {input_files/dimuon/f437.root,input_files/dimuon/f438.root}: entry range [0,123080825], using slot 0 in thread 140521086265088.
Info in <[ROOT.RDF] Info /hpcscratch/user/ikabadzh/root/tree/dataframe/src/RLoopManager.cxx:762 in void ROOT::Detail::RDF::RLoopManager::Run()>: Finished event loop number 0 (1.49s CPU, 1.47817s elapsed).
Info in <[ROOT.RDF] Info /hpcscratch/user/ikabadzh/root/tree/dataframe/src/RLoopManager.cxx:762 in void ROOT::Detail::RDF::RLoopManager::Run()>: Finished event loop number 0 (1.48s CPU, 1.4595s elapsed).
Info in <[ROOT.RDF] Info /hpcscratch/user/ikabadzh/root/tree/dataframe/src/RLoopManager.cxx:762 in void ROOT::Detail::RDF::RLoopManager::Run()>: Finished event loop number 0 (1.49s CPU, 1.47296s elapsed).
Info in <[ROOT.RDF] Info /hpcscratch/user/ikabadzh/root/tree/dataframe/src/RLoopManager.cxx:738 in void ROOT::Detail::RDF::RLoopManager::Run()>: Starting event loop number 0.
Info in <[ROOT.RDF] Info /hpcscratch/user/ikabadzh/root/tree/dataframe/src/RLoopManager.cxx:738 in void ROOT::Detail::RDF::RLoopManager::Run()>: Starting event loop number 0.
Info in <[ROOT.RDF] Info /hpcscratch/user/ikabadzh/root/tree/dataframe/src/RLoopManager.cxx:713 in void ROOT::Detail::RDF::RLoopManager::Jit()>: Just-in-time compilation phase completed in 0.885887 seconds.
Info in <[ROOT.RDF] Info /hpcscratch/user/ikabadzh/root/tree/dataframe/src/RLoopManager.cxx:480 in void ROOT::Detail::RDF::RLoopManager::RunTreeReader()>: Processing trees {Events} in files {input_files/dimuon/f437.root}: entry range [0,61540412], using slot 0 in thread 140463545628416.
Info in <[ROOT.RDF] Info /hpcscratch/user/ikabadzh/root/tree/dataframe/src/RLoopManager.cxx:738 in void ROOT::Detail::RDF::RLoopManager::Run()>: Starting event loop number 0.
Info in <[ROOT.RDF] Info /hpcscratch/user/ikabadzh/root/tree/dataframe/src/RLoopManager.cxx:713 in void ROOT::Detail::RDF::RLoopManager::Jit()>: Just-in-time compilation phase completed in 0.920181 seconds.
Info in <[ROOT.RDF] Info /hpcscratch/user/ikabadzh/root/tree/dataframe/src/RLoopManager.cxx:480 in void ROOT::Detail::RDF::RLoopManager::RunTreeReader()>: Processing trees {Events} in files {input_files/dimuon/f316.root}: entry range [0,61540412], using slot 0 in thread 139724221368064.
Info in <[ROOT.RDF] Info /hpcscratch/user/ikabadzh/root/tree/dataframe/src/RLoopManager.cxx:762 in void ROOT::Detail::RDF::RLoopManager::Run()>: Finished event loop number 0 (1.03s CPU, 1.02872s elapsed).
Info in <[ROOT.RDF] Info /hpcscratch/user/ikabadzh/root/tree/dataframe/src/RLoopManager.cxx:762 in void ROOT::Detail::RDF::RLoopManager::Run()>: Finished event loop number 0 (0.97s CPU, 0.966482s elapsed).
Info in <[ROOT.RDF] Info /hpcscratch/user/ikabadzh/root/tree/dataframe/src/RLoopManager.cxx:738 in void ROOT::Detail::RDF::RLoopManager::Run()>: Starting event loop number 0.
Info in <[ROOT.RDF] Info /hpcscratch/user/ikabadzh/root/tree/dataframe/src/RLoopManager.cxx:738 in void ROOT::Detail::RDF::RLoopManager::Run()>: Starting event loop number 0.
Info in <[ROOT.RDF] Info /hpcscratch/user/ikabadzh/root/tree/dataframe/src/RLoopManager.cxx:738 in void ROOT::Detail::RDF::RLoopManager::Run()>: Starting event loop number 0.
Info in <[ROOT.RDF] Info /hpcscratch/user/ikabadzh/root/tree/dataframe/src/RLoopManager.cxx:738 in void ROOT::Detail::RDF::RLoopManager::Run()>: Starting event loop number 0.
Info in <[ROOT.RDF] Info /hpcscratch/user/ikabadzh/root/tree/dataframe/src/RLoopManager.cxx:713 in void ROOT::Detail::RDF::RLoopManager::Jit()>: Just-in-time compilation phase completed in 0.890716 seconds.
Info in <[ROOT.RDF] Info /hpcscratch/user/ikabadzh/root/tree/dataframe/src/RLoopManager.cxx:480 in void ROOT::Detail::RDF::RLoopManager::RunTreeReader()>: Processing trees {Events} in files {input_files/dimuon/f437.root}: entry range [0,61540412], using slot 0 in thread 140512234116864.
Info in <[ROOT.RDF] Info /hpcscratch/user/ikabadzh/root/tree/dataframe/src/RLoopManager.cxx:738 in void ROOT::Detail::RDF::RLoopManager::Run()>: Starting event loop number 0.
Info in <[ROOT.RDF] Info /hpcscratch/user/ikabadzh/root/tree/dataframe/src/RLoopManager.cxx:738 in void ROOT::Detail::RDF::RLoopManager::Run()>: Starting event loop number 0.
Info in <[ROOT.RDF] Info /hpcscratch/user/ikabadzh/root/tree/dataframe/src/RLoopManager.cxx:738 in void ROOT::Detail::RDF::RLoopManager::Run()>: Starting event loop number 0.
Info in <[ROOT.RDF] Info /hpcscratch/user/ikabadzh/root/tree/dataframe/src/RLoopManager.cxx:738 in void ROOT::Detail::RDF::RLoopManager::Run()>: Starting event loop number 0.
Info in <[ROOT.RDF] Info /hpcscratch/user/ikabadzh/root/tree/dataframe/src/RLoopManager.cxx:738 in void ROOT::Detail::RDF::RLoopManager::Run()>: Starting event loop number 0.
Info in <[ROOT.RDF] Info /hpcscratch/user/ikabadzh/root/tree/dataframe/src/RLoopManager.cxx:738 in void ROOT::Detail::RDF::RLoopManager::Run()>: Starting event loop number 0.
Info in <[ROOT.RDF] Info /hpcscratch/user/ikabadzh/root/tree/dataframe/src/RLoopManager.cxx:738 in void ROOT::Detail::RDF::RLoopManager::Run()>: Starting event loop number 0.
Info in <[ROOT.RDF] Info /hpcscratch/user/ikabadzh/root/tree/dataframe/src/RLoopManager.cxx:713 in void ROOT::Detail::RDF::RLoopManager::Jit()>: Just-in-time compilation phase completed in 0.893362 seconds.
Info in <[ROOT.RDF] Info /hpcscratch/user/ikabadzh/root/tree/dataframe/src/RLoopManager.cxx:480 in void ROOT::Detail::RDF::RLoopManager::RunTreeReader()>: Processing trees {Events} in files {input_files/dimuon/f324.root}: entry range [0,61540412], using slot 0 in thread 139918684346112.
Info in <[ROOT.RDF] Info /hpcscratch/user/ikabadzh/root/tree/dataframe/src/RLoopManager.cxx:738 in void ROOT::Detail::RDF::RLoopManager::Run()>: Starting event loop number 0.
Info in <[ROOT.RDF] Info /hpcscratch/user/ikabadzh/root/tree/dataframe/src/RLoopManager.cxx:738 in void ROOT::Detail::RDF::RLoopManager::Run()>: Starting event loop number 0.
Info in <[ROOT.RDF] Info /hpcscratch/user/ikabadzh/root/tree/dataframe/src/RLoopManager.cxx:738 in void ROOT::Detail::RDF::RLoopManager::Run()>: Starting event loop number 0.
Info in <[ROOT.RDF] Info /hpcscratch/user/ikabadzh/root/tree/dataframe/src/RLoopManager.cxx:738 in void ROOT::Detail::RDF::RLoopManager::Run()>: Starting event loop number 0.
Info in <[ROOT.RDF] Info /hpcscratch/user/ikabadzh/root/tree/dataframe/src/RLoopManager.cxx:738 in void ROOT::Detail::RDF::RLoopManager::Run()>: Starting event loop number 0.
Info in <[ROOT.RDF] Info /hpcscratch/user/ikabadzh/root/tree/dataframe/src/RLoopManager.cxx:738 in void ROOT::Detail::RDF::RLoopManager::Run()>: Starting event loop number 0.
Info in <[ROOT.RDF] Info /hpcscratch/user/ikabadzh/root/tree/dataframe/src/RLoopManager.cxx:738 in void ROOT::Detail::RDF::RLoopManager::Run()>: Starting event loop number 0.
Info in <[ROOT.RDF] Info /hpcscratch/user/ikabadzh/root/tree/dataframe/src/RLoopManager.cxx:738 in void ROOT::Detail::RDF::RLoopManager::Run()>: Starting event loop number 0.
Info in <[ROOT.RDF] Info /hpcscratch/user/ikabadzh/root/tree/dataframe/src/RLoopManager.cxx:713 in void ROOT::Detail::RDF::RLoopManager::Jit()>: Just-in-time compilation phase completed in 0.888163 seconds.
Info in <[ROOT.RDF] Info /hpcscratch/user/ikabadzh/root/tree/dataframe/src/RLoopManager.cxx:480 in void ROOT::Detail::RDF::RLoopManager::RunTreeReader()>: Processing trees {Events} in files {input_files/dimuon/f313.root}: entry range [0,61540412], using slot 0 in thread 139913266312960.
Info in <[ROOT.RDF] Info /hpcscratch/user/ikabadzh/root/tree/dataframe/src/RLoopManager.cxx:762 in void ROOT::Detail::RDF::RLoopManager::Run()>: Finished event loop number 0 (1.04s CPU, 1.03011s elapsed).
Info in <[ROOT.RDF] Info /hpcscratch/user/ikabadzh/root/tree/dataframe/src/RLoopManager.cxx:713 in void ROOT::Detail::RDF::RLoopManager::Jit()>: Just-in-time compilation phase completed in 0.891452 seconds.
Info in <[ROOT.RDF] Info /hpcscratch/user/ikabadzh/root/tree/dataframe/src/RLoopManager.cxx:480 in void ROOT::Detail::RDF::RLoopManager::RunTreeReader()>: Processing trees {Events} in files {input_files/dimuon/f319.root}: entry range [0,61540412], using slot 0 in thread 140590820734720.
Info in <[ROOT.RDF] Info /hpcscratch/user/ikabadzh/root/tree/dataframe/src/RLoopManager.cxx:713 in void ROOT::Detail::RDF::RLoopManager::Jit()>: Just-in-time compilation phase completed in 0.906808 seconds.
Info in <[ROOT.RDF] Info /hpcscratch/user/ikabadzh/root/tree/dataframe/src/RLoopManager.cxx:480 in void ROOT::Detail::RDF::RLoopManager::RunTreeReader()>: Processing trees {Events} in files {input_files/dimuon/f437.root}: entry range [0,61540412], using slot 0 in thread 139722610079488.
Info in <[ROOT.RDF] Info /hpcscratch/user/ikabadzh/root/tree/dataframe/src/RLoopManager.cxx:713 in void ROOT::Detail::RDF::RLoopManager::Jit()>: Just-in-time compilation phase completed in 0.903883 seconds.
Info in <[ROOT.RDF] Info /hpcscratch/user/ikabadzh/root/tree/dataframe/src/RLoopManager.cxx:480 in void ROOT::Detail::RDF::RLoopManager::RunTreeReader()>: Processing trees {Events} in files {input_files/dimuon/f317.root}: entry range [0,61540412], using slot 0 in thread 139991744009984.
Info in <[ROOT.RDF] Info /hpcscratch/user/ikabadzh/root/tree/dataframe/src/RLoopManager.cxx:713 in void ROOT::Detail::RDF::RLoopManager::Jit()>: Just-in-time compilation phase completed in 0.911057 seconds.
Info in <[ROOT.RDF] Info /hpcscratch/user/ikabadzh/root/tree/dataframe/src/RLoopManager.cxx:480 in void ROOT::Detail::RDF::RLoopManager::RunTreeReader()>: Processing trees {Events} in files {input_files/dimuon/f437.root}: entry range [0,61540412], using slot 0 in thread 139619143366400.
Info in <[ROOT.RDF] Info /hpcscratch/user/ikabadzh/root/tree/dataframe/src/RLoopManager.cxx:762 in void ROOT::Detail::RDF::RLoopManager::Run()>: Finished event loop number 0 (1.56s CPU, 1.55461s elapsed).
Info in <[ROOT.RDF] Info /hpcscratch/user/ikabadzh/root/tree/dataframe/src/RLoopManager.cxx:713 in void ROOT::Detail::RDF::RLoopManager::Jit()>: Just-in-time compilation phase completed in 0.901363 seconds.
Info in <[ROOT.RDF] Info /hpcscratch/user/ikabadzh/root/tree/dataframe/src/RLoopManager.cxx:480 in void ROOT::Detail::RDF::RLoopManager::RunTreeReader()>: Processing trees {Events} in files {input_files/dimuon/f437.root}: entry range [0,61540412], using slot 0 in thread 140459722094336.
Info in <[ROOT.RDF] Info /hpcscratch/user/ikabadzh/root/tree/dataframe/src/RLoopManager.cxx:713 in void ROOT::Detail::RDF::RLoopManager::Jit()>: Just-in-time compilation phase completed in 0.902109 seconds.
Info in <[ROOT.RDF] Info /hpcscratch/user/ikabadzh/root/tree/dataframe/src/RLoopManager.cxx:480 in void ROOT::Detail::RDF::RLoopManager::RunTreeReader()>: Processing trees {Events} in files {input_files/dimuon/f320.root}: entry range [0,61540412], using slot 0 in thread 140122470147840.
Info in <[ROOT.RDF] Info /hpcscratch/user/ikabadzh/root/tree/dataframe/src/RLoopManager.cxx:713 in void ROOT::Detail::RDF::RLoopManager::Jit()>: Just-in-time compilation phase completed in 0.896262 seconds.
Info in <[ROOT.RDF] Info /hpcscratch/user/ikabadzh/root/tree/dataframe/src/RLoopManager.cxx:480 in void ROOT::Detail::RDF::RLoopManager::RunTreeReader()>: Processing trees {Events} in files {input_files/dimuon/f437.root}: entry range [0,61540412], using slot 0 in thread 140406057789184.
Info in <[ROOT.RDF] Info /hpcscratch/user/ikabadzh/root/tree/dataframe/src/RLoopManager.cxx:713 in void ROOT::Detail::RDF::RLoopManager::Jit()>: Just-in-time compilation phase completed in 0.903714 seconds.
Info in <[ROOT.RDF] Info /hpcscratch/user/ikabadzh/root/tree/dataframe/src/RLoopManager.cxx:480 in void ROOT::Detail::RDF::RLoopManager::RunTreeReader()>: Processing trees {Events} in files {input_files/dimuon/f437.root}: entry range [0,61540412], using slot 0 in thread 139809095055104.
Info in <[ROOT.RDF] Info /hpcscratch/user/ikabadzh/root/tree/dataframe/src/RLoopManager.cxx:738 in void ROOT::Detail::RDF::RLoopManager::Run()>: Starting event loop number 0.
Info in <[ROOT.RDF] Info /hpcscratch/user/ikabadzh/root/tree/dataframe/src/RLoopManager.cxx:713 in void ROOT::Detail::RDF::RLoopManager::Jit()>: Just-in-time compilation phase completed in 0.926433 seconds.
Info in <[ROOT.RDF] Info /hpcscratch/user/ikabadzh/root/tree/dataframe/src/RLoopManager.cxx:480 in void ROOT::Detail::RDF::RLoopManager::RunTreeReader()>: Processing trees {Events} in files {input_files/dimuon/f324.root}: entry range [0,61540412], using slot 0 in thread 140102977513216.
Info in <[ROOT.RDF] Info /hpcscratch/user/ikabadzh/root/tree/dataframe/src/RLoopManager.cxx:713 in void ROOT::Detail::RDF::RLoopManager::Jit()>: Just-in-time compilation phase completed in 0.907053 seconds.
Info in <[ROOT.RDF] Info /hpcscratch/user/ikabadzh/root/tree/dataframe/src/RLoopManager.cxx:480 in void ROOT::Detail::RDF::RLoopManager::RunTreeReader()>: Processing trees {Events} in files {input_files/dimuon/f320.root}: entry range [0,61540412], using slot 0 in thread 140409514903296.
Info in <[ROOT.RDF] Info /hpcscratch/user/ikabadzh/root/tree/dataframe/src/RLoopManager.cxx:713 in void ROOT::Detail::RDF::RLoopManager::Jit()>: Just-in-time compilation phase completed in 0.891327 seconds.
Info in <[ROOT.RDF] Info /hpcscratch/user/ikabadzh/root/tree/dataframe/src/RLoopManager.cxx:480 in void ROOT::Detail::RDF::RLoopManager::RunTreeReader()>: Processing trees {Events} in files {input_files/dimuon/f323.root}: entry range [0,61540412], using slot 0 in thread 140433834899200.
Info in <[ROOT.RDF] Info /hpcscratch/user/ikabadzh/root/tree/dataframe/src/RLoopManager.cxx:713 in void ROOT::Detail::RDF::RLoopManager::Jit()>: Just-in-time compilation phase completed in 0.911529 seconds.
Info in <[ROOT.RDF] Info /hpcscratch/user/ikabadzh/root/tree/dataframe/src/RLoopManager.cxx:480 in void ROOT::Detail::RDF::RLoopManager::RunTreeReader()>: Processing trees {Events} in files {input_files/dimuon/f317.root}: entry range [0,61540412], using slot 0 in thread 140645078161152.
Info in <[ROOT.RDF] Info /hpcscratch/user/ikabadzh/root/tree/dataframe/src/RLoopManager.cxx:738 in void ROOT::Detail::RDF::RLoopManager::Run()>: Starting event loop number 0.
Info in <[ROOT.RDF] Info /hpcscratch/user/ikabadzh/root/tree/dataframe/src/RLoopManager.cxx:713 in void ROOT::Detail::RDF::RLoopManager::Jit()>: Just-in-time compilation phase completed in 0.893470 seconds.
Info in <[ROOT.RDF] Info /hpcscratch/user/ikabadzh/root/tree/dataframe/src/RLoopManager.cxx:480 in void ROOT::Detail::RDF::RLoopManager::RunTreeReader()>: Processing trees {Events} in files {input_files/dimuon/f437.root}: entry range [0,61540412], using slot 0 in thread 140665902778112.
Info in <[ROOT.RDF] Info /hpcscratch/user/ikabadzh/root/tree/dataframe/src/RLoopManager.cxx:713 in void ROOT::Detail::RDF::RLoopManager::Jit()>: Just-in-time compilation phase completed in 0.905775 seconds.
Info in <[ROOT.RDF] Info /hpcscratch/user/ikabadzh/root/tree/dataframe/src/RLoopManager.cxx:480 in void ROOT::Detail::RDF::RLoopManager::RunTreeReader()>: Processing trees {Events} in files {input_files/dimuon/f318.root}: entry range [0,61540412], using slot 0 in thread 140409377539840.
Info in <[ROOT.RDF] Info /hpcscratch/user/ikabadzh/root/tree/dataframe/src/RLoopManager.cxx:713 in void ROOT::Detail::RDF::RLoopManager::Jit()>: Just-in-time compilation phase completed in 0.903397 seconds.
Info in <[ROOT.RDF] Info /hpcscratch/user/ikabadzh/root/tree/dataframe/src/RLoopManager.cxx:480 in void ROOT::Detail::RDF::RLoopManager::RunTreeReader()>: Processing trees {Events} in files {input_files/dimuon/f322.root}: entry range [0,61540412], using slot 0 in thread 140056386619136.
Info in <[ROOT.RDF] Info /hpcscratch/user/ikabadzh/root/tree/dataframe/src/RLoopManager.cxx:713 in void ROOT::Detail::RDF::RLoopManager::Jit()>: Just-in-time compilation phase completed in 0.907817 seconds.
Info in <[ROOT.RDF] Info /hpcscratch/user/ikabadzh/root/tree/dataframe/src/RLoopManager.cxx:480 in void ROOT::Detail::RDF::RLoopManager::RunTreeReader()>: Processing trees {Events} in files {input_files/dimuon/f319.root}: entry range [0,61540412], using slot 0 in thread 140527489447680.
Info in <[ROOT.RDF] Info /hpcscratch/user/ikabadzh/root/tree/dataframe/src/RLoopManager.cxx:762 in void ROOT::Detail::RDF::RLoopManager::Run()>: Finished event loop number 0 (1.04s CPU, 1.03204s elapsed).
Info in <[ROOT.RDF] Info /hpcscratch/user/ikabadzh/root/tree/dataframe/src/RLoopManager.cxx:713 in void ROOT::Detail::RDF::RLoopManager::Jit()>: Just-in-time compilation phase completed in 0.912415 seconds.
Info in <[ROOT.RDF] Info /hpcscratch/user/ikabadzh/root/tree/dataframe/src/RLoopManager.cxx:480 in void ROOT::Detail::RDF::RLoopManager::RunTreeReader()>: Processing trees {Events} in files {input_files/dimuon/f437.root}: entry range [0,61540412], using slot 0 in thread 140112243070720.
Info in <[ROOT.RDF] Info /hpcscratch/user/ikabadzh/root/tree/dataframe/src/RLoopManager.cxx:713 in void ROOT::Detail::RDF::RLoopManager::Jit()>: Just-in-time compilation phase completed in 0.916655 seconds.
Info in <[ROOT.RDF] Info /hpcscratch/user/ikabadzh/root/tree/dataframe/src/RLoopManager.cxx:480 in void ROOT::Detail::RDF::RLoopManager::RunTreeReader()>: Processing trees {Events} in files {input_files/dimuon/f405.root}: entry range [0,61540412], using slot 0 in thread 140521086265088.
Info in <[ROOT.RDF] Info /hpcscratch/user/ikabadzh/root/tree/dataframe/src/RLoopManager.cxx:713 in void ROOT::Detail::RDF::RLoopManager::Jit()>: Just-in-time compilation phase completed in 0.909348 seconds.
Info in <[ROOT.RDF] Info /hpcscratch/user/ikabadzh/root/tree/dataframe/src/RLoopManager.cxx:480 in void ROOT::Detail::RDF::RLoopManager::RunTreeReader()>: Processing trees {Events} in files {input_files/dimuon/f314.root}: entry range [0,61540412], using slot 0 in thread 139955639457536.
Info in <[ROOT.RDF] Info /hpcscratch/user/ikabadzh/root/tree/dataframe/src/RLoopManager.cxx:738 in void ROOT::Detail::RDF::RLoopManager::Run()>: Starting event loop number 0.
Info in <[ROOT.RDF] Info /hpcscratch/user/ikabadzh/root/tree/dataframe/src/RLoopManager.cxx:762 in void ROOT::Detail::RDF::RLoopManager::Run()>: Finished event loop number 0 (1.57s CPU, 1.56114s elapsed).
Info in <[ROOT.RDF] Info /hpcscratch/user/ikabadzh/root/tree/dataframe/src/RLoopManager.cxx:762 in void ROOT::Detail::RDF::RLoopManager::Run()>: Finished event loop number 0 (1.04s CPU, 1.02687s elapsed).
Info in <[ROOT.RDF] Info /hpcscratch/user/ikabadzh/root/tree/dataframe/src/RLoopManager.cxx:762 in void ROOT::Detail::RDF::RLoopManager::Run()>: Finished event loop number 0 (1.04s CPU, 1.03856s elapsed).
Info in <[ROOT.RDF] Info /hpcscratch/user/ikabadzh/root/tree/dataframe/src/RLoopManager.cxx:713 in void ROOT::Detail::RDF::RLoopManager::Jit()>: Just-in-time compilation phase completed in 0.917328 seconds.
Info in <[ROOT.RDF] Info /hpcscratch/user/ikabadzh/root/tree/dataframe/src/RLoopManager.cxx:480 in void ROOT::Detail::RDF::RLoopManager::RunTreeReader()>: Processing trees {Events} in files {input_files/dimuon/f316.root}: entry range [0,61540412], using slot 0 in thread 139724221368064.
Info in <[ROOT.RDF] Info /hpcscratch/user/ikabadzh/root/tree/dataframe/src/RLoopManager.cxx:738 in void ROOT::Detail::RDF::RLoopManager::Run()>: Starting event loop number 0.
Info in <[ROOT.RDF] Info /hpcscratch/user/ikabadzh/root/tree/dataframe/src/RLoopManager.cxx:762 in void ROOT::Detail::RDF::RLoopManager::Run()>: Finished event loop number 0 (1.03s CPU, 1.02549s elapsed).
Info in <[ROOT.RDF] Info /hpcscratch/user/ikabadzh/root/tree/dataframe/src/RLoopManager.cxx:762 in void ROOT::Detail::RDF::RLoopManager::Run()>: Finished event loop number 0 (1.05s CPU, 1.03604s elapsed).
Info in <[ROOT.RDF] Info /hpcscratch/user/ikabadzh/root/tree/dataframe/src/RLoopManager.cxx:762 in void ROOT::Detail::RDF::RLoopManager::Run()>: Finished event loop number 0 (1.04s CPU, 1.0436s elapsed).
Info in <[ROOT.RDF] Info /hpcscratch/user/ikabadzh/root/tree/dataframe/src/RLoopManager.cxx:762 in void ROOT::Detail::RDF::RLoopManager::Run()>: Finished event loop number 0 (1.52s CPU, 1.50911s elapsed).
Info in <[ROOT.RDF] Info /hpcscratch/user/ikabadzh/root/tree/dataframe/src/RLoopManager.cxx:713 in void ROOT::Detail::RDF::RLoopManager::Jit()>: Just-in-time compilation phase completed in 0.900512 seconds.
Info in <[ROOT.RDF] Info /hpcscratch/user/ikabadzh/root/tree/dataframe/src/RLoopManager.cxx:480 in void ROOT::Detail::RDF::RLoopManager::RunTreeReader()>: Processing trees {Events} in files {input_files/dimuon/f401.root}: entry range [0,61540412], using slot 0 in thread 140463545628416.
Info in <[ROOT.RDF] Info /hpcscratch/user/ikabadzh/root/tree/dataframe/src/RLoopManager.cxx:762 in void ROOT::Detail::RDF::RLoopManager::Run()>: Finished event loop number 0 (1.03s CPU, 1.01193s elapsed).
Info in <[ROOT.RDF] Info /hpcscratch/user/ikabadzh/root/tree/dataframe/src/RLoopManager.cxx:762 in void ROOT::Detail::RDF::RLoopManager::Run()>: Finished event loop number 0 (1.04s CPU, 1.03472s elapsed).
Info in <[ROOT.RDF] Info /hpcscratch/user/ikabadzh/root/tree/dataframe/src/RLoopManager.cxx:762 in void ROOT::Detail::RDF::RLoopManager::Run()>: Finished event loop number 0 (1s CPU, 0.989906s elapsed).
Info in <[ROOT.RDF] Info /hpcscratch/user/ikabadzh/root/tree/dataframe/src/RLoopManager.cxx:762 in void ROOT::Detail::RDF::RLoopManager::Run()>: Finished event loop number 0 (0.99s CPU, 0.988366s elapsed).
Info in <[ROOT.RDF] Info /hpcscratch/user/ikabadzh/root/tree/dataframe/src/RLoopManager.cxx:762 in void ROOT::Detail::RDF::RLoopManager::Run()>: Finished event loop number 0 (1s CPU, 0.997202s elapsed).
Info in <[ROOT.RDF] Info /hpcscratch/user/ikabadzh/root/tree/dataframe/src/RLoopManager.cxx:762 in void ROOT::Detail::RDF::RLoopManager::Run()>: Finished event loop number 0 (1.04s CPU, 1.01906s elapsed).
Info in <[ROOT.RDF] Info /hpcscratch/user/ikabadzh/root/tree/dataframe/src/RLoopManager.cxx:762 in void ROOT::Detail::RDF::RLoopManager::Run()>: Finished event loop number 0 (1.53s CPU, 1.51603s elapsed).
Info in <[ROOT.RDF] Info /hpcscratch/user/ikabadzh/root/tree/dataframe/src/RLoopManager.cxx:762 in void ROOT::Detail::RDF::RLoopManager::Run()>: Finished event loop number 0 (1.53s CPU, 1.5185s elapsed).
Info in <[ROOT.RDF] Info /hpcscratch/user/ikabadzh/root/tree/dataframe/src/RLoopManager.cxx:762 in void ROOT::Detail::RDF::RLoopManager::Run()>: Finished event loop number 0 (1.03s CPU, 1.02586s elapsed).
Info in <[ROOT.RDF] Info /hpcscratch/user/ikabadzh/root/tree/dataframe/src/RLoopManager.cxx:762 in void ROOT::Detail::RDF::RLoopManager::Run()>: Finished event loop number 0 (1.06s CPU, 1.05153s elapsed).
Info in <[ROOT.RDF] Info /hpcscratch/user/ikabadzh/root/tree/dataframe/src/RLoopManager.cxx:762 in void ROOT::Detail::RDF::RLoopManager::Run()>: Finished event loop number 0 (1.04s CPU, 1.03241s elapsed).
Info in <[ROOT.RDF] Info /hpcscratch/user/ikabadzh/root/tree/dataframe/src/RLoopManager.cxx:713 in void ROOT::Detail::RDF::RLoopManager::Jit()>: Just-in-time compilation phase completed in 0.903587 seconds.
Info in <[ROOT.RDF] Info /hpcscratch/user/ikabadzh/root/tree/dataframe/src/RLoopManager.cxx:480 in void ROOT::Detail::RDF::RLoopManager::RunTreeReader()>: Processing trees {Events} in files {input_files/dimuon/f324.root}: entry range [0,61540412], using slot 0 in thread 139918684346112.
Info in <[ROOT.RDF] Info /hpcscratch/user/ikabadzh/root/tree/dataframe/src/RLoopManager.cxx:738 in void ROOT::Detail::RDF::RLoopManager::Run()>: Starting event loop number 0.
Info in <[ROOT.RDF] Info /hpcscratch/user/ikabadzh/root/tree/dataframe/src/RLoopManager.cxx:762 in void ROOT::Detail::RDF::RLoopManager::Run()>: Finished event loop number 0 (1.57s CPU, 1.55133s elapsed).
Info in <[ROOT.RDF] Info /hpcscratch/user/ikabadzh/root/tree/dataframe/src/RLoopManager.cxx:762 in void ROOT::Detail::RDF::RLoopManager::Run()>: Finished event loop number 0 (1.56s CPU, 1.55042s elapsed).
tornado.application - ERROR - Exception in callback functools.partial(<bound method IOLoop._discard_future_result of <tornado.platform.asyncio.AsyncIOLoop object at 0x7fcb649b4cd0>>, <Task finished name='Task-11' coro=<Worker.heartbeat() done, defined at /hpcscratch/user/ikabadzh/mambaforge/envs/myenv/lib/python3.9/site-packages/distributed/worker.py:992> exception=OSError('Timed out during handshake while connecting to tcp://188.185.68.194:34877 after 30 s')>)
Traceback (most recent call last):
  File "/hpcscratch/user/ikabadzh/mambaforge/envs/myenv/lib/python3.9/site-packages/distributed/comm/tcp.py", line 198, in read
    frames_nbytes = await stream.read_bytes(fmt_size)
asyncio.exceptions.CancelledError

During handling of the above exception, another exception occurred:

Traceback (most recent call last):
  File "/hpcscratch/user/ikabadzh/mambaforge/envs/myenv/lib/python3.9/asyncio/tasks.py", line 492, in wait_for
    fut.result()
asyncio.exceptions.CancelledError

The above exception was the direct cause of the following exception:

Traceback (most recent call last):
  File "/hpcscratch/user/ikabadzh/mambaforge/envs/myenv/lib/python3.9/site-packages/distributed/comm/core.py", line 318, in connect
    handshake = await asyncio.wait_for(comm.read(), time_left())
  File "/hpcscratch/user/ikabadzh/mambaforge/envs/myenv/lib/python3.9/asyncio/tasks.py", line 494, in wait_for
    raise exceptions.TimeoutError() from exc
asyncio.exceptions.TimeoutError

The above exception was the direct cause of the following exception:

Traceback (most recent call last):
  File "/hpcscratch/user/ikabadzh/mambaforge/envs/myenv/lib/python3.9/site-packages/tornado/ioloop.py", line 741, in _run_callback
    ret = callback()
  File "/hpcscratch/user/ikabadzh/mambaforge/envs/myenv/lib/python3.9/site-packages/tornado/ioloop.py", line 765, in _discard_future_result
    future.result()
  File "/hpcscratch/user/ikabadzh/mambaforge/envs/myenv/lib/python3.9/site-packages/distributed/worker.py", line 1041, in heartbeat
    raise e
  File "/hpcscratch/user/ikabadzh/mambaforge/envs/myenv/lib/python3.9/site-packages/distributed/worker.py", line 1001, in heartbeat
    response = await retry_operation(
  File "/hpcscratch/user/ikabadzh/mambaforge/envs/myenv/lib/python3.9/site-packages/distributed/utils_comm.py", line 385, in retry_operation
    return await retry(
  File "/hpcscratch/user/ikabadzh/mambaforge/envs/myenv/lib/python3.9/site-packages/distributed/utils_comm.py", line 370, in retry
    return await coro()
  File "/hpcscratch/user/ikabadzh/mambaforge/envs/myenv/lib/python3.9/site-packages/distributed/core.py", line 871, in send_recv_from_rpc
    comm = await self.pool.connect(self.addr)
  File "/hpcscratch/user/ikabadzh/mambaforge/envs/myenv/lib/python3.9/site-packages/distributed/core.py", line 1059, in connect
    raise exc
  File "/hpcscratch/user/ikabadzh/mambaforge/envs/myenv/lib/python3.9/site-packages/distributed/core.py", line 1043, in connect
    comm = await fut
  File "/hpcscratch/user/ikabadzh/mambaforge/envs/myenv/lib/python3.9/site-packages/distributed/comm/core.py", line 323, in connect
    raise OSError(
OSError: Timed out during handshake while connecting to tcp://188.185.68.194:34877 after 30 s
Info in <[ROOT.RDF] Info /hpcscratch/user/ikabadzh/root/tree/dataframe/src/RLoopManager.cxx:762 in void ROOT::Detail::RDF::RLoopManager::Run()>: Finished event loop number 0 (1.47s CPU, 1.4554s elapsed).
Info in <[ROOT.RDF] Info /hpcscratch/user/ikabadzh/root/tree/dataframe/src/RLoopManager.cxx:738 in void ROOT::Detail::RDF::RLoopManager::Run()>: Starting event loop number 0.
Info in <[ROOT.RDF] Info /hpcscratch/user/ikabadzh/root/tree/dataframe/src/RLoopManager.cxx:738 in void ROOT::Detail::RDF::RLoopManager::Run()>: Starting event loop number 0.
Info in <[ROOT.RDF] Info /hpcscratch/user/ikabadzh/root/tree/dataframe/src/RLoopManager.cxx:713 in void ROOT::Detail::RDF::RLoopManager::Jit()>: Just-in-time compilation phase completed in 0.906285 seconds.
Info in <[ROOT.RDF] Info /hpcscratch/user/ikabadzh/root/tree/dataframe/src/RLoopManager.cxx:480 in void ROOT::Detail::RDF::RLoopManager::RunTreeReader()>: Processing trees {Events} in files {input_files/dimuon/f402.root}: entry range [0,61540412], using slot 0 in thread 140512234116864.
tornado.application - ERROR - Exception in callback functools.partial(<bound method IOLoop._discard_future_result of <tornado.platform.asyncio.AsyncIOLoop object at 0x7fb2ac011d00>>, <Task finished name='Task-11' coro=<Worker.heartbeat() done, defined at /hpcscratch/user/ikabadzh/mambaforge/envs/myenv/lib/python3.9/site-packages/distributed/worker.py:992> exception=OSError('Timed out during handshake while connecting to tcp://188.185.68.194:34877 after 30 s')>)
Traceback (most recent call last):
  File "/hpcscratch/user/ikabadzh/mambaforge/envs/myenv/lib/python3.9/site-packages/distributed/comm/tcp.py", line 198, in read
    frames_nbytes = await stream.read_bytes(fmt_size)
asyncio.exceptions.CancelledError

During handling of the above exception, another exception occurred:

Traceback (most recent call last):
  File "/hpcscratch/user/ikabadzh/mambaforge/envs/myenv/lib/python3.9/asyncio/tasks.py", line 492, in wait_for
    fut.result()
asyncio.exceptions.CancelledError

The above exception was the direct cause of the following exception:

Traceback (most recent call last):
  File "/hpcscratch/user/ikabadzh/mambaforge/envs/myenv/lib/python3.9/site-packages/distributed/comm/core.py", line 318, in connect
    handshake = await asyncio.wait_for(comm.read(), time_left())
  File "/hpcscratch/user/ikabadzh/mambaforge/envs/myenv/lib/python3.9/asyncio/tasks.py", line 494, in wait_for
    raise exceptions.TimeoutError() from exc
asyncio.exceptions.TimeoutError

The above exception was the direct cause of the following exception:

Traceback (most recent call last):
  File "/hpcscratch/user/ikabadzh/mambaforge/envs/myenv/lib/python3.9/site-packages/tornado/ioloop.py", line 741, in _run_callback
    ret = callback()
  File "/hpcscratch/user/ikabadzh/mambaforge/envs/myenv/lib/python3.9/site-packages/tornado/ioloop.py", line 765, in _discard_future_result
    future.result()
  File "/hpcscratch/user/ikabadzh/mambaforge/envs/myenv/lib/python3.9/site-packages/distributed/worker.py", line 1041, in heartbeat
    raise e
  File "/hpcscratch/user/ikabadzh/mambaforge/envs/myenv/lib/python3.9/site-packages/distributed/worker.py", line 1001, in heartbeat
    response = await retry_operation(
  File "/hpcscratch/user/ikabadzh/mambaforge/envs/myenv/lib/python3.9/site-packages/distributed/utils_comm.py", line 385, in retry_operation
    return await retry(
  File "/hpcscratch/user/ikabadzh/mambaforge/envs/myenv/lib/python3.9/site-packages/distributed/utils_comm.py", line 370, in retry
    return await coro()
  File "/hpcscratch/user/ikabadzh/mambaforge/envs/myenv/lib/python3.9/site-packages/distributed/core.py", line 871, in send_recv_from_rpc
    comm = await self.pool.connect(self.addr)
  File "/hpcscratch/user/ikabadzh/mambaforge/envs/myenv/lib/python3.9/site-packages/distributed/core.py", line 1059, in connect
    raise exc
  File "/hpcscratch/user/ikabadzh/mambaforge/envs/myenv/lib/python3.9/site-packages/distributed/core.py", line 1043, in connect
    comm = await fut
  File "/hpcscratch/user/ikabadzh/mambaforge/envs/myenv/lib/python3.9/site-packages/distributed/comm/core.py", line 323, in connect
    raise OSError(
OSError: Timed out during handshake while connecting to tcp://188.185.68.194:34877 after 30 s
tornado.application - ERROR - Exception in callback functools.partial(<bound method IOLoop._discard_future_result of <tornado.platform.asyncio.AsyncIOLoop object at 0x7fccc43c4cd0>>, <Task finished name='Task-11' coro=<Worker.heartbeat() done, defined at /hpcscratch/user/ikabadzh/mambaforge/envs/myenv/lib/python3.9/site-packages/distributed/worker.py:992> exception=OSError('Timed out during handshake while connecting to tcp://188.185.68.194:34877 after 30 s')>)
Traceback (most recent call last):
  File "/hpcscratch/user/ikabadzh/mambaforge/envs/myenv/lib/python3.9/site-packages/distributed/comm/tcp.py", line 198, in read
    frames_nbytes = await stream.read_bytes(fmt_size)
asyncio.exceptions.CancelledError

During handling of the above exception, another exception occurred:

Traceback (most recent call last):
  File "/hpcscratch/user/ikabadzh/mambaforge/envs/myenv/lib/python3.9/asyncio/tasks.py", line 492, in wait_for
    fut.result()
asyncio.exceptions.CancelledError

The above exception was the direct cause of the following exception:

Traceback (most recent call last):
  File "/hpcscratch/user/ikabadzh/mambaforge/envs/myenv/lib/python3.9/site-packages/distributed/comm/core.py", line 318, in connect
    handshake = await asyncio.wait_for(comm.read(), time_left())
  File "/hpcscratch/user/ikabadzh/mambaforge/envs/myenv/lib/python3.9/asyncio/tasks.py", line 494, in wait_for
    raise exceptions.TimeoutError() from exc
asyncio.exceptions.TimeoutError

The above exception was the direct cause of the following exception:

Traceback (most recent call last):
  File "/hpcscratch/user/ikabadzh/mambaforge/envs/myenv/lib/python3.9/site-packages/tornado/ioloop.py", line 741, in _run_callback
    ret = callback()
  File "/hpcscratch/user/ikabadzh/mambaforge/envs/myenv/lib/python3.9/site-packages/tornado/ioloop.py", line 765, in _discard_future_result
    future.result()
  File "/hpcscratch/user/ikabadzh/mambaforge/envs/myenv/lib/python3.9/site-packages/distributed/worker.py", line 1041, in heartbeat
    raise e
  File "/hpcscratch/user/ikabadzh/mambaforge/envs/myenv/lib/python3.9/site-packages/distributed/worker.py", line 1001, in heartbeat
    response = await retry_operation(
  File "/hpcscratch/user/ikabadzh/mambaforge/envs/myenv/lib/python3.9/site-packages/distributed/utils_comm.py", line 385, in retry_operation
    return await retry(
  File "/hpcscratch/user/ikabadzh/mambaforge/envs/myenv/lib/python3.9/site-packages/distributed/utils_comm.py", line 370, in retry
    return await coro()
  File "/hpcscratch/user/ikabadzh/mambaforge/envs/myenv/lib/python3.9/site-packages/distributed/core.py", line 871, in send_recv_from_rpc
    comm = await self.pool.connect(self.addr)
  File "/hpcscratch/user/ikabadzh/mambaforge/envs/myenv/lib/python3.9/site-packages/distributed/core.py", line 1059, in connect
    raise exc
  File "/hpcscratch/user/ikabadzh/mambaforge/envs/myenv/lib/python3.9/site-packages/distributed/core.py", line 1043, in connect
    comm = await fut
  File "/hpcscratch/user/ikabadzh/mambaforge/envs/myenv/lib/python3.9/site-packages/distributed/comm/core.py", line 323, in connect
    raise OSError(
OSError: Timed out during handshake while connecting to tcp://188.185.68.194:34877 after 30 s
tornado.application - ERROR - Exception in callback functools.partial(<bound method IOLoop._discard_future_result of <tornado.platform.asyncio.AsyncIOLoop object at 0x7fb933a61d00>>, <Task finished name='Task-11' coro=<Worker.heartbeat() done, defined at /hpcscratch/user/ikabadzh/mambaforge/envs/myenv/lib/python3.9/site-packages/distributed/worker.py:992> exception=OSError('Timed out during handshake while connecting to tcp://188.185.68.194:34877 after 30 s')>)
Traceback (most recent call last):
  File "/hpcscratch/user/ikabadzh/mambaforge/envs/myenv/lib/python3.9/site-packages/distributed/comm/tcp.py", line 198, in read
    frames_nbytes = await stream.read_bytes(fmt_size)
asyncio.exceptions.CancelledError

During handling of the above exception, another exception occurred:

Traceback (most recent call last):
  File "/hpcscratch/user/ikabadzh/mambaforge/envs/myenv/lib/python3.9/asyncio/tasks.py", line 492, in wait_for
    fut.result()
asyncio.exceptions.CancelledError

The above exception was the direct cause of the following exception:

Traceback (most recent call last):
  File "/hpcscratch/user/ikabadzh/mambaforge/envs/myenv/lib/python3.9/site-packages/distributed/comm/core.py", line 318, in connect
    handshake = await asyncio.wait_for(comm.read(), time_left())
  File "/hpcscratch/user/ikabadzh/mambaforge/envs/myenv/lib/python3.9/asyncio/tasks.py", line 494, in wait_for
    raise exceptions.TimeoutError() from exc
asyncio.exceptions.TimeoutError

The above exception was the direct cause of the following exception:

Traceback (most recent call last):
  File "/hpcscratch/user/ikabadzh/mambaforge/envs/myenv/lib/python3.9/site-packages/tornado/ioloop.py", line 741, in _run_callback
    ret = callback()
  File "/hpcscratch/user/ikabadzh/mambaforge/envs/myenv/lib/python3.9/site-packages/tornado/ioloop.py", line 765, in _discard_future_result
    future.result()
  File "/hpcscratch/user/ikabadzh/mambaforge/envs/myenv/lib/python3.9/site-packages/distributed/worker.py", line 1041, in heartbeat
    raise e
  File "/hpcscratch/user/ikabadzh/mambaforge/envs/myenv/lib/python3.9/site-packages/distributed/worker.py", line 1001, in heartbeat
    response = await retry_operation(
  File "/hpcscratch/user/ikabadzh/mambaforge/envs/myenv/lib/python3.9/site-packages/distributed/utils_comm.py", line 385, in retry_operation
    return await retry(
  File "/hpcscratch/user/ikabadzh/mambaforge/envs/myenv/lib/python3.9/site-packages/distributed/utils_comm.py", line 370, in retry
    return await coro()
  File "/hpcscratch/user/ikabadzh/mambaforge/envs/myenv/lib/python3.9/site-packages/distributed/core.py", line 871, in send_recv_from_rpc
    comm = await self.pool.connect(self.addr)
  File "/hpcscratch/user/ikabadzh/mambaforge/envs/myenv/lib/python3.9/site-packages/distributed/core.py", line 1059, in connect
    raise exc
  File "/hpcscratch/user/ikabadzh/mambaforge/envs/myenv/lib/python3.9/site-packages/distributed/core.py", line 1043, in connect
    comm = await fut
  File "/hpcscratch/user/ikabadzh/mambaforge/envs/myenv/lib/python3.9/site-packages/distributed/comm/core.py", line 323, in connect
    raise OSError(
OSError: Timed out during handshake while connecting to tcp://188.185.68.194:34877 after 30 s
distributed.worker - INFO - Stopping worker at tcp://10.32.2.18:43179
distributed.worker - INFO - Stopping worker at tcp://10.32.2.18:41799
distributed.worker - INFO - Stopping worker at tcp://10.32.2.18:38599
Info in <[ROOT.RDF] Info /hpcscratch/user/ikabadzh/root/tree/dataframe/src/RLoopManager.cxx:762 in void ROOT::Detail::RDF::RLoopManager::Run()>: Finished event loop number 0 (1.04s CPU, 1.03201s elapsed).
distributed.worker - INFO - Stopping worker at tcp://10.32.2.18:40835
distributed.worker - INFO - Stopping worker at tcp://10.32.2.18:41205
tornado.application - ERROR - Exception in callback functools.partial(<bound method IOLoop._discard_future_result of <tornado.platform.asyncio.AsyncIOLoop object at 0x7f1393589d00>>, <Task finished name='Task-11' coro=<Worker.heartbeat() done, defined at /hpcscratch/user/ikabadzh/mambaforge/envs/myenv/lib/python3.9/site-packages/distributed/worker.py:992> exception=OSError('Timed out during handshake while connecting to tcp://188.185.68.194:34877 after 30 s')>)
Traceback (most recent call last):
  File "/hpcscratch/user/ikabadzh/mambaforge/envs/myenv/lib/python3.9/site-packages/distributed/comm/tcp.py", line 198, in read
    frames_nbytes = await stream.read_bytes(fmt_size)
asyncio.exceptions.CancelledError

During handling of the above exception, another exception occurred:

Traceback (most recent call last):
  File "/hpcscratch/user/ikabadzh/mambaforge/envs/myenv/lib/python3.9/asyncio/tasks.py", line 492, in wait_for
    fut.result()
asyncio.exceptions.CancelledError

The above exception was the direct cause of the following exception:

Traceback (most recent call last):
  File "/hpcscratch/user/ikabadzh/mambaforge/envs/myenv/lib/python3.9/site-packages/distributed/comm/core.py", line 318, in connect
    handshake = await asyncio.wait_for(comm.read(), time_left())
  File "/hpcscratch/user/ikabadzh/mambaforge/envs/myenv/lib/python3.9/asyncio/tasks.py", line 494, in wait_for
    raise exceptions.TimeoutError() from exc
asyncio.exceptions.TimeoutError

The above exception was the direct cause of the following exception:

Traceback (most recent call last):
  File "/hpcscratch/user/ikabadzh/mambaforge/envs/myenv/lib/python3.9/site-packages/tornado/ioloop.py", line 741, in _run_callback
    ret = callback()
  File "/hpcscratch/user/ikabadzh/mambaforge/envs/myenv/lib/python3.9/site-packages/tornado/ioloop.py", line 765, in _discard_future_result
    future.result()
  File "/hpcscratch/user/ikabadzh/mambaforge/envs/myenv/lib/python3.9/site-packages/distributed/worker.py", line 1041, in heartbeat
    raise e
  File "/hpcscratch/user/ikabadzh/mambaforge/envs/myenv/lib/python3.9/site-packages/distributed/worker.py", line 1001, in heartbeat
    response = await retry_operation(
  File "/hpcscratch/user/ikabadzh/mambaforge/envs/myenv/lib/python3.9/site-packages/distributed/utils_comm.py", line 385, in retry_operation
    return await retry(
  File "/hpcscratch/user/ikabadzh/mambaforge/envs/myenv/lib/python3.9/site-packages/distributed/utils_comm.py", line 370, in retry
    return await coro()
  File "/hpcscratch/user/ikabadzh/mambaforge/envs/myenv/lib/python3.9/site-packages/distributed/core.py", line 871, in send_recv_from_rpc
    comm = await self.pool.connect(self.addr)
  File "/hpcscratch/user/ikabadzh/mambaforge/envs/myenv/lib/python3.9/site-packages/distributed/core.py", line 1059, in connect
    raise exc
  File "/hpcscratch/user/ikabadzh/mambaforge/envs/myenv/lib/python3.9/site-packages/distributed/core.py", line 1043, in connect
    comm = await fut
  File "/hpcscratch/user/ikabadzh/mambaforge/envs/myenv/lib/python3.9/site-packages/distributed/comm/core.py", line 323, in connect
    raise OSError(
OSError: Timed out during handshake while connecting to tcp://188.185.68.194:34877 after 30 s
Info in <[ROOT.RDF] Info /hpcscratch/user/ikabadzh/root/tree/dataframe/src/RLoopManager.cxx:762 in void ROOT::Detail::RDF::RLoopManager::Run()>: Finished event loop number 0 (1.05s CPU, 1.04167s elapsed).
Info in <[ROOT.RDF] Info /hpcscratch/user/ikabadzh/root/tree/dataframe/src/RLoopManager.cxx:738 in void ROOT::Detail::RDF::RLoopManager::Run()>: Starting event loop number 0.
Info in <[ROOT.RDF] Info /hpcscratch/user/ikabadzh/root/tree/dataframe/src/RLoopManager.cxx:738 in void ROOT::Detail::RDF::RLoopManager::Run()>: Starting event loop number 0.
Info in <[ROOT.RDF] Info /hpcscratch/user/ikabadzh/root/tree/dataframe/src/RLoopManager.cxx:738 in void ROOT::Detail::RDF::RLoopManager::Run()>: Starting event loop number 0.
Info in <[ROOT.RDF] Info /hpcscratch/user/ikabadzh/root/tree/dataframe/src/RLoopManager.cxx:738 in void ROOT::Detail::RDF::RLoopManager::Run()>: Starting event loop number 0.
Info in <[ROOT.RDF] Info /hpcscratch/user/ikabadzh/root/tree/dataframe/src/RLoopManager.cxx:713 in void ROOT::Detail::RDF::RLoopManager::Jit()>: Just-in-time compilation phase completed in 0.901459 seconds.
Info in <[ROOT.RDF] Info /hpcscratch/user/ikabadzh/root/tree/dataframe/src/RLoopManager.cxx:480 in void ROOT::Detail::RDF::RLoopManager::RunTreeReader()>: Processing trees {Events} in files {input_files/dimuon/f406.root}: entry range [0,61540412], using slot 0 in thread 139722610079488.
Info in <[ROOT.RDF] Info /hpcscratch/user/ikabadzh/root/tree/dataframe/src/RLoopManager.cxx:762 in void ROOT::Detail::RDF::RLoopManager::Run()>: Finished event loop number 0 (1.03s CPU, 1.02116s elapsed).
Info in <[ROOT.RDF] Info /hpcscratch/user/ikabadzh/root/tree/dataframe/src/RLoopManager.cxx:738 in void ROOT::Detail::RDF::RLoopManager::Run()>: Starting event loop number 0.
distributed.worker - INFO - Comm closed
distributed.nanny - INFO - Worker closed
Info in <[ROOT.RDF] Info /hpcscratch/user/ikabadzh/root/tree/dataframe/src/RLoopManager.cxx:713 in void ROOT::Detail::RDF::RLoopManager::Jit()>: Just-in-time compilation phase completed in 0.891303 seconds.
Info in <[ROOT.RDF] Info /hpcscratch/user/ikabadzh/root/tree/dataframe/src/RLoopManager.cxx:480 in void ROOT::Detail::RDF::RLoopManager::RunTreeReader()>: Processing trees {Events} in files {input_files/dimuon/f313.root}: entry range [0,61540412], using slot 0 in thread 139913266312960.
Info in <[ROOT.RDF] Info /hpcscratch/user/ikabadzh/root/tree/dataframe/src/RLoopManager.cxx:738 in void ROOT::Detail::RDF::RLoopManager::Run()>: Starting event loop number 0.
Info in <[ROOT.RDF] Info /hpcscratch/user/ikabadzh/root/tree/dataframe/src/RLoopManager.cxx:713 in void ROOT::Detail::RDF::RLoopManager::Jit()>: Just-in-time compilation phase completed in 0.905702 seconds.
Info in <[ROOT.RDF] Info /hpcscratch/user/ikabadzh/root/tree/dataframe/src/RLoopManager.cxx:480 in void ROOT::Detail::RDF::RLoopManager::RunTreeReader()>: Processing trees {Events} in files {input_files/dimuon/f316.root}: entry range [0,61540412], using slot 0 in thread 139619143366400.
distributed.worker - INFO - Comm closed
distributed.nanny - INFO - Worker closed
distributed.nanny - INFO - Closing Nanny at 'tcp://10.32.2.18:35567'
Info in <[ROOT.RDF] Info /hpcscratch/user/ikabadzh/root/tree/dataframe/src/RLoopManager.cxx:738 in void ROOT::Detail::RDF::RLoopManager::Run()>: Starting event loop number 0.
Info in <[ROOT.RDF] Info /hpcscratch/user/ikabadzh/root/tree/dataframe/src/RLoopManager.cxx:738 in void ROOT::Detail::RDF::RLoopManager::Run()>: Starting event loop number 0.
Info in <[ROOT.RDF] Info /hpcscratch/user/ikabadzh/root/tree/dataframe/src/RLoopManager.cxx:738 in void ROOT::Detail::RDF::RLoopManager::Run()>: Starting event loop number 0.
Info in <[ROOT.RDF] Info /hpcscratch/user/ikabadzh/root/tree/dataframe/src/RLoopManager.cxx:738 in void ROOT::Detail::RDF::RLoopManager::Run()>: Starting event loop number 0.
distributed.worker - INFO - Comm closed
distributed.nanny - INFO - Worker closed
distributed.worker - INFO - Stopping worker at tcp://10.32.2.18:45953
distributed.nanny - INFO - Closing Nanny at 'tcp://10.32.2.18:35915'
Info in <[ROOT.RDF] Info /hpcscratch/user/ikabadzh/root/tree/dataframe/src/RLoopManager.cxx:738 in void ROOT::Detail::RDF::RLoopManager::Run()>: Starting event loop number 0.
Info in <[ROOT.RDF] Info /hpcscratch/user/ikabadzh/root/tree/dataframe/src/RLoopManager.cxx:738 in void ROOT::Detail::RDF::RLoopManager::Run()>: Starting event loop number 0.
Info in <[ROOT.RDF] Info /hpcscratch/user/ikabadzh/root/tree/dataframe/src/RLoopManager.cxx:738 in void ROOT::Detail::RDF::RLoopManager::Run()>: Starting event loop number 0.
Info in <[ROOT.RDF] Info /hpcscratch/user/ikabadzh/root/tree/dataframe/src/RLoopManager.cxx:713 in void ROOT::Detail::RDF::RLoopManager::Jit()>: Just-in-time compilation phase completed in 0.898460 seconds.
Info in <[ROOT.RDF] Info /hpcscratch/user/ikabadzh/root/tree/dataframe/src/RLoopManager.cxx:480 in void ROOT::Detail::RDF::RLoopManager::RunTreeReader()>: Processing trees {Events} in files {input_files/dimuon/f320.root}: entry range [0,61540412], using slot 0 in thread 140122470147840.
distributed.worker - INFO - Stopping worker at tcp://10.32.2.18:40403
Info in <[ROOT.RDF] Info /hpcscratch/user/ikabadzh/root/tree/dataframe/src/RLoopManager.cxx:713 in void ROOT::Detail::RDF::RLoopManager::Jit()>: Just-in-time compilation phase completed in 0.890922 seconds.
Info in <[ROOT.RDF] Info /hpcscratch/user/ikabadzh/root/tree/dataframe/src/RLoopManager.cxx:480 in void ROOT::Detail::RDF::RLoopManager::RunTreeReader()>: Processing trees {Events} in files {input_files/dimuon/f401.root}: entry range [0,61540412], using slot 0 in thread 140459722094336.
Info in <[ROOT.RDF] Info /hpcscratch/user/ikabadzh/root/tree/dataframe/src/RLoopManager.cxx:713 in void ROOT::Detail::RDF::RLoopManager::Jit()>: Just-in-time compilation phase completed in 0.888045 seconds.
Info in <[ROOT.RDF] Info /hpcscratch/user/ikabadzh/root/tree/dataframe/src/RLoopManager.cxx:480 in void ROOT::Detail::RDF::RLoopManager::RunTreeReader()>: Processing trees {Events} in files {input_files/dimuon/f400.root}: entry range [0,61540412], using slot 0 in thread 140665902778112.
distributed.nanny - INFO - Closing Nanny at 'tcp://10.32.2.18:37501'
Info in <[ROOT.RDF] Info /hpcscratch/user/ikabadzh/root/tree/dataframe/src/RLoopManager.cxx:738 in void ROOT::Detail::RDF::RLoopManager::Run()>: Starting event loop number 0.
Info in <[ROOT.RDF] Info /hpcscratch/user/ikabadzh/root/tree/dataframe/src/RLoopManager.cxx:738 in void ROOT::Detail::RDF::RLoopManager::Run()>: Starting event loop number 0.
Info in <[ROOT.RDF] Info /hpcscratch/user/ikabadzh/root/tree/dataframe/src/RLoopManager.cxx:738 in void ROOT::Detail::RDF::RLoopManager::Run()>: Starting event loop number 0.
Info in <[ROOT.RDF] Info /hpcscratch/user/ikabadzh/root/tree/dataframe/src/RLoopManager.cxx:738 in void ROOT::Detail::RDF::RLoopManager::Run()>: Starting event loop number 0.
Info in <[ROOT.RDF] Info /hpcscratch/user/ikabadzh/root/tree/dataframe/src/RLoopManager.cxx:713 in void ROOT::Detail::RDF::RLoopManager::Jit()>: Just-in-time compilation phase completed in 0.898814 seconds.
Info in <[ROOT.RDF] Info /hpcscratch/user/ikabadzh/root/tree/dataframe/src/RLoopManager.cxx:480 in void ROOT::Detail::RDF::RLoopManager::RunTreeReader()>: Processing trees {Events} in files {input_files/dimuon/f322.root}: entry range [0,61540412], using slot 0 in thread 140056386619136.
Info in <[ROOT.RDF] Info /hpcscratch/user/ikabadzh/root/tree/dataframe/src/RLoopManager.cxx:762 in void ROOT::Detail::RDF::RLoopManager::Run()>: Finished event loop number 0 (1.47s CPU, 1.45948s elapsed).
Info in <[ROOT.RDF] Info /hpcscratch/user/ikabadzh/root/tree/dataframe/src/RLoopManager.cxx:762 in void ROOT::Detail::RDF::RLoopManager::Run()>: Finished event loop number 0 (1.06s CPU, 0.98712s elapsed).
Info in <[ROOT.RDF] Info /hpcscratch/user/ikabadzh/root/tree/dataframe/src/RLoopManager.cxx:713 in void ROOT::Detail::RDF::RLoopManager::Jit()>: Just-in-time compilation phase completed in 0.896599 seconds.
Info in <[ROOT.RDF] Info /hpcscratch/user/ikabadzh/root/tree/dataframe/src/RLoopManager.cxx:480 in void ROOT::Detail::RDF::RLoopManager::RunTreeReader()>: Processing trees {Events} in files {input_files/dimuon/f315.root}: entry range [0,61540412], using slot 0 in thread 140645078161152.
distributed.worker - INFO - Stopping worker at tcp://10.32.2.18:44279
Info in <[ROOT.RDF] Info /hpcscratch/user/ikabadzh/root/tree/dataframe/src/RLoopManager.cxx:738 in void ROOT::Detail::RDF::RLoopManager::Run()>: Starting event loop number 0.
distributed.worker - INFO - Stopping worker at tcp://10.32.2.18:41739
Info in <[ROOT.RDF] Info /hpcscratch/user/ikabadzh/root/tree/dataframe/src/RLoopManager.cxx:713 in void ROOT::Detail::RDF::RLoopManager::Jit()>: Just-in-time compilation phase completed in 0.905825 seconds.
Info in <[ROOT.RDF] Info /hpcscratch/user/ikabadzh/root/tree/dataframe/src/RLoopManager.cxx:480 in void ROOT::Detail::RDF::RLoopManager::RunTreeReader()>: Processing trees {Events} in files {input_files/dimuon/f400.root}: entry range [0,61540412], using slot 0 in thread 139809095055104.
Info in <[ROOT.RDF] Info /hpcscratch/user/ikabadzh/root/tree/dataframe/src/RLoopManager.cxx:738 in void ROOT::Detail::RDF::RLoopManager::Run()>: Starting event loop number 0.
Info in <[ROOT.RDF] Info /hpcscratch/user/ikabadzh/root/tree/dataframe/src/RLoopManager.cxx:762 in void ROOT::Detail::RDF::RLoopManager::Run()>: Finished event loop number 0 (1.02s CPU, 1.02268s elapsed).
Info in <[ROOT.RDF] Info /hpcscratch/user/ikabadzh/root/tree/dataframe/src/RLoopManager.cxx:713 in void ROOT::Detail::RDF::RLoopManager::Jit()>: Just-in-time compilation phase completed in 0.908338 seconds.
Info in <[ROOT.RDF] Info /hpcscratch/user/ikabadzh/root/tree/dataframe/src/RLoopManager.cxx:480 in void ROOT::Detail::RDF::RLoopManager::RunTreeReader()>: Processing trees {Events} in files {input_files/dimuon/f320.root}: entry range [0,61540412], using slot 0 in thread 140409514903296.
Info in <[ROOT.RDF] Info /hpcscratch/user/ikabadzh/root/tree/dataframe/src/RLoopManager.cxx:762 in void ROOT::Detail::RDF::RLoopManager::Run()>: Finished event loop number 0 (0.99s CPU, 0.991373s elapsed).
Info in <[ROOT.RDF] Info /hpcscratch/user/ikabadzh/root/tree/dataframe/src/RLoopManager.cxx:713 in void ROOT::Detail::RDF::RLoopManager::Jit()>: Just-in-time compilation phase completed in 0.890907 seconds.
Info in <[ROOT.RDF] Info /hpcscratch/user/ikabadzh/root/tree/dataframe/src/RLoopManager.cxx:480 in void ROOT::Detail::RDF::RLoopManager::RunTreeReader()>: Processing trees {Events} in files {input_files/dimuon/f323.root}: entry range [0,61540412], using slot 0 in thread 140433834899200.
distributed.worker - INFO - Comm closed
distributed.nanny - INFO - Worker closed
Info in <[ROOT.RDF] Info /hpcscratch/user/ikabadzh/root/tree/dataframe/src/RLoopManager.cxx:713 in void ROOT::Detail::RDF::RLoopManager::Jit()>: Just-in-time compilation phase completed in 0.909090 seconds.
Info in <[ROOT.RDF] Info /hpcscratch/user/ikabadzh/root/tree/dataframe/src/RLoopManager.cxx:480 in void ROOT::Detail::RDF::RLoopManager::RunTreeReader()>: Processing trees {Events} in files {input_files/dimuon/f318.root}: entry range [0,61540412], using slot 0 in thread 140409377539840.
Info in <[ROOT.RDF] Info /hpcscratch/user/ikabadzh/root/tree/dataframe/src/RLoopManager.cxx:713 in void ROOT::Detail::RDF::RLoopManager::Jit()>: Just-in-time compilation phase completed in 0.900536 seconds.
Info in <[ROOT.RDF] Info /hpcscratch/user/ikabadzh/root/tree/dataframe/src/RLoopManager.cxx:480 in void ROOT::Detail::RDF::RLoopManager::RunTreeReader()>: Processing trees {Events} in files {input_files/dimuon/f317.root}: entry range [0,61540412], using slot 0 in thread 139991744009984.
distributed.worker - INFO - Comm closed
distributed.nanny - INFO - Worker closed
Info in <[ROOT.RDF] Info /hpcscratch/user/ikabadzh/root/tree/dataframe/src/RLoopManager.cxx:713 in void ROOT::Detail::RDF::RLoopManager::Jit()>: Just-in-time compilation phase completed in 0.900389 seconds.
Info in <[ROOT.RDF] Info /hpcscratch/user/ikabadzh/root/tree/dataframe/src/RLoopManager.cxx:480 in void ROOT::Detail::RDF::RLoopManager::RunTreeReader()>: Processing trees {Events} in files {input_files/dimuon/f406.root}: entry range [0,61540412], using slot 0 in thread 140406057789184.
Info in <[ROOT.RDF] Info /hpcscratch/user/ikabadzh/root/tree/dataframe/src/RLoopManager.cxx:713 in void ROOT::Detail::RDF::RLoopManager::Jit()>: Just-in-time compilation phase completed in 0.906017 seconds.
Info in <[ROOT.RDF] Info /hpcscratch/user/ikabadzh/root/tree/dataframe/src/RLoopManager.cxx:480 in void ROOT::Detail::RDF::RLoopManager::RunTreeReader()>: Processing trees {Events} in files {input_files/dimuon/f405.root}: entry range [0,61540412], using slot 0 in thread 140521086265088.
Info in <[ROOT.RDF] Info /hpcscratch/user/ikabadzh/root/tree/dataframe/src/RLoopManager.cxx:713 in void ROOT::Detail::RDF::RLoopManager::Jit()>: Just-in-time compilation phase completed in 0.897616 seconds.
Info in <[ROOT.RDF] Info /hpcscratch/user/ikabadzh/root/tree/dataframe/src/RLoopManager.cxx:480 in void ROOT::Detail::RDF::RLoopManager::RunTreeReader()>: Processing trees {Events} in files {input_files/dimuon/f320.root}: entry range [0,61540412], using slot 0 in thread 140590820734720.
distributed.nanny - INFO - Closing Nanny at 'tcp://10.32.2.18:43345'
Info in <[ROOT.RDF] Info /hpcscratch/user/ikabadzh/root/tree/dataframe/src/RLoopManager.cxx:713 in void ROOT::Detail::RDF::RLoopManager::Jit()>: Just-in-time compilation phase completed in 0.896005 seconds.
Info in <[ROOT.RDF] Info /hpcscratch/user/ikabadzh/root/tree/dataframe/src/RLoopManager.cxx:480 in void ROOT::Detail::RDF::RLoopManager::RunTreeReader()>: Processing trees {Events} in files {input_files/dimuon/f314.root}: entry range [0,61540412], using slot 0 in thread 139955639457536.
Info in <[ROOT.RDF] Info /hpcscratch/user/ikabadzh/root/tree/dataframe/src/RLoopManager.cxx:713 in void ROOT::Detail::RDF::RLoopManager::Jit()>: Just-in-time compilation phase completed in 0.941084 seconds.
Info in <[ROOT.RDF] Info /hpcscratch/user/ikabadzh/root/tree/dataframe/src/RLoopManager.cxx:480 in void ROOT::Detail::RDF::RLoopManager::RunTreeReader()>: Processing trees {Events} in files {input_files/dimuon/f324.root}: entry range [0,61540412], using slot 0 in thread 140102977513216.
Info in <[ROOT.RDF] Info /hpcscratch/user/ikabadzh/root/tree/dataframe/src/RLoopManager.cxx:762 in void ROOT::Detail::RDF::RLoopManager::Run()>: Finished event loop number 0 (0.99s CPU, 0.975636s elapsed).
Info in <[ROOT.RDF] Info /hpcscratch/user/ikabadzh/root/tree/dataframe/src/RLoopManager.cxx:713 in void ROOT::Detail::RDF::RLoopManager::Jit()>: Just-in-time compilation phase completed in 0.910583 seconds.
Info in <[ROOT.RDF] Info /hpcscratch/user/ikabadzh/root/tree/dataframe/src/RLoopManager.cxx:480 in void ROOT::Detail::RDF::RLoopManager::RunTreeReader()>: Processing trees {Events} in files {input_files/dimuon/f401.root}: entry range [0,61540412], using slot 0 in thread 140463545628416.
Info in <[ROOT.RDF] Info /hpcscratch/user/ikabadzh/root/tree/dataframe/src/RLoopManager.cxx:762 in void ROOT::Detail::RDF::RLoopManager::Run()>: Finished event loop number 0 (1.05s CPU, 1.04415s elapsed).
distributed.nanny - INFO - Closing Nanny at 'tcp://10.32.2.18:38857'
Info in <[ROOT.RDF] Info /hpcscratch/user/ikabadzh/root/tree/dataframe/src/RLoopManager.cxx:762 in void ROOT::Detail::RDF::RLoopManager::Run()>: Finished event loop number 0 (1.04s CPU, 1.01783s elapsed).
Info in <[ROOT.RDF] Info /hpcscratch/user/ikabadzh/root/tree/dataframe/src/RLoopManager.cxx:713 in void ROOT::Detail::RDF::RLoopManager::Jit()>: Just-in-time compilation phase completed in 0.913212 seconds.
Info in <[ROOT.RDF] Info /hpcscratch/user/ikabadzh/root/tree/dataframe/src/RLoopManager.cxx:480 in void ROOT::Detail::RDF::RLoopManager::RunTreeReader()>: Processing trees {Events} in files {input_files/dimuon/f324.root}: entry range [0,61540412], using slot 0 in thread 139918684346112.
Info in <[ROOT.RDF] Info /hpcscratch/user/ikabadzh/root/tree/dataframe/src/RLoopManager.cxx:762 in void ROOT::Detail::RDF::RLoopManager::Run()>: Finished event loop number 0 (1.04s CPU, 1.03334s elapsed).
Info in <[ROOT.RDF] Info /hpcscratch/user/ikabadzh/root/tree/dataframe/src/RLoopManager.cxx:762 in void ROOT::Detail::RDF::RLoopManager::Run()>: Finished event loop number 0 (1.01s CPU, 0.98709s elapsed).
Info in <[ROOT.RDF] Info /hpcscratch/user/ikabadzh/root/tree/dataframe/src/RLoopManager.cxx:713 in void ROOT::Detail::RDF::RLoopManager::Jit()>: Just-in-time compilation phase completed in 0.918947 seconds.
Info in <[ROOT.RDF] Info /hpcscratch/user/ikabadzh/root/tree/dataframe/src/RLoopManager.cxx:480 in void ROOT::Detail::RDF::RLoopManager::RunTreeReader()>: Processing trees {Events} in files {input_files/dimuon/f402.root}: entry range [0,61540412], using slot 0 in thread 140512234116864.
Info in <[ROOT.RDF] Info /hpcscratch/user/ikabadzh/root/tree/dataframe/src/RLoopManager.cxx:738 in void ROOT::Detail::RDF::RLoopManager::Run()>: Starting event loop number 0.
distributed.worker - INFO - Comm closed
distributed.nanny - INFO - Worker closed
Info in <[ROOT.RDF] Info /hpcscratch/user/ikabadzh/root/tree/dataframe/src/RLoopManager.cxx:713 in void ROOT::Detail::RDF::RLoopManager::Jit()>: Just-in-time compilation phase completed in 0.918418 seconds.
Info in <[ROOT.RDF] Info /hpcscratch/user/ikabadzh/root/tree/dataframe/src/RLoopManager.cxx:480 in void ROOT::Detail::RDF::RLoopManager::RunTreeReader()>: Processing trees {Events} in files {input_files/dimuon/f406.root}: entry range [0,61540412], using slot 0 in thread 139722610079488.
Info in <[ROOT.RDF] Info /hpcscratch/user/ikabadzh/root/tree/dataframe/src/RLoopManager.cxx:738 in void ROOT::Detail::RDF::RLoopManager::Run()>: Starting event loop number 0.
Info in <[ROOT.RDF] Info /hpcscratch/user/ikabadzh/root/tree/dataframe/src/RLoopManager.cxx:762 in void ROOT::Detail::RDF::RLoopManager::Run()>: Finished event loop number 0 (1.03s CPU, 1.03061s elapsed).
distributed.nanny - INFO - Closing Nanny at 'tcp://10.32.2.18:35677'
Info in <[ROOT.RDF] Info /hpcscratch/user/ikabadzh/root/tree/dataframe/src/RLoopManager.cxx:738 in void ROOT::Detail::RDF::RLoopManager::Run()>: Starting event loop number 0.
Info in <[ROOT.RDF] Info /hpcscratch/user/ikabadzh/root/tree/dataframe/src/RLoopManager.cxx:738 in void ROOT::Detail::RDF::RLoopManager::Run()>: Starting event loop number 0.
Info in <[ROOT.RDF] Info /hpcscratch/user/ikabadzh/root/tree/dataframe/src/RLoopManager.cxx:762 in void ROOT::Detail::RDF::RLoopManager::Run()>: Finished event loop number 0 (1.04s CPU, 1.04467s elapsed).
Info in <[ROOT.RDF] Info /hpcscratch/user/ikabadzh/root/tree/dataframe/src/RLoopManager.cxx:738 in void ROOT::Detail::RDF::RLoopManager::Run()>: Starting event loop number 0.
Info in <[ROOT.RDF] Info /hpcscratch/user/ikabadzh/root/tree/dataframe/src/RLoopManager.cxx:762 in void ROOT::Detail::RDF::RLoopManager::Run()>: Finished event loop number 0 (1.03s CPU, 1.01656s elapsed).
Info in <[ROOT.RDF] Info /hpcscratch/user/ikabadzh/root/tree/dataframe/src/RLoopManager.cxx:762 in void ROOT::Detail::RDF::RLoopManager::Run()>: Finished event loop number 0 (1.02s CPU, 1.03755s elapsed).
Info in <[ROOT.RDF] Info /hpcscratch/user/ikabadzh/root/tree/dataframe/src/RLoopManager.cxx:738 in void ROOT::Detail::RDF::RLoopManager::Run()>: Starting event loop number 0.
Info in <[ROOT.RDF] Info /hpcscratch/user/ikabadzh/root/tree/dataframe/src/RLoopManager.cxx:762 in void ROOT::Detail::RDF::RLoopManager::Run()>: Finished event loop number 0 (1.03s CPU, 1.02036s elapsed).
Info in <[ROOT.RDF] Info /hpcscratch/user/ikabadzh/root/tree/dataframe/src/RLoopManager.cxx:738 in void ROOT::Detail::RDF::RLoopManager::Run()>: Starting event loop number 0.
Info in <[ROOT.RDF] Info /hpcscratch/user/ikabadzh/root/tree/dataframe/src/RLoopManager.cxx:762 in void ROOT::Detail::RDF::RLoopManager::Run()>: Finished event loop number 0 (1.6s CPU, 1.588s elapsed).
Info in <[ROOT.RDF] Info /hpcscratch/user/ikabadzh/root/tree/dataframe/src/RLoopManager.cxx:738 in void ROOT::Detail::RDF::RLoopManager::Run()>: Starting event loop number 0.
Info in <[ROOT.RDF] Info /hpcscratch/user/ikabadzh/root/tree/dataframe/src/RLoopManager.cxx:762 in void ROOT::Detail::RDF::RLoopManager::Run()>: Finished event loop number 0 (1.45s CPU, 1.44508s elapsed).
Info in <[ROOT.RDF] Info /hpcscratch/user/ikabadzh/root/tree/dataframe/src/RLoopManager.cxx:762 in void ROOT::Detail::RDF::RLoopManager::Run()>: Finished event loop number 0 (1.51s CPU, 1.50389s elapsed).
Info in <[ROOT.RDF] Info /hpcscratch/user/ikabadzh/root/tree/dataframe/src/RLoopManager.cxx:713 in void ROOT::Detail::RDF::RLoopManager::Jit()>: Just-in-time compilation phase completed in 0.893172 seconds.
Info in <[ROOT.RDF] Info /hpcscratch/user/ikabadzh/root/tree/dataframe/src/RLoopManager.cxx:480 in void ROOT::Detail::RDF::RLoopManager::RunTreeReader()>: Processing trees {Events} in files {input_files/dimuon/f401.root}: entry range [0,61540412], using slot 0 in thread 140459722094336.
Info in <[ROOT.RDF] Info /hpcscratch/user/ikabadzh/root/tree/dataframe/src/RLoopManager.cxx:762 in void ROOT::Detail::RDF::RLoopManager::Run()>: Finished event loop number 0 (0.99s CPU, 0.978191s elapsed).
Info in <[ROOT.RDF] Info /hpcscratch/user/ikabadzh/root/tree/dataframe/src/RLoopManager.cxx:762 in void ROOT::Detail::RDF::RLoopManager::Run()>: Finished event loop number 0 (1.46s CPU, 1.45731s elapsed).
Info in <[ROOT.RDF] Info /hpcscratch/user/ikabadzh/root/tree/dataframe/src/RLoopManager.cxx:738 in void ROOT::Detail::RDF::RLoopManager::Run()>: Starting event loop number 0.
Info in <[ROOT.RDF] Info /hpcscratch/user/ikabadzh/root/tree/dataframe/src/RLoopManager.cxx:713 in void ROOT::Detail::RDF::RLoopManager::Jit()>: Just-in-time compilation phase completed in 0.902723 seconds.
Info in <[ROOT.RDF] Info /hpcscratch/user/ikabadzh/root/tree/dataframe/src/RLoopManager.cxx:480 in void ROOT::Detail::RDF::RLoopManager::RunTreeReader()>: Processing trees {Events} in files {input_files/dimuon/f399.root}: entry range [0,61540412], using slot 0 in thread 140665902778112.
Info in <[ROOT.RDF] Info /hpcscratch/user/ikabadzh/root/tree/dataframe/src/RLoopManager.cxx:762 in void ROOT::Detail::RDF::RLoopManager::Run()>: Finished event loop number 0 (1.47s CPU, 1.46739s elapsed).
Info in <[ROOT.RDF] Info /hpcscratch/user/ikabadzh/root/tree/dataframe/src/RLoopManager.cxx:762 in void ROOT::Detail::RDF::RLoopManager::Run()>: Finished event loop number 0 (1s CPU, 0.985934s elapsed).
Info in <[ROOT.RDF] Info /hpcscratch/user/ikabadzh/root/tree/dataframe/src/RLoopManager.cxx:762 in void ROOT::Detail::RDF::RLoopManager::Run()>: Finished event loop number 0 (1.52s CPU, 1.51913s elapsed).
Info in <[ROOT.RDF] Info /hpcscratch/user/ikabadzh/root/tree/dataframe/src/RLoopManager.cxx:713 in void ROOT::Detail::RDF::RLoopManager::Jit()>: Just-in-time compilation phase completed in 0.888253 seconds.
Info in <[ROOT.RDF] Info /hpcscratch/user/ikabadzh/root/tree/dataframe/src/RLoopManager.cxx:480 in void ROOT::Detail::RDF::RLoopManager::RunTreeReader()>: Processing trees {Events} in files {input_files/dimuon/f322.root}: entry range [0,61540412], using slot 0 in thread 140056386619136.
Info in <[ROOT.RDF] Info /hpcscratch/user/ikabadzh/root/tree/dataframe/src/RLoopManager.cxx:713 in void ROOT::Detail::RDF::RLoopManager::Jit()>: Just-in-time compilation phase completed in 0.904211 seconds.
Info in <[ROOT.RDF] Info /hpcscratch/user/ikabadzh/root/tree/dataframe/src/RLoopManager.cxx:480 in void ROOT::Detail::RDF::RLoopManager::RunTreeReader()>: Processing trees {Events} in files {input_files/dimuon/f315.root}: entry range [0,61540412], using slot 0 in thread 140645078161152.
Info in <[ROOT.RDF] Info /hpcscratch/user/ikabadzh/root/tree/dataframe/src/RLoopManager.cxx:762 in void ROOT::Detail::RDF::RLoopManager::Run()>: Finished event loop number 0 (1.57s CPU, 1.55652s elapsed).
Info in <[ROOT.RDF] Info /hpcscratch/user/ikabadzh/root/tree/dataframe/src/RLoopManager.cxx:738 in void ROOT::Detail::RDF::RLoopManager::Run()>: Starting event loop number 0.
Info in <[ROOT.RDF] Info /hpcscratch/user/ikabadzh/root/tree/dataframe/src/RLoopManager.cxx:713 in void ROOT::Detail::RDF::RLoopManager::Jit()>: Just-in-time compilation phase completed in 0.926069 seconds.
Info in <[ROOT.RDF] Info /hpcscratch/user/ikabadzh/root/tree/dataframe/src/RLoopManager.cxx:480 in void ROOT::Detail::RDF::RLoopManager::RunTreeReader()>: Processing trees {Events} in files {input_files/dimuon/f320.root}: entry range [0,61540412], using slot 0 in thread 140409514903296.
Info in <[ROOT.RDF] Info /hpcscratch/user/ikabadzh/root/tree/dataframe/src/RLoopManager.cxx:738 in void ROOT::Detail::RDF::RLoopManager::Run()>: Starting event loop number 0.
Info in <[ROOT.RDF] Info /hpcscratch/user/ikabadzh/root/tree/dataframe/src/RLoopManager.cxx:738 in void ROOT::Detail::RDF::RLoopManager::Run()>: Starting event loop number 0.
Info in <[ROOT.RDF] Info /hpcscratch/user/ikabadzh/root/tree/dataframe/src/RLoopManager.cxx:738 in void ROOT::Detail::RDF::RLoopManager::Run()>: Starting event loop number 0.
distributed.worker - INFO - Comm closed
distributed.nanny - INFO - Worker closed
Info in <[ROOT.RDF] Info /hpcscratch/user/ikabadzh/root/tree/dataframe/src/RLoopManager.cxx:713 in void ROOT::Detail::RDF::RLoopManager::Jit()>: Just-in-time compilation phase completed in 0.929002 seconds.
Info in <[ROOT.RDF] Info /hpcscratch/user/ikabadzh/root/tree/dataframe/src/RLoopManager.cxx:480 in void ROOT::Detail::RDF::RLoopManager::RunTreeReader()>: Processing trees {Events} in files {input_files/dimuon/f317.root}: entry range [0,61540412], using slot 0 in thread 139991744009984.
Info in <[ROOT.RDF] Info /hpcscratch/user/ikabadzh/root/tree/dataframe/src/RLoopManager.cxx:713 in void ROOT::Detail::RDF::RLoopManager::Jit()>: Just-in-time compilation phase completed in 0.890110 seconds.
Info in <[ROOT.RDF] Info /hpcscratch/user/ikabadzh/root/tree/dataframe/src/RLoopManager.cxx:480 in void ROOT::Detail::RDF::RLoopManager::RunTreeReader()>: Processing trees {Events} in files {input_files/dimuon/f406.root}: entry range [0,61540412], using slot 0 in thread 140406057789184.
distributed.worker - INFO - Comm closed
distributed.nanny - INFO - Worker closed
distributed.worker - INFO - Comm closed
distributed.worker - ERROR - Worker stream died during communication: tcp://10.32.2.18:40835
Traceback (most recent call last):
  File "/hpcscratch/user/ikabadzh/mambaforge/envs/myenv/lib/python3.9/site-packages/tornado/iostream.py", line 867, in _read_to_buffer
    bytes_read = self.read_from_fd(buf)
  File "/hpcscratch/user/ikabadzh/mambaforge/envs/myenv/lib/python3.9/site-packages/tornado/iostream.py", line 1140, in read_from_fd
    return self.socket.recv_into(buf, len(buf))
ConnectionResetError: [Errno 104] Connection reset by peer

The above exception was the direct cause of the following exception:

Traceback (most recent call last):
  File "/hpcscratch/user/ikabadzh/mambaforge/envs/myenv/lib/python3.9/site-packages/distributed/comm/core.py", line 318, in connect
    handshake = await asyncio.wait_for(comm.read(), time_left())
  File "/hpcscratch/user/ikabadzh/mambaforge/envs/myenv/lib/python3.9/asyncio/tasks.py", line 471, in wait_for
    return fut.result()
  File "/hpcscratch/user/ikabadzh/mambaforge/envs/myenv/lib/python3.9/site-packages/distributed/comm/tcp.py", line 214, in read
    convert_stream_closed_error(self, e)
  File "/hpcscratch/user/ikabadzh/mambaforge/envs/myenv/lib/python3.9/site-packages/distributed/comm/tcp.py", line 126, in convert_stream_closed_error
    raise CommClosedError(f"in {obj}: {exc.__class__.__name__}: {exc}") from exc
distributed.comm.core.CommClosedError: in <TCP (closed)  local=tcp://10.32.2.18:56062 remote=tcp://10.32.2.18:40835>: ConnectionResetError: [Errno 104] Connection reset by peer

The above exception was the direct cause of the following exception:

Traceback (most recent call last):
  File "/hpcscratch/user/ikabadzh/mambaforge/envs/myenv/lib/python3.9/site-packages/distributed/worker.py", line 2387, in gather_dep
    response = await get_data_from_worker(
  File "/hpcscratch/user/ikabadzh/mambaforge/envs/myenv/lib/python3.9/site-packages/distributed/worker.py", line 3759, in get_data_from_worker
    return await retry_operation(_get_data, operation="get_data_from_worker")
  File "/hpcscratch/user/ikabadzh/mambaforge/envs/myenv/lib/python3.9/site-packages/distributed/utils_comm.py", line 385, in retry_operation
    return await retry(
  File "/hpcscratch/user/ikabadzh/mambaforge/envs/myenv/lib/python3.9/site-packages/distributed/utils_comm.py", line 370, in retry
    return await coro()
  File "/hpcscratch/user/ikabadzh/mambaforge/envs/myenv/lib/python3.9/site-packages/distributed/worker.py", line 3736, in _get_data
    comm = await rpc.connect(worker)
  File "/hpcscratch/user/ikabadzh/mambaforge/envs/myenv/lib/python3.9/site-packages/distributed/core.py", line 1059, in connect
    raise exc
  File "/hpcscratch/user/ikabadzh/mambaforge/envs/myenv/lib/python3.9/site-packages/distributed/core.py", line 1043, in connect
    comm = await fut
  File "/hpcscratch/user/ikabadzh/mambaforge/envs/myenv/lib/python3.9/site-packages/distributed/comm/core.py", line 323, in connect
    raise OSError(
OSError: Timed out during handshake while connecting to tcp://10.32.2.18:40835 after 30 s
distributed.nanny - INFO - Worker closed
distributed.worker - INFO - Stopping worker at tcp://10.32.2.18:38315
Info in <[ROOT.RDF] Info /hpcscratch/user/ikabadzh/root/tree/dataframe/src/RLoopManager.cxx:738 in void ROOT::Detail::RDF::RLoopManager::Run()>: Starting event loop number 0.
Info in <[ROOT.RDF] Info /hpcscratch/user/ikabadzh/root/tree/dataframe/src/RLoopManager.cxx:713 in void ROOT::Detail::RDF::RLoopManager::Jit()>: Just-in-time compilation phase completed in 0.907214 seconds.
Info in <[ROOT.RDF] Info /hpcscratch/user/ikabadzh/root/tree/dataframe/src/RLoopManager.cxx:480 in void ROOT::Detail::RDF::RLoopManager::RunTreeReader()>: Processing trees {Events} in files {input_files/dimuon/f405.root}: entry range [0,61540412], using slot 0 in thread 140521086265088.
Info in <[ROOT.RDF] Info /hpcscratch/user/ikabadzh/root/tree/dataframe/src/RLoopManager.cxx:738 in void ROOT::Detail::RDF::RLoopManager::Run()>: Starting event loop number 0.
distributed.nanny - INFO - Closing Nanny at 'tcp://10.32.2.18:34201'
distributed.worker - INFO - Stopping worker at tcp://10.32.2.18:42923
distributed.nanny - INFO - Closing Nanny at 'tcp://10.32.2.18:44847'
distributed.nanny - INFO - Closing Nanny at 'tcp://10.32.2.18:39305'
Info in <[ROOT.RDF] Info /hpcscratch/user/ikabadzh/root/tree/dataframe/src/RLoopManager.cxx:713 in void ROOT::Detail::RDF::RLoopManager::Jit()>: Just-in-time compilation phase completed in 0.926072 seconds.
Info in <[ROOT.RDF] Info /hpcscratch/user/ikabadzh/root/tree/dataframe/src/RLoopManager.cxx:480 in void ROOT::Detail::RDF::RLoopManager::RunTreeReader()>: Processing trees {Events} in files {input_files/dimuon/f324.root}: entry range [0,61540412], using slot 0 in thread 140102977513216.
Info in <[ROOT.RDF] Info /hpcscratch/user/ikabadzh/root/tree/dataframe/src/RLoopManager.cxx:713 in void ROOT::Detail::RDF::RLoopManager::Jit()>: Just-in-time compilation phase completed in 0.904306 seconds.
Info in <[ROOT.RDF] Info /hpcscratch/user/ikabadzh/root/tree/dataframe/src/RLoopManager.cxx:480 in void ROOT::Detail::RDF::RLoopManager::RunTreeReader()>: Processing trees {Events} in files {input_files/dimuon/f400.root}: entry range [0,61540412], using slot 0 in thread 139809095055104.
Info in <[ROOT.RDF] Info /hpcscratch/user/ikabadzh/root/tree/dataframe/src/RLoopManager.cxx:762 in void ROOT::Detail::RDF::RLoopManager::Run()>: Finished event loop number 0 (1.04s CPU, 1.03419s elapsed).
Info in <[ROOT.RDF] Info /hpcscratch/user/ikabadzh/root/tree/dataframe/src/RLoopManager.cxx:713 in void ROOT::Detail::RDF::RLoopManager::Jit()>: Just-in-time compilation phase completed in 0.883091 seconds.
Info in <[ROOT.RDF] Info /hpcscratch/user/ikabadzh/root/tree/dataframe/src/RLoopManager.cxx:480 in void ROOT::Detail::RDF::RLoopManager::RunTreeReader()>: Processing trees {Events} in files {input_files/dimuon/f318.root}: entry range [0,61540412], using slot 0 in thread 140409377539840.
Info in <[ROOT.RDF] Info /hpcscratch/user/ikabadzh/root/tree/dataframe/src/RLoopManager.cxx:713 in void ROOT::Detail::RDF::RLoopManager::Jit()>: Just-in-time compilation phase completed in 0.896572 seconds.
Info in <[ROOT.RDF] Info /hpcscratch/user/ikabadzh/root/tree/dataframe/src/RLoopManager.cxx:480 in void ROOT::Detail::RDF::RLoopManager::RunTreeReader()>: Processing trees {Events} in files {input_files/dimuon/f402.root}: entry range [0,61540412], using slot 0 in thread 140512234116864.
Info in <[ROOT.RDF] Info /hpcscratch/user/ikabadzh/root/tree/dataframe/src/RLoopManager.cxx:713 in void ROOT::Detail::RDF::RLoopManager::Jit()>: Just-in-time compilation phase completed in 0.907791 seconds.
Info in <[ROOT.RDF] Info /hpcscratch/user/ikabadzh/root/tree/dataframe/src/RLoopManager.cxx:480 in void ROOT::Detail::RDF::RLoopManager::RunTreeReader()>: Processing trees {Events} in files {input_files/dimuon/f323.root}: entry range [0,61540412], using slot 0 in thread 140433834899200.
Info in <[ROOT.RDF] Info /hpcscratch/user/ikabadzh/root/tree/dataframe/src/RLoopManager.cxx:762 in void ROOT::Detail::RDF::RLoopManager::Run()>: Finished event loop number 0 (1.47s CPU, 1.45192s elapsed).
Info in <[ROOT.RDF] Info /hpcscratch/user/ikabadzh/root/tree/dataframe/src/RLoopManager.cxx:738 in void ROOT::Detail::RDF::RLoopManager::Run()>: Starting event loop number 0.
Info in <[ROOT.RDF] Info /hpcscratch/user/ikabadzh/root/tree/dataframe/src/RLoopManager.cxx:762 in void ROOT::Detail::RDF::RLoopManager::Run()>: Finished event loop number 0 (1.01s CPU, 1.0102s elapsed).
distributed.worker - INFO - Comm closed
distributed.nanny - INFO - Worker closed
Info in <[ROOT.RDF] Info /hpcscratch/user/ikabadzh/root/tree/dataframe/src/RLoopManager.cxx:762 in void ROOT::Detail::RDF::RLoopManager::Run()>: Finished event loop number 0 (1.1s CPU, 1.02614s elapsed).
Info in <[ROOT.RDF] Info /hpcscratch/user/ikabadzh/root/tree/dataframe/src/RLoopManager.cxx:713 in void ROOT::Detail::RDF::RLoopManager::Jit()>: Just-in-time compilation phase completed in 0.903471 seconds.
Info in <[ROOT.RDF] Info /hpcscratch/user/ikabadzh/root/tree/dataframe/src/RLoopManager.cxx:480 in void ROOT::Detail::RDF::RLoopManager::RunTreeReader()>: Processing trees {Events} in files {input_files/dimuon/f406.root}: entry range [0,61540412], using slot 0 in thread 139722610079488.
Info in <[ROOT.RDF] Info /hpcscratch/user/ikabadzh/root/tree/dataframe/src/RLoopManager.cxx:762 in void ROOT::Detail::RDF::RLoopManager::Run()>: Finished event loop number 0 (1.53s CPU, 1.51868s elapsed).
Info in <[ROOT.RDF] Info /hpcscratch/user/ikabadzh/root/tree/dataframe/src/RLoopManager.cxx:713 in void ROOT::Detail::RDF::RLoopManager::Jit()>: Just-in-time compilation phase completed in 0.918328 seconds.
Info in <[ROOT.RDF] Info /hpcscratch/user/ikabadzh/root/tree/dataframe/src/RLoopManager.cxx:480 in void ROOT::Detail::RDF::RLoopManager::RunTreeReader()>: Processing trees {Events} in files {input_files/dimuon/f325.root}: entry range [0,61540412], using slot 0 in thread 139918684346112.
Info in <[ROOT.RDF] Info /hpcscratch/user/ikabadzh/root/tree/dataframe/src/RLoopManager.cxx:762 in void ROOT::Detail::RDF::RLoopManager::Run()>: Finished event loop number 0 (1.47s CPU, 1.45187s elapsed).
distributed.worker - INFO - Comm closed
distributed.nanny - INFO - Worker closed
Info in <[ROOT.RDF] Info /hpcscratch/user/ikabadzh/root/tree/dataframe/src/RLoopManager.cxx:762 in void ROOT::Detail::RDF::RLoopManager::Run()>: Finished event loop number 0 (1.05s CPU, 1.02958s elapsed).
distributed.nanny - INFO - Closing Nanny at 'tcp://10.32.2.18:38005'
Info in <[ROOT.RDF] Info /hpcscratch/user/ikabadzh/root/tree/dataframe/src/RLoopManager.cxx:762 in void ROOT::Detail::RDF::RLoopManager::Run()>: Finished event loop number 0 (1.54s CPU, 1.51586s elapsed).
distributed.nanny - INFO - Closing Nanny at 'tcp://10.32.2.18:34109'
Info in <[ROOT.RDF] Info /hpcscratch/user/ikabadzh/root/tree/dataframe/src/RLoopManager.cxx:762 in void ROOT::Detail::RDF::RLoopManager::Run()>: Finished event loop number 0 (0.99s CPU, 0.979239s elapsed).
Info in <[ROOT.RDF] Info /hpcscratch/user/ikabadzh/root/tree/dataframe/src/RLoopManager.cxx:762 in void ROOT::Detail::RDF::RLoopManager::Run()>: Finished event loop number 0 (0.99s CPU, 0.979528s elapsed).
Info in <[ROOT.RDF] Info /hpcscratch/user/ikabadzh/root/tree/dataframe/src/RLoopManager.cxx:762 in void ROOT::Detail::RDF::RLoopManager::Run()>: Finished event loop number 0 (1.01s CPU, 0.973312s elapsed).
Info in <[ROOT.RDF] Info /hpcscratch/user/ikabadzh/root/tree/dataframe/src/RLoopManager.cxx:762 in void ROOT::Detail::RDF::RLoopManager::Run()>: Finished event loop number 0 (0.99s CPU, 0.977882s elapsed).
Info in <[ROOT.RDF] Info /hpcscratch/user/ikabadzh/root/tree/dataframe/src/RLoopManager.cxx:713 in void ROOT::Detail::RDF::RLoopManager::Jit()>: Just-in-time compilation phase completed in 0.911797 seconds.
Info in <[ROOT.RDF] Info /hpcscratch/user/ikabadzh/root/tree/dataframe/src/RLoopManager.cxx:480 in void ROOT::Detail::RDF::RLoopManager::RunTreeReader()>: Processing trees {Events} in files {input_files/dimuon/f322.root}: entry range [0,61540412], using slot 0 in thread 140056386619136.
Info in <[ROOT.RDF] Info /hpcscratch/user/ikabadzh/root/tree/dataframe/src/RLoopManager.cxx:738 in void ROOT::Detail::RDF::RLoopManager::Run()>: Starting event loop number 0.
Info in <[ROOT.RDF] Info /hpcscratch/user/ikabadzh/root/tree/dataframe/src/RLoopManager.cxx:738 in void ROOT::Detail::RDF::RLoopManager::Run()>: Starting event loop number 0.
Info in <[ROOT.RDF] Info /hpcscratch/user/ikabadzh/root/tree/dataframe/src/RLoopManager.cxx:738 in void ROOT::Detail::RDF::RLoopManager::Run()>: Starting event loop number 0.
Info in <[ROOT.RDF] Info /hpcscratch/user/ikabadzh/root/tree/dataframe/src/RLoopManager.cxx:762 in void ROOT::Detail::RDF::RLoopManager::Run()>: Finished event loop number 0 (1.03s CPU, 0.978428s elapsed).
distributed.worker - INFO -         Registered to: tcp://188.185.68.194:34877
distributed.worker - INFO - -------------------------------------------------
distributed.core - INFO - Starting established connection
Info in <[ROOT.RDF] Info /hpcscratch/user/ikabadzh/root/tree/dataframe/src/RLoopManager.cxx:762 in void ROOT::Detail::RDF::RLoopManager::Run()>: Finished event loop number 0 (1.57s CPU, 1.50842s elapsed).
Info in <[ROOT.RDF] Info /hpcscratch/user/ikabadzh/root/tree/dataframe/src/RLoopManager.cxx:738 in void ROOT::Detail::RDF::RLoopManager::Run()>: Starting event loop number 0.
Info in <[ROOT.RDF] Info /hpcscratch/user/ikabadzh/root/tree/dataframe/src/RLoopManager.cxx:762 in void ROOT::Detail::RDF::RLoopManager::Run()>: Finished event loop number 0 (1.54s CPU, 1.48326s elapsed).
Info in <[ROOT.RDF] Info /hpcscratch/user/ikabadzh/root/tree/dataframe/src/RLoopManager.cxx:713 in void ROOT::Detail::RDF::RLoopManager::Jit()>: Just-in-time compilation phase completed in 0.889042 seconds.
Info in <[ROOT.RDF] Info /hpcscratch/user/ikabadzh/root/tree/dataframe/src/RLoopManager.cxx:480 in void ROOT::Detail::RDF::RLoopManager::RunTreeReader()>: Processing trees {Events} in files {input_files/dimuon/f315.root}: entry range [0,61540412], using slot 0 in thread 140645078161152.
Info in <[ROOT.RDF] Info /hpcscratch/user/ikabadzh/root/tree/dataframe/src/RLoopManager.cxx:762 in void ROOT::Detail::RDF::RLoopManager::Run()>: Finished event loop number 0 (1.1s CPU, 1.06022s elapsed).
Info in <[ROOT.RDF] Info /hpcscratch/user/ikabadzh/root/tree/dataframe/src/RLoopManager.cxx:738 in void ROOT::Detail::RDF::RLoopManager::Run()>: Starting event loop number 0.
Info in <[ROOT.RDF] Info /hpcscratch/user/ikabadzh/root/tree/dataframe/src/RLoopManager.cxx:713 in void ROOT::Detail::RDF::RLoopManager::Jit()>: Just-in-time compilation phase completed in 0.905781 seconds.
Info in <[ROOT.RDF] Info /hpcscratch/user/ikabadzh/root/tree/dataframe/src/RLoopManager.cxx:480 in void ROOT::Detail::RDF::RLoopManager::RunTreeReader()>: Processing trees {Events} in files {input_files/dimuon/f406.root}: entry range [0,61540412], using slot 0 in thread 140406057789184.
Info in <[ROOT.RDF] Info /hpcscratch/user/ikabadzh/root/tree/dataframe/src/RLoopManager.cxx:713 in void ROOT::Detail::RDF::RLoopManager::Jit()>: Just-in-time compilation phase completed in 0.897563 seconds.
Info in <[ROOT.RDF] Info /hpcscratch/user/ikabadzh/root/tree/dataframe/src/RLoopManager.cxx:480 in void ROOT::Detail::RDF::RLoopManager::RunTreeReader()>: Processing trees {Events} in files {input_files/dimuon/f399.root}: entry range [0,61540412], using slot 0 in thread 140665902778112.
Info in <[ROOT.RDF] Info /hpcscratch/user/ikabadzh/root/tree/dataframe/src/RLoopManager.cxx:713 in void ROOT::Detail::RDF::RLoopManager::Jit()>: Just-in-time compilation phase completed in 0.896599 seconds.
Info in <[ROOT.RDF] Info /hpcscratch/user/ikabadzh/root/tree/dataframe/src/RLoopManager.cxx:480 in void ROOT::Detail::RDF::RLoopManager::RunTreeReader()>: Processing trees {Events} in files {input_files/dimuon/f405.root}: entry range [0,61540412], using slot 0 in thread 140521086265088.
Info in <[ROOT.RDF] Info /hpcscratch/user/ikabadzh/root/tree/dataframe/src/RLoopManager.cxx:762 in void ROOT::Detail::RDF::RLoopManager::Run()>: Finished event loop number 0 (0.98s CPU, 0.964518s elapsed).
Info in <[ROOT.RDF] Info /hpcscratch/user/ikabadzh/root/tree/dataframe/src/RLoopManager.cxx:713 in void ROOT::Detail::RDF::RLoopManager::Jit()>: Just-in-time compilation phase completed in 0.906828 seconds.
Info in <[ROOT.RDF] Info /hpcscratch/user/ikabadzh/root/tree/dataframe/src/RLoopManager.cxx:480 in void ROOT::Detail::RDF::RLoopManager::RunTreeReader()>: Processing trees {Events} in files {input_files/dimuon/f324.root}: entry range [0,61540412], using slot 0 in thread 140102977513216.
distributed.worker - INFO -         Registered to: tcp://188.185.68.194:34877
distributed.worker - INFO - -------------------------------------------------
distributed.core - INFO - Starting established connection
distributed.worker - INFO -         Registered to: tcp://188.185.68.194:34877
distributed.worker - INFO - -------------------------------------------------
distributed.core - INFO - Starting established connection
Info in <[ROOT.RDF] Info /hpcscratch/user/ikabadzh/root/tree/dataframe/src/RLoopManager.cxx:762 in void ROOT::Detail::RDF::RLoopManager::Run()>: Finished event loop number 0 (1.05s CPU, 0.990036s elapsed).
Info in <[ROOT.RDF] Info /hpcscratch/user/ikabadzh/root/tree/dataframe/src/RLoopManager.cxx:762 in void ROOT::Detail::RDF::RLoopManager::Run()>: Finished event loop number 0 (1.06s CPU, 1.03622s elapsed).
distributed.worker - INFO -         Registered to: tcp://188.185.68.194:34877
distributed.worker - INFO - -------------------------------------------------
distributed.core - INFO - Starting established connection
distributed.worker - INFO -         Registered to: tcp://188.185.68.194:34877
distributed.worker - INFO - -------------------------------------------------
distributed.core - INFO - Starting established connection
distributed.worker - INFO -         Registered to: tcp://188.185.68.194:34877
distributed.worker - INFO - -------------------------------------------------
distributed.core - INFO - Starting established connection
distributed.nanny - INFO - Closing Nanny at 'tcp://10.32.2.18:36249'
distributed.nanny - INFO - Closing Nanny at 'tcp://10.32.2.18:44093'
distributed.worker - INFO - Stopping worker at tcp://10.32.2.18:43245
distributed.worker - INFO - Closed worker has not yet started: Status.undefined
distributed.worker - INFO - Stopping worker at tcp://10.32.2.18:46749
distributed.worker - INFO - Closed worker has not yet started: Status.undefined
distributed.worker - INFO -         Registered to: tcp://188.185.68.194:34877
distributed.worker - INFO - -------------------------------------------------
distributed.core - INFO - Starting established connection
distributed.worker - INFO -         Registered to: tcp://188.185.68.194:34877
distributed.worker - INFO - -------------------------------------------------
distributed.core - INFO - Starting established connection
Info in <[ROOT.RDF] Info /hpcscratch/user/ikabadzh/root/tree/dataframe/src/RLoopManager.cxx:762 in void ROOT::Detail::RDF::RLoopManager::Run()>: Finished event loop number 0 (1.54s CPU, 1.51486s elapsed).
Info in <[ROOT.RDF] Info /hpcscratch/user/ikabadzh/root/tree/dataframe/src/RLoopManager.cxx:762 in void ROOT::Detail::RDF::RLoopManager::Run()>: Finished event loop number 0 (1.54s CPU, 1.52029s elapsed).
distributed.worker - INFO - Stopping worker at tcp://10.32.2.18:43245
distributed.worker - INFO - Stopping worker at tcp://10.32.2.18:46749
tornado.application - ERROR - Exception in callback functools.partial(<bound method IOLoop._discard_future_result of <tornado.platform.asyncio.AsyncIOLoop object at 0x7fe72bfb9d00>>, <Task finished name='Task-14' coro=<Worker.handle_scheduler() done, defined at /hpcscratch/user/ikabadzh/mambaforge/envs/myenv/lib/python3.9/site-packages/distributed/worker.py:1045> exception=CommClosedError('ConnectionPool not running. Status: Status.closed')>)
Traceback (most recent call last):
  File "/hpcscratch/user/ikabadzh/mambaforge/envs/myenv/lib/python3.9/site-packages/distributed/comm/core.py", line 283, in connect
    comm = await asyncio.wait_for(
  File "/hpcscratch/user/ikabadzh/mambaforge/envs/myenv/lib/python3.9/asyncio/tasks.py", line 468, in wait_for
    await waiter
asyncio.exceptions.CancelledError

During handling of the above exception, another exception occurred:

Traceback (most recent call last):
  File "/hpcscratch/user/ikabadzh/mambaforge/envs/myenv/lib/python3.9/site-packages/distributed/core.py", line 1043, in connect
    comm = await fut
asyncio.exceptions.CancelledError

The above exception was the direct cause of the following exception:

Traceback (most recent call last):
  File "/hpcscratch/user/ikabadzh/mambaforge/envs/myenv/lib/python3.9/site-packages/tornado/ioloop.py", line 741, in _run_callback
    ret = callback()
  File "/hpcscratch/user/ikabadzh/mambaforge/envs/myenv/lib/python3.9/site-packages/tornado/ioloop.py", line 765, in _discard_future_result
    future.result()
  File "/hpcscratch/user/ikabadzh/mambaforge/envs/myenv/lib/python3.9/site-packages/distributed/worker.py", line 1058, in handle_scheduler
    await self.close(report=False)
  File "/hpcscratch/user/ikabadzh/mambaforge/envs/myenv/lib/python3.9/site-packages/distributed/worker.py", line 1275, in close
    await r.close_gracefully()
  File "/hpcscratch/user/ikabadzh/mambaforge/envs/myenv/lib/python3.9/site-packages/distributed/core.py", line 871, in send_recv_from_rpc
    comm = await self.pool.connect(self.addr)
  File "/hpcscratch/user/ikabadzh/mambaforge/envs/myenv/lib/python3.9/site-packages/distributed/core.py", line 1054, in connect
    raise CommClosedError(
distributed.comm.core.CommClosedError: ConnectionPool not running. Status: Status.closed
tornado.application - ERROR - Exception in callback functools.partial(<bound method IOLoop._discard_future_result of <tornado.platform.asyncio.AsyncIOLoop object at 0x7f86e792fd00>>, <Task finished name='Task-14' coro=<Worker.handle_scheduler() done, defined at /hpcscratch/user/ikabadzh/mambaforge/envs/myenv/lib/python3.9/site-packages/distributed/worker.py:1045> exception=CommClosedError('ConnectionPool not running. Status: Status.closed')>)
Traceback (most recent call last):
  File "/hpcscratch/user/ikabadzh/mambaforge/envs/myenv/lib/python3.9/site-packages/distributed/comm/core.py", line 283, in connect
    comm = await asyncio.wait_for(
  File "/hpcscratch/user/ikabadzh/mambaforge/envs/myenv/lib/python3.9/asyncio/tasks.py", line 468, in wait_for
    await waiter
asyncio.exceptions.CancelledError

During handling of the above exception, another exception occurred:

Traceback (most recent call last):
  File "/hpcscratch/user/ikabadzh/mambaforge/envs/myenv/lib/python3.9/site-packages/distributed/core.py", line 1043, in connect
    comm = await fut
asyncio.exceptions.CancelledError

The above exception was the direct cause of the following exception:

Traceback (most recent call last):
  File "/hpcscratch/user/ikabadzh/mambaforge/envs/myenv/lib/python3.9/site-packages/tornado/ioloop.py", line 741, in _run_callback
    ret = callback()
  File "/hpcscratch/user/ikabadzh/mambaforge/envs/myenv/lib/python3.9/site-packages/tornado/ioloop.py", line 765, in _discard_future_result
    future.result()
  File "/hpcscratch/user/ikabadzh/mambaforge/envs/myenv/lib/python3.9/site-packages/distributed/worker.py", line 1058, in handle_scheduler
    await self.close(report=False)
  File "/hpcscratch/user/ikabadzh/mambaforge/envs/myenv/lib/python3.9/site-packages/distributed/worker.py", line 1275, in close
    await r.close_gracefully()
  File "/hpcscratch/user/ikabadzh/mambaforge/envs/myenv/lib/python3.9/site-packages/distributed/core.py", line 871, in send_recv_from_rpc
    comm = await self.pool.connect(self.addr)
  File "/hpcscratch/user/ikabadzh/mambaforge/envs/myenv/lib/python3.9/site-packages/distributed/core.py", line 1054, in connect
    raise CommClosedError(
distributed.comm.core.CommClosedError: ConnectionPool not running. Status: Status.closed
distributed.nanny - WARNING - Worker process still alive after 0 seconds, killing
distributed.dask_worker - INFO - End worker
Traceback (most recent call last):
  File "/hpcscratch/user/ikabadzh/mambaforge/envs/myenv/lib/python3.9/site-packages/distributed/nanny.py", line 335, in start
    response = await self.instantiate()
  File "/hpcscratch/user/ikabadzh/mambaforge/envs/myenv/lib/python3.9/site-packages/distributed/nanny.py", line 404, in instantiate
    result = await asyncio.wait_for(
  File "/hpcscratch/user/ikabadzh/mambaforge/envs/myenv/lib/python3.9/asyncio/tasks.py", line 468, in wait_for
    await waiter
asyncio.exceptions.CancelledError

During handling of the above exception, another exception occurred:

Traceback (most recent call last):
  File "/hpcscratch/user/ikabadzh/mambaforge/envs/myenv/lib/python3.9/asyncio/tasks.py", line 492, in wait_for
    fut.result()
asyncio.exceptions.CancelledError

The above exception was the direct cause of the following exception:

Traceback (most recent call last):
  File "/hpcscratch/user/ikabadzh/mambaforge/envs/myenv/lib/python3.9/site-packages/distributed/core.py", line 273, in _
    await asyncio.wait_for(self.start(), timeout=timeout)
  File "/hpcscratch/user/ikabadzh/mambaforge/envs/myenv/lib/python3.9/asyncio/tasks.py", line 494, in wait_for
    raise exceptions.TimeoutError() from exc
asyncio.exceptions.TimeoutError

During handling of the above exception, another exception occurred:

Traceback (most recent call last):
  File "/hpcscratch/user/ikabadzh/mambaforge/envs/myenv/lib/python3.9/runpy.py", line 197, in _run_module_as_main
    return _run_code(code, main_globals, None,
  File "/hpcscratch/user/ikabadzh/mambaforge/envs/myenv/lib/python3.9/runpy.py", line 87, in _run_code
    exec(code, run_globals)
  File "/hpcscratch/user/ikabadzh/mambaforge/envs/myenv/lib/python3.9/site-packages/distributed/cli/dask_worker.py", line 469, in <module>
    go()
  File "/hpcscratch/user/ikabadzh/mambaforge/envs/myenv/lib/python3.9/site-packages/distributed/cli/dask_worker.py", line 465, in go
    main()
  File "/hpcscratch/user/ikabadzh/mambaforge/envs/myenv/lib/python3.9/site-packages/click/core.py", line 1128, in __call__
    return self.main(*args, **kwargs)
  File "/hpcscratch/user/ikabadzh/mambaforge/envs/myenv/lib/python3.9/site-packages/click/core.py", line 1053, in main
    rv = self.invoke(ctx)
  File "/hpcscratch/user/ikabadzh/mambaforge/envs/myenv/lib/python3.9/site-packages/click/core.py", line 1395, in invoke
    return ctx.invoke(self.callback, **ctx.params)
  File "/hpcscratch/user/ikabadzh/mambaforge/envs/myenv/lib/python3.9/site-packages/click/core.py", line 754, in invoke
    return __callback(*args, **kwargs)
  File "/hpcscratch/user/ikabadzh/mambaforge/envs/myenv/lib/python3.9/site-packages/distributed/cli/dask_worker.py", line 451, in main
    loop.run_sync(run)
  File "/hpcscratch/user/ikabadzh/mambaforge/envs/myenv/lib/python3.9/site-packages/tornado/ioloop.py", line 530, in run_sync
    return future_cell[0].result()
  File "/hpcscratch/user/ikabadzh/mambaforge/envs/myenv/lib/python3.9/site-packages/distributed/cli/dask_worker.py", line 445, in run
    await asyncio.gather(*nannies)
  File "/hpcscratch/user/ikabadzh/mambaforge/envs/myenv/lib/python3.9/asyncio/tasks.py", line 691, in _wrap_awaitable
    return (yield from awaitable.__await__())
  File "/hpcscratch/user/ikabadzh/mambaforge/envs/myenv/lib/python3.9/site-packages/distributed/core.py", line 277, in _
    raise TimeoutError(
asyncio.exceptions.TimeoutError: Nanny failed to start in 60 seconds
distributed.process - INFO - reaping stray process <SpawnProcess name='Dask Worker process (from Nanny)' pid=350705 parent=350580 started daemon>
distributed.process - INFO - reaping stray process <SpawnProcess name='Dask Worker process (from Nanny)' pid=350699 parent=350580 started daemon>
distributed.process - INFO - reaping stray process <SpawnProcess name='Dask Worker process (from Nanny)' pid=350695 parent=350580 started daemon>
distributed.process - INFO - reaping stray process <SpawnProcess name='Dask Worker process (from Nanny)' pid=350690 parent=350580 started daemon>
distributed.process - INFO - reaping stray process <SpawnProcess name='Dask Worker process (from Nanny)' pid=350684 parent=350580 started daemon>
distributed.process - INFO - reaping stray process <SpawnProcess name='Dask Worker process (from Nanny)' pid=350681 parent=350580 started daemon>
distributed.process - INFO - reaping stray process <SpawnProcess name='Dask Worker process (from Nanny)' pid=350675 parent=350580 started daemon>
distributed.process - INFO - reaping stray process <SpawnProcess name='Dask Worker process (from Nanny)' pid=350671 parent=350580 started daemon>
distributed.process - INFO - reaping stray process <SpawnProcess name='Dask Worker process (from Nanny)' pid=350666 parent=350580 started daemon>
distributed.process - INFO - reaping stray process <SpawnProcess name='Dask Worker process (from Nanny)' pid=350660 parent=350580 started daemon>
distributed.process - INFO - reaping stray process <SpawnProcess name='Dask Worker process (from Nanny)' pid=350651 parent=350580 started daemon>
distributed.process - INFO - reaping stray process <SpawnProcess name='Dask Worker process (from Nanny)' pid=350648 parent=350580 started daemon>
distributed.process - INFO - reaping stray process <SpawnProcess name='Dask Worker process (from Nanny)' pid=350642 parent=350580 started daemon>
distributed.process - INFO - reaping stray process <SpawnProcess name='Dask Worker process (from Nanny)' pid=350635 parent=350580 started daemon>
distributed.process - INFO - reaping stray process <SpawnProcess name='Dask Worker process (from Nanny)' pid=350632 parent=350580 started daemon>
distributed.process - INFO - reaping stray process <SpawnProcess name='Dask Worker process (from Nanny)' pid=350629 parent=350580 started daemon>
distributed.process - INFO - reaping stray process <SpawnProcess name='Dask Worker process (from Nanny)' pid=350626 parent=350580 started daemon>
distributed.process - INFO - reaping stray process <SpawnProcess name='Dask Worker process (from Nanny)' pid=350623 parent=350580 started daemon>
distributed.process - INFO - reaping stray process <SpawnProcess name='Dask Worker process (from Nanny)' pid=350620 parent=350580 started daemon>
distributed.process - INFO - reaping stray process <SpawnProcess name='Dask Worker process (from Nanny)' pid=350617 parent=350580 started daemon>
Exception in thread AsyncProcess Dask Worker process (from Nanny) watch process join:
Traceback (most recent call last):
  File "/hpcscratch/user/ikabadzh/mambaforge/envs/myenv/lib/python3.9/threading.py", line 973, in _bootstrap_inner
    self.run()
  File "/hpcscratch/user/ikabadzh/mambaforge/envs/myenv/lib/python3.9/threading.py", line 910, in run
    self._target(*self._args, **self._kwargs)
  File "/hpcscratch/user/ikabadzh/mambaforge/envs/myenv/lib/python3.9/site-packages/distributed/process.py", line 234, in _watch_process
    assert exitcode is not None
AssertionError
Exception in thread AsyncProcess Dask Worker process (from Nanny) watch process join:
Traceback (most recent call last):
  File "/hpcscratch/user/ikabadzh/mambaforge/envs/myenv/lib/python3.9/threading.py", line 973, in _bootstrap_inner
    self.run()
  File "/hpcscratch/user/ikabadzh/mambaforge/envs/myenv/lib/python3.9/threading.py", line 910, in run
    self._target(*self._args, **self._kwargs)
  File "/hpcscratch/user/ikabadzh/mambaforge/envs/myenv/lib/python3.9/site-packages/distributed/process.py", line 234, in _watch_process
    assert exitcode is not None
AssertionError
Exception in thread AsyncProcess Dask Worker process (from Nanny) watch process join:
Traceback (most recent call last):
  File "/hpcscratch/user/ikabadzh/mambaforge/envs/myenv/lib/python3.9/threading.py", line 973, in _bootstrap_inner
